<b>My ERROR</b> [256] 错误信息
Fatal error on line 19 in file D:\phpstudy_pro\WWW\www.qphp.com\application\admin\App\Action\User.action.php
, PHP 8.2.9 (WINNT)
Aborting...
Request the address: www.qphp.com:8080/admin/test?lang=en
The wrong time: 2024-10-02 03:17:21
<b>My ERROR</b> [256] 错误信息
Fatal error on line 19 in file D:\phpstudy_pro\WWW\www.qphp.com\application\admin\App\Action\User.action.php
, PHP 8.2.9 (WINNT)
Aborting...
Request the address: www.qphp.com:8080/admin/test?lang=en
The wrong time: 2024-10-02 03:17:21
<b>My ERROR</b> [256] 错误信息
Fatal error on line 19 in file D:\phpstudy_pro\WWW\www.qphp.com\application\admin\App\Action\User.action.php
, PHP 8.2.9 (WINNT)
Aborting...
Request the address: www.qphp.com:8080/admin/test?lang=en
The wrong time: 2024-10-02 03:17:22
<b>My ERROR</b> [256] 错误信息
Fatal error on line 19 in file D:\phpstudy_pro\WWW\www.qphp.com\application\admin\App\Action\User.action.php
, PHP 8.2.9 (WINNT)
Aborting...
Request the address: www.qphp.com:8080/admin/test?lang=en
The wrong time: 2024-10-02 03:17:22
<b>My ERROR</b> [256] 错误信息
Fatal error on line 19 in file D:\phpstudy_pro\WWW\www.qphp.com\application\admin\App\Action\User.action.php
, PHP 8.2.9 (WINNT)
Aborting...
Request the address: www.qphp.com:8080/admin/test?lang=en
The wrong time: 2024-10-02 03:17:22
<b>My ERROR</b> [256] 错误信息
Fatal error on line 19 in file D:\phpstudy_pro\WWW\www.qphp.com\application\admin\App\Action\User.action.php
, PHP 8.2.9 (WINNT)
Aborting...
Request the address: www.qphp.com:8080/admin/test?lang=en
The wrong time: 2024-10-02 03:17:22
<b>My ERROR</b> [256] 错误信息
Fatal error on line 19 in file D:\phpstudy_pro\WWW\www.qphp.com\application\admin\App\Action\User.action.php
, PHP 8.2.9 (WINNT)
Aborting...
Request the address: www.qphp.com:8080/admin/test?lang=en
The wrong time: 2024-10-02 03:17:23
<b>My ERROR</b> [256] 错误信息
Fatal error on line 19 in file D:\phpstudy_pro\WWW\www.qphp.com\application\admin\App\Action\User.action.php
, PHP 8.2.9 (WINNT)
Aborting...
Request the address: www.qphp.com:8080/admin/test?lang=en
The wrong time: 2024-10-02 03:17:23
<b>My ERROR</b> [256] 错误信息
Fatal error on line 19 in file D:\phpstudy_pro\WWW\www.qphp.com\application\admin\App\Action\User.action.php
, PHP 8.2.9 (WINNT)
Aborting...
Request the address: www.qphp.com:8080/admin/test?lang=en
The wrong time: 2024-10-02 03:17:23
<b>My ERROR</b> [256] 错误信息
Fatal error on line 19 in file D:\phpstudy_pro\WWW\www.qphp.com\application\admin\App\Action\User.action.php
, PHP 8.2.9 (WINNT)
Aborting...
Request the address: www.qphp.com:8080/admin/test?lang=en
The wrong time: 2024-10-02 03:17:24
