Unknown error type: [2] require_once(D:\phpstudy_pro\WWW\www.qphp.com\QPHP/../application/admin/App/cnlang.php): Failed to open stream: No such file or directory
Unknown error on line 56 in file D:\phpstudy_pro\WWW\www.qphp.com\QPHP\core\lang\Lang.class.php
Request the address: www.qphp.com:8080/admin/index/index?id=1
The wrong time: 2024-03-17 08:02:17
Unknown error type: [2] require_once(D:\phpstudy_pro\WWW\www.qphp.com\QPHP/../application/admin/App/cn/lang.php): Failed to open stream: No such file or directory
Unknown error on line 56 in file D:\phpstudy_pro\WWW\www.qphp.com\QPHP\core\lang\Lang.class.php
Request the address: www.qphp.com:8080/admin/index/index?id=1
The wrong time: 2024-03-17 08:02:32
Unknown error type: [2] require_once(D:\phpstudy_pro\WWW\www.qphp.com\QPHP/../application/admin/App/cn/lang.php): Failed to open stream: No such file or directory
Unknown error on line 56 in file D:\phpstudy_pro\WWW\www.qphp.com\QPHP\core\lang\Lang.class.php
Request the address: www.qphp.com:8080/admin/index/index?id=1
The wrong time: 2024-03-17 08:02:34
Unknown error type: [2] require_once(D:\phpstudy_pro\WWW\www.qphp.com\QPHP/../application/admin/App/cn/lang.php): Failed to open stream: No such file or directory
Unknown error on line 56 in file D:\phpstudy_pro\WWW\www.qphp.com\QPHP\core\lang\Lang.class.php
Request the address: www.qphp.com:8080/admin/index/index?id=1
The wrong time: 2024-03-17 08:02:34
Unknown error type: [2] require_once(D:\phpstudy_pro\WWW\www.qphp.com\QPHP/../application/admin/App/cn/lang.php): Failed to open stream: No such file or directory
Unknown error on line 56 in file D:\phpstudy_pro\WWW\www.qphp.com\QPHP\core\lang\Lang.class.php
Request the address: www.qphp.com:8080/admin/index/index?id=1
The wrong time: 2024-03-17 08:02:35
