Code: 0 Message: Call to undefined function admin\Action\php_info()
Error: Call to undefined function admin\Action\php_info() in D:\phpstudy_pro\WWW\www.qphp.com\application\admin\App\Action\Index.action.php:52
Stack trace:
#0 D:\phpstudy_pro\WWW\www.qphp.com\QPHP\core\action\Action.class.php(31): admin\Action\IndexAction->testTransaction()
#1 D:\phpstudy_pro\WWW\www.qphp.com\QPHP\QPHP.php(108): QPHP\core\action\Action->call(Object(admin\Action\IndexAction), 'testTransaction')
#2 D:\phpstudy_pro\WWW\www.qphp.com\QPHP\base.php(33): QPHP\QPHP->run()
#3 D:\phpstudy_pro\WWW\www.qphp.com\public\index.php(12): QPHP\Base::run()
#4 {main}
Code: 0 Message: Call to undefined function admin\Action\php_info()
Error: Call to undefined function admin\Action\php_info() in D:\phpstudy_pro\WWW\www.qphp.com\application\admin\App\Action\Index.action.php:52
Stack trace:
#0 D:\phpstudy_pro\WWW\www.qphp.com\QPHP\core\action\Action.class.php(31): admin\Action\IndexAction->testTransaction()
#1 D:\phpstudy_pro\WWW\www.qphp.com\QPHP\QPHP.php(108): QPHP\core\action\Action->call(Object(admin\Action\IndexAction), 'testTransaction')
#2 D:\phpstudy_pro\WWW\www.qphp.com\QPHP\base.php(33): QPHP\QPHP->run()
#3 D:\phpstudy_pro\WWW\www.qphp.com\public\index.php(12): QPHP\Base::run()
#4 {main}
Code: 0 Message: Call to undefined function admin\Action\php_info()
Error: Call to undefined function admin\Action\php_info() in D:\phpstudy_pro\WWW\www.qphp.com\application\admin\App\Action\Index.action.php:52
Stack trace:
#0 D:\phpstudy_pro\WWW\www.qphp.com\QPHP\core\action\Action.class.php(31): admin\Action\IndexAction->testTransaction()
#1 D:\phpstudy_pro\WWW\www.qphp.com\QPHP\QPHP.php(108): QPHP\core\action\Action->call(Object(admin\Action\IndexAction), 'testTransaction')
#2 D:\phpstudy_pro\WWW\www.qphp.com\QPHP\base.php(33): QPHP\QPHP->run()
#3 D:\phpstudy_pro\WWW\www.qphp.com\public\index.php(12): QPHP\Base::run()
#4 {main}
Code: 0 Message: Call to undefined function admin\Action\php_info()
Error: Call to undefined function admin\Action\php_info() in D:\phpstudy_pro\WWW\www.qphp.com\application\admin\App\Action\Index.action.php:52
Stack trace:
#0 D:\phpstudy_pro\WWW\www.qphp.com\QPHP\core\action\Action.class.php(31): admin\Action\IndexAction->testTransaction()
#1 D:\phpstudy_pro\WWW\www.qphp.com\QPHP\QPHP.php(108): QPHP\core\action\Action->call(Object(admin\Action\IndexAction), 'testTransaction')
#2 D:\phpstudy_pro\WWW\www.qphp.com\QPHP\base.php(33): QPHP\QPHP->run()
#3 D:\phpstudy_pro\WWW\www.qphp.com\public\index.php(12): QPHP\Base::run()
#4 {main}
Code: 0 Message: Call to undefined function admin\Action\php_info()
Error: Call to undefined function admin\Action\php_info() in D:\phpstudy_pro\WWW\www.qphp.com\application\admin\App\Action\Index.action.php:52
Stack trace:
#0 D:\phpstudy_pro\WWW\www.qphp.com\QPHP\core\action\Action.class.php(31): admin\Action\IndexAction->testTransaction()
#1 D:\phpstudy_pro\WWW\www.qphp.com\QPHP\QPHP.php(108): QPHP\core\action\Action->call(Object(admin\Action\IndexAction), 'testTransaction')
#2 D:\phpstudy_pro\WWW\www.qphp.com\QPHP\base.php(33): QPHP\QPHP->run()
#3 D:\phpstudy_pro\WWW\www.qphp.com\public\index.php(12): QPHP\Base::run()
#4 {main}
Code: 0 Message: Call to undefined function admin\Action\php_info()
Error: Call to undefined function admin\Action\php_info() in D:\phpstudy_pro\WWW\www.qphp.com\application\admin\App\Action\Index.action.php:52
Stack trace:
#0 D:\phpstudy_pro\WWW\www.qphp.com\QPHP\core\action\Action.class.php(31): admin\Action\IndexAction->testTransaction()
#1 D:\phpstudy_pro\WWW\www.qphp.com\QPHP\QPHP.php(108): QPHP\core\action\Action->call(Object(admin\Action\IndexAction), 'testTransaction')
#2 D:\phpstudy_pro\WWW\www.qphp.com\QPHP\base.php(33): QPHP\QPHP->run()
#3 D:\phpstudy_pro\WWW\www.qphp.com\public\index.php(12): QPHP\Base::run()
#4 {main}
