Unknown error type: [2] Undefined array key &quot;id&quot;
Unknown error on line 10 in file D:\phpstudy_pro\WWW\www.qphp.com\application\index\App\Action\Index.action.php
Request the address: 
The wrong time: 2024-08-14 00:04:06
Unknown error type: [2] Undefined array key &quot;id&quot;
Unknown error on line 10 in file D:\phpstudy_pro\WWW\www.qphp.com\application\index\App\Action\Index.action.php
Request the address: 
The wrong time: 2024-08-14 00:04:06
Unknown error type: [2] Undefined array key &quot;id&quot;
Unknown error on line 10 in file D:\phpstudy_pro\WWW\www.qphp.com\application\index\App\Action\Index.action.php
Request the address: 
The wrong time: 2024-08-14 00:04:06
Unknown error type: [2] Undefined array key &quot;id&quot;
Unknown error on line 10 in file D:\phpstudy_pro\WWW\www.qphp.com\application\index\App\Action\Index.action.php
Request the address: 
The wrong time: 2024-08-14 00:04:06
Unknown error type: [2] Undefined array key &quot;id&quot;
Unknown error on line 10 in file D:\phpstudy_pro\WWW\www.qphp.com\application\index\App\Action\Index.action.php
Request the address: 
The wrong time: 2024-08-14 00:04:07
Unknown error type: [2] Undefined array key &quot;id&quot;
Unknown error on line 10 in file D:\phpstudy_pro\WWW\www.qphp.com\application\index\App\Action\Index.action.php
Request the address: 
The wrong time: 2024-08-14 00:04:07
Unknown error type: [2] Undefined array key &quot;id&quot;
Unknown error on line 10 in file D:\phpstudy_pro\WWW\www.qphp.com\application\index\App\Action\Index.action.php
Request the address: 
The wrong time: 2024-08-14 00:04:07
Unknown error type: [2] Undefined array key &quot;id&quot;
Unknown error on line 10 in file D:\phpstudy_pro\WWW\www.qphp.com\application\index\App\Action\Index.action.php
Request the address: 
The wrong time: 2024-08-14 00:04:07
Unknown error type: [2] Undefined array key &quot;id&quot;
Unknown error on line 10 in file D:\phpstudy_pro\WWW\www.qphp.com\application\index\App\Action\Index.action.php
Request the address: 
The wrong time: 2024-08-14 00:04:07
Unknown error type: [2] Undefined array key &quot;id&quot;
Unknown error on line 10 in file D:\phpstudy_pro\WWW\www.qphp.com\application\index\App\Action\Index.action.php
Request the address: 
The wrong time: 2024-08-14 00:04:07
Unknown error type: [2] Undefined array key &quot;id&quot;
Unknown error on line 10 in file D:\phpstudy_pro\WWW\www.qphp.com\application\index\App\Action\Index.action.php
Request the address: 
The wrong time: 2024-08-14 00:04:07
Unknown error type: [2] Undefined array key &quot;id&quot;
Unknown error on line 10 in file D:\phpstudy_pro\WWW\www.qphp.com\application\index\App\Action\Index.action.php
Request the address: 
The wrong time: 2024-08-14 00:04:08
Unknown error type: [2] Undefined array key &quot;id&quot;
Unknown error on line 10 in file D:\phpstudy_pro\WWW\www.qphp.com\application\index\App\Action\Index.action.php
Request the address: 
The wrong time: 2024-08-14 00:04:08
Unknown error type: [2] Undefined array key &quot;id&quot;
Unknown error on line 10 in file D:\phpstudy_pro\WWW\www.qphp.com\application\index\App\Action\Index.action.php
Request the address: 
The wrong time: 2024-08-14 00:04:08
Unknown error type: [2] Undefined array key &quot;id&quot;
Unknown error on line 10 in file D:\phpstudy_pro\WWW\www.qphp.com\application\index\App\Action\Index.action.php
Request the address: 
The wrong time: 2024-08-14 00:04:08
Unknown error type: [2] Undefined array key &quot;id&quot;
Unknown error on line 10 in file D:\phpstudy_pro\WWW\www.qphp.com\application\index\App\Action\Index.action.php
Request the address: 
The wrong time: 2024-08-14 00:04:08
Unknown error type: [2] Undefined array key &quot;id&quot;
Unknown error on line 10 in file D:\phpstudy_pro\WWW\www.qphp.com\application\index\App\Action\Index.action.php
Request the address: 
The wrong time: 2024-08-14 00:04:46
Unknown error type: [2] Undefined array key &quot;id&quot;
Unknown error on line 10 in file D:\phpstudy_pro\WWW\www.qphp.com\application\index\App\Action\Index.action.php
Request the address: 
The wrong time: 2024-08-14 00:04:46
Unknown error type: [2] Undefined array key &quot;id&quot;
Unknown error on line 10 in file D:\phpstudy_pro\WWW\www.qphp.com\application\index\App\Action\Index.action.php
Request the address: www.qphp.com:8080/
The wrong time: 2024-08-14 00:04:46
