Code: 0 Message: admin\Model\UserModel::getXaTransactionData(): Return value must be of type bool, none returned
TypeError: admin\Model\UserModel::getXaTransactionData(): Return value must be of type bool, none returned in D:\phpstudy_pro\WWW\www.qphp.com\application\admin\App\Model\User.model.php:63
Stack trace:
#0 D:\phpstudy_pro\WWW\www.qphp.com\application\admin\App\Action\Index.action.php(41): admin\Model\UserModel->getXaTransactionData()
#1 D:\phpstudy_pro\WWW\www.qphp.com\QPHP\core\action\Action.class.php(31): admin\Action\IndexAction->testXaTransaction()
#2 D:\phpstudy_pro\WWW\www.qphp.com\QPHP\QPHP.php(108): QPHP\core\action\Action->call()
#3 D:\phpstudy_pro\WWW\www.qphp.com\QPHP\base.php(33): QPHP\QPHP->run()
#4 D:\phpstudy_pro\WWW\www.qphp.com\public\index.php(12): QPHP\Base::run()
#5 {main}
Code: 0 Message: admin\Model\UserModel::getXaTransactionData(): Return value must be of type bool, none returned
TypeError: admin\Model\UserModel::getXaTransactionData(): Return value must be of type bool, none returned in D:\phpstudy_pro\WWW\www.qphp.com\application\admin\App\Model\User.model.php:63
Stack trace:
#0 D:\phpstudy_pro\WWW\www.qphp.com\application\admin\App\Action\Index.action.php(41): admin\Model\UserModel->getXaTransactionData()
#1 D:\phpstudy_pro\WWW\www.qphp.com\QPHP\core\action\Action.class.php(31): admin\Action\IndexAction->testXaTransaction()
#2 D:\phpstudy_pro\WWW\www.qphp.com\QPHP\QPHP.php(108): QPHP\core\action\Action->call()
#3 D:\phpstudy_pro\WWW\www.qphp.com\QPHP\base.php(33): QPHP\QPHP->run()
#4 D:\phpstudy_pro\WWW\www.qphp.com\public\index.php(12): QPHP\Base::run()
#5 {main}
Code: 0 Message: admin\Model\UserModel::getXaTransactionData(): Return value must be of type bool, none returned
TypeError: admin\Model\UserModel::getXaTransactionData(): Return value must be of type bool, none returned in D:\phpstudy_pro\WWW\www.qphp.com\application\admin\App\Model\User.model.php:63
Stack trace:
#0 D:\phpstudy_pro\WWW\www.qphp.com\application\admin\App\Action\Index.action.php(41): admin\Model\UserModel->getXaTransactionData()
#1 D:\phpstudy_pro\WWW\www.qphp.com\QPHP\core\action\Action.class.php(31): admin\Action\IndexAction->testXaTransaction()
#2 D:\phpstudy_pro\WWW\www.qphp.com\QPHP\QPHP.php(108): QPHP\core\action\Action->call()
#3 D:\phpstudy_pro\WWW\www.qphp.com\QPHP\base.php(33): QPHP\QPHP->run()
#4 D:\phpstudy_pro\WWW\www.qphp.com\public\index.php(12): QPHP\Base::run()
#5 {main}
