Code: 0 Message: Class 'admin\App\Action\IndexAction' not found
Error: Class 'admin\App\Action\IndexAction' not found in D:\phpstudy_pro\WWW\www.qphp.com\QPHP\QPHP.php:82
Stack trace:
#0 D:\phpstudy_pro\WWW\www.qphp.com\public\index.php(28): QPHP\QPHP->run()
#1 {main}
Code: 0 Message: Class 'admin\App\Action\IndexAction' not found
Error: Class 'admin\App\Action\IndexAction' not found in D:\phpstudy_pro\WWW\www.qphp.com\QPHP\QPHP.php:82
Stack trace:
#0 D:\phpstudy_pro\WWW\www.qphp.com\public\index.php(28): QPHP\QPHP->run()
#1 {main}
Code: 0 Message: Class 'admin\App\Action\IndexAction' not found
Error: Class 'admin\App\Action\IndexAction' not found in D:\phpstudy_pro\WWW\www.qphp.com\QPHP\QPHP.php:82
Stack trace:
#0 D:\phpstudy_pro\WWW\www.qphp.com\public\index.php(28): QPHP\QPHP->run()
#1 {main}
Code: 0 Message: Class 'admin\App\Action\IndexAction' not found
Error: Class 'admin\App\Action\IndexAction' not found in D:\phpstudy_pro\WWW\www.qphp.com\QPHP\QPHP.php:82
Stack trace:
#0 D:\phpstudy_pro\WWW\www.qphp.com\public\index.php(28): QPHP\QPHP->run()
#1 {main}
Code: 0 Message: Class 'admin\App\Action\IndexAction' not found
Error: Class 'admin\App\Action\IndexAction' not found in D:\phpstudy_pro\WWW\www.qphp.com\QPHP\QPHP.php:82
Stack trace:
#0 D:\phpstudy_pro\WWW\www.qphp.com\public\index.php(28): QPHP\QPHP->run()
#1 {main}
Code: 0 Message: Class 'admin\App\Action\IndexAction' not found
Error: Class 'admin\App\Action\IndexAction' not found in D:\phpstudy_pro\WWW\www.qphp.com\QPHP\QPHP.php:82
Stack trace:
#0 D:\phpstudy_pro\WWW\www.qphp.com\public\index.php(28): QPHP\QPHP->run()
#1 {main}
Code: 0 Message: Class 'admin\App\Action\IndexAction' not found
Error: Class 'admin\App\Action\IndexAction' not found in D:\phpstudy_pro\WWW\www.qphp.com\QPHP\QPHP.php:82
Stack trace:
#0 D:\phpstudy_pro\WWW\www.qphp.com\public\index.php(28): QPHP\QPHP->run()
#1 {main}
Code: 0 Message: Class 'admin\App\Action\IndexAction' not found
Error: Class 'admin\App\Action\IndexAction' not found in D:\phpstudy_pro\WWW\www.qphp.com\QPHP\QPHP.php:82
Stack trace:
#0 D:\phpstudy_pro\WWW\www.qphp.com\public\index.php(28): QPHP\QPHP->run()
#1 {main}
Code: 0 Message: Class 'admin\App\Action\IndexAction' not found
Error: Class 'admin\App\Action\IndexAction' not found in D:\phpstudy_pro\WWW\www.qphp.com\QPHP\QPHP.php:82
Stack trace:
#0 D:\phpstudy_pro\WWW\www.qphp.com\public\index.php(28): QPHP\QPHP->run()
#1 {main}
Code: 0 Message: Class 'admin\App\Action\IndexAction' not found
Error: Class 'admin\App\Action\IndexAction' not found in D:\phpstudy_pro\WWW\www.qphp.com\QPHP\QPHP.php:82
Stack trace:
#0 D:\phpstudy_pro\WWW\www.qphp.com\public\index.php(28): QPHP\QPHP->run()
#1 {main}
Code: 0 Message: Class 'admin\App\Action\IndexAction' not found
Error: Class 'admin\App\Action\IndexAction' not found in D:\phpstudy_pro\WWW\www.qphp.com\QPHP\QPHP.php:82
Stack trace:
#0 D:\phpstudy_pro\WWW\www.qphp.com\public\index.php(28): QPHP\QPHP->run()
#1 {main}
Code: 0 Message: Class 'admin\App\Action\IndexAction' not found
Error: Class 'admin\App\Action\IndexAction' not found in D:\phpstudy_pro\WWW\www.qphp.com\QPHP\QPHP.php:82
Stack trace:
#0 D:\phpstudy_pro\WWW\www.qphp.com\public\index.php(28): QPHP\QPHP->run()
#1 {main}
Code: 0 Message: Class 'admin\App\Action\IndexAction' not found
Error: Class 'admin\App\Action\IndexAction' not found in D:\phpstudy_pro\WWW\www.qphp.com\QPHP\QPHP.php:82
Stack trace:
#0 D:\phpstudy_pro\WWW\www.qphp.com\public\index.php(28): QPHP\QPHP->run()
#1 {main}
Code: 0 Message: Class 'admin\App\Action\IndexAction' not found
Error: Class 'admin\App\Action\IndexAction' not found in D:\phpstudy_pro\WWW\www.qphp.com\QPHP\QPHP.php:82
Stack trace:
#0 D:\phpstudy_pro\WWW\www.qphp.com\public\index.php(28): QPHP\QPHP->run()
#1 {main}
Code: 0 Message: Class 'admin\App\Action\IndexAction' not found
Error: Class 'admin\App\Action\IndexAction' not found in D:\phpstudy_pro\WWW\www.qphp.com\QPHP\QPHP.php:82
Stack trace:
#0 D:\phpstudy_pro\WWW\www.qphp.com\public\index.php(28): QPHP\QPHP->run()
#1 {main}
Code: 0 Message: Class 'admin\App\Action\IndexAction' not found
Error: Class 'admin\App\Action\IndexAction' not found in D:\phpstudy_pro\WWW\www.qphp.com\QPHP\QPHP.php:82
Stack trace:
#0 D:\phpstudy_pro\WWW\www.qphp.com\public\index.php(28): QPHP\QPHP->run()
#1 {main}
