Unknown error type: [2] Undefined array key &quot;md5_user_id&quot;
Unknown error on line 67 in file D:\phpstudy_pro\WWW\www.qphp.com\application\admin\App\Action\Common.action.php
Request the address: www.qphp.com:8080/admin/aaa?username=mumu&password=22123456&longToken=eyJhbGciOiJIUzI1NiIsInR5cCI6IkpXVCJ9.eyJpc3MiOiJtdW11IiwiaWF0IjoxNzIzNTgxNTU4LCJleHAiOjE3MjM1ODg3NTgsIm5iZiI6MTcyMzU4MTU2MSwic3ViIjoid3d3LnFwaHAuY29tIiwianRpIjoiZDQ3MzMxZGRlNDNiYjkzOWQwNWIwMmVmNWE3MjllOTUiLCJkYXRhIjp7InVzZXJfaWQiOjgsIm1kNV91c2VyX2lkIjoiODUyNTAxNGUzMjM3ZGQ0YjdlNDA1NGFlMzRlMDY0MzUifX0.xBMcsZkwx3CMJxl8RVlu2H3BUhLN97Bovv2QyFEDxHw
The wrong time: 2024-08-14 04:39:30
Unknown error type: [2] Undefined array key &quot;md5_user_id&quot;
Unknown error on line 67 in file D:\phpstudy_pro\WWW\www.qphp.com\application\admin\App\Action\Common.action.php
Request the address: www.qphp.com:8080/admin/aaa?username=mumu&password=22123456&longToken=eyJhbGciOiJIUzI1NiIsInR5cCI6IkpXVCJ9.eyJpc3MiOiJtdW11IiwiaWF0IjoxNzIzNTgxNTU4LCJleHAiOjE3MjM1ODg3NTgsIm5iZiI6MTcyMzU4MTU2MSwic3ViIjoid3d3LnFwaHAuY29tIiwianRpIjoiZDQ3MzMxZGRlNDNiYjkzOWQwNWIwMmVmNWE3MjllOTUiLCJkYXRhIjp7InVzZXJfaWQiOjgsIm1kNV91c2VyX2lkIjoiODUyNTAxNGUzMjM3ZGQ0YjdlNDA1NGFlMzRlMDY0MzUifX0.xBMcsZkwx3CMJxl8RVlu2H3BUhLN97Bovv2QyFEDxHw
The wrong time: 2024-08-14 04:39:43
Unknown error type: [2] Undefined array key &quot;md5_user_id&quot;
Unknown error on line 67 in file D:\phpstudy_pro\WWW\www.qphp.com\application\admin\App\Action\Common.action.php
Request the address: www.qphp.com:8080/admin/aaa?username=mumu&password=22123456&longToken=eyJhbGciOiJIUzI1NiIsInR5cCI6IkpXVCJ9.eyJpc3MiOiJtdW11IiwiaWF0IjoxNzIzNTgxNTU4LCJleHAiOjE3MjM1ODg3NTgsIm5iZiI6MTcyMzU4MTU2MSwic3ViIjoid3d3LnFwaHAuY29tIiwianRpIjoiZDQ3MzMxZGRlNDNiYjkzOWQwNWIwMmVmNWE3MjllOTUiLCJkYXRhIjp7InVzZXJfaWQiOjgsIm1kNV91c2VyX2lkIjoiODUyNTAxNGUzMjM3ZGQ0YjdlNDA1NGFlMzRlMDY0MzUifX0.xBMcsZkwx3CMJxl8RVlu2H3BUhLN97Bovv2QyFEDxHw
The wrong time: 2024-08-14 04:39:44
Unknown error type: [2] Undefined array key &quot;md5_user_id&quot;
Unknown error on line 67 in file D:\phpstudy_pro\WWW\www.qphp.com\application\admin\App\Action\Common.action.php
Request the address: www.qphp.com:8080/admin/aaa?username=mumu&password=22123456&longToken=eyJhbGciOiJIUzI1NiIsInR5cCI6IkpXVCJ9.eyJpc3MiOiJtdW11IiwiaWF0IjoxNzIzNTgxNTU4LCJleHAiOjE3MjM1ODg3NTgsIm5iZiI6MTcyMzU4MTU2MSwic3ViIjoid3d3LnFwaHAuY29tIiwianRpIjoiZDQ3MzMxZGRlNDNiYjkzOWQwNWIwMmVmNWE3MjllOTUiLCJkYXRhIjp7InVzZXJfaWQiOjgsIm1kNV91c2VyX2lkIjoiODUyNTAxNGUzMjM3ZGQ0YjdlNDA1NGFlMzRlMDY0MzUifX0.xBMcsZkwx3CMJxl8RVlu2H3BUhLN97Bovv2QyFEDxHw
The wrong time: 2024-08-14 04:39:45
Unknown error type: [2] Undefined array key &quot;md5_user_id&quot;
Unknown error on line 67 in file D:\phpstudy_pro\WWW\www.qphp.com\application\admin\App\Action\Common.action.php
Request the address: www.qphp.com:8080/admin/aaa?longToken=eyJhbGciOiJIUzI1NiIsInR5cCI6IkpXVCJ9.eyJpc3MiOiJtdW11IiwiaWF0IjoxNzIzNTgxNTU4LCJleHAiOjE3MjM1ODg3NTgsIm5iZiI6MTcyMzU4MTU2MSwic3ViIjoid3d3LnFwaHAuY29tIiwianRpIjoiZDQ3MzMxZGRlNDNiYjkzOWQwNWIwMmVmNWE3MjllOTUiLCJkYXRhIjp7InVzZXJfaWQiOjgsIm1kNV91c2VyX2lkIjoiODUyNTAxNGUzMjM3ZGQ0YjdlNDA1NGFlMzRlMDY0MzUifX0.xBMcsZkwx3CMJxl8RVlu2H3BUhLN97Bovv2QyFEDxHw
The wrong time: 2024-08-14 04:39:49
Unknown error type: [2] Undefined array key &quot;md5_user_id&quot;
Unknown error on line 67 in file D:\phpstudy_pro\WWW\www.qphp.com\application\admin\App\Action\Common.action.php
Request the address: www.qphp.com:8080/admin/aaa?longToken=eyJhbGciOiJIUzI1NiIsInR5cCI6IkpXVCJ9.eyJpc3MiOiJtdW11IiwiaWF0IjoxNzIzNTgxNTU4LCJleHAiOjE3MjM1ODg3NTgsIm5iZiI6MTcyMzU4MTU2MSwic3ViIjoid3d3LnFwaHAuY29tIiwianRpIjoiZDQ3MzMxZGRlNDNiYjkzOWQwNWIwMmVmNWE3MjllOTUiLCJkYXRhIjp7InVzZXJfaWQiOjgsIm1kNV91c2VyX2lkIjoiODUyNTAxNGUzMjM3ZGQ0YjdlNDA1NGFlMzRlMDY0MzUifX0.xBMcsZkwx3CMJxl8RVlu2H3BUhLN97Bovv2QyFEDxHw
The wrong time: 2024-08-14 04:39:51
Unknown error type: [2] Undefined array key &quot;md5_user_id&quot;
Unknown error on line 67 in file D:\phpstudy_pro\WWW\www.qphp.com\application\admin\App\Action\Common.action.php
Request the address: www.qphp.com:8080/admin/aaa?longToken=eyJhbGciOiJIUzI1NiIsInR5cCI6IkpXVCJ9.eyJpc3MiOiJtdW11IiwiaWF0IjoxNzIzNTgxNTU4LCJleHAiOjE3MjM1ODg3NTgsIm5iZiI6MTcyMzU4MTU2MSwic3ViIjoid3d3LnFwaHAuY29tIiwianRpIjoiZDQ3MzMxZGRlNDNiYjkzOWQwNWIwMmVmNWE3MjllOTUiLCJkYXRhIjp7InVzZXJfaWQiOjgsIm1kNV91c2VyX2lkIjoiODUyNTAxNGUzMjM3ZGQ0YjdlNDA1NGFlMzRlMDY0MzUifX0.xBMcsZkwx3CMJxl8RVlu2H3BUhLN97Bovv2QyFEDxHw
The wrong time: 2024-08-14 04:39:52
