Code: 0 Message: QPHP\core\middleware\implement\Middleware::run(): Return value must be of type array, bool returned
TypeError: QPHP\core\middleware\implement\Middleware::run(): Return value must be of type array, bool returned in D:\phpstudy_pro\WWW\www.qphp.com\QPHP\core\middleware\implement\Middleware.class.php:53
Stack trace:
#0 D:\phpstudy_pro\WWW\www.qphp.com\QPHP\QPHP.php(114): QPHP\core\middleware\implement\Middleware->run()
#1 D:\phpstudy_pro\WWW\www.qphp.com\QPHP\QPHP.php(98): QPHP\QPHP::runMiddleware()
#2 D:\phpstudy_pro\WWW\www.qphp.com\QPHP\base.php(32): QPHP\QPHP->run()
#3 D:\phpstudy_pro\WWW\www.qphp.com\public\index.php(13): QPHP\Base::run()
#4 {main}
Code: 0 Message: QPHP\core\middleware\implement\Middleware::run(): Return value must be of type array, bool returned
TypeError: QPHP\core\middleware\implement\Middleware::run(): Return value must be of type array, bool returned in D:\phpstudy_pro\WWW\www.qphp.com\QPHP\core\middleware\implement\Middleware.class.php:53
Stack trace:
#0 D:\phpstudy_pro\WWW\www.qphp.com\QPHP\QPHP.php(114): QPHP\core\middleware\implement\Middleware->run()
#1 D:\phpstudy_pro\WWW\www.qphp.com\QPHP\QPHP.php(98): QPHP\QPHP::runMiddleware()
#2 D:\phpstudy_pro\WWW\www.qphp.com\QPHP\base.php(32): QPHP\QPHP->run()
#3 D:\phpstudy_pro\WWW\www.qphp.com\public\index.php(13): QPHP\Base::run()
#4 {main}
Code: 0 Message: QPHP\core\middleware\implement\Middleware::run(): Return value must be of type array, bool returned
TypeError: QPHP\core\middleware\implement\Middleware::run(): Return value must be of type array, bool returned in D:\phpstudy_pro\WWW\www.qphp.com\QPHP\core\middleware\implement\Middleware.class.php:53
Stack trace:
#0 D:\phpstudy_pro\WWW\www.qphp.com\QPHP\QPHP.php(114): QPHP\core\middleware\implement\Middleware->run()
#1 D:\phpstudy_pro\WWW\www.qphp.com\QPHP\QPHP.php(98): QPHP\QPHP::runMiddleware()
#2 D:\phpstudy_pro\WWW\www.qphp.com\QPHP\base.php(32): QPHP\QPHP->run()
#3 D:\phpstudy_pro\WWW\www.qphp.com\public\index.php(13): QPHP\Base::run()
#4 {main}
Code: 0 Message: QPHP\core\middleware\implement\Middleware::run(): Return value must be of type array, bool returned
TypeError: QPHP\core\middleware\implement\Middleware::run(): Return value must be of type array, bool returned in D:\phpstudy_pro\WWW\www.qphp.com\QPHP\core\middleware\implement\Middleware.class.php:53
Stack trace:
#0 D:\phpstudy_pro\WWW\www.qphp.com\QPHP\QPHP.php(114): QPHP\core\middleware\implement\Middleware->run()
#1 D:\phpstudy_pro\WWW\www.qphp.com\QPHP\QPHP.php(98): QPHP\QPHP::runMiddleware()
#2 D:\phpstudy_pro\WWW\www.qphp.com\QPHP\base.php(32): QPHP\QPHP->run()
#3 D:\phpstudy_pro\WWW\www.qphp.com\public\index.php(13): QPHP\Base::run()
#4 {main}
Code: 0 Message: QPHP\core\middleware\implement\Middleware::run(): Return value must be of type array, bool returned
TypeError: QPHP\core\middleware\implement\Middleware::run(): Return value must be of type array, bool returned in D:\phpstudy_pro\WWW\www.qphp.com\QPHP\core\middleware\implement\Middleware.class.php:53
Stack trace:
#0 D:\phpstudy_pro\WWW\www.qphp.com\QPHP\QPHP.php(114): QPHP\core\middleware\implement\Middleware->run()
#1 D:\phpstudy_pro\WWW\www.qphp.com\QPHP\QPHP.php(98): QPHP\QPHP::runMiddleware()
#2 D:\phpstudy_pro\WWW\www.qphp.com\QPHP\base.php(32): QPHP\QPHP->run()
#3 D:\phpstudy_pro\WWW\www.qphp.com\public\index.php(13): QPHP\Base::run()
#4 {main}
Code: 0 Message: QPHP\core\middleware\implement\Middleware::run(): Return value must be of type array, bool returned
TypeError: QPHP\core\middleware\implement\Middleware::run(): Return value must be of type array, bool returned in D:\phpstudy_pro\WWW\www.qphp.com\QPHP\core\middleware\implement\Middleware.class.php:53
Stack trace:
#0 D:\phpstudy_pro\WWW\www.qphp.com\QPHP\QPHP.php(114): QPHP\core\middleware\implement\Middleware->run()
#1 D:\phpstudy_pro\WWW\www.qphp.com\QPHP\QPHP.php(98): QPHP\QPHP::runMiddleware()
#2 D:\phpstudy_pro\WWW\www.qphp.com\QPHP\base.php(32): QPHP\QPHP->run()
#3 D:\phpstudy_pro\WWW\www.qphp.com\public\index.php(13): QPHP\Base::run()
#4 {main}
Code: 0 Message: QPHP\core\middleware\implement\Middleware::run(): Return value must be of type array, bool returned
TypeError: QPHP\core\middleware\implement\Middleware::run(): Return value must be of type array, bool returned in D:\phpstudy_pro\WWW\www.qphp.com\QPHP\core\middleware\implement\Middleware.class.php:53
Stack trace:
#0 D:\phpstudy_pro\WWW\www.qphp.com\QPHP\QPHP.php(114): QPHP\core\middleware\implement\Middleware->run()
#1 D:\phpstudy_pro\WWW\www.qphp.com\QPHP\QPHP.php(98): QPHP\QPHP::runMiddleware()
#2 D:\phpstudy_pro\WWW\www.qphp.com\QPHP\base.php(32): QPHP\QPHP->run()
#3 D:\phpstudy_pro\WWW\www.qphp.com\public\index.php(13): QPHP\Base::run()
#4 {main}
