Code: 0 Message: Class 'CommonAction' not found
Error: Class 'CommonAction' not found in D:\phpstudy_pro\WWW\www.qphp.com\application\index\App\Action\Index.action.php:4
Stack trace:
#0 D:\phpstudy_pro\WWW\www.qphp.com\QPHP\QPHP.php(213): require_once()
#1 [internal function]: QPHP\QPHP->load('IndexAction')
#2 D:\phpstudy_pro\WWW\www.qphp.com\QPHP\QPHP.php(92): spl_autoload_call('index\\Action\\In...')
#3 D:\phpstudy_pro\WWW\www.qphp.com\public\index.php(35): QPHP\QPHP->run()
#4 D:\phpstudy_pro\WWW\www.qphp.com\public\index.php(55): index\Run::run()
#5 {main}
Code: 0 Message: Class 'CommonAction' not found
Error: Class 'CommonAction' not found in D:\phpstudy_pro\WWW\www.qphp.com\application\index\App\Action\Index.action.php:4
Stack trace:
#0 D:\phpstudy_pro\WWW\www.qphp.com\QPHP\QPHP.php(213): require_once()
#1 [internal function]: QPHP\QPHP->load('IndexAction')
#2 D:\phpstudy_pro\WWW\www.qphp.com\QPHP\QPHP.php(92): spl_autoload_call('index\\Action\\In...')
#3 D:\phpstudy_pro\WWW\www.qphp.com\public\index.php(35): QPHP\QPHP->run()
#4 D:\phpstudy_pro\WWW\www.qphp.com\public\index.php(55): index\Run::run()
#5 {main}
Code: 0 Message: Class 'CommonAction' not found
Error: Class 'CommonAction' not found in D:\phpstudy_pro\WWW\www.qphp.com\application\index\App\Action\Index.action.php:4
Stack trace:
#0 D:\phpstudy_pro\WWW\www.qphp.com\QPHP\QPHP.php(213): require_once()
#1 [internal function]: QPHP\QPHP->load('IndexAction')
#2 D:\phpstudy_pro\WWW\www.qphp.com\QPHP\QPHP.php(92): spl_autoload_call('index\\Action\\In...')
#3 D:\phpstudy_pro\WWW\www.qphp.com\public\index.php(35): QPHP\QPHP->run()
#4 D:\phpstudy_pro\WWW\www.qphp.com\public\index.php(55): index\Run::run()
#5 {main}
