Code: 0 Message: Cannot assign null to property QPHP\core\model\abs\BaseModel::$table of type string
TypeError: Cannot assign QPHP\core\pdo\oracle\QDbOracle to property QPHP\core\model\abs\BaseModel::$db of type ?QPHP\core\model\abs\BaseModel in D:\phpstudy_pro\WWW\www.qphp.com\QPHP\core\model\abs\BaseModel.class.php:83
Stack trace:
#0 D:\phpstudy_pro\WWW\www.qphp.com\QPHP\core\model\Model.class.php(45): QPHP\core\model\abs\BaseModel->Db()
#1 D:\phpstudy_pro\WWW\www.qphp.com\application\admin\App\Model\Oracle.model.php(22): QPHP\core\model\Model->Db()
#2 D:\phpstudy_pro\WWW\www.qphp.com\application\admin\App\Action\Index.action.php(46): admin\Model\OracleModel->getOracleUsers()
#3 D:\phpstudy_pro\WWW\www.qphp.com\QPHP\core\action\Action.class.php(31): admin\Action\IndexAction->textOracle()
#4 D:\phpstudy_pro\WWW\www.qphp.com\QPHP\QPHP.php(108): QPHP\core\action\Action->call()
#5 D:\phpstudy_pro\WWW\www.qphp.com\QPHP\base.php(33): QPHP\QPHP->run()
#6 D:\phpstudy_pro\WWW\www.qphp.com\public\index.php(12): QPHP\Base::run()
#7 {main}

Next TypeError: Cannot assign null to property QPHP\core\model\abs\BaseModel::$table of type string in D:\phpstudy_pro\WWW\www.qphp.com\QPHP\core\model\abs\BaseModel.class.php:41
Stack trace:
#0 D:\phpstudy_pro\WWW\www.qphp.com\QPHP\core\model\Model.class.php(34): QPHP\core\model\abs\BaseModel->__destruct()
#1 D:\phpstudy_pro\WWW\www.qphp.com\QPHP\core\action\Action.class.php(31): QPHP\core\model\Model->__destruct()
#2 D:\phpstudy_pro\WWW\www.qphp.com\QPHP\QPHP.php(108): QPHP\core\action\Action->call()
#3 D:\phpstudy_pro\WWW\www.qphp.com\QPHP\base.php(33): QPHP\QPHP->run()
#4 D:\phpstudy_pro\WWW\www.qphp.com\public\index.php(12): QPHP\Base::run()
#5 {main}
Code: 0 Message: Cannot assign null to property QPHP\core\model\abs\BaseModel::$table of type string
TypeError: Cannot assign QPHP\core\pdo\oracle\QDbOracle to property QPHP\core\model\abs\BaseModel::$db of type ?QPHP\core\model\abs\BaseModel in D:\phpstudy_pro\WWW\www.qphp.com\QPHP\core\model\abs\BaseModel.class.php:83
Stack trace:
#0 D:\phpstudy_pro\WWW\www.qphp.com\QPHP\core\model\Model.class.php(45): QPHP\core\model\abs\BaseModel->Db()
#1 D:\phpstudy_pro\WWW\www.qphp.com\application\admin\App\Model\Oracle.model.php(22): QPHP\core\model\Model->Db()
#2 D:\phpstudy_pro\WWW\www.qphp.com\application\admin\App\Action\Index.action.php(46): admin\Model\OracleModel->getOracleUsers()
#3 D:\phpstudy_pro\WWW\www.qphp.com\QPHP\core\action\Action.class.php(31): admin\Action\IndexAction->textOracle()
#4 D:\phpstudy_pro\WWW\www.qphp.com\QPHP\QPHP.php(108): QPHP\core\action\Action->call()
#5 D:\phpstudy_pro\WWW\www.qphp.com\QPHP\base.php(33): QPHP\QPHP->run()
#6 D:\phpstudy_pro\WWW\www.qphp.com\public\index.php(12): QPHP\Base::run()
#7 {main}

Next TypeError: Cannot assign null to property QPHP\core\model\abs\BaseModel::$table of type string in D:\phpstudy_pro\WWW\www.qphp.com\QPHP\core\model\abs\BaseModel.class.php:41
Stack trace:
#0 D:\phpstudy_pro\WWW\www.qphp.com\QPHP\core\model\Model.class.php(34): QPHP\core\model\abs\BaseModel->__destruct()
#1 D:\phpstudy_pro\WWW\www.qphp.com\QPHP\core\action\Action.class.php(31): QPHP\core\model\Model->__destruct()
#2 D:\phpstudy_pro\WWW\www.qphp.com\QPHP\QPHP.php(108): QPHP\core\action\Action->call()
#3 D:\phpstudy_pro\WWW\www.qphp.com\QPHP\base.php(33): QPHP\QPHP->run()
#4 D:\phpstudy_pro\WWW\www.qphp.com\public\index.php(12): QPHP\Base::run()
#5 {main}
Code: 0 Message: Cannot assign null to property QPHP\core\model\abs\BaseModel::$table of type string
TypeError: Cannot assign QPHP\core\pdo\oracle\QDbOracle to property QPHP\core\model\abs\BaseModel::$db of type ?QPHP\core\model\abs\BaseModel in D:\phpstudy_pro\WWW\www.qphp.com\QPHP\core\model\abs\BaseModel.class.php:83
Stack trace:
#0 D:\phpstudy_pro\WWW\www.qphp.com\QPHP\core\model\Model.class.php(45): QPHP\core\model\abs\BaseModel->Db()
#1 D:\phpstudy_pro\WWW\www.qphp.com\application\admin\App\Model\Oracle.model.php(22): QPHP\core\model\Model->Db()
#2 D:\phpstudy_pro\WWW\www.qphp.com\application\admin\App\Action\Index.action.php(46): admin\Model\OracleModel->getOracleUsers()
#3 D:\phpstudy_pro\WWW\www.qphp.com\QPHP\core\action\Action.class.php(31): admin\Action\IndexAction->textOracle()
#4 D:\phpstudy_pro\WWW\www.qphp.com\QPHP\QPHP.php(108): QPHP\core\action\Action->call()
#5 D:\phpstudy_pro\WWW\www.qphp.com\QPHP\base.php(33): QPHP\QPHP->run()
#6 D:\phpstudy_pro\WWW\www.qphp.com\public\index.php(12): QPHP\Base::run()
#7 {main}

Next TypeError: Cannot assign null to property QPHP\core\model\abs\BaseModel::$table of type string in D:\phpstudy_pro\WWW\www.qphp.com\QPHP\core\model\abs\BaseModel.class.php:41
Stack trace:
#0 D:\phpstudy_pro\WWW\www.qphp.com\QPHP\core\model\Model.class.php(34): QPHP\core\model\abs\BaseModel->__destruct()
#1 D:\phpstudy_pro\WWW\www.qphp.com\QPHP\core\action\Action.class.php(31): QPHP\core\model\Model->__destruct()
#2 D:\phpstudy_pro\WWW\www.qphp.com\QPHP\QPHP.php(108): QPHP\core\action\Action->call()
#3 D:\phpstudy_pro\WWW\www.qphp.com\QPHP\base.php(33): QPHP\QPHP->run()
#4 D:\phpstudy_pro\WWW\www.qphp.com\public\index.php(12): QPHP\Base::run()
#5 {main}
Code: 0 Message: Cannot assign null to property QPHP\core\model\abs\BaseModel::$table of type string
TypeError: Cannot assign QPHP\core\pdo\oracle\QDbOracle to property QPHP\core\model\abs\BaseModel::$db of type ?QPHP\core\model\abs\BaseModel in D:\phpstudy_pro\WWW\www.qphp.com\QPHP\core\model\abs\BaseModel.class.php:83
Stack trace:
#0 D:\phpstudy_pro\WWW\www.qphp.com\QPHP\core\model\Model.class.php(45): QPHP\core\model\abs\BaseModel->Db()
#1 D:\phpstudy_pro\WWW\www.qphp.com\application\admin\App\Model\Oracle.model.php(22): QPHP\core\model\Model->Db()
#2 D:\phpstudy_pro\WWW\www.qphp.com\application\admin\App\Action\Index.action.php(46): admin\Model\OracleModel->getOracleUsers()
#3 D:\phpstudy_pro\WWW\www.qphp.com\QPHP\core\action\Action.class.php(31): admin\Action\IndexAction->textOracle()
#4 D:\phpstudy_pro\WWW\www.qphp.com\QPHP\QPHP.php(108): QPHP\core\action\Action->call()
#5 D:\phpstudy_pro\WWW\www.qphp.com\QPHP\base.php(33): QPHP\QPHP->run()
#6 D:\phpstudy_pro\WWW\www.qphp.com\public\index.php(12): QPHP\Base::run()
#7 {main}

Next TypeError: Cannot assign null to property QPHP\core\model\abs\BaseModel::$table of type string in D:\phpstudy_pro\WWW\www.qphp.com\QPHP\core\model\abs\BaseModel.class.php:41
Stack trace:
#0 D:\phpstudy_pro\WWW\www.qphp.com\QPHP\core\model\Model.class.php(34): QPHP\core\model\abs\BaseModel->__destruct()
#1 D:\phpstudy_pro\WWW\www.qphp.com\QPHP\core\action\Action.class.php(31): QPHP\core\model\Model->__destruct()
#2 D:\phpstudy_pro\WWW\www.qphp.com\QPHP\QPHP.php(108): QPHP\core\action\Action->call()
#3 D:\phpstudy_pro\WWW\www.qphp.com\QPHP\base.php(33): QPHP\QPHP->run()
#4 D:\phpstudy_pro\WWW\www.qphp.com\public\index.php(12): QPHP\Base::run()
#5 {main}
