Code: 0 Message: Cannot assign null to property QPHP\core\model\abs\BaseModel::$table of type string
PDOException: SQLSTATE[HY000]: General error: 904 OCIStmtExecute: ORA-00904: "rn": invalid identifier
 (ext\pdo_oci\oci_statement.c:155) in D:\phpstudy_pro\WWW\www.qphp.com\QPHP\core\pdo\abs\QDbPdo.class.php:214
Stack trace:
#0 D:\phpstudy_pro\WWW\www.qphp.com\QPHP\core\pdo\abs\QDbPdo.class.php(214): PDOStatement->execute()
#1 [internal function]: QPHP\core\pdo\abs\QDbPdo->getRows()
#2 D:\phpstudy_pro\WWW\www.qphp.com\QPHP\core\model\abs\BaseModel.class.php(187): call_user_func_array()
#3 D:\phpstudy_pro\WWW\www.qphp.com\QPHP\core\model\oracle\OracleM.class.php(174): QPHP\core\model\abs\BaseModel->executeSql()
#4 D:\phpstudy_pro\WWW\www.qphp.com\QPHP\core\model\Model.class.php(134): QPHP\core\model\oracle\OracleM->select()
#5 D:\phpstudy_pro\WWW\www.qphp.com\application\admin\App\Model\Oracle.model.php(29): QPHP\core\model\Model->select()
#6 D:\phpstudy_pro\WWW\www.qphp.com\application\admin\App\Action\Index.action.php(46): admin\Model\OracleModel->getOracleUsers()
#7 D:\phpstudy_pro\WWW\www.qphp.com\QPHP\core\action\Action.class.php(31): admin\Action\IndexAction->textOracle()
#8 D:\phpstudy_pro\WWW\www.qphp.com\QPHP\QPHP.php(108): QPHP\core\action\Action->call()
#9 D:\phpstudy_pro\WWW\www.qphp.com\QPHP\base.php(33): QPHP\QPHP->run()
#10 D:\phpstudy_pro\WWW\www.qphp.com\public\index.php(12): QPHP\Base::run()
#11 {main}

Next TypeError: Cannot assign null to property QPHP\core\model\abs\BaseModel::$table of type string in D:\phpstudy_pro\WWW\www.qphp.com\QPHP\core\model\abs\BaseModel.class.php:41
Stack trace:
#0 D:\phpstudy_pro\WWW\www.qphp.com\QPHP\core\model\Model.class.php(34): QPHP\core\model\abs\BaseModel->__destruct()
#1 D:\phpstudy_pro\WWW\www.qphp.com\QPHP\core\action\Action.class.php(31): QPHP\core\model\Model->__destruct()
#2 D:\phpstudy_pro\WWW\www.qphp.com\QPHP\QPHP.php(108): QPHP\core\action\Action->call()
#3 D:\phpstudy_pro\WWW\www.qphp.com\QPHP\base.php(33): QPHP\QPHP->run()
#4 D:\phpstudy_pro\WWW\www.qphp.com\public\index.php(12): QPHP\Base::run()
#5 {main}
