Code: 0 Message: syntax error, unexpected identifier "print_r", expecting "," or ";"
ParseError: syntax error, unexpected identifier "print_r", expecting "," or ";" in D:\phpstudy_pro\WWW\www.qphp.com\application\admin\App\Action\Index.action.php:53
Stack trace:
#0 D:\phpstudy_pro\WWW\www.qphp.com\QPHP\QPHP.php(106): QPHP\QPHP->load()
#1 D:\phpstudy_pro\WWW\www.qphp.com\QPHP\base.php(33): QPHP\QPHP->run()
#2 D:\phpstudy_pro\WWW\www.qphp.com\public\index.php(12): QPHP\Base::run()
#3 {main}
Code: 0 Message: syntax error, unexpected identifier "print_r", expecting "," or ";"
ParseError: syntax error, unexpected identifier "print_r", expecting "," or ";" in D:\phpstudy_pro\WWW\www.qphp.com\application\admin\App\Action\Index.action.php:53
Stack trace:
#0 D:\phpstudy_pro\WWW\www.qphp.com\QPHP\QPHP.php(106): QPHP\QPHP->load()
#1 D:\phpstudy_pro\WWW\www.qphp.com\QPHP\base.php(33): QPHP\QPHP->run()
#2 D:\phpstudy_pro\WWW\www.qphp.com\public\index.php(12): QPHP\Base::run()
#3 {main}
Code: 0 Message: syntax error, unexpected identifier "print_r", expecting "," or ";"
ParseError: syntax error, unexpected identifier "print_r", expecting "," or ";" in D:\phpstudy_pro\WWW\www.qphp.com\application\admin\App\Action\Index.action.php:53
Stack trace:
#0 D:\phpstudy_pro\WWW\www.qphp.com\QPHP\QPHP.php(106): QPHP\QPHP->load()
#1 D:\phpstudy_pro\WWW\www.qphp.com\QPHP\base.php(33): QPHP\QPHP->run()
#2 D:\phpstudy_pro\WWW\www.qphp.com\public\index.php(12): QPHP\Base::run()
#3 {main}
