Code: 0 Message: Call to undefined function admin\Action\isser()
Error: Call to undefined function admin\Action\isser() in D:\phpstudy_pro\WWW\www.qphp.com\application\admin\App\Action\User.action.php:18
Stack trace:
#0 D:\phpstudy_pro\WWW\www.qphp.com\QPHP\core\action\Action.class.php(31): admin\Action\UserAction->testValidate()
#1 D:\phpstudy_pro\WWW\www.qphp.com\QPHP\QPHP.php(100): QPHP\core\action\Action->call(Object(admin\Action\UserAction), 'testValidate')
#2 D:\phpstudy_pro\WWW\www.qphp.com\QPHP\base.php(31): QPHP\QPHP->run()
#3 D:\phpstudy_pro\WWW\www.qphp.com\public\index.php(13): QPHP\Base::run()
#4 {main}
Code: 0 Message: Call to undefined function admin\Action\isser()
Error: Call to undefined function admin\Action\isser() in D:\phpstudy_pro\WWW\www.qphp.com\application\admin\App\Action\User.action.php:18
Stack trace:
#0 D:\phpstudy_pro\WWW\www.qphp.com\QPHP\core\action\Action.class.php(31): admin\Action\UserAction->testValidate()
#1 D:\phpstudy_pro\WWW\www.qphp.com\QPHP\QPHP.php(100): QPHP\core\action\Action->call(Object(admin\Action\UserAction), 'testValidate')
#2 D:\phpstudy_pro\WWW\www.qphp.com\QPHP\base.php(31): QPHP\QPHP->run()
#3 D:\phpstudy_pro\WWW\www.qphp.com\public\index.php(13): QPHP\Base::run()
#4 {main}
Code: 0 Message: Call to undefined function admin\Action\isser()
Error: Call to undefined function admin\Action\isser() in D:\phpstudy_pro\WWW\www.qphp.com\application\admin\App\Action\User.action.php:18
Stack trace:
#0 D:\phpstudy_pro\WWW\www.qphp.com\QPHP\core\action\Action.class.php(31): admin\Action\UserAction->testValidate()
#1 D:\phpstudy_pro\WWW\www.qphp.com\QPHP\QPHP.php(100): QPHP\core\action\Action->call(Object(admin\Action\UserAction), 'testValidate')
#2 D:\phpstudy_pro\WWW\www.qphp.com\QPHP\base.php(31): QPHP\QPHP->run()
#3 D:\phpstudy_pro\WWW\www.qphp.com\public\index.php(13): QPHP\Base::run()
#4 {main}
