Code: XAE08 Message: SQLSTATE[XAE08]: <<Unknown error>>: 1440 XAER_DUPID: The XID already exists
PDOException: SQLSTATE[XAE08]: <<Unknown error>>: 1440 XAER_DUPID: The XID already exists in D:\phpstudy_pro\WWW\www.qphp.com\QPHP\core\pdo\abs\QDbPdo.class.php:322
Stack trace:
#0 D:\phpstudy_pro\WWW\www.qphp.com\QPHP\core\pdo\abs\QDbPdo.class.php(322): PDO->exec()
#1 [internal function]: QPHP\core\pdo\abs\QDbPdo->xaStartTrans()
#2 D:\phpstudy_pro\WWW\www.qphp.com\QPHP\core\model\abs\BaseModel.class.php(254): call_user_func_array()
#3 D:\phpstudy_pro\WWW\www.qphp.com\QPHP\core\model\mysql\MysqlM.class.php(293): QPHP\core\model\abs\BaseModel->execute()
#4 D:\phpstudy_pro\WWW\www.qphp.com\QPHP\core\model\Model.class.php(247): QPHP\core\model\mysql\MysqlM->xaStartTrans()
#5 D:\phpstudy_pro\WWW\www.qphp.com\application\admin\App\Model\User.model.php(34): QPHP\core\model\Model->xaStartTrans()
#6 D:\phpstudy_pro\WWW\www.qphp.com\application\admin\App\Action\Index.action.php(41): admin\Model\UserModel->getXaTransactionData()
#7 D:\phpstudy_pro\WWW\www.qphp.com\QPHP\core\action\Action.class.php(31): admin\Action\IndexAction->testXaTransaction()
#8 D:\phpstudy_pro\WWW\www.qphp.com\QPHP\QPHP.php(108): QPHP\core\action\Action->call()
#9 D:\phpstudy_pro\WWW\www.qphp.com\QPHP\base.php(33): QPHP\QPHP->run()
#10 D:\phpstudy_pro\WWW\www.qphp.com\public\index.php(12): QPHP\Base::run()
#11 {main}
Code: XAE08 Message: SQLSTATE[XAE08]: <<Unknown error>>: 1440 XAER_DUPID: The XID already exists
PDOException: SQLSTATE[XAE08]: <<Unknown error>>: 1440 XAER_DUPID: The XID already exists in D:\phpstudy_pro\WWW\www.qphp.com\QPHP\core\pdo\abs\QDbPdo.class.php:322
Stack trace:
#0 D:\phpstudy_pro\WWW\www.qphp.com\QPHP\core\pdo\abs\QDbPdo.class.php(322): PDO->exec()
#1 [internal function]: QPHP\core\pdo\abs\QDbPdo->xaStartTrans()
#2 D:\phpstudy_pro\WWW\www.qphp.com\QPHP\core\model\abs\BaseModel.class.php(254): call_user_func_array()
#3 D:\phpstudy_pro\WWW\www.qphp.com\QPHP\core\model\mysql\MysqlM.class.php(293): QPHP\core\model\abs\BaseModel->execute()
#4 D:\phpstudy_pro\WWW\www.qphp.com\QPHP\core\model\Model.class.php(247): QPHP\core\model\mysql\MysqlM->xaStartTrans()
#5 D:\phpstudy_pro\WWW\www.qphp.com\application\admin\App\Model\User.model.php(34): QPHP\core\model\Model->xaStartTrans()
#6 D:\phpstudy_pro\WWW\www.qphp.com\application\admin\App\Action\Index.action.php(41): admin\Model\UserModel->getXaTransactionData()
#7 D:\phpstudy_pro\WWW\www.qphp.com\QPHP\core\action\Action.class.php(31): admin\Action\IndexAction->testXaTransaction()
#8 D:\phpstudy_pro\WWW\www.qphp.com\QPHP\QPHP.php(108): QPHP\core\action\Action->call()
#9 D:\phpstudy_pro\WWW\www.qphp.com\QPHP\base.php(33): QPHP\QPHP->run()
#10 D:\phpstudy_pro\WWW\www.qphp.com\public\index.php(12): QPHP\Base::run()
#11 {main}
Code: XAE08 Message: SQLSTATE[XAE08]: <<Unknown error>>: 1440 XAER_DUPID: The XID already exists
PDOException: SQLSTATE[XAE08]: <<Unknown error>>: 1440 XAER_DUPID: The XID already exists in D:\phpstudy_pro\WWW\www.qphp.com\QPHP\core\pdo\abs\QDbPdo.class.php:322
Stack trace:
#0 D:\phpstudy_pro\WWW\www.qphp.com\QPHP\core\pdo\abs\QDbPdo.class.php(322): PDO->exec()
#1 [internal function]: QPHP\core\pdo\abs\QDbPdo->xaStartTrans()
#2 D:\phpstudy_pro\WWW\www.qphp.com\QPHP\core\model\abs\BaseModel.class.php(254): call_user_func_array()
#3 D:\phpstudy_pro\WWW\www.qphp.com\QPHP\core\model\mysql\MysqlM.class.php(293): QPHP\core\model\abs\BaseModel->execute()
#4 D:\phpstudy_pro\WWW\www.qphp.com\QPHP\core\model\Model.class.php(247): QPHP\core\model\mysql\MysqlM->xaStartTrans()
#5 D:\phpstudy_pro\WWW\www.qphp.com\application\admin\App\Model\User.model.php(34): QPHP\core\model\Model->xaStartTrans()
#6 D:\phpstudy_pro\WWW\www.qphp.com\application\admin\App\Action\Index.action.php(41): admin\Model\UserModel->getXaTransactionData()
#7 D:\phpstudy_pro\WWW\www.qphp.com\QPHP\core\action\Action.class.php(31): admin\Action\IndexAction->testXaTransaction()
#8 D:\phpstudy_pro\WWW\www.qphp.com\QPHP\QPHP.php(108): QPHP\core\action\Action->call()
#9 D:\phpstudy_pro\WWW\www.qphp.com\QPHP\base.php(33): QPHP\QPHP->run()
#10 D:\phpstudy_pro\WWW\www.qphp.com\public\index.php(12): QPHP\Base::run()
#11 {main}
Code: XAE08 Message: SQLSTATE[XAE08]: <<Unknown error>>: 1440 XAER_DUPID: The XID already exists
PDOException: SQLSTATE[XAE08]: <<Unknown error>>: 1440 XAER_DUPID: The XID already exists in D:\phpstudy_pro\WWW\www.qphp.com\QPHP\core\pdo\abs\QDbPdo.class.php:322
Stack trace:
#0 D:\phpstudy_pro\WWW\www.qphp.com\QPHP\core\pdo\abs\QDbPdo.class.php(322): PDO->exec()
#1 [internal function]: QPHP\core\pdo\abs\QDbPdo->xaStartTrans()
#2 D:\phpstudy_pro\WWW\www.qphp.com\QPHP\core\model\abs\BaseModel.class.php(254): call_user_func_array()
#3 D:\phpstudy_pro\WWW\www.qphp.com\QPHP\core\model\mysql\MysqlM.class.php(293): QPHP\core\model\abs\BaseModel->execute()
#4 D:\phpstudy_pro\WWW\www.qphp.com\QPHP\core\model\Model.class.php(247): QPHP\core\model\mysql\MysqlM->xaStartTrans()
#5 D:\phpstudy_pro\WWW\www.qphp.com\application\admin\App\Model\User.model.php(34): QPHP\core\model\Model->xaStartTrans()
#6 D:\phpstudy_pro\WWW\www.qphp.com\application\admin\App\Action\Index.action.php(41): admin\Model\UserModel->getXaTransactionData()
#7 D:\phpstudy_pro\WWW\www.qphp.com\QPHP\core\action\Action.class.php(31): admin\Action\IndexAction->testXaTransaction()
#8 D:\phpstudy_pro\WWW\www.qphp.com\QPHP\QPHP.php(108): QPHP\core\action\Action->call()
#9 D:\phpstudy_pro\WWW\www.qphp.com\QPHP\base.php(33): QPHP\QPHP->run()
#10 D:\phpstudy_pro\WWW\www.qphp.com\public\index.php(12): QPHP\Base::run()
#11 {main}
Code: XAE08 Message: SQLSTATE[XAE08]: <<Unknown error>>: 1440 XAER_DUPID: The XID already exists
PDOException: SQLSTATE[XAE08]: <<Unknown error>>: 1440 XAER_DUPID: The XID already exists in D:\phpstudy_pro\WWW\www.qphp.com\QPHP\core\pdo\abs\QDbPdo.class.php:322
Stack trace:
#0 D:\phpstudy_pro\WWW\www.qphp.com\QPHP\core\pdo\abs\QDbPdo.class.php(322): PDO->exec()
#1 [internal function]: QPHP\core\pdo\abs\QDbPdo->xaStartTrans()
#2 D:\phpstudy_pro\WWW\www.qphp.com\QPHP\core\model\abs\BaseModel.class.php(254): call_user_func_array()
#3 D:\phpstudy_pro\WWW\www.qphp.com\QPHP\core\model\mysql\MysqlM.class.php(293): QPHP\core\model\abs\BaseModel->execute()
#4 D:\phpstudy_pro\WWW\www.qphp.com\QPHP\core\model\Model.class.php(247): QPHP\core\model\mysql\MysqlM->xaStartTrans()
#5 D:\phpstudy_pro\WWW\www.qphp.com\application\admin\App\Model\User.model.php(34): QPHP\core\model\Model->xaStartTrans()
#6 D:\phpstudy_pro\WWW\www.qphp.com\application\admin\App\Action\Index.action.php(41): admin\Model\UserModel->getXaTransactionData()
#7 D:\phpstudy_pro\WWW\www.qphp.com\QPHP\core\action\Action.class.php(31): admin\Action\IndexAction->testXaTransaction()
#8 D:\phpstudy_pro\WWW\www.qphp.com\QPHP\QPHP.php(108): QPHP\core\action\Action->call()
#9 D:\phpstudy_pro\WWW\www.qphp.com\QPHP\base.php(33): QPHP\QPHP->run()
#10 D:\phpstudy_pro\WWW\www.qphp.com\public\index.php(12): QPHP\Base::run()
#11 {main}
Code: XAE08 Message: SQLSTATE[XAE08]: <<Unknown error>>: 1440 XAER_DUPID: The XID already exists
PDOException: SQLSTATE[XAE08]: <<Unknown error>>: 1440 XAER_DUPID: The XID already exists in D:\phpstudy_pro\WWW\www.qphp.com\QPHP\core\pdo\abs\QDbPdo.class.php:322
Stack trace:
#0 D:\phpstudy_pro\WWW\www.qphp.com\QPHP\core\pdo\abs\QDbPdo.class.php(322): PDO->exec()
#1 [internal function]: QPHP\core\pdo\abs\QDbPdo->xaStartTrans()
#2 D:\phpstudy_pro\WWW\www.qphp.com\QPHP\core\model\abs\BaseModel.class.php(254): call_user_func_array()
#3 D:\phpstudy_pro\WWW\www.qphp.com\QPHP\core\model\mysql\MysqlM.class.php(293): QPHP\core\model\abs\BaseModel->execute()
#4 D:\phpstudy_pro\WWW\www.qphp.com\QPHP\core\model\Model.class.php(247): QPHP\core\model\mysql\MysqlM->xaStartTrans()
#5 D:\phpstudy_pro\WWW\www.qphp.com\application\admin\App\Model\User.model.php(34): QPHP\core\model\Model->xaStartTrans()
#6 D:\phpstudy_pro\WWW\www.qphp.com\application\admin\App\Action\Index.action.php(41): admin\Model\UserModel->getXaTransactionData()
#7 D:\phpstudy_pro\WWW\www.qphp.com\QPHP\core\action\Action.class.php(31): admin\Action\IndexAction->testXaTransaction()
#8 D:\phpstudy_pro\WWW\www.qphp.com\QPHP\QPHP.php(108): QPHP\core\action\Action->call()
#9 D:\phpstudy_pro\WWW\www.qphp.com\QPHP\base.php(33): QPHP\QPHP->run()
#10 D:\phpstudy_pro\WWW\www.qphp.com\public\index.php(12): QPHP\Base::run()
#11 {main}
Code: XAE08 Message: SQLSTATE[XAE08]: <<Unknown error>>: 1440 XAER_DUPID: The XID already exists
PDOException: SQLSTATE[XAE08]: <<Unknown error>>: 1440 XAER_DUPID: The XID already exists in D:\phpstudy_pro\WWW\www.qphp.com\QPHP\core\pdo\abs\QDbPdo.class.php:322
Stack trace:
#0 D:\phpstudy_pro\WWW\www.qphp.com\QPHP\core\pdo\abs\QDbPdo.class.php(322): PDO->exec()
#1 [internal function]: QPHP\core\pdo\abs\QDbPdo->xaStartTrans()
#2 D:\phpstudy_pro\WWW\www.qphp.com\QPHP\core\model\abs\BaseModel.class.php(254): call_user_func_array()
#3 D:\phpstudy_pro\WWW\www.qphp.com\QPHP\core\model\mysql\MysqlM.class.php(293): QPHP\core\model\abs\BaseModel->execute()
#4 D:\phpstudy_pro\WWW\www.qphp.com\QPHP\core\model\Model.class.php(247): QPHP\core\model\mysql\MysqlM->xaStartTrans()
#5 D:\phpstudy_pro\WWW\www.qphp.com\application\admin\App\Model\User.model.php(34): QPHP\core\model\Model->xaStartTrans()
#6 D:\phpstudy_pro\WWW\www.qphp.com\application\admin\App\Action\Index.action.php(41): admin\Model\UserModel->getXaTransactionData()
#7 D:\phpstudy_pro\WWW\www.qphp.com\QPHP\core\action\Action.class.php(31): admin\Action\IndexAction->testXaTransaction()
#8 D:\phpstudy_pro\WWW\www.qphp.com\QPHP\QPHP.php(108): QPHP\core\action\Action->call()
#9 D:\phpstudy_pro\WWW\www.qphp.com\QPHP\base.php(33): QPHP\QPHP->run()
#10 D:\phpstudy_pro\WWW\www.qphp.com\public\index.php(12): QPHP\Base::run()
#11 {main}
Code: XAE08 Message: SQLSTATE[XAE08]: <<Unknown error>>: 1440 XAER_DUPID: The XID already exists
PDOException: SQLSTATE[XAE08]: <<Unknown error>>: 1440 XAER_DUPID: The XID already exists in D:\phpstudy_pro\WWW\www.qphp.com\QPHP\core\pdo\abs\QDbPdo.class.php:322
Stack trace:
#0 D:\phpstudy_pro\WWW\www.qphp.com\QPHP\core\pdo\abs\QDbPdo.class.php(322): PDO->exec()
#1 [internal function]: QPHP\core\pdo\abs\QDbPdo->xaStartTrans()
#2 D:\phpstudy_pro\WWW\www.qphp.com\QPHP\core\model\abs\BaseModel.class.php(254): call_user_func_array()
#3 D:\phpstudy_pro\WWW\www.qphp.com\QPHP\core\model\mysql\MysqlM.class.php(293): QPHP\core\model\abs\BaseModel->execute()
#4 D:\phpstudy_pro\WWW\www.qphp.com\QPHP\core\model\Model.class.php(247): QPHP\core\model\mysql\MysqlM->xaStartTrans()
#5 D:\phpstudy_pro\WWW\www.qphp.com\application\admin\App\Model\User.model.php(34): QPHP\core\model\Model->xaStartTrans()
#6 D:\phpstudy_pro\WWW\www.qphp.com\application\admin\App\Action\Index.action.php(41): admin\Model\UserModel->getXaTransactionData()
#7 D:\phpstudy_pro\WWW\www.qphp.com\QPHP\core\action\Action.class.php(31): admin\Action\IndexAction->testXaTransaction()
#8 D:\phpstudy_pro\WWW\www.qphp.com\QPHP\QPHP.php(108): QPHP\core\action\Action->call()
#9 D:\phpstudy_pro\WWW\www.qphp.com\QPHP\base.php(33): QPHP\QPHP->run()
#10 D:\phpstudy_pro\WWW\www.qphp.com\public\index.php(12): QPHP\Base::run()
#11 {main}
Code: XAE08 Message: SQLSTATE[XAE08]: <<Unknown error>>: 1440 XAER_DUPID: The XID already exists
PDOException: SQLSTATE[XAE08]: <<Unknown error>>: 1440 XAER_DUPID: The XID already exists in D:\phpstudy_pro\WWW\www.qphp.com\QPHP\core\pdo\abs\QDbPdo.class.php:322
Stack trace:
#0 D:\phpstudy_pro\WWW\www.qphp.com\QPHP\core\pdo\abs\QDbPdo.class.php(322): PDO->exec()
#1 [internal function]: QPHP\core\pdo\abs\QDbPdo->xaStartTrans()
#2 D:\phpstudy_pro\WWW\www.qphp.com\QPHP\core\model\abs\BaseModel.class.php(254): call_user_func_array()
#3 D:\phpstudy_pro\WWW\www.qphp.com\QPHP\core\model\mysql\MysqlM.class.php(293): QPHP\core\model\abs\BaseModel->execute()
#4 D:\phpstudy_pro\WWW\www.qphp.com\QPHP\core\model\Model.class.php(247): QPHP\core\model\mysql\MysqlM->xaStartTrans()
#5 D:\phpstudy_pro\WWW\www.qphp.com\application\admin\App\Model\User.model.php(34): QPHP\core\model\Model->xaStartTrans()
#6 D:\phpstudy_pro\WWW\www.qphp.com\application\admin\App\Action\Index.action.php(41): admin\Model\UserModel->getXaTransactionData()
#7 D:\phpstudy_pro\WWW\www.qphp.com\QPHP\core\action\Action.class.php(31): admin\Action\IndexAction->testXaTransaction()
#8 D:\phpstudy_pro\WWW\www.qphp.com\QPHP\QPHP.php(108): QPHP\core\action\Action->call()
#9 D:\phpstudy_pro\WWW\www.qphp.com\QPHP\base.php(33): QPHP\QPHP->run()
#10 D:\phpstudy_pro\WWW\www.qphp.com\public\index.php(12): QPHP\Base::run()
#11 {main}
Code: XAE08 Message: SQLSTATE[XAE08]: <<Unknown error>>: 1440 XAER_DUPID: The XID already exists
PDOException: SQLSTATE[XAE08]: <<Unknown error>>: 1440 XAER_DUPID: The XID already exists in D:\phpstudy_pro\WWW\www.qphp.com\QPHP\core\pdo\abs\QDbPdo.class.php:322
Stack trace:
#0 D:\phpstudy_pro\WWW\www.qphp.com\QPHP\core\pdo\abs\QDbPdo.class.php(322): PDO->exec()
#1 [internal function]: QPHP\core\pdo\abs\QDbPdo->xaStartTrans()
#2 D:\phpstudy_pro\WWW\www.qphp.com\QPHP\core\model\abs\BaseModel.class.php(254): call_user_func_array()
#3 D:\phpstudy_pro\WWW\www.qphp.com\QPHP\core\model\mysql\MysqlM.class.php(293): QPHP\core\model\abs\BaseModel->execute()
#4 D:\phpstudy_pro\WWW\www.qphp.com\QPHP\core\model\Model.class.php(247): QPHP\core\model\mysql\MysqlM->xaStartTrans()
#5 D:\phpstudy_pro\WWW\www.qphp.com\application\admin\App\Model\User.model.php(34): QPHP\core\model\Model->xaStartTrans()
#6 D:\phpstudy_pro\WWW\www.qphp.com\application\admin\App\Action\Index.action.php(41): admin\Model\UserModel->getXaTransactionData()
#7 D:\phpstudy_pro\WWW\www.qphp.com\QPHP\core\action\Action.class.php(31): admin\Action\IndexAction->testXaTransaction()
#8 D:\phpstudy_pro\WWW\www.qphp.com\QPHP\QPHP.php(108): QPHP\core\action\Action->call()
#9 D:\phpstudy_pro\WWW\www.qphp.com\QPHP\base.php(33): QPHP\QPHP->run()
#10 D:\phpstudy_pro\WWW\www.qphp.com\public\index.php(12): QPHP\Base::run()
#11 {main}
Code: XAE08 Message: SQLSTATE[XAE08]: <<Unknown error>>: 1440 XAER_DUPID: The XID already exists
PDOException: SQLSTATE[XAE08]: <<Unknown error>>: 1440 XAER_DUPID: The XID already exists in D:\phpstudy_pro\WWW\www.qphp.com\QPHP\core\pdo\abs\QDbPdo.class.php:322
Stack trace:
#0 D:\phpstudy_pro\WWW\www.qphp.com\QPHP\core\pdo\abs\QDbPdo.class.php(322): PDO->exec()
#1 [internal function]: QPHP\core\pdo\abs\QDbPdo->xaStartTrans()
#2 D:\phpstudy_pro\WWW\www.qphp.com\QPHP\core\model\abs\BaseModel.class.php(254): call_user_func_array()
#3 D:\phpstudy_pro\WWW\www.qphp.com\QPHP\core\model\mysql\MysqlM.class.php(293): QPHP\core\model\abs\BaseModel->execute()
#4 D:\phpstudy_pro\WWW\www.qphp.com\QPHP\core\model\Model.class.php(247): QPHP\core\model\mysql\MysqlM->xaStartTrans()
#5 D:\phpstudy_pro\WWW\www.qphp.com\application\admin\App\Model\User.model.php(34): QPHP\core\model\Model->xaStartTrans()
#6 D:\phpstudy_pro\WWW\www.qphp.com\application\admin\App\Action\Index.action.php(41): admin\Model\UserModel->getXaTransactionData()
#7 D:\phpstudy_pro\WWW\www.qphp.com\QPHP\core\action\Action.class.php(31): admin\Action\IndexAction->testXaTransaction()
#8 D:\phpstudy_pro\WWW\www.qphp.com\QPHP\QPHP.php(108): QPHP\core\action\Action->call()
#9 D:\phpstudy_pro\WWW\www.qphp.com\QPHP\base.php(33): QPHP\QPHP->run()
#10 D:\phpstudy_pro\WWW\www.qphp.com\public\index.php(12): QPHP\Base::run()
#11 {main}
Code: XAE08 Message: SQLSTATE[XAE08]: <<Unknown error>>: 1440 XAER_DUPID: The XID already exists
PDOException: SQLSTATE[XAE08]: <<Unknown error>>: 1440 XAER_DUPID: The XID already exists in D:\phpstudy_pro\WWW\www.qphp.com\QPHP\core\pdo\abs\QDbPdo.class.php:322
Stack trace:
#0 D:\phpstudy_pro\WWW\www.qphp.com\QPHP\core\pdo\abs\QDbPdo.class.php(322): PDO->exec()
#1 [internal function]: QPHP\core\pdo\abs\QDbPdo->xaStartTrans()
#2 D:\phpstudy_pro\WWW\www.qphp.com\QPHP\core\model\abs\BaseModel.class.php(254): call_user_func_array()
#3 D:\phpstudy_pro\WWW\www.qphp.com\QPHP\core\model\mysql\MysqlM.class.php(293): QPHP\core\model\abs\BaseModel->execute()
#4 D:\phpstudy_pro\WWW\www.qphp.com\QPHP\core\model\Model.class.php(247): QPHP\core\model\mysql\MysqlM->xaStartTrans()
#5 D:\phpstudy_pro\WWW\www.qphp.com\application\admin\App\Model\User.model.php(34): QPHP\core\model\Model->xaStartTrans()
#6 D:\phpstudy_pro\WWW\www.qphp.com\application\admin\App\Action\Index.action.php(41): admin\Model\UserModel->getXaTransactionData()
#7 D:\phpstudy_pro\WWW\www.qphp.com\QPHP\core\action\Action.class.php(31): admin\Action\IndexAction->testXaTransaction()
#8 D:\phpstudy_pro\WWW\www.qphp.com\QPHP\QPHP.php(108): QPHP\core\action\Action->call()
#9 D:\phpstudy_pro\WWW\www.qphp.com\QPHP\base.php(33): QPHP\QPHP->run()
#10 D:\phpstudy_pro\WWW\www.qphp.com\public\index.php(12): QPHP\Base::run()
#11 {main}
Code: XAE08 Message: SQLSTATE[XAE08]: <<Unknown error>>: 1440 XAER_DUPID: The XID already exists
PDOException: SQLSTATE[XAE08]: <<Unknown error>>: 1440 XAER_DUPID: The XID already exists in D:\phpstudy_pro\WWW\www.qphp.com\QPHP\core\pdo\abs\QDbPdo.class.php:322
Stack trace:
#0 D:\phpstudy_pro\WWW\www.qphp.com\QPHP\core\pdo\abs\QDbPdo.class.php(322): PDO->exec()
#1 [internal function]: QPHP\core\pdo\abs\QDbPdo->xaStartTrans()
#2 D:\phpstudy_pro\WWW\www.qphp.com\QPHP\core\model\abs\BaseModel.class.php(254): call_user_func_array()
#3 D:\phpstudy_pro\WWW\www.qphp.com\QPHP\core\model\mysql\MysqlM.class.php(293): QPHP\core\model\abs\BaseModel->execute()
#4 D:\phpstudy_pro\WWW\www.qphp.com\QPHP\core\model\Model.class.php(247): QPHP\core\model\mysql\MysqlM->xaStartTrans()
#5 D:\phpstudy_pro\WWW\www.qphp.com\application\admin\App\Model\User.model.php(34): QPHP\core\model\Model->xaStartTrans()
#6 D:\phpstudy_pro\WWW\www.qphp.com\application\admin\App\Action\Index.action.php(41): admin\Model\UserModel->getXaTransactionData()
#7 D:\phpstudy_pro\WWW\www.qphp.com\QPHP\core\action\Action.class.php(31): admin\Action\IndexAction->testXaTransaction()
#8 D:\phpstudy_pro\WWW\www.qphp.com\QPHP\QPHP.php(108): QPHP\core\action\Action->call()
#9 D:\phpstudy_pro\WWW\www.qphp.com\QPHP\base.php(33): QPHP\QPHP->run()
#10 D:\phpstudy_pro\WWW\www.qphp.com\public\index.php(12): QPHP\Base::run()
#11 {main}
Code: XAE08 Message: SQLSTATE[XAE08]: <<Unknown error>>: 1440 XAER_DUPID: The XID already exists
PDOException: SQLSTATE[XAE08]: <<Unknown error>>: 1440 XAER_DUPID: The XID already exists in D:\phpstudy_pro\WWW\www.qphp.com\QPHP\core\pdo\abs\QDbPdo.class.php:322
Stack trace:
#0 D:\phpstudy_pro\WWW\www.qphp.com\QPHP\core\pdo\abs\QDbPdo.class.php(322): PDO->exec()
#1 [internal function]: QPHP\core\pdo\abs\QDbPdo->xaStartTrans()
#2 D:\phpstudy_pro\WWW\www.qphp.com\QPHP\core\model\abs\BaseModel.class.php(254): call_user_func_array()
#3 D:\phpstudy_pro\WWW\www.qphp.com\QPHP\core\model\mysql\MysqlM.class.php(293): QPHP\core\model\abs\BaseModel->execute()
#4 D:\phpstudy_pro\WWW\www.qphp.com\QPHP\core\model\Model.class.php(247): QPHP\core\model\mysql\MysqlM->xaStartTrans()
#5 D:\phpstudy_pro\WWW\www.qphp.com\application\admin\App\Model\User.model.php(34): QPHP\core\model\Model->xaStartTrans()
#6 D:\phpstudy_pro\WWW\www.qphp.com\application\admin\App\Action\Index.action.php(41): admin\Model\UserModel->getXaTransactionData()
#7 D:\phpstudy_pro\WWW\www.qphp.com\QPHP\core\action\Action.class.php(31): admin\Action\IndexAction->testXaTransaction()
#8 D:\phpstudy_pro\WWW\www.qphp.com\QPHP\QPHP.php(108): QPHP\core\action\Action->call()
#9 D:\phpstudy_pro\WWW\www.qphp.com\QPHP\base.php(33): QPHP\QPHP->run()
#10 D:\phpstudy_pro\WWW\www.qphp.com\public\index.php(12): QPHP\Base::run()
#11 {main}
Code: XAE08 Message: SQLSTATE[XAE08]: <<Unknown error>>: 1440 XAER_DUPID: The XID already exists
PDOException: SQLSTATE[XAE08]: <<Unknown error>>: 1440 XAER_DUPID: The XID already exists in D:\phpstudy_pro\WWW\www.qphp.com\QPHP\core\pdo\abs\QDbPdo.class.php:322
Stack trace:
#0 D:\phpstudy_pro\WWW\www.qphp.com\QPHP\core\pdo\abs\QDbPdo.class.php(322): PDO->exec()
#1 [internal function]: QPHP\core\pdo\abs\QDbPdo->xaStartTrans()
#2 D:\phpstudy_pro\WWW\www.qphp.com\QPHP\core\model\abs\BaseModel.class.php(254): call_user_func_array()
#3 D:\phpstudy_pro\WWW\www.qphp.com\QPHP\core\model\mysql\MysqlM.class.php(293): QPHP\core\model\abs\BaseModel->execute()
#4 D:\phpstudy_pro\WWW\www.qphp.com\QPHP\core\model\Model.class.php(247): QPHP\core\model\mysql\MysqlM->xaStartTrans()
#5 D:\phpstudy_pro\WWW\www.qphp.com\application\admin\App\Model\User.model.php(34): QPHP\core\model\Model->xaStartTrans()
#6 D:\phpstudy_pro\WWW\www.qphp.com\application\admin\App\Action\Index.action.php(41): admin\Model\UserModel->getXaTransactionData()
#7 D:\phpstudy_pro\WWW\www.qphp.com\QPHP\core\action\Action.class.php(31): admin\Action\IndexAction->testXaTransaction()
#8 D:\phpstudy_pro\WWW\www.qphp.com\QPHP\QPHP.php(108): QPHP\core\action\Action->call()
#9 D:\phpstudy_pro\WWW\www.qphp.com\QPHP\base.php(33): QPHP\QPHP->run()
#10 D:\phpstudy_pro\WWW\www.qphp.com\public\index.php(12): QPHP\Base::run()
#11 {main}
Code: XAE08 Message: SQLSTATE[XAE08]: <<Unknown error>>: 1440 XAER_DUPID: The XID already exists
PDOException: SQLSTATE[XAE08]: <<Unknown error>>: 1440 XAER_DUPID: The XID already exists in D:\phpstudy_pro\WWW\www.qphp.com\QPHP\core\pdo\abs\QDbPdo.class.php:322
Stack trace:
#0 D:\phpstudy_pro\WWW\www.qphp.com\QPHP\core\pdo\abs\QDbPdo.class.php(322): PDO->exec()
#1 [internal function]: QPHP\core\pdo\abs\QDbPdo->xaStartTrans()
#2 D:\phpstudy_pro\WWW\www.qphp.com\QPHP\core\model\abs\BaseModel.class.php(254): call_user_func_array()
#3 D:\phpstudy_pro\WWW\www.qphp.com\QPHP\core\model\mysql\MysqlM.class.php(293): QPHP\core\model\abs\BaseModel->execute()
#4 D:\phpstudy_pro\WWW\www.qphp.com\QPHP\core\model\Model.class.php(247): QPHP\core\model\mysql\MysqlM->xaStartTrans()
#5 D:\phpstudy_pro\WWW\www.qphp.com\application\admin\App\Model\User.model.php(34): QPHP\core\model\Model->xaStartTrans()
#6 D:\phpstudy_pro\WWW\www.qphp.com\application\admin\App\Action\Index.action.php(41): admin\Model\UserModel->getXaTransactionData()
#7 D:\phpstudy_pro\WWW\www.qphp.com\QPHP\core\action\Action.class.php(31): admin\Action\IndexAction->testXaTransaction()
#8 D:\phpstudy_pro\WWW\www.qphp.com\QPHP\QPHP.php(108): QPHP\core\action\Action->call()
#9 D:\phpstudy_pro\WWW\www.qphp.com\QPHP\base.php(33): QPHP\QPHP->run()
#10 D:\phpstudy_pro\WWW\www.qphp.com\public\index.php(12): QPHP\Base::run()
#11 {main}
