Code: 0 Message: Too few arguments to function QPHP\QPHP::runMiddleware(), 1 passed in D:\phpstudy_pro\WWW\www.qphp.com\QPHP\QPHP.php on line 99 and exactly 2 expected
ArgumentCountError: Too few arguments to function QPHP\QPHP::runMiddleware(), 1 passed in D:\phpstudy_pro\WWW\www.qphp.com\QPHP\QPHP.php on line 99 and exactly 2 expected in D:\phpstudy_pro\WWW\www.qphp.com\QPHP\QPHP.php:114
Stack trace:
#0 D:\phpstudy_pro\WWW\www.qphp.com\QPHP\QPHP.php(99): QPHP\QPHP::runMiddleware()
#1 D:\phpstudy_pro\WWW\www.qphp.com\QPHP\base.php(32): QPHP\QPHP->run()
#2 D:\phpstudy_pro\WWW\www.qphp.com\public\index.php(13): QPHP\Base::run()
#3 {main}
Code: 0 Message: Too few arguments to function QPHP\QPHP::runMiddleware(), 1 passed in D:\phpstudy_pro\WWW\www.qphp.com\QPHP\QPHP.php on line 99 and exactly 2 expected
ArgumentCountError: Too few arguments to function QPHP\QPHP::runMiddleware(), 1 passed in D:\phpstudy_pro\WWW\www.qphp.com\QPHP\QPHP.php on line 99 and exactly 2 expected in D:\phpstudy_pro\WWW\www.qphp.com\QPHP\QPHP.php:114
Stack trace:
#0 D:\phpstudy_pro\WWW\www.qphp.com\QPHP\QPHP.php(99): QPHP\QPHP::runMiddleware()
#1 D:\phpstudy_pro\WWW\www.qphp.com\QPHP\base.php(32): QPHP\QPHP->run()
#2 D:\phpstudy_pro\WWW\www.qphp.com\public\index.php(13): QPHP\Base::run()
#3 {main}
Code: 0 Message: Too few arguments to function QPHP\QPHP::runMiddleware(), 1 passed in D:\phpstudy_pro\WWW\www.qphp.com\QPHP\QPHP.php on line 99 and exactly 2 expected
ArgumentCountError: Too few arguments to function QPHP\QPHP::runMiddleware(), 1 passed in D:\phpstudy_pro\WWW\www.qphp.com\QPHP\QPHP.php on line 99 and exactly 2 expected in D:\phpstudy_pro\WWW\www.qphp.com\QPHP\QPHP.php:114
Stack trace:
#0 D:\phpstudy_pro\WWW\www.qphp.com\QPHP\QPHP.php(99): QPHP\QPHP::runMiddleware()
#1 D:\phpstudy_pro\WWW\www.qphp.com\QPHP\base.php(32): QPHP\QPHP->run()
#2 D:\phpstudy_pro\WWW\www.qphp.com\public\index.php(13): QPHP\Base::run()
#3 {main}
