Code: 0 Message: Call to undefined function QPHP\core\middleware\implement\parentFunction()
Error: Call to undefined function QPHP\core\middleware\implement\parentFunction() in D:\phpstudy_pro\WWW\www.qphp.com\QPHP\core\middleware\implement\Middleware.class.php:66
Stack trace:
#0 D:\phpstudy_pro\WWW\www.qphp.com\QPHP\QPHP.php(114): QPHP\core\middleware\implement\Middleware->run()
#1 D:\phpstudy_pro\WWW\www.qphp.com\QPHP\QPHP.php(99): QPHP\QPHP::runMiddleware()
#2 D:\phpstudy_pro\WWW\www.qphp.com\QPHP\base.php(32): QPHP\QPHP->run()
#3 D:\phpstudy_pro\WWW\www.qphp.com\public\index.php(13): QPHP\Base::run()
#4 {main}
Code: 0 Message: Call to undefined function QPHP\core\middleware\implement\parentFunction()
Error: Call to undefined function QPHP\core\middleware\implement\parentFunction() in D:\phpstudy_pro\WWW\www.qphp.com\QPHP\core\middleware\implement\Middleware.class.php:66
Stack trace:
#0 D:\phpstudy_pro\WWW\www.qphp.com\QPHP\QPHP.php(114): QPHP\core\middleware\implement\Middleware->run()
#1 D:\phpstudy_pro\WWW\www.qphp.com\QPHP\QPHP.php(99): QPHP\QPHP::runMiddleware()
#2 D:\phpstudy_pro\WWW\www.qphp.com\QPHP\base.php(32): QPHP\QPHP->run()
#3 D:\phpstudy_pro\WWW\www.qphp.com\public\index.php(13): QPHP\Base::run()
#4 {main}
Code: 0 Message: Call to undefined function QPHP\core\middleware\implement\parentFunction()
Error: Call to undefined function QPHP\core\middleware\implement\parentFunction() in D:\phpstudy_pro\WWW\www.qphp.com\QPHP\core\middleware\implement\Middleware.class.php:66
Stack trace:
#0 D:\phpstudy_pro\WWW\www.qphp.com\QPHP\QPHP.php(114): QPHP\core\middleware\implement\Middleware->run()
#1 D:\phpstudy_pro\WWW\www.qphp.com\QPHP\QPHP.php(99): QPHP\QPHP::runMiddleware()
#2 D:\phpstudy_pro\WWW\www.qphp.com\QPHP\base.php(32): QPHP\QPHP->run()
#3 D:\phpstudy_pro\WWW\www.qphp.com\public\index.php(13): QPHP\Base::run()
#4 {main}
