Code: 2002 Message: SQLSTATE[HY000] [2002] 在其上下文中，该请求的地址无效。

PDOException: SQLSTATE[HY000] [2002] 在其上下文中，该请求的地址无效。
 in D:\phpstudy_pro\WWW\www.qphp.com\QPHP\core\QDbMysql.class.php:17
Stack trace:
#0 D:\phpstudy_pro\WWW\www.qphp.com\QPHP\core\QDbMysql.class.php(17): PDO->__construct('mysql:host=127....', 'qphp', '123456')
#1 D:\phpstudy_pro\WWW\www.qphp.com\QPHP\core\QDbPdo.class.php(151): QDbMysql->connect()
#2 D:\phpstudy_pro\WWW\www.qphp.com\QPHP\core\Model.class.php(112): QDbPdo->getRow('select * from m...')
#3 D:\phpstudy_pro\WWW\www.qphp.com\application\admin\App\Action\User.action.php(31): Model->find('1')
#4 D:\phpstudy_pro\WWW\www.qphp.com\QPHP\core\Action.class.php(21): UserAction->view()
#5 D:\phpstudy_pro\WWW\www.qphp.com\QPHP\QPHP.php(23): Action->call(Object(UserAction), 'view')
#6 D:\phpstudy_pro\WWW\www.qphp.com\index.php(71): QPHP->run()
#7 {main}
Code: 2002 Message: SQLSTATE[HY000] [2002] 在其上下文中，该请求的地址无效。

PDOException: SQLSTATE[HY000] [2002] 在其上下文中，该请求的地址无效。
 in D:\phpstudy_pro\WWW\www.qphp.com\QPHP\core\QDbMysql.class.php:17
Stack trace:
#0 D:\phpstudy_pro\WWW\www.qphp.com\QPHP\core\QDbMysql.class.php(17): PDO->__construct('mysql:host=127....', 'qphp', '123456')
#1 D:\phpstudy_pro\WWW\www.qphp.com\QPHP\core\QDbPdo.class.php(151): QDbMysql->connect()
#2 D:\phpstudy_pro\WWW\www.qphp.com\QPHP\core\Model.class.php(112): QDbPdo->getRow('select * from m...')
#3 D:\phpstudy_pro\WWW\www.qphp.com\application\admin\App\Action\User.action.php(31): Model->find('1')
#4 D:\phpstudy_pro\WWW\www.qphp.com\QPHP\core\Action.class.php(21): UserAction->view()
#5 D:\phpstudy_pro\WWW\www.qphp.com\QPHP\QPHP.php(23): Action->call(Object(UserAction), 'view')
#6 D:\phpstudy_pro\WWW\www.qphp.com\index.php(71): QPHP->run()
#7 {main}
Code: 2002 Message: SQLSTATE[HY000] [2002] 在其上下文中，该请求的地址无效。

PDOException: SQLSTATE[HY000] [2002] 在其上下文中，该请求的地址无效。
 in D:\phpstudy_pro\WWW\www.qphp.com\QPHP\core\QDbMysql.class.php:17
Stack trace:
#0 D:\phpstudy_pro\WWW\www.qphp.com\QPHP\core\QDbMysql.class.php(17): PDO->__construct('mysql:host=127....', 'qphp', '123456')
#1 D:\phpstudy_pro\WWW\www.qphp.com\QPHP\core\QDbPdo.class.php(151): QDbMysql->connect()
#2 D:\phpstudy_pro\WWW\www.qphp.com\QPHP\core\Model.class.php(112): QDbPdo->getRow('select * from m...')
#3 D:\phpstudy_pro\WWW\www.qphp.com\application\admin\App\Action\User.action.php(31): Model->find('1')
#4 D:\phpstudy_pro\WWW\www.qphp.com\QPHP\core\Action.class.php(21): UserAction->view()
#5 D:\phpstudy_pro\WWW\www.qphp.com\QPHP\QPHP.php(23): Action->call(Object(UserAction), 'view')
#6 D:\phpstudy_pro\WWW\www.qphp.com\index.php(71): QPHP->run()
#7 {main}
Code: 2002 Message: SQLSTATE[HY000] [2002] 在其上下文中，该请求的地址无效。

PDOException: SQLSTATE[HY000] [2002] 在其上下文中，该请求的地址无效。
 in D:\phpstudy_pro\WWW\www.qphp.com\QPHP\core\QDbMysql.class.php:17
Stack trace:
#0 D:\phpstudy_pro\WWW\www.qphp.com\QPHP\core\QDbMysql.class.php(17): PDO->__construct('mysql:host=127....', 'qphp', '123456')
#1 D:\phpstudy_pro\WWW\www.qphp.com\QPHP\core\QDbPdo.class.php(181): QDbMysql->connect()
#2 D:\phpstudy_pro\WWW\www.qphp.com\QPHP\core\Model.class.php(118): QDbPdo->getRows('select * from "...')
#3 D:\phpstudy_pro\WWW\www.qphp.com\application\admin\App\Action\User.action.php(14): Model->findAll()
#4 D:\phpstudy_pro\WWW\www.qphp.com\QPHP\core\Action.class.php(21): UserAction->index()
#5 D:\phpstudy_pro\WWW\www.qphp.com\QPHP\QPHP.php(23): Action->call(Object(UserAction), 'index')
#6 D:\phpstudy_pro\WWW\www.qphp.com\index.php(71): QPHP->run()
#7 {main}
Code: 2002 Message: SQLSTATE[HY000] [2002] 在其上下文中，该请求的地址无效。

PDOException: SQLSTATE[HY000] [2002] 在其上下文中，该请求的地址无效。
 in D:\phpstudy_pro\WWW\www.qphp.com\QPHP\core\QDbMysql.class.php:17
Stack trace:
#0 D:\phpstudy_pro\WWW\www.qphp.com\QPHP\core\QDbMysql.class.php(17): PDO->__construct('mysql:host=127....', 'qphp', '123456')
#1 D:\phpstudy_pro\WWW\www.qphp.com\QPHP\core\QDbPdo.class.php(181): QDbMysql->connect()
#2 D:\phpstudy_pro\WWW\www.qphp.com\QPHP\core\Model.class.php(118): QDbPdo->getRows('select * from "...')
#3 D:\phpstudy_pro\WWW\www.qphp.com\application\admin\App\Action\User.action.php(14): Model->findAll()
#4 D:\phpstudy_pro\WWW\www.qphp.com\QPHP\core\Action.class.php(21): UserAction->index()
#5 D:\phpstudy_pro\WWW\www.qphp.com\QPHP\QPHP.php(23): Action->call(Object(UserAction), 'index')
#6 D:\phpstudy_pro\WWW\www.qphp.com\index.php(71): QPHP->run()
#7 {main}
Code: 2002 Message: SQLSTATE[HY000] [2002] 在其上下文中，该请求的地址无效。

PDOException: SQLSTATE[HY000] [2002] 在其上下文中，该请求的地址无效。
 in D:\phpstudy_pro\WWW\www.qphp.com\QPHP\core\QDbMysql.class.php:17
Stack trace:
#0 D:\phpstudy_pro\WWW\www.qphp.com\QPHP\core\QDbMysql.class.php(17): PDO->__construct('mysql:host=127....', 'qphp', '123456')
#1 D:\phpstudy_pro\WWW\www.qphp.com\QPHP\core\QDbPdo.class.php(181): QDbMysql->connect()
#2 D:\phpstudy_pro\WWW\www.qphp.com\QPHP\core\Model.class.php(118): QDbPdo->getRows('select * from "...')
#3 D:\phpstudy_pro\WWW\www.qphp.com\application\admin\App\Action\User.action.php(14): Model->findAll()
#4 D:\phpstudy_pro\WWW\www.qphp.com\QPHP\core\Action.class.php(21): UserAction->index()
#5 D:\phpstudy_pro\WWW\www.qphp.com\QPHP\QPHP.php(23): Action->call(Object(UserAction), 'index')
#6 D:\phpstudy_pro\WWW\www.qphp.com\index.php(71): QPHP->run()
#7 {main}
Code: 2002 Message: SQLSTATE[HY000] [2002] 在其上下文中，该请求的地址无效。

PDOException: SQLSTATE[HY000] [2002] 在其上下文中，该请求的地址无效。
 in D:\phpstudy_pro\WWW\www.qphp.com\QPHP\core\QDbMysql.class.php:17
Stack trace:
#0 D:\phpstudy_pro\WWW\www.qphp.com\QPHP\core\QDbMysql.class.php(17): PDO->__construct('mysql:host=127....', 'qphp', '123456')
#1 D:\phpstudy_pro\WWW\www.qphp.com\QPHP\core\QDbPdo.class.php(181): QDbMysql->connect()
#2 D:\phpstudy_pro\WWW\www.qphp.com\QPHP\core\Model.class.php(118): QDbPdo->getRows('select * from "...')
#3 D:\phpstudy_pro\WWW\www.qphp.com\application\admin\App\Action\User.action.php(14): Model->findAll()
#4 D:\phpstudy_pro\WWW\www.qphp.com\QPHP\core\Action.class.php(21): UserAction->index()
#5 D:\phpstudy_pro\WWW\www.qphp.com\QPHP\QPHP.php(23): Action->call(Object(UserAction), 'index')
#6 D:\phpstudy_pro\WWW\www.qphp.com\index.php(71): QPHP->run()
#7 {main}
Code: 2002 Message: SQLSTATE[HY000] [2002] 在其上下文中，该请求的地址无效。

PDOException: SQLSTATE[HY000] [2002] 在其上下文中，该请求的地址无效。
 in D:\phpstudy_pro\WWW\www.qphp.com\QPHP\core\QDbMysql.class.php:17
Stack trace:
#0 D:\phpstudy_pro\WWW\www.qphp.com\QPHP\core\QDbMysql.class.php(17): PDO->__construct('mysql:host=127....', 'qphp', '123456')
#1 D:\phpstudy_pro\WWW\www.qphp.com\QPHP\core\QDbPdo.class.php(181): QDbMysql->connect()
#2 D:\phpstudy_pro\WWW\www.qphp.com\QPHP\core\Model.class.php(118): QDbPdo->getRows('select * from "...')
#3 D:\phpstudy_pro\WWW\www.qphp.com\application\admin\App\Action\User.action.php(14): Model->findAll()
#4 D:\phpstudy_pro\WWW\www.qphp.com\QPHP\core\Action.class.php(21): UserAction->index()
#5 D:\phpstudy_pro\WWW\www.qphp.com\QPHP\QPHP.php(23): Action->call(Object(UserAction), 'index')
#6 D:\phpstudy_pro\WWW\www.qphp.com\index.php(71): QPHP->run()
#7 {main}
Code: 2002 Message: SQLSTATE[HY000] [2002] 在其上下文中，该请求的地址无效。

PDOException: SQLSTATE[HY000] [2002] 在其上下文中，该请求的地址无效。
 in D:\phpstudy_pro\WWW\www.qphp.com\QPHP\core\QDbMysql.class.php:17
Stack trace:
#0 D:\phpstudy_pro\WWW\www.qphp.com\QPHP\core\QDbMysql.class.php(17): PDO->__construct('mysql:host=127....', 'qphp', '123456')
#1 D:\phpstudy_pro\WWW\www.qphp.com\QPHP\core\QDbPdo.class.php(181): QDbMysql->connect()
#2 D:\phpstudy_pro\WWW\www.qphp.com\QPHP\core\Model.class.php(118): QDbPdo->getRows('select * from "...')
#3 D:\phpstudy_pro\WWW\www.qphp.com\application\admin\App\Action\User.action.php(14): Model->findAll()
#4 D:\phpstudy_pro\WWW\www.qphp.com\QPHP\core\Action.class.php(21): UserAction->index()
#5 D:\phpstudy_pro\WWW\www.qphp.com\QPHP\QPHP.php(23): Action->call(Object(UserAction), 'index')
#6 D:\phpstudy_pro\WWW\www.qphp.com\index.php(71): QPHP->run()
#7 {main}
Code: 2002 Message: SQLSTATE[HY000] [2002] 在其上下文中，该请求的地址无效。

PDOException: SQLSTATE[HY000] [2002] 在其上下文中，该请求的地址无效。
 in D:\phpstudy_pro\WWW\www.qphp.com\QPHP\core\QDbMysql.class.php:17
Stack trace:
#0 D:\phpstudy_pro\WWW\www.qphp.com\QPHP\core\QDbMysql.class.php(17): PDO->__construct('mysql:host=127....', 'qphp', '123456')
#1 D:\phpstudy_pro\WWW\www.qphp.com\QPHP\core\QDbPdo.class.php(181): QDbMysql->connect()
#2 D:\phpstudy_pro\WWW\www.qphp.com\QPHP\core\Model.class.php(118): QDbPdo->getRows('select * from "...')
#3 D:\phpstudy_pro\WWW\www.qphp.com\application\admin\App\Action\User.action.php(14): Model->findAll()
#4 D:\phpstudy_pro\WWW\www.qphp.com\QPHP\core\Action.class.php(21): UserAction->index()
#5 D:\phpstudy_pro\WWW\www.qphp.com\QPHP\QPHP.php(23): Action->call(Object(UserAction), 'index')
#6 D:\phpstudy_pro\WWW\www.qphp.com\index.php(71): QPHP->run()
#7 {main}
Code: 2002 Message: SQLSTATE[HY000] [2002] 在其上下文中，该请求的地址无效。

PDOException: SQLSTATE[HY000] [2002] 在其上下文中，该请求的地址无效。
 in D:\phpstudy_pro\WWW\www.qphp.com\QPHP\core\QDbMysql.class.php:17
Stack trace:
#0 D:\phpstudy_pro\WWW\www.qphp.com\QPHP\core\QDbMysql.class.php(17): PDO->__construct('mysql:host=127....', 'qphp', '123456')
#1 D:\phpstudy_pro\WWW\www.qphp.com\QPHP\core\QDbPdo.class.php(181): QDbMysql->connect()
#2 D:\phpstudy_pro\WWW\www.qphp.com\QPHP\core\Model.class.php(118): QDbPdo->getRows('select * from "...')
#3 D:\phpstudy_pro\WWW\www.qphp.com\application\admin\App\Action\User.action.php(14): Model->findAll()
#4 D:\phpstudy_pro\WWW\www.qphp.com\QPHP\core\Action.class.php(21): UserAction->index()
#5 D:\phpstudy_pro\WWW\www.qphp.com\QPHP\QPHP.php(23): Action->call(Object(UserAction), 'index')
#6 D:\phpstudy_pro\WWW\www.qphp.com\index.php(71): QPHP->run()
#7 {main}
Code: 2002 Message: SQLSTATE[HY000] [2002] 在其上下文中，该请求的地址无效。

PDOException: SQLSTATE[HY000] [2002] 在其上下文中，该请求的地址无效。
 in D:\phpstudy_pro\WWW\www.qphp.com\QPHP\core\QDbMysql.class.php:17
Stack trace:
#0 D:\phpstudy_pro\WWW\www.qphp.com\QPHP\core\QDbMysql.class.php(17): PDO->__construct('mysql:host=127....', 'qphp', '123456')
#1 D:\phpstudy_pro\WWW\www.qphp.com\QPHP\core\QDbPdo.class.php(181): QDbMysql->connect()
#2 D:\phpstudy_pro\WWW\www.qphp.com\QPHP\core\Model.class.php(118): QDbPdo->getRows('select * from "...')
#3 D:\phpstudy_pro\WWW\www.qphp.com\application\admin\App\Action\User.action.php(14): Model->findAll()
#4 D:\phpstudy_pro\WWW\www.qphp.com\QPHP\core\Action.class.php(21): UserAction->index()
#5 D:\phpstudy_pro\WWW\www.qphp.com\QPHP\QPHP.php(23): Action->call(Object(UserAction), 'index')
#6 D:\phpstudy_pro\WWW\www.qphp.com\index.php(71): QPHP->run()
#7 {main}
Code: 2002 Message: SQLSTATE[HY000] [2002] 在其上下文中，该请求的地址无效。

PDOException: SQLSTATE[HY000] [2002] 在其上下文中，该请求的地址无效。
 in D:\phpstudy_pro\WWW\www.qphp.com\QPHP\core\QDbMysql.class.php:17
Stack trace:
#0 D:\phpstudy_pro\WWW\www.qphp.com\QPHP\core\QDbMysql.class.php(17): PDO->__construct('mysql:host=127....', 'qphp', '123456')
#1 D:\phpstudy_pro\WWW\www.qphp.com\QPHP\core\QDbPdo.class.php(181): QDbMysql->connect()
#2 D:\phpstudy_pro\WWW\www.qphp.com\QPHP\core\Model.class.php(118): QDbPdo->getRows('select * from "...')
#3 D:\phpstudy_pro\WWW\www.qphp.com\application\admin\App\Action\User.action.php(14): Model->findAll()
#4 D:\phpstudy_pro\WWW\www.qphp.com\QPHP\core\Action.class.php(21): UserAction->index()
#5 D:\phpstudy_pro\WWW\www.qphp.com\QPHP\QPHP.php(23): Action->call(Object(UserAction), 'index')
#6 D:\phpstudy_pro\WWW\www.qphp.com\index.php(71): QPHP->run()
#7 {main}
Code: 2002 Message: SQLSTATE[HY000] [2002] 在其上下文中，该请求的地址无效。

PDOException: SQLSTATE[HY000] [2002] 在其上下文中，该请求的地址无效。
 in D:\phpstudy_pro\WWW\www.qphp.com\QPHP\core\QDbMysql.class.php:17
Stack trace:
#0 D:\phpstudy_pro\WWW\www.qphp.com\QPHP\core\QDbMysql.class.php(17): PDO->__construct('mysql:host=127....', 'qphp', '123456')
#1 D:\phpstudy_pro\WWW\www.qphp.com\QPHP\core\QDbPdo.class.php(181): QDbMysql->connect()
#2 D:\phpstudy_pro\WWW\www.qphp.com\QPHP\core\Model.class.php(118): QDbPdo->getRows('select * from "...')
#3 D:\phpstudy_pro\WWW\www.qphp.com\application\admin\App\Action\User.action.php(14): Model->findAll()
#4 D:\phpstudy_pro\WWW\www.qphp.com\QPHP\core\Action.class.php(21): UserAction->index()
#5 D:\phpstudy_pro\WWW\www.qphp.com\QPHP\QPHP.php(23): Action->call(Object(UserAction), 'index')
#6 D:\phpstudy_pro\WWW\www.qphp.com\index.php(71): QPHP->run()
#7 {main}
Code: 2002 Message: SQLSTATE[HY000] [2002] 在其上下文中，该请求的地址无效。

PDOException: SQLSTATE[HY000] [2002] 在其上下文中，该请求的地址无效。
 in D:\phpstudy_pro\WWW\www.qphp.com\QPHP\core\QDbMysql.class.php:17
Stack trace:
#0 D:\phpstudy_pro\WWW\www.qphp.com\QPHP\core\QDbMysql.class.php(17): PDO->__construct('mysql:host=127....', 'qphp', '123456')
#1 D:\phpstudy_pro\WWW\www.qphp.com\QPHP\core\QDbPdo.class.php(181): QDbMysql->connect()
#2 D:\phpstudy_pro\WWW\www.qphp.com\QPHP\core\Model.class.php(118): QDbPdo->getRows('select * from "...')
#3 D:\phpstudy_pro\WWW\www.qphp.com\application\admin\App\Action\User.action.php(14): Model->findAll()
#4 D:\phpstudy_pro\WWW\www.qphp.com\QPHP\core\Action.class.php(21): UserAction->index()
#5 D:\phpstudy_pro\WWW\www.qphp.com\QPHP\QPHP.php(23): Action->call(Object(UserAction), 'index')
#6 D:\phpstudy_pro\WWW\www.qphp.com\index.php(71): QPHP->run()
#7 {main}
Code: 2002 Message: SQLSTATE[HY000] [2002] 在其上下文中，该请求的地址无效。

PDOException: SQLSTATE[HY000] [2002] 在其上下文中，该请求的地址无效。
 in D:\phpstudy_pro\WWW\www.qphp.com\QPHP\core\QDbMysql.class.php:17
Stack trace:
#0 D:\phpstudy_pro\WWW\www.qphp.com\QPHP\core\QDbMysql.class.php(17): PDO->__construct('mysql:host=127....', 'qphp', '123456')
#1 D:\phpstudy_pro\WWW\www.qphp.com\QPHP\core\QDbPdo.class.php(181): QDbMysql->connect()
#2 D:\phpstudy_pro\WWW\www.qphp.com\QPHP\core\Model.class.php(118): QDbPdo->getRows('select * from "...')
#3 D:\phpstudy_pro\WWW\www.qphp.com\application\admin\App\Action\User.action.php(14): Model->findAll()
#4 D:\phpstudy_pro\WWW\www.qphp.com\QPHP\core\Action.class.php(21): UserAction->index()
#5 D:\phpstudy_pro\WWW\www.qphp.com\QPHP\QPHP.php(23): Action->call(Object(UserAction), 'index')
#6 D:\phpstudy_pro\WWW\www.qphp.com\index.php(71): QPHP->run()
#7 {main}
Code: 2002 Message: SQLSTATE[HY000] [2002] 在其上下文中，该请求的地址无效。

PDOException: SQLSTATE[HY000] [2002] 在其上下文中，该请求的地址无效。
 in D:\phpstudy_pro\WWW\www.qphp.com\QPHP\core\QDbMysql.class.php:17
Stack trace:
#0 D:\phpstudy_pro\WWW\www.qphp.com\QPHP\core\QDbMysql.class.php(17): PDO->__construct('mysql:host=127....', 'qphp', '123456')
#1 D:\phpstudy_pro\WWW\www.qphp.com\QPHP\core\QDbPdo.class.php(181): QDbMysql->connect()
#2 D:\phpstudy_pro\WWW\www.qphp.com\QPHP\core\Model.class.php(118): QDbPdo->getRows('select * from "...')
#3 D:\phpstudy_pro\WWW\www.qphp.com\application\admin\App\Action\User.action.php(14): Model->findAll()
#4 D:\phpstudy_pro\WWW\www.qphp.com\QPHP\core\Action.class.php(21): UserAction->index()
#5 D:\phpstudy_pro\WWW\www.qphp.com\QPHP\QPHP.php(23): Action->call(Object(UserAction), 'index')
#6 D:\phpstudy_pro\WWW\www.qphp.com\index.php(71): QPHP->run()
#7 {main}
Code: 2002 Message: SQLSTATE[HY000] [2002] 在其上下文中，该请求的地址无效。

PDOException: SQLSTATE[HY000] [2002] 在其上下文中，该请求的地址无效。
 in D:\phpstudy_pro\WWW\www.qphp.com\QPHP\core\QDbMysql.class.php:17
Stack trace:
#0 D:\phpstudy_pro\WWW\www.qphp.com\QPHP\core\QDbMysql.class.php(17): PDO->__construct('mysql:host=127....', 'qphp', '123456')
#1 D:\phpstudy_pro\WWW\www.qphp.com\QPHP\core\QDbPdo.class.php(181): QDbMysql->connect()
#2 D:\phpstudy_pro\WWW\www.qphp.com\QPHP\core\Model.class.php(118): QDbPdo->getRows('select * from "...')
#3 D:\phpstudy_pro\WWW\www.qphp.com\application\admin\App\Action\User.action.php(14): Model->findAll()
#4 D:\phpstudy_pro\WWW\www.qphp.com\QPHP\core\Action.class.php(21): UserAction->index()
#5 D:\phpstudy_pro\WWW\www.qphp.com\QPHP\QPHP.php(23): Action->call(Object(UserAction), 'index')
#6 D:\phpstudy_pro\WWW\www.qphp.com\index.php(71): QPHP->run()
#7 {main}
Code: 2002 Message: SQLSTATE[HY000] [2002] 在其上下文中，该请求的地址无效。

PDOException: SQLSTATE[HY000] [2002] 在其上下文中，该请求的地址无效。
 in D:\phpstudy_pro\WWW\www.qphp.com\QPHP\core\QDbMysql.class.php:17
Stack trace:
#0 D:\phpstudy_pro\WWW\www.qphp.com\QPHP\core\QDbMysql.class.php(17): PDO->__construct('mysql:host=127....', 'qphp', '123456')
#1 D:\phpstudy_pro\WWW\www.qphp.com\QPHP\core\QDbPdo.class.php(181): QDbMysql->connect()
#2 D:\phpstudy_pro\WWW\www.qphp.com\QPHP\core\Model.class.php(118): QDbPdo->getRows('select * from "...')
#3 D:\phpstudy_pro\WWW\www.qphp.com\application\admin\App\Action\User.action.php(14): Model->findAll()
#4 D:\phpstudy_pro\WWW\www.qphp.com\QPHP\core\Action.class.php(21): UserAction->index()
#5 D:\phpstudy_pro\WWW\www.qphp.com\QPHP\QPHP.php(23): Action->call(Object(UserAction), 'index')
#6 D:\phpstudy_pro\WWW\www.qphp.com\index.php(71): QPHP->run()
#7 {main}
Code: 2002 Message: SQLSTATE[HY000] [2002] 在其上下文中，该请求的地址无效。

PDOException: SQLSTATE[HY000] [2002] 在其上下文中，该请求的地址无效。
 in D:\phpstudy_pro\WWW\www.qphp.com\QPHP\core\QDbMysql.class.php:17
Stack trace:
#0 D:\phpstudy_pro\WWW\www.qphp.com\QPHP\core\QDbMysql.class.php(17): PDO->__construct('mysql:host=127....', 'qphp', '123456')
#1 D:\phpstudy_pro\WWW\www.qphp.com\QPHP\core\QDbPdo.class.php(181): QDbMysql->connect()
#2 D:\phpstudy_pro\WWW\www.qphp.com\QPHP\core\Model.class.php(118): QDbPdo->getRows('select * from "...')
#3 D:\phpstudy_pro\WWW\www.qphp.com\application\admin\App\Action\User.action.php(14): Model->findAll()
#4 D:\phpstudy_pro\WWW\www.qphp.com\QPHP\core\Action.class.php(21): UserAction->index()
#5 D:\phpstudy_pro\WWW\www.qphp.com\QPHP\QPHP.php(23): Action->call(Object(UserAction), 'index')
#6 D:\phpstudy_pro\WWW\www.qphp.com\index.php(71): QPHP->run()
#7 {main}
Code: 2002 Message: SQLSTATE[HY000] [2002] 在其上下文中，该请求的地址无效。

PDOException: SQLSTATE[HY000] [2002] 在其上下文中，该请求的地址无效。
 in D:\phpstudy_pro\WWW\www.qphp.com\QPHP\core\QDbMysql.class.php:17
Stack trace:
#0 D:\phpstudy_pro\WWW\www.qphp.com\QPHP\core\QDbMysql.class.php(17): PDO->__construct('mysql:host=127....', 'qphp', '123456')
#1 D:\phpstudy_pro\WWW\www.qphp.com\QPHP\core\QDbPdo.class.php(181): QDbMysql->connect()
#2 D:\phpstudy_pro\WWW\www.qphp.com\QPHP\core\Model.class.php(118): QDbPdo->getRows('select * from "...')
#3 D:\phpstudy_pro\WWW\www.qphp.com\application\admin\App\Action\User.action.php(14): Model->findAll()
#4 D:\phpstudy_pro\WWW\www.qphp.com\QPHP\core\Action.class.php(21): UserAction->index()
#5 D:\phpstudy_pro\WWW\www.qphp.com\QPHP\QPHP.php(23): Action->call(Object(UserAction), 'index')
#6 D:\phpstudy_pro\WWW\www.qphp.com\index.php(71): QPHP->run()
#7 {main}
Code: 2002 Message: SQLSTATE[HY000] [2002] 在其上下文中，该请求的地址无效。

PDOException: SQLSTATE[HY000] [2002] 在其上下文中，该请求的地址无效。
 in D:\phpstudy_pro\WWW\www.qphp.com\QPHP\core\QDbMysql.class.php:17
Stack trace:
#0 D:\phpstudy_pro\WWW\www.qphp.com\QPHP\core\QDbMysql.class.php(17): PDO->__construct('mysql:host=127....', 'qphp', '123456')
#1 D:\phpstudy_pro\WWW\www.qphp.com\QPHP\core\QDbPdo.class.php(181): QDbMysql->connect()
#2 D:\phpstudy_pro\WWW\www.qphp.com\QPHP\core\Model.class.php(118): QDbPdo->getRows('select * from "...')
#3 D:\phpstudy_pro\WWW\www.qphp.com\application\admin\App\Action\User.action.php(14): Model->findAll()
#4 D:\phpstudy_pro\WWW\www.qphp.com\QPHP\core\Action.class.php(21): UserAction->index()
#5 D:\phpstudy_pro\WWW\www.qphp.com\QPHP\QPHP.php(23): Action->call(Object(UserAction), 'index')
#6 D:\phpstudy_pro\WWW\www.qphp.com\index.php(71): QPHP->run()
#7 {main}
Code: 2002 Message: SQLSTATE[HY000] [2002] 在其上下文中，该请求的地址无效。

PDOException: SQLSTATE[HY000] [2002] 在其上下文中，该请求的地址无效。
 in D:\phpstudy_pro\WWW\www.qphp.com\QPHP\core\QDbMysql.class.php:17
Stack trace:
#0 D:\phpstudy_pro\WWW\www.qphp.com\QPHP\core\QDbMysql.class.php(17): PDO->__construct('mysql:host=127....', 'qphp', '123456')
#1 D:\phpstudy_pro\WWW\www.qphp.com\QPHP\core\QDbPdo.class.php(181): QDbMysql->connect()
#2 D:\phpstudy_pro\WWW\www.qphp.com\QPHP\core\Model.class.php(118): QDbPdo->getRows('select * from "...')
#3 D:\phpstudy_pro\WWW\www.qphp.com\application\admin\App\Action\User.action.php(14): Model->findAll()
#4 D:\phpstudy_pro\WWW\www.qphp.com\QPHP\core\Action.class.php(21): UserAction->index()
#5 D:\phpstudy_pro\WWW\www.qphp.com\QPHP\QPHP.php(23): Action->call(Object(UserAction), 'index')
#6 D:\phpstudy_pro\WWW\www.qphp.com\index.php(71): QPHP->run()
#7 {main}
Code: 2002 Message: SQLSTATE[HY000] [2002] 在其上下文中，该请求的地址无效。

PDOException: SQLSTATE[HY000] [2002] 在其上下文中，该请求的地址无效。
 in D:\phpstudy_pro\WWW\www.qphp.com\QPHP\core\QDbMysql.class.php:17
Stack trace:
#0 D:\phpstudy_pro\WWW\www.qphp.com\QPHP\core\QDbMysql.class.php(17): PDO->__construct('mysql:host=127....', 'qphp', '123456')
#1 D:\phpstudy_pro\WWW\www.qphp.com\QPHP\core\QDbPdo.class.php(181): QDbMysql->connect()
#2 D:\phpstudy_pro\WWW\www.qphp.com\QPHP\core\Model.class.php(118): QDbPdo->getRows('select * from "...')
#3 D:\phpstudy_pro\WWW\www.qphp.com\application\admin\App\Action\User.action.php(14): Model->findAll()
#4 D:\phpstudy_pro\WWW\www.qphp.com\QPHP\core\Action.class.php(21): UserAction->index()
#5 D:\phpstudy_pro\WWW\www.qphp.com\QPHP\QPHP.php(23): Action->call(Object(UserAction), 'index')
#6 D:\phpstudy_pro\WWW\www.qphp.com\index.php(71): QPHP->run()
#7 {main}
Code: 2002 Message: SQLSTATE[HY000] [2002] 在其上下文中，该请求的地址无效。

PDOException: SQLSTATE[HY000] [2002] 在其上下文中，该请求的地址无效。
 in D:\phpstudy_pro\WWW\www.qphp.com\QPHP\core\QDbMysql.class.php:17
Stack trace:
#0 D:\phpstudy_pro\WWW\www.qphp.com\QPHP\core\QDbMysql.class.php(17): PDO->__construct('mysql:host=127....', 'qphp', '123456')
#1 D:\phpstudy_pro\WWW\www.qphp.com\QPHP\core\QDbPdo.class.php(181): QDbMysql->connect()
#2 D:\phpstudy_pro\WWW\www.qphp.com\QPHP\core\Model.class.php(118): QDbPdo->getRows('select * from "...')
#3 D:\phpstudy_pro\WWW\www.qphp.com\application\admin\App\Action\User.action.php(14): Model->findAll()
#4 D:\phpstudy_pro\WWW\www.qphp.com\QPHP\core\Action.class.php(21): UserAction->index()
#5 D:\phpstudy_pro\WWW\www.qphp.com\QPHP\QPHP.php(23): Action->call(Object(UserAction), 'index')
#6 D:\phpstudy_pro\WWW\www.qphp.com\index.php(71): QPHP->run()
#7 {main}
Code: 2002 Message: SQLSTATE[HY000] [2002] 在其上下文中，该请求的地址无效。

PDOException: SQLSTATE[HY000] [2002] 在其上下文中，该请求的地址无效。
 in D:\phpstudy_pro\WWW\www.qphp.com\QPHP\core\QDbMysql.class.php:17
Stack trace:
#0 D:\phpstudy_pro\WWW\www.qphp.com\QPHP\core\QDbMysql.class.php(17): PDO->__construct('mysql:host=127....', 'qphp', '123456')
#1 D:\phpstudy_pro\WWW\www.qphp.com\QPHP\core\QDbPdo.class.php(181): QDbMysql->connect()
#2 D:\phpstudy_pro\WWW\www.qphp.com\QPHP\core\Model.class.php(118): QDbPdo->getRows('select * from "...')
#3 D:\phpstudy_pro\WWW\www.qphp.com\application\admin\App\Action\User.action.php(14): Model->findAll()
#4 D:\phpstudy_pro\WWW\www.qphp.com\QPHP\core\Action.class.php(21): UserAction->index()
#5 D:\phpstudy_pro\WWW\www.qphp.com\QPHP\QPHP.php(23): Action->call(Object(UserAction), 'index')
#6 D:\phpstudy_pro\WWW\www.qphp.com\index.php(71): QPHP->run()
#7 {main}
Code: 2002 Message: SQLSTATE[HY000] [2002] 在其上下文中，该请求的地址无效。

PDOException: SQLSTATE[HY000] [2002] 在其上下文中，该请求的地址无效。
 in D:\phpstudy_pro\WWW\www.qphp.com\QPHP\core\QDbMysql.class.php:17
Stack trace:
#0 D:\phpstudy_pro\WWW\www.qphp.com\QPHP\core\QDbMysql.class.php(17): PDO->__construct('mysql:host=127....', 'qphp', '123456')
#1 D:\phpstudy_pro\WWW\www.qphp.com\QPHP\core\QDbPdo.class.php(181): QDbMysql->connect()
#2 D:\phpstudy_pro\WWW\www.qphp.com\QPHP\core\Model.class.php(118): QDbPdo->getRows('select * from "...')
#3 D:\phpstudy_pro\WWW\www.qphp.com\application\admin\App\Action\User.action.php(14): Model->findAll()
#4 D:\phpstudy_pro\WWW\www.qphp.com\QPHP\core\Action.class.php(21): UserAction->index()
#5 D:\phpstudy_pro\WWW\www.qphp.com\QPHP\QPHP.php(23): Action->call(Object(UserAction), 'index')
#6 D:\phpstudy_pro\WWW\www.qphp.com\index.php(71): QPHP->run()
#7 {main}
Code: 2002 Message: SQLSTATE[HY000] [2002] 在其上下文中，该请求的地址无效。

PDOException: SQLSTATE[HY000] [2002] 在其上下文中，该请求的地址无效。
 in D:\phpstudy_pro\WWW\www.qphp.com\QPHP\core\QDbMysql.class.php:17
Stack trace:
#0 D:\phpstudy_pro\WWW\www.qphp.com\QPHP\core\QDbMysql.class.php(17): PDO->__construct('mysql:host=127....', 'qphp', '123456')
#1 D:\phpstudy_pro\WWW\www.qphp.com\QPHP\core\QDbPdo.class.php(181): QDbMysql->connect()
#2 D:\phpstudy_pro\WWW\www.qphp.com\QPHP\core\Model.class.php(118): QDbPdo->getRows('select * from "...')
#3 D:\phpstudy_pro\WWW\www.qphp.com\application\admin\App\Action\User.action.php(14): Model->findAll()
#4 D:\phpstudy_pro\WWW\www.qphp.com\QPHP\core\Action.class.php(21): UserAction->index()
#5 D:\phpstudy_pro\WWW\www.qphp.com\QPHP\QPHP.php(23): Action->call(Object(UserAction), 'index')
#6 D:\phpstudy_pro\WWW\www.qphp.com\index.php(71): QPHP->run()
#7 {main}
Code: 2002 Message: SQLSTATE[HY000] [2002] 在其上下文中，该请求的地址无效。

PDOException: SQLSTATE[HY000] [2002] 在其上下文中，该请求的地址无效。
 in D:\phpstudy_pro\WWW\www.qphp.com\QPHP\core\QDbMysql.class.php:17
Stack trace:
#0 D:\phpstudy_pro\WWW\www.qphp.com\QPHP\core\QDbMysql.class.php(17): PDO->__construct('mysql:host=127....', 'qphp', '123456')
#1 D:\phpstudy_pro\WWW\www.qphp.com\QPHP\core\QDbPdo.class.php(181): QDbMysql->connect()
#2 D:\phpstudy_pro\WWW\www.qphp.com\QPHP\core\Model.class.php(118): QDbPdo->getRows('select * from "...')
#3 D:\phpstudy_pro\WWW\www.qphp.com\application\admin\App\Action\User.action.php(14): Model->findAll()
#4 D:\phpstudy_pro\WWW\www.qphp.com\QPHP\core\Action.class.php(21): UserAction->index()
#5 D:\phpstudy_pro\WWW\www.qphp.com\QPHP\QPHP.php(23): Action->call(Object(UserAction), 'index')
#6 D:\phpstudy_pro\WWW\www.qphp.com\index.php(71): QPHP->run()
#7 {main}
Code: 2002 Message: SQLSTATE[HY000] [2002] 在其上下文中，该请求的地址无效。

PDOException: SQLSTATE[HY000] [2002] 在其上下文中，该请求的地址无效。
 in D:\phpstudy_pro\WWW\www.qphp.com\QPHP\core\QDbMysql.class.php:17
Stack trace:
#0 D:\phpstudy_pro\WWW\www.qphp.com\QPHP\core\QDbMysql.class.php(17): PDO->__construct('mysql:host=127....', 'qphp', '123456')
#1 D:\phpstudy_pro\WWW\www.qphp.com\QPHP\core\QDbPdo.class.php(181): QDbMysql->connect()
#2 D:\phpstudy_pro\WWW\www.qphp.com\QPHP\core\Model.class.php(118): QDbPdo->getRows('select * from "...')
#3 D:\phpstudy_pro\WWW\www.qphp.com\application\admin\App\Action\User.action.php(14): Model->findAll()
#4 D:\phpstudy_pro\WWW\www.qphp.com\QPHP\core\Action.class.php(21): UserAction->index()
#5 D:\phpstudy_pro\WWW\www.qphp.com\QPHP\QPHP.php(23): Action->call(Object(UserAction), 'index')
#6 D:\phpstudy_pro\WWW\www.qphp.com\index.php(71): QPHP->run()
#7 {main}
Code: 2002 Message: SQLSTATE[HY000] [2002] 在其上下文中，该请求的地址无效。

PDOException: SQLSTATE[HY000] [2002] 在其上下文中，该请求的地址无效。
 in D:\phpstudy_pro\WWW\www.qphp.com\QPHP\core\QDbMysql.class.php:17
Stack trace:
#0 D:\phpstudy_pro\WWW\www.qphp.com\QPHP\core\QDbMysql.class.php(17): PDO->__construct('mysql:host=127....', 'qphp', '123456')
#1 D:\phpstudy_pro\WWW\www.qphp.com\QPHP\core\QDbPdo.class.php(181): QDbMysql->connect()
#2 D:\phpstudy_pro\WWW\www.qphp.com\QPHP\core\Model.class.php(118): QDbPdo->getRows('select * from "...')
#3 D:\phpstudy_pro\WWW\www.qphp.com\application\admin\App\Action\User.action.php(14): Model->findAll()
#4 D:\phpstudy_pro\WWW\www.qphp.com\QPHP\core\Action.class.php(21): UserAction->index()
#5 D:\phpstudy_pro\WWW\www.qphp.com\QPHP\QPHP.php(23): Action->call(Object(UserAction), 'index')
#6 D:\phpstudy_pro\WWW\www.qphp.com\index.php(71): QPHP->run()
#7 {main}
Code: 2002 Message: SQLSTATE[HY000] [2002] 在其上下文中，该请求的地址无效。

PDOException: SQLSTATE[HY000] [2002] 在其上下文中，该请求的地址无效。
 in D:\phpstudy_pro\WWW\www.qphp.com\QPHP\core\QDbMysql.class.php:17
Stack trace:
#0 D:\phpstudy_pro\WWW\www.qphp.com\QPHP\core\QDbMysql.class.php(17): PDO->__construct('mysql:host=127....', 'qphp', '123456')
#1 D:\phpstudy_pro\WWW\www.qphp.com\QPHP\core\QDbPdo.class.php(181): QDbMysql->connect()
#2 D:\phpstudy_pro\WWW\www.qphp.com\QPHP\core\Model.class.php(118): QDbPdo->getRows('select * from "...')
#3 D:\phpstudy_pro\WWW\www.qphp.com\application\admin\App\Action\User.action.php(14): Model->findAll()
#4 D:\phpstudy_pro\WWW\www.qphp.com\QPHP\core\Action.class.php(21): UserAction->index()
#5 D:\phpstudy_pro\WWW\www.qphp.com\QPHP\QPHP.php(23): Action->call(Object(UserAction), 'index')
#6 D:\phpstudy_pro\WWW\www.qphp.com\index.php(71): QPHP->run()
#7 {main}
Code: 2002 Message: SQLSTATE[HY000] [2002] 在其上下文中，该请求的地址无效。

PDOException: SQLSTATE[HY000] [2002] 在其上下文中，该请求的地址无效。
 in D:\phpstudy_pro\WWW\www.qphp.com\QPHP\core\QDbMysql.class.php:17
Stack trace:
#0 D:\phpstudy_pro\WWW\www.qphp.com\QPHP\core\QDbMysql.class.php(17): PDO->__construct('mysql:host=127....', 'qphp', '123456')
#1 D:\phpstudy_pro\WWW\www.qphp.com\QPHP\core\QDbPdo.class.php(181): QDbMysql->connect()
#2 D:\phpstudy_pro\WWW\www.qphp.com\QPHP\core\Model.class.php(118): QDbPdo->getRows('select * from "...')
#3 D:\phpstudy_pro\WWW\www.qphp.com\application\admin\App\Action\User.action.php(14): Model->findAll()
#4 D:\phpstudy_pro\WWW\www.qphp.com\QPHP\core\Action.class.php(21): UserAction->index()
#5 D:\phpstudy_pro\WWW\www.qphp.com\QPHP\QPHP.php(23): Action->call(Object(UserAction), 'index')
#6 D:\phpstudy_pro\WWW\www.qphp.com\index.php(71): QPHP->run()
#7 {main}
Code: 2002 Message: SQLSTATE[HY000] [2002] 在其上下文中，该请求的地址无效。

PDOException: SQLSTATE[HY000] [2002] 在其上下文中，该请求的地址无效。
 in D:\phpstudy_pro\WWW\www.qphp.com\QPHP\core\QDbMysql.class.php:17
Stack trace:
#0 D:\phpstudy_pro\WWW\www.qphp.com\QPHP\core\QDbMysql.class.php(17): PDO->__construct('mysql:host=127....', 'qphp', '123456')
#1 D:\phpstudy_pro\WWW\www.qphp.com\QPHP\core\QDbPdo.class.php(181): QDbMysql->connect()
#2 D:\phpstudy_pro\WWW\www.qphp.com\QPHP\core\Model.class.php(118): QDbPdo->getRows('select * from "...')
#3 D:\phpstudy_pro\WWW\www.qphp.com\application\admin\App\Action\User.action.php(14): Model->findAll()
#4 D:\phpstudy_pro\WWW\www.qphp.com\QPHP\core\Action.class.php(21): UserAction->index()
#5 D:\phpstudy_pro\WWW\www.qphp.com\QPHP\QPHP.php(23): Action->call(Object(UserAction), 'index')
#6 D:\phpstudy_pro\WWW\www.qphp.com\index.php(71): QPHP->run()
#7 {main}
Code: 2002 Message: SQLSTATE[HY000] [2002] 在其上下文中，该请求的地址无效。

PDOException: SQLSTATE[HY000] [2002] 在其上下文中，该请求的地址无效。
 in D:\phpstudy_pro\WWW\www.qphp.com\QPHP\core\QDbMysql.class.php:17
Stack trace:
#0 D:\phpstudy_pro\WWW\www.qphp.com\QPHP\core\QDbMysql.class.php(17): PDO->__construct('mysql:host=127....', 'qphp', '123456')
#1 D:\phpstudy_pro\WWW\www.qphp.com\QPHP\core\QDbPdo.class.php(181): QDbMysql->connect()
#2 D:\phpstudy_pro\WWW\www.qphp.com\QPHP\core\Model.class.php(118): QDbPdo->getRows('select * from "...')
#3 D:\phpstudy_pro\WWW\www.qphp.com\application\admin\App\Action\User.action.php(14): Model->findAll()
#4 D:\phpstudy_pro\WWW\www.qphp.com\QPHP\core\Action.class.php(21): UserAction->index()
#5 D:\phpstudy_pro\WWW\www.qphp.com\QPHP\QPHP.php(23): Action->call(Object(UserAction), 'index')
#6 D:\phpstudy_pro\WWW\www.qphp.com\index.php(71): QPHP->run()
#7 {main}
Code: 2002 Message: SQLSTATE[HY000] [2002] 在其上下文中，该请求的地址无效。

PDOException: SQLSTATE[HY000] [2002] 在其上下文中，该请求的地址无效。
 in D:\phpstudy_pro\WWW\www.qphp.com\QPHP\core\QDbMysql.class.php:17
Stack trace:
#0 D:\phpstudy_pro\WWW\www.qphp.com\QPHP\core\QDbMysql.class.php(17): PDO->__construct('mysql:host=127....', 'qphp', '123456')
#1 D:\phpstudy_pro\WWW\www.qphp.com\QPHP\core\QDbPdo.class.php(181): QDbMysql->connect()
#2 D:\phpstudy_pro\WWW\www.qphp.com\QPHP\core\Model.class.php(118): QDbPdo->getRows('select * from "...')
#3 D:\phpstudy_pro\WWW\www.qphp.com\application\admin\App\Action\User.action.php(14): Model->findAll()
#4 D:\phpstudy_pro\WWW\www.qphp.com\QPHP\core\Action.class.php(21): UserAction->index()
#5 D:\phpstudy_pro\WWW\www.qphp.com\QPHP\QPHP.php(23): Action->call(Object(UserAction), 'index')
#6 D:\phpstudy_pro\WWW\www.qphp.com\index.php(71): QPHP->run()
#7 {main}
Code: 2002 Message: SQLSTATE[HY000] [2002] 在其上下文中，该请求的地址无效。

PDOException: SQLSTATE[HY000] [2002] 在其上下文中，该请求的地址无效。
 in D:\phpstudy_pro\WWW\www.qphp.com\QPHP\core\QDbMysql.class.php:17
Stack trace:
#0 D:\phpstudy_pro\WWW\www.qphp.com\QPHP\core\QDbMysql.class.php(17): PDO->__construct('mysql:host=127....', 'qphp', '123456')
#1 D:\phpstudy_pro\WWW\www.qphp.com\QPHP\core\QDbPdo.class.php(181): QDbMysql->connect()
#2 D:\phpstudy_pro\WWW\www.qphp.com\QPHP\core\Model.class.php(118): QDbPdo->getRows('select * from "...')
#3 D:\phpstudy_pro\WWW\www.qphp.com\application\admin\App\Action\User.action.php(14): Model->findAll()
#4 D:\phpstudy_pro\WWW\www.qphp.com\QPHP\core\Action.class.php(21): UserAction->index()
#5 D:\phpstudy_pro\WWW\www.qphp.com\QPHP\QPHP.php(23): Action->call(Object(UserAction), 'index')
#6 D:\phpstudy_pro\WWW\www.qphp.com\index.php(71): QPHP->run()
#7 {main}
Code: 2002 Message: SQLSTATE[HY000] [2002] 在其上下文中，该请求的地址无效。

PDOException: SQLSTATE[HY000] [2002] 在其上下文中，该请求的地址无效。
 in D:\phpstudy_pro\WWW\www.qphp.com\QPHP\core\QDbMysql.class.php:17
Stack trace:
#0 D:\phpstudy_pro\WWW\www.qphp.com\QPHP\core\QDbMysql.class.php(17): PDO->__construct('mysql:host=127....', 'qphp', '123456')
#1 D:\phpstudy_pro\WWW\www.qphp.com\QPHP\core\QDbPdo.class.php(181): QDbMysql->connect()
#2 D:\phpstudy_pro\WWW\www.qphp.com\QPHP\core\Model.class.php(118): QDbPdo->getRows('select * from "...')
#3 D:\phpstudy_pro\WWW\www.qphp.com\application\admin\App\Action\User.action.php(14): Model->findAll()
#4 D:\phpstudy_pro\WWW\www.qphp.com\QPHP\core\Action.class.php(21): UserAction->index()
#5 D:\phpstudy_pro\WWW\www.qphp.com\QPHP\QPHP.php(23): Action->call(Object(UserAction), 'index')
#6 D:\phpstudy_pro\WWW\www.qphp.com\index.php(71): QPHP->run()
#7 {main}
Code: 2002 Message: SQLSTATE[HY000] [2002] 在其上下文中，该请求的地址无效。

PDOException: SQLSTATE[HY000] [2002] 在其上下文中，该请求的地址无效。
 in D:\phpstudy_pro\WWW\www.qphp.com\QPHP\core\QDbMysql.class.php:17
Stack trace:
#0 D:\phpstudy_pro\WWW\www.qphp.com\QPHP\core\QDbMysql.class.php(17): PDO->__construct('mysql:host=127....', 'qphp', '123456')
#1 D:\phpstudy_pro\WWW\www.qphp.com\QPHP\core\QDbPdo.class.php(181): QDbMysql->connect()
#2 D:\phpstudy_pro\WWW\www.qphp.com\QPHP\core\Model.class.php(118): QDbPdo->getRows('select * from "...')
#3 D:\phpstudy_pro\WWW\www.qphp.com\application\admin\App\Action\User.action.php(14): Model->findAll()
#4 D:\phpstudy_pro\WWW\www.qphp.com\QPHP\core\Action.class.php(21): UserAction->index()
#5 D:\phpstudy_pro\WWW\www.qphp.com\QPHP\QPHP.php(23): Action->call(Object(UserAction), 'index')
#6 D:\phpstudy_pro\WWW\www.qphp.com\index.php(71): QPHP->run()
#7 {main}
Code: 42000 Message: SQLSTATE[42000]: Syntax error or access violation: 1064 You have an error in your SQL syntax; check the manual that corresponds to your MySQL server version for the right syntax to use near '"mm_user"' at line 1
PDOException: SQLSTATE[42000]: Syntax error or access violation: 1064 You have an error in your SQL syntax; check the manual that corresponds to your MySQL server version for the right syntax to use near '"mm_user"' at line 1 in D:\phpstudy_pro\WWW\www.qphp.com\QPHP\core\QDbPdo.class.php:186
Stack trace:
#0 D:\phpstudy_pro\WWW\www.qphp.com\QPHP\core\QDbPdo.class.php(186): PDOStatement->execute()
#1 D:\phpstudy_pro\WWW\www.qphp.com\QPHP\core\Model.class.php(118): QDbPdo->getRows('select * from "...')
#2 D:\phpstudy_pro\WWW\www.qphp.com\application\admin\App\Action\User.action.php(14): Model->findAll()
#3 D:\phpstudy_pro\WWW\www.qphp.com\QPHP\core\Action.class.php(21): UserAction->index()
#4 D:\phpstudy_pro\WWW\www.qphp.com\QPHP\QPHP.php(23): Action->call(Object(UserAction), 'index')
#5 D:\phpstudy_pro\WWW\www.qphp.com\index.php(71): QPHP->run()
#6 {main}
Code: 42000 Message: SQLSTATE[42000]: Syntax error or access violation: 1064 You have an error in your SQL syntax; check the manual that corresponds to your MySQL server version for the right syntax to use near '"mm_user"' at line 1
PDOException: SQLSTATE[42000]: Syntax error or access violation: 1064 You have an error in your SQL syntax; check the manual that corresponds to your MySQL server version for the right syntax to use near '"mm_user"' at line 1 in D:\phpstudy_pro\WWW\www.qphp.com\QPHP\core\QDbPdo.class.php:186
Stack trace:
#0 D:\phpstudy_pro\WWW\www.qphp.com\QPHP\core\QDbPdo.class.php(186): PDOStatement->execute()
#1 D:\phpstudy_pro\WWW\www.qphp.com\QPHP\core\Model.class.php(118): QDbPdo->getRows('select * from "...')
#2 D:\phpstudy_pro\WWW\www.qphp.com\application\admin\App\Action\User.action.php(14): Model->findAll()
#3 D:\phpstudy_pro\WWW\www.qphp.com\QPHP\core\Action.class.php(21): UserAction->index()
#4 D:\phpstudy_pro\WWW\www.qphp.com\QPHP\QPHP.php(23): Action->call(Object(UserAction), 'index')
#5 D:\phpstudy_pro\WWW\www.qphp.com\index.php(71): QPHP->run()
#6 {main}
Code: 42000 Message: SQLSTATE[42000]: Syntax error or access violation: 1064 You have an error in your SQL syntax; check the manual that corresponds to your MySQL server version for the right syntax to use near '"mm_user"' at line 1
PDOException: SQLSTATE[42000]: Syntax error or access violation: 1064 You have an error in your SQL syntax; check the manual that corresponds to your MySQL server version for the right syntax to use near '"mm_user"' at line 1 in D:\phpstudy_pro\WWW\www.qphp.com\QPHP\core\QDbPdo.class.php:186
Stack trace:
#0 D:\phpstudy_pro\WWW\www.qphp.com\QPHP\core\QDbPdo.class.php(186): PDOStatement->execute()
#1 D:\phpstudy_pro\WWW\www.qphp.com\QPHP\core\Model.class.php(118): QDbPdo->getRows('select * from "...')
#2 D:\phpstudy_pro\WWW\www.qphp.com\application\admin\App\Action\User.action.php(14): Model->findAll()
#3 D:\phpstudy_pro\WWW\www.qphp.com\QPHP\core\Action.class.php(21): UserAction->index()
#4 D:\phpstudy_pro\WWW\www.qphp.com\QPHP\QPHP.php(23): Action->call(Object(UserAction), 'index')
#5 D:\phpstudy_pro\WWW\www.qphp.com\index.php(71): QPHP->run()
#6 {main}
Code: 42000 Message: SQLSTATE[42000]: Syntax error or access violation: 1064 You have an error in your SQL syntax; check the manual that corresponds to your MySQL server version for the right syntax to use near '"mm_user"' at line 1
PDOException: SQLSTATE[42000]: Syntax error or access violation: 1064 You have an error in your SQL syntax; check the manual that corresponds to your MySQL server version for the right syntax to use near '"mm_user"' at line 1 in D:\phpstudy_pro\WWW\www.qphp.com\QPHP\core\QDbPdo.class.php:186
Stack trace:
#0 D:\phpstudy_pro\WWW\www.qphp.com\QPHP\core\QDbPdo.class.php(186): PDOStatement->execute()
#1 D:\phpstudy_pro\WWW\www.qphp.com\QPHP\core\Model.class.php(118): QDbPdo->getRows('select * from "...')
#2 D:\phpstudy_pro\WWW\www.qphp.com\application\admin\App\Action\User.action.php(14): Model->findAll()
#3 D:\phpstudy_pro\WWW\www.qphp.com\QPHP\core\Action.class.php(21): UserAction->index()
#4 D:\phpstudy_pro\WWW\www.qphp.com\QPHP\QPHP.php(23): Action->call(Object(UserAction), 'index')
#5 D:\phpstudy_pro\WWW\www.qphp.com\index.php(71): QPHP->run()
#6 {main}
Code: 42000 Message: SQLSTATE[42000]: Syntax error or access violation: 1064 You have an error in your SQL syntax; check the manual that corresponds to your MySQL server version for the right syntax to use near '"mm_user"' at line 1
PDOException: SQLSTATE[42000]: Syntax error or access violation: 1064 You have an error in your SQL syntax; check the manual that corresponds to your MySQL server version for the right syntax to use near '"mm_user"' at line 1 in D:\phpstudy_pro\WWW\www.qphp.com\QPHP\core\QDbPdo.class.php:186
Stack trace:
#0 D:\phpstudy_pro\WWW\www.qphp.com\QPHP\core\QDbPdo.class.php(186): PDOStatement->execute()
#1 D:\phpstudy_pro\WWW\www.qphp.com\QPHP\core\Model.class.php(118): QDbPdo->getRows('select * from "...')
#2 D:\phpstudy_pro\WWW\www.qphp.com\application\admin\App\Action\User.action.php(14): Model->findAll()
#3 D:\phpstudy_pro\WWW\www.qphp.com\QPHP\core\Action.class.php(21): UserAction->index()
#4 D:\phpstudy_pro\WWW\www.qphp.com\QPHP\QPHP.php(23): Action->call(Object(UserAction), 'index')
#5 D:\phpstudy_pro\WWW\www.qphp.com\index.php(71): QPHP->run()
#6 {main}
Code: 42000 Message: SQLSTATE[42000]: Syntax error or access violation: 1064 You have an error in your SQL syntax; check the manual that corresponds to your MySQL server version for the right syntax to use near '"mm_user"' at line 1
PDOException: SQLSTATE[42000]: Syntax error or access violation: 1064 You have an error in your SQL syntax; check the manual that corresponds to your MySQL server version for the right syntax to use near '"mm_user"' at line 1 in D:\phpstudy_pro\WWW\www.qphp.com\QPHP\core\QDbPdo.class.php:186
Stack trace:
#0 D:\phpstudy_pro\WWW\www.qphp.com\QPHP\core\QDbPdo.class.php(186): PDOStatement->execute()
#1 D:\phpstudy_pro\WWW\www.qphp.com\QPHP\core\Model.class.php(118): QDbPdo->getRows('select * from "...')
#2 D:\phpstudy_pro\WWW\www.qphp.com\application\admin\App\Action\User.action.php(14): Model->findAll()
#3 D:\phpstudy_pro\WWW\www.qphp.com\QPHP\core\Action.class.php(21): UserAction->index()
#4 D:\phpstudy_pro\WWW\www.qphp.com\QPHP\QPHP.php(23): Action->call(Object(UserAction), 'index')
#5 D:\phpstudy_pro\WWW\www.qphp.com\index.php(71): QPHP->run()
#6 {main}
Code: 42000 Message: SQLSTATE[42000]: Syntax error or access violation: 1064 You have an error in your SQL syntax; check the manual that corresponds to your MySQL server version for the right syntax to use near '"mm_user"' at line 1
PDOException: SQLSTATE[42000]: Syntax error or access violation: 1064 You have an error in your SQL syntax; check the manual that corresponds to your MySQL server version for the right syntax to use near '"mm_user"' at line 1 in D:\phpstudy_pro\WWW\www.qphp.com\QPHP\core\QDbPdo.class.php:186
Stack trace:
#0 D:\phpstudy_pro\WWW\www.qphp.com\QPHP\core\QDbPdo.class.php(186): PDOStatement->execute()
#1 D:\phpstudy_pro\WWW\www.qphp.com\QPHP\core\Model.class.php(119): QDbPdo->getRows('select * from "...')
#2 D:\phpstudy_pro\WWW\www.qphp.com\application\admin\App\Action\User.action.php(14): Model->findAll()
#3 D:\phpstudy_pro\WWW\www.qphp.com\QPHP\core\Action.class.php(21): UserAction->index()
#4 D:\phpstudy_pro\WWW\www.qphp.com\QPHP\QPHP.php(23): Action->call(Object(UserAction), 'index')
#5 D:\phpstudy_pro\WWW\www.qphp.com\index.php(71): QPHP->run()
#6 {main}
Code: 42000 Message: SQLSTATE[42000]: Syntax error or access violation: 1064 You have an error in your SQL syntax; check the manual that corresponds to your MySQL server version for the right syntax to use near '"mm_user"' at line 1
PDOException: SQLSTATE[42000]: Syntax error or access violation: 1064 You have an error in your SQL syntax; check the manual that corresponds to your MySQL server version for the right syntax to use near '"mm_user"' at line 1 in D:\phpstudy_pro\WWW\www.qphp.com\QPHP\core\QDbPdo.class.php:186
Stack trace:
#0 D:\phpstudy_pro\WWW\www.qphp.com\QPHP\core\QDbPdo.class.php(186): PDOStatement->execute()
#1 D:\phpstudy_pro\WWW\www.qphp.com\QPHP\core\Model.class.php(119): QDbPdo->getRows('select * from "...')
#2 D:\phpstudy_pro\WWW\www.qphp.com\application\admin\App\Action\User.action.php(14): Model->findAll()
#3 D:\phpstudy_pro\WWW\www.qphp.com\QPHP\core\Action.class.php(21): UserAction->index()
#4 D:\phpstudy_pro\WWW\www.qphp.com\QPHP\QPHP.php(23): Action->call(Object(UserAction), 'index')
#5 D:\phpstudy_pro\WWW\www.qphp.com\index.php(71): QPHP->run()
#6 {main}
Code: 42000 Message: SQLSTATE[42000]: Syntax error or access violation: 1064 You have an error in your SQL syntax; check the manual that corresponds to your MySQL server version for the right syntax to use near '\'mm_user\'' at line 1
PDOException: SQLSTATE[42000]: Syntax error or access violation: 1064 You have an error in your SQL syntax; check the manual that corresponds to your MySQL server version for the right syntax to use near '\'mm_user\'' at line 1 in D:\phpstudy_pro\WWW\www.qphp.com\QPHP\core\QDbPdo.class.php:186
Stack trace:
#0 D:\phpstudy_pro\WWW\www.qphp.com\QPHP\core\QDbPdo.class.php(186): PDOStatement->execute()
#1 D:\phpstudy_pro\WWW\www.qphp.com\QPHP\core\Model.class.php(119): QDbPdo->getRows('select * from \\...')
#2 D:\phpstudy_pro\WWW\www.qphp.com\application\admin\App\Action\User.action.php(14): Model->findAll()
#3 D:\phpstudy_pro\WWW\www.qphp.com\QPHP\core\Action.class.php(21): UserAction->index()
#4 D:\phpstudy_pro\WWW\www.qphp.com\QPHP\QPHP.php(23): Action->call(Object(UserAction), 'index')
#5 D:\phpstudy_pro\WWW\www.qphp.com\index.php(71): QPHP->run()
#6 {main}
Code: 42000 Message: SQLSTATE[42000]: Syntax error or access violation: 1064 You have an error in your SQL syntax; check the manual that corresponds to your MySQL server version for the right syntax to use near '\'mm_user\'' at line 1
PDOException: SQLSTATE[42000]: Syntax error or access violation: 1064 You have an error in your SQL syntax; check the manual that corresponds to your MySQL server version for the right syntax to use near '\'mm_user\'' at line 1 in D:\phpstudy_pro\WWW\www.qphp.com\QPHP\core\QDbPdo.class.php:186
Stack trace:
#0 D:\phpstudy_pro\WWW\www.qphp.com\QPHP\core\QDbPdo.class.php(186): PDOStatement->execute()
#1 D:\phpstudy_pro\WWW\www.qphp.com\QPHP\core\Model.class.php(119): QDbPdo->getRows('select * from \\...')
#2 D:\phpstudy_pro\WWW\www.qphp.com\application\admin\App\Action\User.action.php(14): Model->findAll()
#3 D:\phpstudy_pro\WWW\www.qphp.com\QPHP\core\Action.class.php(21): UserAction->index()
#4 D:\phpstudy_pro\WWW\www.qphp.com\QPHP\QPHP.php(23): Action->call(Object(UserAction), 'index')
#5 D:\phpstudy_pro\WWW\www.qphp.com\index.php(71): QPHP->run()
#6 {main}
Code: 42000 Message: SQLSTATE[42000]: Syntax error or access violation: 1064 You have an error in your SQL syntax; check the manual that corresponds to your MySQL server version for the right syntax to use near '\'mm_user\'' at line 1
PDOException: SQLSTATE[42000]: Syntax error or access violation: 1064 You have an error in your SQL syntax; check the manual that corresponds to your MySQL server version for the right syntax to use near '\'mm_user\'' at line 1 in D:\phpstudy_pro\WWW\www.qphp.com\QPHP\core\QDbPdo.class.php:186
Stack trace:
#0 D:\phpstudy_pro\WWW\www.qphp.com\QPHP\core\QDbPdo.class.php(186): PDOStatement->execute()
#1 D:\phpstudy_pro\WWW\www.qphp.com\QPHP\core\Model.class.php(119): QDbPdo->getRows('select * from \\...')
#2 D:\phpstudy_pro\WWW\www.qphp.com\application\admin\App\Action\User.action.php(14): Model->findAll()
#3 D:\phpstudy_pro\WWW\www.qphp.com\QPHP\core\Action.class.php(21): UserAction->index()
#4 D:\phpstudy_pro\WWW\www.qphp.com\QPHP\QPHP.php(23): Action->call(Object(UserAction), 'index')
#5 D:\phpstudy_pro\WWW\www.qphp.com\index.php(71): QPHP->run()
#6 {main}
Code: 42000 Message: SQLSTATE[42000]: Syntax error or access violation: 1064 You have an error in your SQL syntax; check the manual that corresponds to your MySQL server version for the right syntax to use near '\'mm_user\'' at line 1
PDOException: SQLSTATE[42000]: Syntax error or access violation: 1064 You have an error in your SQL syntax; check the manual that corresponds to your MySQL server version for the right syntax to use near '\'mm_user\'' at line 1 in D:\phpstudy_pro\WWW\www.qphp.com\QPHP\core\QDbPdo.class.php:186
Stack trace:
#0 D:\phpstudy_pro\WWW\www.qphp.com\QPHP\core\QDbPdo.class.php(186): PDOStatement->execute()
#1 D:\phpstudy_pro\WWW\www.qphp.com\QPHP\core\Model.class.php(119): QDbPdo->getRows('select * from \\...')
#2 D:\phpstudy_pro\WWW\www.qphp.com\application\admin\App\Action\User.action.php(14): Model->findAll()
#3 D:\phpstudy_pro\WWW\www.qphp.com\QPHP\core\Action.class.php(21): UserAction->index()
#4 D:\phpstudy_pro\WWW\www.qphp.com\QPHP\QPHP.php(23): Action->call(Object(UserAction), 'index')
#5 D:\phpstudy_pro\WWW\www.qphp.com\index.php(71): QPHP->run()
#6 {main}
Code: 42000 Message: SQLSTATE[42000]: Syntax error or access violation: 1064 You have an error in your SQL syntax; check the manual that corresponds to your MySQL server version for the right syntax to use near '\'mm_user\'' at line 1
PDOException: SQLSTATE[42000]: Syntax error or access violation: 1064 You have an error in your SQL syntax; check the manual that corresponds to your MySQL server version for the right syntax to use near '\'mm_user\'' at line 1 in D:\phpstudy_pro\WWW\www.qphp.com\QPHP\core\QDbPdo.class.php:186
Stack trace:
#0 D:\phpstudy_pro\WWW\www.qphp.com\QPHP\core\QDbPdo.class.php(186): PDOStatement->execute()
#1 D:\phpstudy_pro\WWW\www.qphp.com\QPHP\core\Model.class.php(119): QDbPdo->getRows('select * from \\...')
#2 D:\phpstudy_pro\WWW\www.qphp.com\application\admin\App\Action\User.action.php(14): Model->findAll()
#3 D:\phpstudy_pro\WWW\www.qphp.com\QPHP\core\Action.class.php(21): UserAction->index()
#4 D:\phpstudy_pro\WWW\www.qphp.com\QPHP\QPHP.php(23): Action->call(Object(UserAction), 'index')
#5 D:\phpstudy_pro\WWW\www.qphp.com\index.php(71): QPHP->run()
#6 {main}
Code: 42000 Message: SQLSTATE[42000]: Syntax error or access violation: 1064 You have an error in your SQL syntax; check the manual that corresponds to your MySQL server version for the right syntax to use near '\'mm_user\'' at line 1
PDOException: SQLSTATE[42000]: Syntax error or access violation: 1064 You have an error in your SQL syntax; check the manual that corresponds to your MySQL server version for the right syntax to use near '\'mm_user\'' at line 1 in D:\phpstudy_pro\WWW\www.qphp.com\QPHP\core\QDbPdo.class.php:186
Stack trace:
#0 D:\phpstudy_pro\WWW\www.qphp.com\QPHP\core\QDbPdo.class.php(186): PDOStatement->execute()
#1 D:\phpstudy_pro\WWW\www.qphp.com\QPHP\core\Model.class.php(119): QDbPdo->getRows('select * from \\...')
#2 D:\phpstudy_pro\WWW\www.qphp.com\application\admin\App\Action\User.action.php(14): Model->findAll()
#3 D:\phpstudy_pro\WWW\www.qphp.com\QPHP\core\Action.class.php(21): UserAction->index()
#4 D:\phpstudy_pro\WWW\www.qphp.com\QPHP\QPHP.php(23): Action->call(Object(UserAction), 'index')
#5 D:\phpstudy_pro\WWW\www.qphp.com\index.php(71): QPHP->run()
#6 {main}
Code: 42000 Message: SQLSTATE[42000]: Syntax error or access violation: 1064 You have an error in your SQL syntax; check the manual that corresponds to your MySQL server version for the right syntax to use near '\'mm_user\'' at line 1
PDOException: SQLSTATE[42000]: Syntax error or access violation: 1064 You have an error in your SQL syntax; check the manual that corresponds to your MySQL server version for the right syntax to use near '\'mm_user\'' at line 1 in D:\phpstudy_pro\WWW\www.qphp.com\QPHP\core\QDbPdo.class.php:186
Stack trace:
#0 D:\phpstudy_pro\WWW\www.qphp.com\QPHP\core\QDbPdo.class.php(186): PDOStatement->execute()
#1 D:\phpstudy_pro\WWW\www.qphp.com\QPHP\core\Model.class.php(119): QDbPdo->getRows('select * from \\...')
#2 D:\phpstudy_pro\WWW\www.qphp.com\application\admin\App\Action\User.action.php(14): Model->findAll()
#3 D:\phpstudy_pro\WWW\www.qphp.com\QPHP\core\Action.class.php(21): UserAction->index()
#4 D:\phpstudy_pro\WWW\www.qphp.com\QPHP\QPHP.php(23): Action->call(Object(UserAction), 'index')
#5 D:\phpstudy_pro\WWW\www.qphp.com\index.php(71): QPHP->run()
#6 {main}
Code: 42000 Message: SQLSTATE[42000]: Syntax error or access violation: 1064 You have an error in your SQL syntax; check the manual that corresponds to your MySQL server version for the right syntax to use near '\'mm_user\'' at line 1
PDOException: SQLSTATE[42000]: Syntax error or access violation: 1064 You have an error in your SQL syntax; check the manual that corresponds to your MySQL server version for the right syntax to use near '\'mm_user\'' at line 1 in D:\phpstudy_pro\WWW\www.qphp.com\QPHP\core\QDbPdo.class.php:186
Stack trace:
#0 D:\phpstudy_pro\WWW\www.qphp.com\QPHP\core\QDbPdo.class.php(186): PDOStatement->execute()
#1 D:\phpstudy_pro\WWW\www.qphp.com\QPHP\core\Model.class.php(119): QDbPdo->getRows('select * from \\...')
#2 D:\phpstudy_pro\WWW\www.qphp.com\application\admin\App\Action\User.action.php(14): Model->findAll()
#3 D:\phpstudy_pro\WWW\www.qphp.com\QPHP\core\Action.class.php(21): UserAction->index()
#4 D:\phpstudy_pro\WWW\www.qphp.com\QPHP\QPHP.php(23): Action->call(Object(UserAction), 'index')
#5 D:\phpstudy_pro\WWW\www.qphp.com\index.php(71): QPHP->run()
#6 {main}
Code: 42000 Message: SQLSTATE[42000]: Syntax error or access violation: 1064 You have an error in your SQL syntax; check the manual that corresponds to your MySQL server version for the right syntax to use near '\'mm_user\'' at line 1
PDOException: SQLSTATE[42000]: Syntax error or access violation: 1064 You have an error in your SQL syntax; check the manual that corresponds to your MySQL server version for the right syntax to use near '\'mm_user\'' at line 1 in D:\phpstudy_pro\WWW\www.qphp.com\QPHP\core\QDbPdo.class.php:186
Stack trace:
#0 D:\phpstudy_pro\WWW\www.qphp.com\QPHP\core\QDbPdo.class.php(186): PDOStatement->execute()
#1 D:\phpstudy_pro\WWW\www.qphp.com\QPHP\core\Model.class.php(119): QDbPdo->getRows('select * from \\...')
#2 D:\phpstudy_pro\WWW\www.qphp.com\application\admin\App\Action\User.action.php(14): Model->findAll()
#3 D:\phpstudy_pro\WWW\www.qphp.com\QPHP\core\Action.class.php(21): UserAction->index()
#4 D:\phpstudy_pro\WWW\www.qphp.com\QPHP\QPHP.php(23): Action->call(Object(UserAction), 'index')
#5 D:\phpstudy_pro\WWW\www.qphp.com\index.php(71): QPHP->run()
#6 {main}
Code: 42000 Message: SQLSTATE[42000]: Syntax error or access violation: 1064 You have an error in your SQL syntax; check the manual that corresponds to your MySQL server version for the right syntax to use near '\'mm_user\'' at line 1
PDOException: SQLSTATE[42000]: Syntax error or access violation: 1064 You have an error in your SQL syntax; check the manual that corresponds to your MySQL server version for the right syntax to use near '\'mm_user\'' at line 1 in D:\phpstudy_pro\WWW\www.qphp.com\QPHP\core\QDbPdo.class.php:186
Stack trace:
#0 D:\phpstudy_pro\WWW\www.qphp.com\QPHP\core\QDbPdo.class.php(186): PDOStatement->execute()
#1 D:\phpstudy_pro\WWW\www.qphp.com\QPHP\core\Model.class.php(119): QDbPdo->getRows('select * from \\...')
#2 D:\phpstudy_pro\WWW\www.qphp.com\application\admin\App\Action\User.action.php(14): Model->findAll()
#3 D:\phpstudy_pro\WWW\www.qphp.com\QPHP\core\Action.class.php(21): UserAction->index()
#4 D:\phpstudy_pro\WWW\www.qphp.com\QPHP\QPHP.php(23): Action->call(Object(UserAction), 'index')
#5 D:\phpstudy_pro\WWW\www.qphp.com\index.php(71): QPHP->run()
#6 {main}
Code: 42000 Message: SQLSTATE[42000]: Syntax error or access violation: 1064 You have an error in your SQL syntax; check the manual that corresponds to your MySQL server version for the right syntax to use near '\'mm_user\'' at line 1
PDOException: SQLSTATE[42000]: Syntax error or access violation: 1064 You have an error in your SQL syntax; check the manual that corresponds to your MySQL server version for the right syntax to use near '\'mm_user\'' at line 1 in D:\phpstudy_pro\WWW\www.qphp.com\QPHP\core\QDbPdo.class.php:186
Stack trace:
#0 D:\phpstudy_pro\WWW\www.qphp.com\QPHP\core\QDbPdo.class.php(186): PDOStatement->execute()
#1 D:\phpstudy_pro\WWW\www.qphp.com\QPHP\core\Model.class.php(119): QDbPdo->getRows('select * from \\...')
#2 D:\phpstudy_pro\WWW\www.qphp.com\application\admin\App\Action\User.action.php(14): Model->findAll()
#3 D:\phpstudy_pro\WWW\www.qphp.com\QPHP\core\Action.class.php(21): UserAction->index()
#4 D:\phpstudy_pro\WWW\www.qphp.com\QPHP\QPHP.php(23): Action->call(Object(UserAction), 'index')
#5 D:\phpstudy_pro\WWW\www.qphp.com\index.php(71): QPHP->run()
#6 {main}
Code: 42000 Message: SQLSTATE[42000]: Syntax error or access violation: 1064 You have an error in your SQL syntax; check the manual that corresponds to your MySQL server version for the right syntax to use near '"mm_user" where "id"=1' at line 1
PDOException: SQLSTATE[42000]: Syntax error or access violation: 1064 You have an error in your SQL syntax; check the manual that corresponds to your MySQL server version for the right syntax to use near '"mm_user" where "id"=1' at line 1 in D:\phpstudy_pro\WWW\www.qphp.com\QPHP\core\QDbPdo.class.php:155
Stack trace:
#0 D:\phpstudy_pro\WWW\www.qphp.com\QPHP\core\QDbPdo.class.php(155): PDOStatement->execute()
#1 D:\phpstudy_pro\WWW\www.qphp.com\QPHP\core\Model.class.php(113): QDbPdo->getRow('select * from "...')
#2 D:\phpstudy_pro\WWW\www.qphp.com\application\admin\App\Action\User.action.php(20): Model->find(1)
#3 D:\phpstudy_pro\WWW\www.qphp.com\QPHP\core\Action.class.php(21): UserAction->index()
#4 D:\phpstudy_pro\WWW\www.qphp.com\QPHP\QPHP.php(23): Action->call(Object(UserAction), 'index')
#5 D:\phpstudy_pro\WWW\www.qphp.com\index.php(71): QPHP->run()
#6 {main}
