Code: 42000 Message: SQLSTATE[42000]: Syntax error or access violation: 1064 You have an error in your SQL syntax; check the manual that corresponds to your MySQL server version for the right syntax to use near '"user_id" = u."id"    left join mm_address  a on a."user_id" =u."id"   where  1=' at line 1
PDOException: SQLSTATE[42000]: Syntax error or access violation: 1064 You have an error in your SQL syntax; check the manual that corresponds to your MySQL server version for the right syntax to use near '"user_id" = u."id"    left join mm_address  a on a."user_id" =u."id"   where  1=' at line 1 in D:\phpstudy_pro\WWW\www.qphp.com\QPHP\core\pdo\QDbPdo.class.php:184
Stack trace:
#0 D:\phpstudy_pro\WWW\www.qphp.com\QPHP\core\pdo\QDbPdo.class.php(184): PDOStatement->execute()
#1 D:\phpstudy_pro\WWW\www.qphp.com\QPHP\core\model\MysqlModel.class.php(56): QDbPdo->getRows('select u.*,ui.b...')
#2 D:\phpstudy_pro\WWW\www.qphp.com\application\admin\App\Action\User.action.php(21): MysqlModel->select()
#3 D:\phpstudy_pro\WWW\www.qphp.com\QPHP\core\action\Action.class.php(21): UserAction->index()
#4 D:\phpstudy_pro\WWW\www.qphp.com\QPHP\QPHP.php(23): Action->call(Object(UserAction), 'index')
#5 D:\phpstudy_pro\WWW\www.qphp.com\index.php(71): QPHP->run()
#6 {main}
Code: 42000 Message: SQLSTATE[42000]: Syntax error or access violation: 1064 You have an error in your SQL syntax; check the manual that corresponds to your MySQL server version for the right syntax to use near '"    left join mm_address  a on a.user_id =u.id   where  1=1 AND u.id = 1' at line 1
PDOException: SQLSTATE[42000]: Syntax error or access violation: 1064 You have an error in your SQL syntax; check the manual that corresponds to your MySQL server version for the right syntax to use near '"    left join mm_address  a on a.user_id =u.id   where  1=1 AND u.id = 1' at line 1 in D:\phpstudy_pro\WWW\www.qphp.com\QPHP\core\pdo\QDbPdo.class.php:153
Stack trace:
#0 D:\phpstudy_pro\WWW\www.qphp.com\QPHP\core\pdo\QDbPdo.class.php(153): PDOStatement->execute()
#1 D:\phpstudy_pro\WWW\www.qphp.com\QPHP\core\model\MysqlModel.class.php(40): QDbPdo->getRow('select u.*,ui.b...')
#2 D:\phpstudy_pro\WWW\www.qphp.com\application\admin\App\Action\User.action.php(34): MysqlModel->findOne()
#3 D:\phpstudy_pro\WWW\www.qphp.com\QPHP\core\action\Action.class.php(21): UserAction->index()
#4 D:\phpstudy_pro\WWW\www.qphp.com\QPHP\QPHP.php(23): Action->call(Object(UserAction), 'index')
#5 D:\phpstudy_pro\WWW\www.qphp.com\index.php(71): QPHP->run()
#6 {main}
Code: 42000 Message: SQLSTATE[42000]: Syntax error or access violation: 1064 You have an error in your SQL syntax; check the manual that corresponds to your MySQL server version for the right syntax to use near '"    left join mm_address  a on a.user_id =u.id   where  1=1 AND u.id = 1' at line 1
PDOException: SQLSTATE[42000]: Syntax error or access violation: 1064 You have an error in your SQL syntax; check the manual that corresponds to your MySQL server version for the right syntax to use near '"    left join mm_address  a on a.user_id =u.id   where  1=1 AND u.id = 1' at line 1 in D:\phpstudy_pro\WWW\www.qphp.com\QPHP\core\pdo\QDbPdo.class.php:153
Stack trace:
#0 D:\phpstudy_pro\WWW\www.qphp.com\QPHP\core\pdo\QDbPdo.class.php(153): PDOStatement->execute()
#1 D:\phpstudy_pro\WWW\www.qphp.com\QPHP\core\model\MysqlModel.class.php(41): QDbPdo->getRow('select u.*,ui.b...')
#2 D:\phpstudy_pro\WWW\www.qphp.com\application\admin\App\Action\User.action.php(34): MysqlModel->findOne()
#3 D:\phpstudy_pro\WWW\www.qphp.com\QPHP\core\action\Action.class.php(21): UserAction->index()
#4 D:\phpstudy_pro\WWW\www.qphp.com\QPHP\QPHP.php(23): Action->call(Object(UserAction), 'index')
#5 D:\phpstudy_pro\WWW\www.qphp.com\index.php(71): QPHP->run()
#6 {main}
Code: 42000 Message: SQLSTATE[42000]: Syntax error or access violation: 1064 You have an error in your SQL syntax; check the manual that corresponds to your MySQL server version for the right syntax to use near '"    left join mm_address  a on a.user_id =u.id   where  1=1 AND u.id = 1' at line 1
PDOException: SQLSTATE[42000]: Syntax error or access violation: 1064 You have an error in your SQL syntax; check the manual that corresponds to your MySQL server version for the right syntax to use near '"    left join mm_address  a on a.user_id =u.id   where  1=1 AND u.id = 1' at line 1 in D:\phpstudy_pro\WWW\www.qphp.com\QPHP\core\pdo\QDbPdo.class.php:153
Stack trace:
#0 D:\phpstudy_pro\WWW\www.qphp.com\QPHP\core\pdo\QDbPdo.class.php(153): PDOStatement->execute()
#1 D:\phpstudy_pro\WWW\www.qphp.com\QPHP\core\model\MysqlModel.class.php(41): QDbPdo->getRow('select u.*,ui.b...')
#2 D:\phpstudy_pro\WWW\www.qphp.com\application\admin\App\Action\User.action.php(34): MysqlModel->findOne()
#3 D:\phpstudy_pro\WWW\www.qphp.com\QPHP\core\action\Action.class.php(21): UserAction->index()
#4 D:\phpstudy_pro\WWW\www.qphp.com\QPHP\QPHP.php(23): Action->call(Object(UserAction), 'index')
#5 D:\phpstudy_pro\WWW\www.qphp.com\index.php(71): QPHP->run()
#6 {main}
Code: 42000 Message: SQLSTATE[42000]: Syntax error or access violation: 1064 You have an error in your SQL syntax; check the manual that corresponds to your MySQL server version for the right syntax to use near '"    left join mm_address  a on a.user_id =u.id   where  1=1 AND u.id = 1' at line 1
PDOException: SQLSTATE[42000]: Syntax error or access violation: 1064 You have an error in your SQL syntax; check the manual that corresponds to your MySQL server version for the right syntax to use near '"    left join mm_address  a on a.user_id =u.id   where  1=1 AND u.id = 1' at line 1 in D:\phpstudy_pro\WWW\www.qphp.com\QPHP\core\pdo\QDbPdo.class.php:153
Stack trace:
#0 D:\phpstudy_pro\WWW\www.qphp.com\QPHP\core\pdo\QDbPdo.class.php(153): PDOStatement->execute()
#1 D:\phpstudy_pro\WWW\www.qphp.com\QPHP\core\model\MysqlModel.class.php(41): QDbPdo->getRow('select u.*,ui.b...')
#2 D:\phpstudy_pro\WWW\www.qphp.com\application\admin\App\Action\User.action.php(34): MysqlModel->findOne()
#3 D:\phpstudy_pro\WWW\www.qphp.com\QPHP\core\action\Action.class.php(21): UserAction->index()
#4 D:\phpstudy_pro\WWW\www.qphp.com\QPHP\QPHP.php(23): Action->call(Object(UserAction), 'index')
#5 D:\phpstudy_pro\WWW\www.qphp.com\index.php(71): QPHP->run()
#6 {main}
Code: 42000 Message: SQLSTATE[42000]: Syntax error or access violation: 1064 You have an error in your SQL syntax; check the manual that corresponds to your MySQL server version for the right syntax to use near '"    left join mm_address  a on a.user_id =u.id   where  1=1 AND u.id = 1' at line 1
PDOException: SQLSTATE[42000]: Syntax error or access violation: 1064 You have an error in your SQL syntax; check the manual that corresponds to your MySQL server version for the right syntax to use near '"    left join mm_address  a on a.user_id =u.id   where  1=1 AND u.id = 1' at line 1 in D:\phpstudy_pro\WWW\www.qphp.com\QPHP\core\pdo\QDbPdo.class.php:153
Stack trace:
#0 D:\phpstudy_pro\WWW\www.qphp.com\QPHP\core\pdo\QDbPdo.class.php(153): PDOStatement->execute()
#1 D:\phpstudy_pro\WWW\www.qphp.com\QPHP\core\model\MysqlModel.class.php(41): QDbPdo->getRow('select u.*,ui.b...')
#2 D:\phpstudy_pro\WWW\www.qphp.com\application\admin\App\Action\User.action.php(34): MysqlModel->findOne()
#3 D:\phpstudy_pro\WWW\www.qphp.com\QPHP\core\action\Action.class.php(21): UserAction->index()
#4 D:\phpstudy_pro\WWW\www.qphp.com\QPHP\QPHP.php(23): Action->call(Object(UserAction), 'index')
#5 D:\phpstudy_pro\WWW\www.qphp.com\index.php(71): QPHP->run()
#6 {main}
Code: 42000 Message: SQLSTATE[42000]: Syntax error or access violation: 1064 You have an error in your SQL syntax; check the manual that corresponds to your MySQL server version for the right syntax to use near '"    left join mm_address  a on a.user_id =u.id   where  1=1 AND u.id = 1' at line 1
PDOException: SQLSTATE[42000]: Syntax error or access violation: 1064 You have an error in your SQL syntax; check the manual that corresponds to your MySQL server version for the right syntax to use near '"    left join mm_address  a on a.user_id =u.id   where  1=1 AND u.id = 1' at line 1 in D:\phpstudy_pro\WWW\www.qphp.com\QPHP\core\pdo\QDbPdo.class.php:153
Stack trace:
#0 D:\phpstudy_pro\WWW\www.qphp.com\QPHP\core\pdo\QDbPdo.class.php(153): PDOStatement->execute()
#1 D:\phpstudy_pro\WWW\www.qphp.com\QPHP\core\model\MysqlModel.class.php(41): QDbPdo->getRow('select u.*,ui.b...')
#2 D:\phpstudy_pro\WWW\www.qphp.com\application\admin\App\Action\User.action.php(34): MysqlModel->findOne()
#3 D:\phpstudy_pro\WWW\www.qphp.com\QPHP\core\action\Action.class.php(21): UserAction->index()
#4 D:\phpstudy_pro\WWW\www.qphp.com\QPHP\QPHP.php(23): Action->call(Object(UserAction), 'index')
#5 D:\phpstudy_pro\WWW\www.qphp.com\index.php(71): QPHP->run()
#6 {main}
Code: 42000 Message: SQLSTATE[42000]: Syntax error or access violation: 1064 You have an error in your SQL syntax; check the manual that corresponds to your MySQL server version for the right syntax to use near '"    left join mm_address  a on a.user_id =u.id   where  1=1 AND u.id = 1' at line 1
PDOException: SQLSTATE[42000]: Syntax error or access violation: 1064 You have an error in your SQL syntax; check the manual that corresponds to your MySQL server version for the right syntax to use near '"    left join mm_address  a on a.user_id =u.id   where  1=1 AND u.id = 1' at line 1 in D:\phpstudy_pro\WWW\www.qphp.com\QPHP\core\pdo\QDbPdo.class.php:153
Stack trace:
#0 D:\phpstudy_pro\WWW\www.qphp.com\QPHP\core\pdo\QDbPdo.class.php(153): PDOStatement->execute()
#1 D:\phpstudy_pro\WWW\www.qphp.com\QPHP\core\model\MysqlModel.class.php(41): QDbPdo->getRow('select u.*,ui.b...')
#2 D:\phpstudy_pro\WWW\www.qphp.com\application\admin\App\Action\User.action.php(34): MysqlModel->findOne()
#3 D:\phpstudy_pro\WWW\www.qphp.com\QPHP\core\action\Action.class.php(21): UserAction->index()
#4 D:\phpstudy_pro\WWW\www.qphp.com\QPHP\QPHP.php(23): Action->call(Object(UserAction), 'index')
#5 D:\phpstudy_pro\WWW\www.qphp.com\index.php(71): QPHP->run()
#6 {main}
Code: 42000 Message: SQLSTATE[42000]: Syntax error or access violation: 1064 You have an error in your SQL syntax; check the manual that corresponds to your MySQL server version for the right syntax to use near '"    left join mm_address  a on a.user_id =u.id   where  1=1 AND u.id = 1' at line 1
PDOException: SQLSTATE[42000]: Syntax error or access violation: 1064 You have an error in your SQL syntax; check the manual that corresponds to your MySQL server version for the right syntax to use near '"    left join mm_address  a on a.user_id =u.id   where  1=1 AND u.id = 1' at line 1 in D:\phpstudy_pro\WWW\www.qphp.com\QPHP\core\pdo\QDbPdo.class.php:153
Stack trace:
#0 D:\phpstudy_pro\WWW\www.qphp.com\QPHP\core\pdo\QDbPdo.class.php(153): PDOStatement->execute()
#1 D:\phpstudy_pro\WWW\www.qphp.com\QPHP\core\model\MysqlModel.class.php(41): QDbPdo->getRow('select u.*,ui.b...')
#2 D:\phpstudy_pro\WWW\www.qphp.com\application\admin\App\Action\User.action.php(34): MysqlModel->findOne()
#3 D:\phpstudy_pro\WWW\www.qphp.com\QPHP\core\action\Action.class.php(21): UserAction->index()
#4 D:\phpstudy_pro\WWW\www.qphp.com\QPHP\QPHP.php(23): Action->call(Object(UserAction), 'index')
#5 D:\phpstudy_pro\WWW\www.qphp.com\index.php(71): QPHP->run()
#6 {main}
Code: 42000 Message: SQLSTATE[42000]: Syntax error or access violation: 1064 You have an error in your SQL syntax; check the manual that corresponds to your MySQL server version for the right syntax to use near '"    left join mm_address  a on a.user_id =u.id   where  1=1 AND u.id = 1' at line 1
PDOException: SQLSTATE[42000]: Syntax error or access violation: 1064 You have an error in your SQL syntax; check the manual that corresponds to your MySQL server version for the right syntax to use near '"    left join mm_address  a on a.user_id =u.id   where  1=1 AND u.id = 1' at line 1 in D:\phpstudy_pro\WWW\www.qphp.com\QPHP\core\pdo\QDbPdo.class.php:153
Stack trace:
#0 D:\phpstudy_pro\WWW\www.qphp.com\QPHP\core\pdo\QDbPdo.class.php(153): PDOStatement->execute()
#1 D:\phpstudy_pro\WWW\www.qphp.com\QPHP\core\model\MysqlModel.class.php(41): QDbPdo->getRow('select u.*,ui.b...')
#2 D:\phpstudy_pro\WWW\www.qphp.com\application\admin\App\Action\User.action.php(34): MysqlModel->findOne()
#3 D:\phpstudy_pro\WWW\www.qphp.com\QPHP\core\action\Action.class.php(21): UserAction->index()
#4 D:\phpstudy_pro\WWW\www.qphp.com\QPHP\QPHP.php(23): Action->call(Object(UserAction), 'index')
#5 D:\phpstudy_pro\WWW\www.qphp.com\index.php(71): QPHP->run()
#6 {main}
Code: 42000 Message: SQLSTATE[42000]: Syntax error or access violation: 1064 You have an error in your SQL syntax; check the manual that corresponds to your MySQL server version for the right syntax to use near '"    left join mm_address  a on a.user_id =u.id   where  1=1 AND u.id = 1' at line 1
PDOException: SQLSTATE[42000]: Syntax error or access violation: 1064 You have an error in your SQL syntax; check the manual that corresponds to your MySQL server version for the right syntax to use near '"    left join mm_address  a on a.user_id =u.id   where  1=1 AND u.id = 1' at line 1 in D:\phpstudy_pro\WWW\www.qphp.com\QPHP\core\pdo\QDbPdo.class.php:153
Stack trace:
#0 D:\phpstudy_pro\WWW\www.qphp.com\QPHP\core\pdo\QDbPdo.class.php(153): PDOStatement->execute()
#1 D:\phpstudy_pro\WWW\www.qphp.com\QPHP\core\model\MysqlModel.class.php(41): QDbPdo->getRow('select u.*,ui.b...')
#2 D:\phpstudy_pro\WWW\www.qphp.com\application\admin\App\Action\User.action.php(34): MysqlModel->findOne()
#3 D:\phpstudy_pro\WWW\www.qphp.com\QPHP\core\action\Action.class.php(21): UserAction->index()
#4 D:\phpstudy_pro\WWW\www.qphp.com\QPHP\QPHP.php(23): Action->call(Object(UserAction), 'index')
#5 D:\phpstudy_pro\WWW\www.qphp.com\index.php(71): QPHP->run()
#6 {main}
Code: 42000 Message: SQLSTATE[42000]: Syntax error or access violation: 1064 You have an error in your SQL syntax; check the manual that corresponds to your MySQL server version for the right syntax to use near '"    left join mm_address  a on a.user_id =u.id   where  1=1 AND u.id = 1' at line 1
PDOException: SQLSTATE[42000]: Syntax error or access violation: 1064 You have an error in your SQL syntax; check the manual that corresponds to your MySQL server version for the right syntax to use near '"    left join mm_address  a on a.user_id =u.id   where  1=1 AND u.id = 1' at line 1 in D:\phpstudy_pro\WWW\www.qphp.com\QPHP\core\pdo\QDbPdo.class.php:153
Stack trace:
#0 D:\phpstudy_pro\WWW\www.qphp.com\QPHP\core\pdo\QDbPdo.class.php(153): PDOStatement->execute()
#1 D:\phpstudy_pro\WWW\www.qphp.com\QPHP\core\model\MysqlModel.class.php(41): QDbPdo->getRow('select u.*,ui.b...')
#2 D:\phpstudy_pro\WWW\www.qphp.com\application\admin\App\Action\User.action.php(34): MysqlModel->findOne()
#3 D:\phpstudy_pro\WWW\www.qphp.com\QPHP\core\action\Action.class.php(21): UserAction->index()
#4 D:\phpstudy_pro\WWW\www.qphp.com\QPHP\QPHP.php(23): Action->call(Object(UserAction), 'index')
#5 D:\phpstudy_pro\WWW\www.qphp.com\index.php(71): QPHP->run()
#6 {main}
