Code: 0 Message: PDO CONNECT ERROR:SQLSTATE[HY000]: pdo_oci_handle_factory: ORA-12541: TNS:no listener
 (ext\pdo_oci\oci_driver.c:709)
Exception: PDO CONNECT ERROR:SQLSTATE[HY000]: pdo_oci_handle_factory: ORA-12541: TNS:no listener
 (ext\pdo_oci\oci_driver.c:709) in D:\phpstudy_pro\WWW\www.qphp.com\QPHP\core\pdo\QDbOracle.class.php:66
Stack trace:
#0 D:\phpstudy_pro\WWW\www.qphp.com\QPHP\core\pdo\QDbPdo.class.php(179): QDbOracle->connect()
#1 D:\phpstudy_pro\WWW\www.qphp.com\QPHP\core\model\BaseModel.class.php(184): QDbPdo->getRows('select * from (...')
#2 D:\phpstudy_pro\WWW\www.qphp.com\QPHP\core\model\OracleModel.class.php(57): BaseModel->executeSql('getRows')
#3 D:\phpstudy_pro\WWW\www.qphp.com\application\index\App\Action\User.action.php(21): OracleModel->select()
#4 D:\phpstudy_pro\WWW\www.qphp.com\QPHP\core\action\Action.class.php(21): UserAction->index()
#5 D:\phpstudy_pro\WWW\www.qphp.com\QPHP\QPHP.php(24): Action->call(Object(UserAction), 'index')
#6 D:\phpstudy_pro\WWW\www.qphp.com\index.php(72): QPHP->run()
#7 {main}
Code: 0 Message: PDO CONNECT ERROR:SQLSTATE[HY000]: pdo_oci_handle_factory: ORA-12541: TNS:no listener
 (ext\pdo_oci\oci_driver.c:709)
Exception: PDO CONNECT ERROR:SQLSTATE[HY000]: pdo_oci_handle_factory: ORA-12541: TNS:no listener
 (ext\pdo_oci\oci_driver.c:709) in D:\phpstudy_pro\WWW\www.qphp.com\QPHP\core\pdo\QDbOracle.class.php:66
Stack trace:
#0 D:\phpstudy_pro\WWW\www.qphp.com\QPHP\core\pdo\QDbPdo.class.php(179): QDbOracle->connect()
#1 D:\phpstudy_pro\WWW\www.qphp.com\QPHP\core\model\BaseModel.class.php(184): QDbPdo->getRows('select * from (...')
#2 D:\phpstudy_pro\WWW\www.qphp.com\QPHP\core\model\OracleModel.class.php(57): BaseModel->executeSql('getRows')
#3 D:\phpstudy_pro\WWW\www.qphp.com\application\index\App\Action\User.action.php(21): OracleModel->select()
#4 D:\phpstudy_pro\WWW\www.qphp.com\QPHP\core\action\Action.class.php(21): UserAction->index()
#5 D:\phpstudy_pro\WWW\www.qphp.com\QPHP\QPHP.php(24): Action->call(Object(UserAction), 'index')
#6 D:\phpstudy_pro\WWW\www.qphp.com\index.php(72): QPHP->run()
#7 {main}
Code: 0 Message: PDO CONNECT ERROR:SQLSTATE[HY000]: pdo_oci_handle_factory: ORA-12541: TNS:no listener
 (ext\pdo_oci\oci_driver.c:709)
Exception: PDO CONNECT ERROR:SQLSTATE[HY000]: pdo_oci_handle_factory: ORA-12541: TNS:no listener
 (ext\pdo_oci\oci_driver.c:709) in D:\phpstudy_pro\WWW\www.qphp.com\QPHP\core\pdo\QDbOracle.class.php:66
Stack trace:
#0 D:\phpstudy_pro\WWW\www.qphp.com\QPHP\core\pdo\QDbPdo.class.php(179): QDbOracle->connect()
#1 D:\phpstudy_pro\WWW\www.qphp.com\QPHP\core\model\BaseModel.class.php(184): QDbPdo->getRows('select * from (...')
#2 D:\phpstudy_pro\WWW\www.qphp.com\QPHP\core\model\OracleModel.class.php(57): BaseModel->executeSql('getRows')
#3 D:\phpstudy_pro\WWW\www.qphp.com\application\index\App\Action\User.action.php(21): OracleModel->select()
#4 D:\phpstudy_pro\WWW\www.qphp.com\QPHP\core\action\Action.class.php(21): UserAction->index()
#5 D:\phpstudy_pro\WWW\www.qphp.com\QPHP\QPHP.php(24): Action->call(Object(UserAction), 'index')
#6 D:\phpstudy_pro\WWW\www.qphp.com\index.php(72): QPHP->run()
#7 {main}
Code: 0 Message: PDO CONNECT ERROR:SQLSTATE[HY000]: pdo_oci_handle_factory: ORA-12541: TNS:no listener
 (ext\pdo_oci\oci_driver.c:709)
Exception: PDO CONNECT ERROR:SQLSTATE[HY000]: pdo_oci_handle_factory: ORA-12541: TNS:no listener
 (ext\pdo_oci\oci_driver.c:709) in D:\phpstudy_pro\WWW\www.qphp.com\QPHP\core\pdo\QDbOracle.class.php:66
Stack trace:
#0 D:\phpstudy_pro\WWW\www.qphp.com\QPHP\core\pdo\QDbPdo.class.php(179): QDbOracle->connect()
#1 D:\phpstudy_pro\WWW\www.qphp.com\QPHP\core\model\BaseModel.class.php(184): QDbPdo->getRows('select * from (...')
#2 D:\phpstudy_pro\WWW\www.qphp.com\QPHP\core\model\OracleModel.class.php(57): BaseModel->executeSql('getRows')
#3 D:\phpstudy_pro\WWW\www.qphp.com\application\index\App\Action\User.action.php(21): OracleModel->select()
#4 D:\phpstudy_pro\WWW\www.qphp.com\QPHP\core\action\Action.class.php(21): UserAction->index()
#5 D:\phpstudy_pro\WWW\www.qphp.com\QPHP\QPHP.php(24): Action->call(Object(UserAction), 'index')
#6 D:\phpstudy_pro\WWW\www.qphp.com\index.php(72): QPHP->run()
#7 {main}
Code: 0 Message: PDO CONNECT ERROR:SQLSTATE[HY000]: pdo_oci_handle_factory: ORA-12541: TNS:no listener
 (ext\pdo_oci\oci_driver.c:709)
Exception: PDO CONNECT ERROR:SQLSTATE[HY000]: pdo_oci_handle_factory: ORA-12541: TNS:no listener
 (ext\pdo_oci\oci_driver.c:709) in D:\phpstudy_pro\WWW\www.qphp.com\QPHP\core\pdo\QDbOracle.class.php:66
Stack trace:
#0 D:\phpstudy_pro\WWW\www.qphp.com\QPHP\core\pdo\QDbPdo.class.php(179): QDbOracle->connect()
#1 D:\phpstudy_pro\WWW\www.qphp.com\QPHP\core\model\BaseModel.class.php(184): QDbPdo->getRows('select * from (...')
#2 D:\phpstudy_pro\WWW\www.qphp.com\QPHP\core\model\OracleModel.class.php(57): BaseModel->executeSql('getRows')
#3 D:\phpstudy_pro\WWW\www.qphp.com\application\index\App\Action\User.action.php(21): OracleModel->select()
#4 D:\phpstudy_pro\WWW\www.qphp.com\QPHP\core\action\Action.class.php(21): UserAction->index()
#5 D:\phpstudy_pro\WWW\www.qphp.com\QPHP\QPHP.php(24): Action->call(Object(UserAction), 'index')
#6 D:\phpstudy_pro\WWW\www.qphp.com\index.php(72): QPHP->run()
#7 {main}
Code: 0 Message: PDO CONNECT ERROR:SQLSTATE[HY000]: pdo_oci_handle_factory: ORA-12541: TNS:no listener
 (ext\pdo_oci\oci_driver.c:709)
Exception: PDO CONNECT ERROR:SQLSTATE[HY000]: pdo_oci_handle_factory: ORA-12541: TNS:no listener
 (ext\pdo_oci\oci_driver.c:709) in D:\phpstudy_pro\WWW\www.qphp.com\QPHP\core\pdo\QDbOracle.class.php:66
Stack trace:
#0 D:\phpstudy_pro\WWW\www.qphp.com\QPHP\core\pdo\QDbPdo.class.php(179): QDbOracle->connect()
#1 D:\phpstudy_pro\WWW\www.qphp.com\QPHP\core\model\BaseModel.class.php(184): QDbPdo->getRows('select * from (...')
#2 D:\phpstudy_pro\WWW\www.qphp.com\QPHP\core\model\OracleModel.class.php(57): BaseModel->executeSql('getRows')
#3 D:\phpstudy_pro\WWW\www.qphp.com\application\index\App\Action\User.action.php(21): OracleModel->select()
#4 D:\phpstudy_pro\WWW\www.qphp.com\QPHP\core\action\Action.class.php(21): UserAction->index()
#5 D:\phpstudy_pro\WWW\www.qphp.com\QPHP\QPHP.php(24): Action->call(Object(UserAction), 'index')
#6 D:\phpstudy_pro\WWW\www.qphp.com\index.php(72): QPHP->run()
#7 {main}
Code: 0 Message: PDO CONNECT ERROR:SQLSTATE[HY000]: pdo_oci_handle_factory: ORA-12541: TNS:no listener
 (ext\pdo_oci\oci_driver.c:709)
Exception: PDO CONNECT ERROR:SQLSTATE[HY000]: pdo_oci_handle_factory: ORA-12541: TNS:no listener
 (ext\pdo_oci\oci_driver.c:709) in D:\phpstudy_pro\WWW\www.qphp.com\QPHP\core\pdo\QDbOracle.class.php:66
Stack trace:
#0 D:\phpstudy_pro\WWW\www.qphp.com\QPHP\core\pdo\QDbPdo.class.php(179): QDbOracle->connect()
#1 D:\phpstudy_pro\WWW\www.qphp.com\QPHP\core\model\BaseModel.class.php(184): QDbPdo->getRows('select * from (...')
#2 D:\phpstudy_pro\WWW\www.qphp.com\QPHP\core\model\OracleModel.class.php(57): BaseModel->executeSql('getRows')
#3 D:\phpstudy_pro\WWW\www.qphp.com\application\index\App\Action\User.action.php(21): OracleModel->select()
#4 D:\phpstudy_pro\WWW\www.qphp.com\QPHP\core\action\Action.class.php(21): UserAction->index()
#5 D:\phpstudy_pro\WWW\www.qphp.com\QPHP\QPHP.php(24): Action->call(Object(UserAction), 'index')
#6 D:\phpstudy_pro\WWW\www.qphp.com\index.php(72): QPHP->run()
#7 {main}
