Unknown error type: [8] Undefined index: id
Unknown error on line 10 in file D:\phpstudy_pro\WWW\www.qphp.com\application\index\App\Action\Index.action.php
Request the address: www.qphp.com/index.php/index/age
The wrong time: 2022-06-08 18:15:06
Unknown error type: [8] Undefined index: id
Unknown error on line 10 in file D:\phpstudy_pro\WWW\www.qphp.com\application\index\App\Action\Index.action.php
Request the address: www.qphp.com/favicon.ico
The wrong time: 2022-06-08 18:15:06
Unknown error type: [8] Undefined index: id
Unknown error on line 8 in file D:\phpstudy_pro\WWW\www.qphp.com\application\index\App\Action\Index.action.php
Request the address: www.qphp.com/favicon.ico
The wrong time: 2022-06-08 18:36:56
Unknown error type: [8] Undefined index: id
Unknown error on line 8 in file D:\phpstudy_pro\WWW\www.qphp.com\application\index\App\Action\Index.action.php
Request the address: www.qphp.com/favicon.ico
The wrong time: 2022-06-08 18:36:57
Unknown error type: [8] Undefined index: id
Unknown error on line 8 in file D:\phpstudy_pro\WWW\www.qphp.com\application\index\App\Action\Index.action.php
Request the address: www.qphp.com/favicon.ico
The wrong time: 2022-06-08 18:36:58
Unknown error type: [8] Undefined index: id
Unknown error on line 8 in file D:\phpstudy_pro\WWW\www.qphp.com\application\index\App\Action\Index.action.php
Request the address: www.qphp.com/favicon.ico
The wrong time: 2022-06-08 18:37:16
Unknown error type: [8] Undefined index: id
Unknown error on line 8 in file D:\phpstudy_pro\WWW\www.qphp.com\application\index\App\Action\Index.action.php
Request the address: www.qphp.com/favicon.ico
The wrong time: 2022-06-08 18:37:17
Unknown error type: [8] Undefined index: id
Unknown error on line 8 in file D:\phpstudy_pro\WWW\www.qphp.com\application\index\App\Action\Index.action.php
Request the address: www.qphp.com/favicon.ico
The wrong time: 2022-06-08 18:37:17
Unknown error type: [8] Undefined index: id
Unknown error on line 8 in file D:\phpstudy_pro\WWW\www.qphp.com\application\index\App\Action\Index.action.php
Request the address: www.qphp.com/favicon.ico
The wrong time: 2022-06-08 18:37:17
Unknown error type: [8] Undefined index: id
Unknown error on line 8 in file D:\phpstudy_pro\WWW\www.qphp.com\application\index\App\Action\Index.action.php
Request the address: www.qphp.com/favicon.ico
The wrong time: 2022-06-08 18:37:28
Unknown error type: [8] Undefined index: id
Unknown error on line 8 in file D:\phpstudy_pro\WWW\www.qphp.com\application\index\App\Action\Index.action.php
Request the address: www.qphp.com/favicon.ico
The wrong time: 2022-06-08 18:37:29
Unknown error type: [8] Undefined index: id
Unknown error on line 8 in file D:\phpstudy_pro\WWW\www.qphp.com\application\index\App\Action\Index.action.php
Request the address: www.qphp.com/favicon.ico
The wrong time: 2022-06-08 18:37:29
Unknown error type: [8] Undefined index: id
Unknown error on line 8 in file D:\phpstudy_pro\WWW\www.qphp.com\application\index\App\Action\Index.action.php
Request the address: www.qphp.com/favicon.ico
The wrong time: 2022-06-08 18:37:29
Unknown error type: [8] Undefined index: id
Unknown error on line 8 in file D:\phpstudy_pro\WWW\www.qphp.com\application\index\App\Action\Index.action.php
Request the address: www.qphp.com/index/name
The wrong time: 2022-06-08 18:57:28
Unknown error type: [8] Undefined index: id
Unknown error on line 8 in file D:\phpstudy_pro\WWW\www.qphp.com\application\index\App\Action\Index.action.php
Request the address: www.qphp.com/favicon.ico
The wrong time: 2022-06-08 18:57:28
Unknown error type: [8] Undefined index: id
Unknown error on line 8 in file D:\phpstudy_pro\WWW\www.qphp.com\application\index\App\Action\Index.action.php
Request the address: www.qphp.com/favicon.ico
The wrong time: 2022-06-08 19:12:49
Unknown error type: [8] Undefined index: id
Unknown error on line 8 in file D:\phpstudy_pro\WWW\www.qphp.com\application\index\App\Action\Index.action.php
Request the address: www.qphp.com/favicon.ico
The wrong time: 2022-06-08 19:12:54
Unknown error type: [8] Undefined index: id
Unknown error on line 8 in file D:\phpstudy_pro\WWW\www.qphp.com\application\index\App\Action\Index.action.php
Request the address: www.qphp.com/index/age
The wrong time: 2022-06-08 19:20:35
Unknown error type: [8] Undefined index: id
Unknown error on line 8 in file D:\phpstudy_pro\WWW\www.qphp.com\application\index\App\Action\Index.action.php
Request the address: www.qphp.com/favicon.ico
The wrong time: 2022-06-08 19:20:35
Unknown error type: [8] Undefined index: id
Unknown error on line 8 in file D:\phpstudy_pro\WWW\www.qphp.com\application\index\App\Action\Index.action.php
Request the address: www.qphp.com/index/age
The wrong time: 2022-06-08 19:21:53
Unknown error type: [8] Undefined index: id
Unknown error on line 8 in file D:\phpstudy_pro\WWW\www.qphp.com\application\index\App\Action\Index.action.php
Request the address: www.qphp.com/favicon.ico
The wrong time: 2022-06-08 19:21:53
Unknown error type: [8] Undefined index: id
Unknown error on line 8 in file D:\phpstudy_pro\WWW\www.qphp.com\application\index\App\Action\Index.action.php
Request the address: www.qphp.com/index/age
The wrong time: 2022-06-08 19:22:09
Unknown error type: [8] Undefined index: id
Unknown error on line 8 in file D:\phpstudy_pro\WWW\www.qphp.com\application\index\App\Action\Index.action.php
Request the address: www.qphp.com/favicon.ico
The wrong time: 2022-06-08 19:22:09
Unknown error type: [8] Undefined index: id
Unknown error on line 8 in file D:\phpstudy_pro\WWW\www.qphp.com\application\index\App\Action\Index.action.php
Request the address: www.qphp.com/index/age
The wrong time: 2022-06-08 19:22:36
Unknown error type: [8] Undefined index: id
Unknown error on line 8 in file D:\phpstudy_pro\WWW\www.qphp.com\application\index\App\Action\Index.action.php
Request the address: www.qphp.com/favicon.ico
The wrong time: 2022-06-08 19:22:37
Unknown error type: [8] Undefined index: id
Unknown error on line 8 in file D:\phpstudy_pro\WWW\www.qphp.com\application\index\App\Action\Index.action.php
Request the address: www.qphp.com/index/age
The wrong time: 2022-06-08 19:22:49
Unknown error type: [8] Undefined index: id
Unknown error on line 8 in file D:\phpstudy_pro\WWW\www.qphp.com\application\index\App\Action\Index.action.php
Request the address: www.qphp.com/favicon.ico
The wrong time: 2022-06-08 19:22:49
Unknown error type: [8] Undefined index: id
Unknown error on line 8 in file D:\phpstudy_pro\WWW\www.qphp.com\application\index\App\Action\Index.action.php
Request the address: www.qphp.com/index/age
The wrong time: 2022-06-08 19:23:26
Unknown error type: [8] Undefined index: id
Unknown error on line 8 in file D:\phpstudy_pro\WWW\www.qphp.com\application\index\App\Action\Index.action.php
Request the address: www.qphp.com/favicon.ico
The wrong time: 2022-06-08 19:23:26
Unknown error type: [8] Undefined index: id
Unknown error on line 8 in file D:\phpstudy_pro\WWW\www.qphp.com\application\index\App\Action\Index.action.php
Request the address: www.qphp.com/index/age
The wrong time: 2022-06-08 19:23:37
Unknown error type: [8] Undefined index: id
Unknown error on line 8 in file D:\phpstudy_pro\WWW\www.qphp.com\application\index\App\Action\Index.action.php
Request the address: www.qphp.com/favicon.ico
The wrong time: 2022-06-08 19:23:37
Unknown error type: [8] Undefined index: id
Unknown error on line 8 in file D:\phpstudy_pro\WWW\www.qphp.com\application\index\App\Action\Index.action.php
Request the address: www.qphp.com/index/age
The wrong time: 2022-06-08 19:23:53
Unknown error type: [8] Undefined index: id
Unknown error on line 8 in file D:\phpstudy_pro\WWW\www.qphp.com\application\index\App\Action\Index.action.php
Request the address: www.qphp.com/favicon.ico
The wrong time: 2022-06-08 19:23:53
Unknown error type: [8] Undefined index: id
Unknown error on line 8 in file D:\phpstudy_pro\WWW\www.qphp.com\application\index\App\Action\Index.action.php
Request the address: www.qphp.com/index/age
The wrong time: 2022-06-08 19:24:09
Unknown error type: [8] Undefined index: id
Unknown error on line 8 in file D:\phpstudy_pro\WWW\www.qphp.com\application\index\App\Action\Index.action.php
Request the address: www.qphp.com/favicon.ico
The wrong time: 2022-06-08 19:24:09
Unknown error type: [8] Undefined index: id
Unknown error on line 8 in file D:\phpstudy_pro\WWW\www.qphp.com\application\index\App\Action\Index.action.php
Request the address: www.qphp.com/index/age
The wrong time: 2022-06-08 19:24:35
Unknown error type: [8] Undefined index: id
Unknown error on line 8 in file D:\phpstudy_pro\WWW\www.qphp.com\application\index\App\Action\Index.action.php
Request the address: www.qphp.com/favicon.ico
The wrong time: 2022-06-08 19:24:35
Unknown error type: [8] Undefined index: id
Unknown error on line 8 in file D:\phpstudy_pro\WWW\www.qphp.com\application\index\App\Action\Index.action.php
Request the address: www.qphp.com/index/age
The wrong time: 2022-06-08 19:25:58
Unknown error type: [8] Undefined index: id
Unknown error on line 8 in file D:\phpstudy_pro\WWW\www.qphp.com\application\index\App\Action\Index.action.php
Request the address: www.qphp.com/favicon.ico
The wrong time: 2022-06-08 19:25:58
Unknown error type: [8] Undefined index: id
Unknown error on line 8 in file D:\phpstudy_pro\WWW\www.qphp.com\application\index\App\Action\Index.action.php
Request the address: www.qphp.com/index/age
The wrong time: 2022-06-08 19:26:00
Unknown error type: [8] Undefined index: id
Unknown error on line 8 in file D:\phpstudy_pro\WWW\www.qphp.com\application\index\App\Action\Index.action.php
Request the address: www.qphp.com/favicon.ico
The wrong time: 2022-06-08 19:26:00
Unknown error type: [8] Undefined index: id
Unknown error on line 8 in file D:\phpstudy_pro\WWW\www.qphp.com\application\index\App\Action\Index.action.php
Request the address: www.qphp.com/index/age
The wrong time: 2022-06-08 19:26:24
Unknown error type: [8] Undefined index: id
Unknown error on line 8 in file D:\phpstudy_pro\WWW\www.qphp.com\application\index\App\Action\Index.action.php
Request the address: www.qphp.com/favicon.ico
The wrong time: 2022-06-08 19:26:24
Unknown error type: [8] Undefined index: id
Unknown error on line 8 in file D:\phpstudy_pro\WWW\www.qphp.com\application\index\App\Action\Index.action.php
Request the address: www.qphp.com/index/age
The wrong time: 2022-06-08 19:26:24
Unknown error type: [8] Undefined index: id
Unknown error on line 8 in file D:\phpstudy_pro\WWW\www.qphp.com\application\index\App\Action\Index.action.php
Request the address: www.qphp.com/favicon.ico
The wrong time: 2022-06-08 19:26:24
Unknown error type: [8] Undefined index: id
Unknown error on line 8 in file D:\phpstudy_pro\WWW\www.qphp.com\application\index\App\Action\Index.action.php
Request the address: www.qphp.com/index/age
The wrong time: 2022-06-08 19:26:25
Unknown error type: [8] Undefined index: id
Unknown error on line 8 in file D:\phpstudy_pro\WWW\www.qphp.com\application\index\App\Action\Index.action.php
Request the address: www.qphp.com/favicon.ico
The wrong time: 2022-06-08 19:26:25
Unknown error type: [8] Undefined index: id
Unknown error on line 8 in file D:\phpstudy_pro\WWW\www.qphp.com\application\index\App\Action\Index.action.php
Request the address: www.qphp.com/index/age
The wrong time: 2022-06-08 19:27:05
Unknown error type: [8] Undefined index: id
Unknown error on line 8 in file D:\phpstudy_pro\WWW\www.qphp.com\application\index\App\Action\Index.action.php
Request the address: www.qphp.com/favicon.ico
The wrong time: 2022-06-08 19:27:05
Unknown error type: [8] Undefined index: id
Unknown error on line 8 in file D:\phpstudy_pro\WWW\www.qphp.com\application\index\App\Action\Index.action.php
Request the address: www.qphp.com/index/age
The wrong time: 2022-06-08 19:27:20
Unknown error type: [8] Undefined index: id
Unknown error on line 8 in file D:\phpstudy_pro\WWW\www.qphp.com\application\index\App\Action\Index.action.php
Request the address: www.qphp.com/favicon.ico
The wrong time: 2022-06-08 19:27:20
Unknown error type: [8] Undefined index: id
Unknown error on line 8 in file D:\phpstudy_pro\WWW\www.qphp.com\application\index\App\Action\Index.action.php
Request the address: www.qphp.com/index/age
The wrong time: 2022-06-08 19:27:20
Unknown error type: [8] Undefined index: id
Unknown error on line 8 in file D:\phpstudy_pro\WWW\www.qphp.com\application\index\App\Action\Index.action.php
Request the address: www.qphp.com/favicon.ico
The wrong time: 2022-06-08 19:27:20
Unknown error type: [8] Undefined index: id
Unknown error on line 8 in file D:\phpstudy_pro\WWW\www.qphp.com\application\index\App\Action\Index.action.php
Request the address: www.qphp.com/index/age
The wrong time: 2022-06-08 19:27:21
Unknown error type: [8] Undefined index: id
Unknown error on line 8 in file D:\phpstudy_pro\WWW\www.qphp.com\application\index\App\Action\Index.action.php
Request the address: www.qphp.com/favicon.ico
The wrong time: 2022-06-08 19:27:21
Unknown error type: [8] Undefined index: id
Unknown error on line 8 in file D:\phpstudy_pro\WWW\www.qphp.com\application\index\App\Action\Index.action.php
Request the address: www.qphp.com/index/age
The wrong time: 2022-06-08 19:27:21
Unknown error type: [8] Undefined index: id
Unknown error on line 8 in file D:\phpstudy_pro\WWW\www.qphp.com\application\index\App\Action\Index.action.php
Request the address: www.qphp.com/favicon.ico
The wrong time: 2022-06-08 19:27:21
Unknown error type: [8] Undefined index: id
Unknown error on line 8 in file D:\phpstudy_pro\WWW\www.qphp.com\application\index\App\Action\Index.action.php
Request the address: www.qphp.com/index/age
The wrong time: 2022-06-08 19:28:19
Unknown error type: [8] Undefined index: id
Unknown error on line 8 in file D:\phpstudy_pro\WWW\www.qphp.com\application\index\App\Action\Index.action.php
Request the address: www.qphp.com/favicon.ico
The wrong time: 2022-06-08 19:28:20
Unknown error type: [8] Undefined index: id
Unknown error on line 8 in file D:\phpstudy_pro\WWW\www.qphp.com\application\index\App\Action\Index.action.php
Request the address: www.qphp.com/index/age
The wrong time: 2022-06-08 19:28:20
Unknown error type: [8] Undefined index: id
Unknown error on line 8 in file D:\phpstudy_pro\WWW\www.qphp.com\application\index\App\Action\Index.action.php
Request the address: www.qphp.com/favicon.ico
The wrong time: 2022-06-08 19:28:20
Unknown error type: [8] Undefined index: id
Unknown error on line 8 in file D:\phpstudy_pro\WWW\www.qphp.com\application\index\App\Action\Index.action.php
Request the address: www.qphp.com/index/age
The wrong time: 2022-06-08 19:28:20
Unknown error type: [8] Undefined index: id
Unknown error on line 8 in file D:\phpstudy_pro\WWW\www.qphp.com\application\index\App\Action\Index.action.php
Request the address: www.qphp.com/favicon.ico
The wrong time: 2022-06-08 19:28:20
Unknown error type: [8] Undefined index: id
Unknown error on line 8 in file D:\phpstudy_pro\WWW\www.qphp.com\application\index\App\Action\Index.action.php
Request the address: www.qphp.com/index/age
The wrong time: 2022-06-08 19:28:20
Unknown error type: [8] Undefined index: id
Unknown error on line 8 in file D:\phpstudy_pro\WWW\www.qphp.com\application\index\App\Action\Index.action.php
Request the address: www.qphp.com/favicon.ico
The wrong time: 2022-06-08 19:28:20
Unknown error type: [8] Undefined index: id
Unknown error on line 8 in file D:\phpstudy_pro\WWW\www.qphp.com\application\index\App\Action\Index.action.php
Request the address: www.qphp.com/index/age
The wrong time: 2022-06-08 19:28:21
Unknown error type: [8] Undefined index: id
Unknown error on line 8 in file D:\phpstudy_pro\WWW\www.qphp.com\application\index\App\Action\Index.action.php
Request the address: www.qphp.com/favicon.ico
The wrong time: 2022-06-08 19:28:21
Unknown error type: [8] Undefined index: id
Unknown error on line 8 in file D:\phpstudy_pro\WWW\www.qphp.com\application\index\App\Action\Index.action.php
Request the address: www.qphp.com/index/age
The wrong time: 2022-06-08 19:28:21
Unknown error type: [8] Undefined index: id
Unknown error on line 8 in file D:\phpstudy_pro\WWW\www.qphp.com\application\index\App\Action\Index.action.php
Request the address: www.qphp.com/favicon.ico
The wrong time: 2022-06-08 19:28:21
Unknown error type: [8] Undefined index: id
Unknown error on line 8 in file D:\phpstudy_pro\WWW\www.qphp.com\application\index\App\Action\Index.action.php
Request the address: www.qphp.com/index/age
The wrong time: 2022-06-08 19:28:21
Unknown error type: [8] Undefined index: id
Unknown error on line 8 in file D:\phpstudy_pro\WWW\www.qphp.com\application\index\App\Action\Index.action.php
Request the address: www.qphp.com/favicon.ico
The wrong time: 2022-06-08 19:28:21
Unknown error type: [8] Undefined index: id
Unknown error on line 8 in file D:\phpstudy_pro\WWW\www.qphp.com\application\index\App\Action\Index.action.php
Request the address: www.qphp.com/index/age
The wrong time: 2022-06-08 19:28:21
Unknown error type: [8] Undefined index: id
Unknown error on line 8 in file D:\phpstudy_pro\WWW\www.qphp.com\application\index\App\Action\Index.action.php
Request the address: www.qphp.com/favicon.ico
The wrong time: 2022-06-08 19:28:21
Unknown error type: [8] Undefined index: id
Unknown error on line 8 in file D:\phpstudy_pro\WWW\www.qphp.com\application\index\App\Action\Index.action.php
Request the address: www.qphp.com/index/age
The wrong time: 2022-06-08 19:28:22
Unknown error type: [8] Undefined index: id
Unknown error on line 8 in file D:\phpstudy_pro\WWW\www.qphp.com\application\index\App\Action\Index.action.php
Request the address: www.qphp.com/favicon.ico
The wrong time: 2022-06-08 19:28:22
Unknown error type: [8] Undefined index: id
Unknown error on line 8 in file D:\phpstudy_pro\WWW\www.qphp.com\application\index\App\Action\Index.action.php
Request the address: www.qphp.com/index/age
The wrong time: 2022-06-08 19:28:22
Unknown error type: [8] Undefined index: id
Unknown error on line 8 in file D:\phpstudy_pro\WWW\www.qphp.com\application\index\App\Action\Index.action.php
Request the address: www.qphp.com/favicon.ico
The wrong time: 2022-06-08 19:28:22
Unknown error type: [8] Undefined index: id
Unknown error on line 8 in file D:\phpstudy_pro\WWW\www.qphp.com\application\index\App\Action\Index.action.php
Request the address: www.qphp.com/index/age
The wrong time: 2022-06-08 19:28:22
Unknown error type: [8] Undefined index: id
Unknown error on line 8 in file D:\phpstudy_pro\WWW\www.qphp.com\application\index\App\Action\Index.action.php
Request the address: www.qphp.com/favicon.ico
The wrong time: 2022-06-08 19:28:22
Unknown error type: [8] Undefined index: id
Unknown error on line 8 in file D:\phpstudy_pro\WWW\www.qphp.com\application\index\App\Action\Index.action.php
Request the address: www.qphp.com/index/age
The wrong time: 2022-06-08 19:28:22
Unknown error type: [8] Undefined index: id
Unknown error on line 8 in file D:\phpstudy_pro\WWW\www.qphp.com\application\index\App\Action\Index.action.php
Request the address: www.qphp.com/favicon.ico
The wrong time: 2022-06-08 19:28:22
Unknown error type: [8] Undefined index: id
Unknown error on line 8 in file D:\phpstudy_pro\WWW\www.qphp.com\application\index\App\Action\Index.action.php
Request the address: www.qphp.com/index/age
The wrong time: 2022-06-08 19:28:22
Unknown error type: [8] Undefined index: id
Unknown error on line 8 in file D:\phpstudy_pro\WWW\www.qphp.com\application\index\App\Action\Index.action.php
Request the address: www.qphp.com/favicon.ico
The wrong time: 2022-06-08 19:28:22
Unknown error type: [8] Undefined index: id
Unknown error on line 8 in file D:\phpstudy_pro\WWW\www.qphp.com\application\index\App\Action\Index.action.php
Request the address: www.qphp.com/index/age
The wrong time: 2022-06-08 19:31:02
Unknown error type: [8] Undefined index: id
Unknown error on line 8 in file D:\phpstudy_pro\WWW\www.qphp.com\application\index\App\Action\Index.action.php
Request the address: www.qphp.com/favicon.ico
The wrong time: 2022-06-08 19:31:02
Unknown error type: [8] Undefined index: id
Unknown error on line 8 in file D:\phpstudy_pro\WWW\www.qphp.com\application\index\App\Action\Index.action.php
Request the address: www.qphp.com/index/age
The wrong time: 2022-06-08 19:32:21
Unknown error type: [8] Undefined index: id
Unknown error on line 8 in file D:\phpstudy_pro\WWW\www.qphp.com\application\index\App\Action\Index.action.php
Request the address: www.qphp.com/favicon.ico
The wrong time: 2022-06-08 19:32:21
Unknown error type: [8] Undefined index: id
Unknown error on line 8 in file D:\phpstudy_pro\WWW\www.qphp.com\application\index\App\Action\Index.action.php
Request the address: www.qphp.com/index/age
The wrong time: 2022-06-08 19:33:02
Unknown error type: [8] Undefined index: id
Unknown error on line 8 in file D:\phpstudy_pro\WWW\www.qphp.com\application\index\App\Action\Index.action.php
Request the address: www.qphp.com/favicon.ico
The wrong time: 2022-06-08 19:33:02
Unknown error type: [8] Undefined index: id
Unknown error on line 8 in file D:\phpstudy_pro\WWW\www.qphp.com\application\index\App\Action\Index.action.php
Request the address: www.qphp.com/favicon.ico
The wrong time: 2022-06-08 19:40:38
Unknown error type: [8] Undefined index: id
Unknown error on line 8 in file D:\phpstudy_pro\WWW\www.qphp.com\application\index\App\Action\Index.action.php
Request the address: www.qphp.com/favicon.ico
The wrong time: 2022-06-08 19:41:36
Unknown error type: [8] Undefined index: id
Unknown error on line 8 in file D:\phpstudy_pro\WWW\www.qphp.com\application\index\App\Action\Index.action.php
Request the address: www.qphp.com/favicon.ico
The wrong time: 2022-06-08 19:41:42
Unknown error type: [8] Undefined index: id
Unknown error on line 8 in file D:\phpstudy_pro\WWW\www.qphp.com\application\index\App\Action\Index.action.php
Request the address: www.qphp.com/favicon.ico
The wrong time: 2022-06-08 19:43:53
Unknown error type: [8] Undefined index: id
Unknown error on line 8 in file D:\phpstudy_pro\WWW\www.qphp.com\application\index\App\Action\Index.action.php
Request the address: www.qphp.com/favicon.ico
The wrong time: 2022-06-08 19:43:54
Unknown error type: [8] Undefined index: id
Unknown error on line 8 in file D:\phpstudy_pro\WWW\www.qphp.com\application\index\App\Action\Index.action.php
Request the address: www.qphp.com/favicon.ico
The wrong time: 2022-06-08 19:44:31
Unknown error type: [8] Undefined index: id
Unknown error on line 8 in file D:\phpstudy_pro\WWW\www.qphp.com\application\index\App\Action\Index.action.php
Request the address: www.qphp.com/favicon.ico
The wrong time: 2022-06-08 19:44:32
Unknown error type: [8] Undefined index: id
Unknown error on line 8 in file D:\phpstudy_pro\WWW\www.qphp.com\application\index\App\Action\Index.action.php
Request the address: www.qphp.com/favicon.ico
The wrong time: 2022-06-08 19:44:32
Unknown error type: [8] Undefined index: id
Unknown error on line 8 in file D:\phpstudy_pro\WWW\www.qphp.com\application\index\App\Action\Index.action.php
Request the address: www.qphp.com/favicon.ico
The wrong time: 2022-06-08 19:45:00
Unknown error type: [8] Undefined index: id
Unknown error on line 8 in file D:\phpstudy_pro\WWW\www.qphp.com\application\index\App\Action\Index.action.php
Request the address: www.qphp.com/favicon.ico
The wrong time: 2022-06-08 19:45:01
Unknown error type: [8] Undefined index: id
Unknown error on line 8 in file D:\phpstudy_pro\WWW\www.qphp.com\application\index\App\Action\Index.action.php
Request the address: www.qphp.com/favicon.ico
The wrong time: 2022-06-08 19:45:28
Unknown error type: [8] Undefined index: id
Unknown error on line 8 in file D:\phpstudy_pro\WWW\www.qphp.com\application\index\App\Action\Index.action.php
Request the address: www.qphp.com/favicon.ico
The wrong time: 2022-06-08 19:45:57
Unknown error type: [8] Undefined index: id
Unknown error on line 8 in file D:\phpstudy_pro\WWW\www.qphp.com\application\index\App\Action\Index.action.php
Request the address: www.qphp.com/favicon.ico
The wrong time: 2022-06-08 19:46:36
Unknown error type: [8] Undefined index: id
Unknown error on line 8 in file D:\phpstudy_pro\WWW\www.qphp.com\application\index\App\Action\Index.action.php
Request the address: www.qphp.com/favicon.ico
The wrong time: 2022-06-08 19:47:38
Unknown error type: [8] Undefined index: id
Unknown error on line 8 in file D:\phpstudy_pro\WWW\www.qphp.com\application\index\App\Action\Index.action.php
Request the address: www.qphp.com/favicon.ico
The wrong time: 2022-06-08 19:47:39
Unknown error type: [8] Undefined index: id
Unknown error on line 8 in file D:\phpstudy_pro\WWW\www.qphp.com\application\index\App\Action\Index.action.php
Request the address: www.qphp.com/favicon.ico
The wrong time: 2022-06-08 19:47:39
Unknown error type: [8] Undefined index: id
Unknown error on line 8 in file D:\phpstudy_pro\WWW\www.qphp.com\application\index\App\Action\Index.action.php
Request the address: www.qphp.com/favicon.ico
The wrong time: 2022-06-08 19:47:39
Unknown error type: [8] Undefined index: id
Unknown error on line 8 in file D:\phpstudy_pro\WWW\www.qphp.com\application\index\App\Action\Index.action.php
Request the address: www.qphp.com/favicon.ico
The wrong time: 2022-06-08 19:47:40
Unknown error type: [8] Undefined index: id
Unknown error on line 8 in file D:\phpstudy_pro\WWW\www.qphp.com\application\index\App\Action\Index.action.php
Request the address: www.qphp.com/favicon.ico
The wrong time: 2022-06-08 19:47:40
Unknown error type: [8] Undefined index: id
Unknown error on line 8 in file D:\phpstudy_pro\WWW\www.qphp.com\application\index\App\Action\Index.action.php
Request the address: www.qphp.com/favicon.ico
The wrong time: 2022-06-08 19:47:41
Unknown error type: [8] Undefined index: id
Unknown error on line 8 in file D:\phpstudy_pro\WWW\www.qphp.com\application\index\App\Action\Index.action.php
Request the address: www.qphp.com/favicon.ico
The wrong time: 2022-06-08 19:47:41
Unknown error type: [8] Undefined index: id
Unknown error on line 8 in file D:\phpstudy_pro\WWW\www.qphp.com\application\index\App\Action\Index.action.php
Request the address: www.qphp.com/favicon.ico
The wrong time: 2022-06-08 19:47:42
Unknown error type: [8] Undefined index: id
Unknown error on line 8 in file D:\phpstudy_pro\WWW\www.qphp.com\application\index\App\Action\Index.action.php
Request the address: www.qphp.com/favicon.ico
The wrong time: 2022-06-08 19:47:43
Unknown error type: [8] Undefined index: id
Unknown error on line 8 in file D:\phpstudy_pro\WWW\www.qphp.com\application\index\App\Action\Index.action.php
Request the address: www.qphp.com/favicon.ico
The wrong time: 2022-06-08 19:48:07
Unknown error type: [8] Undefined index: id
Unknown error on line 8 in file D:\phpstudy_pro\WWW\www.qphp.com\application\index\App\Action\Index.action.php
Request the address: www.qphp.com/favicon.ico
The wrong time: 2022-06-08 19:48:13
Unknown error type: [8] Undefined index: id
Unknown error on line 8 in file D:\phpstudy_pro\WWW\www.qphp.com\application\index\App\Action\Index.action.php
Request the address: www.qphp.com/favicon.ico
The wrong time: 2022-06-08 19:48:13
Unknown error type: [8] Undefined index: id
Unknown error on line 8 in file D:\phpstudy_pro\WWW\www.qphp.com\application\index\App\Action\Index.action.php
Request the address: www.qphp.com/favicon.ico
The wrong time: 2022-06-08 19:48:13
Unknown error type: [8] Undefined index: id
Unknown error on line 8 in file D:\phpstudy_pro\WWW\www.qphp.com\application\index\App\Action\Index.action.php
Request the address: www.qphp.com/favicon.ico
The wrong time: 2022-06-08 19:48:14
Unknown error type: [8] Undefined index: id
Unknown error on line 8 in file D:\phpstudy_pro\WWW\www.qphp.com\application\index\App\Action\Index.action.php
Request the address: www.qphp.com/favicon.ico
The wrong time: 2022-06-08 19:48:14
Unknown error type: [8] Undefined index: id
Unknown error on line 8 in file D:\phpstudy_pro\WWW\www.qphp.com\application\index\App\Action\Index.action.php
Request the address: www.qphp.com/favicon.ico
The wrong time: 2022-06-08 19:48:39
Unknown error type: [8] Undefined index: id
Unknown error on line 8 in file D:\phpstudy_pro\WWW\www.qphp.com\application\index\App\Action\Index.action.php
Request the address: www.qphp.com/favicon.ico
The wrong time: 2022-06-08 19:48:39
Unknown error type: [8] Undefined index: id
Unknown error on line 8 in file D:\phpstudy_pro\WWW\www.qphp.com\application\index\App\Action\Index.action.php
Request the address: www.qphp.com/favicon.ico
The wrong time: 2022-06-08 19:48:39
Unknown error type: [8] Undefined index: id
Unknown error on line 8 in file D:\phpstudy_pro\WWW\www.qphp.com\application\index\App\Action\Index.action.php
Request the address: www.qphp.com/favicon.ico
The wrong time: 2022-06-08 19:48:51
Unknown error type: [8] Undefined index: id
Unknown error on line 8 in file D:\phpstudy_pro\WWW\www.qphp.com\application\index\App\Action\Index.action.php
Request the address: www.qphp.com/favicon.ico
The wrong time: 2022-06-08 19:48:52
Unknown error type: [8] Undefined index: id
Unknown error on line 8 in file D:\phpstudy_pro\WWW\www.qphp.com\application\index\App\Action\Index.action.php
Request the address: www.qphp.com/favicon.ico
The wrong time: 2022-06-08 19:48:52
Unknown error type: [8] Undefined index: id
Unknown error on line 8 in file D:\phpstudy_pro\WWW\www.qphp.com\application\index\App\Action\Index.action.php
Request the address: www.qphp.com/favicon.ico
The wrong time: 2022-06-08 19:48:52
Unknown error type: [8] Undefined index: id
Unknown error on line 8 in file D:\phpstudy_pro\WWW\www.qphp.com\application\index\App\Action\Index.action.php
Request the address: www.qphp.com/favicon.ico
The wrong time: 2022-06-08 19:48:53
Unknown error type: [8] Undefined index: id
Unknown error on line 8 in file D:\phpstudy_pro\WWW\www.qphp.com\application\index\App\Action\Index.action.php
Request the address: www.qphp.com/favicon.ico
The wrong time: 2022-06-08 19:48:53
Unknown error type: [8] Undefined index: id
Unknown error on line 8 in file D:\phpstudy_pro\WWW\www.qphp.com\application\index\App\Action\Index.action.php
Request the address: www.qphp.com/favicon.ico
The wrong time: 2022-06-08 19:48:54
Unknown error type: [8] Undefined index: id
Unknown error on line 8 in file D:\phpstudy_pro\WWW\www.qphp.com\application\index\App\Action\Index.action.php
Request the address: www.qphp.com/favicon.ico
The wrong time: 2022-06-08 19:48:54
Unknown error type: [8] Undefined index: id
Unknown error on line 8 in file D:\phpstudy_pro\WWW\www.qphp.com\application\index\App\Action\Index.action.php
Request the address: www.qphp.com/favicon.ico
The wrong time: 2022-06-08 19:49:05
Unknown error type: [8] Undefined index: id
Unknown error on line 8 in file D:\phpstudy_pro\WWW\www.qphp.com\application\index\App\Action\Index.action.php
Request the address: www.qphp.com/favicon.ico
The wrong time: 2022-06-08 19:49:06
Unknown error type: [8] Undefined index: id
Unknown error on line 8 in file D:\phpstudy_pro\WWW\www.qphp.com\application\index\App\Action\Index.action.php
Request the address: www.qphp.com/favicon.ico
The wrong time: 2022-06-08 19:49:06
Unknown error type: [8] Undefined index: id
Unknown error on line 8 in file D:\phpstudy_pro\WWW\www.qphp.com\application\index\App\Action\Index.action.php
Request the address: www.qphp.com/favicon.ico
The wrong time: 2022-06-08 19:49:06
Unknown error type: [8] Undefined index: id
Unknown error on line 8 in file D:\phpstudy_pro\WWW\www.qphp.com\application\index\App\Action\Index.action.php
Request the address: www.qphp.com/favicon.ico
The wrong time: 2022-06-08 19:49:06
Unknown error type: [8] Undefined index: id
Unknown error on line 8 in file D:\phpstudy_pro\WWW\www.qphp.com\application\index\App\Action\Index.action.php
Request the address: www.qphp.com/favicon.ico
The wrong time: 2022-06-08 19:49:07
Unknown error type: [8] Undefined index: id
Unknown error on line 8 in file D:\phpstudy_pro\WWW\www.qphp.com\application\index\App\Action\Index.action.php
Request the address: www.qphp.com/favicon.ico
The wrong time: 2022-06-08 19:49:07
Unknown error type: [8] Undefined index: id
Unknown error on line 8 in file D:\phpstudy_pro\WWW\www.qphp.com\application\index\App\Action\Index.action.php
Request the address: www.qphp.com/favicon.ico
The wrong time: 2022-06-08 19:49:08
Unknown error type: [8] Undefined index: id
Unknown error on line 8 in file D:\phpstudy_pro\WWW\www.qphp.com\application\index\App\Action\Index.action.php
Request the address: www.qphp.com/favicon.ico
The wrong time: 2022-06-08 19:49:08
Unknown error type: [8] Undefined index: id
Unknown error on line 8 in file D:\phpstudy_pro\WWW\www.qphp.com\application\index\App\Action\Index.action.php
Request the address: www.qphp.com/favicon.ico
The wrong time: 2022-06-08 19:49:09
Unknown error type: [8] Undefined index: id
Unknown error on line 8 in file D:\phpstudy_pro\WWW\www.qphp.com\application\index\App\Action\Index.action.php
Request the address: www.qphp.com/favicon.ico
The wrong time: 2022-06-08 19:49:09
Unknown error type: [8] Undefined index: id
Unknown error on line 8 in file D:\phpstudy_pro\WWW\www.qphp.com\application\index\App\Action\Index.action.php
Request the address: www.qphp.com/favicon.ico
The wrong time: 2022-06-08 19:49:09
Unknown error type: [8] Undefined index: id
Unknown error on line 8 in file D:\phpstudy_pro\WWW\www.qphp.com\application\index\App\Action\Index.action.php
Request the address: www.qphp.com/favicon.ico
The wrong time: 2022-06-08 19:49:09
Unknown error type: [8] Undefined index: id
Unknown error on line 8 in file D:\phpstudy_pro\WWW\www.qphp.com\application\index\App\Action\Index.action.php
Request the address: www.qphp.com/favicon.ico
The wrong time: 2022-06-08 19:49:10
Unknown error type: [8] Undefined index: id
Unknown error on line 8 in file D:\phpstudy_pro\WWW\www.qphp.com\application\index\App\Action\Index.action.php
Request the address: www.qphp.com/favicon.ico
The wrong time: 2022-06-08 19:49:10
Unknown error type: [8] Undefined index: id
Unknown error on line 8 in file D:\phpstudy_pro\WWW\www.qphp.com\application\index\App\Action\Index.action.php
Request the address: www.qphp.com/favicon.ico
The wrong time: 2022-06-08 19:49:11
Unknown error type: [8] Undefined index: id
Unknown error on line 8 in file D:\phpstudy_pro\WWW\www.qphp.com\application\index\App\Action\Index.action.php
Request the address: www.qphp.com/favicon.ico
The wrong time: 2022-06-08 19:49:11
Unknown error type: [8] Undefined index: id
Unknown error on line 8 in file D:\phpstudy_pro\WWW\www.qphp.com\application\index\App\Action\Index.action.php
Request the address: www.qphp.com/favicon.ico
The wrong time: 2022-06-08 19:49:11
Unknown error type: [8] Undefined index: id
Unknown error on line 8 in file D:\phpstudy_pro\WWW\www.qphp.com\application\index\App\Action\Index.action.php
Request the address: www.qphp.com/favicon.ico
The wrong time: 2022-06-08 19:49:12
Unknown error type: [8] Undefined index: id
Unknown error on line 8 in file D:\phpstudy_pro\WWW\www.qphp.com\application\index\App\Action\Index.action.php
Request the address: www.qphp.com/favicon.ico
The wrong time: 2022-06-08 19:49:12
Unknown error type: [8] Undefined index: id
Unknown error on line 8 in file D:\phpstudy_pro\WWW\www.qphp.com\application\index\App\Action\Index.action.php
Request the address: www.qphp.com/favicon.ico
The wrong time: 2022-06-08 19:49:12
Unknown error type: [8] Undefined index: id
Unknown error on line 8 in file D:\phpstudy_pro\WWW\www.qphp.com\application\index\App\Action\Index.action.php
Request the address: www.qphp.com/favicon.ico
The wrong time: 2022-06-08 19:49:13
Unknown error type: [8] Undefined index: id
Unknown error on line 8 in file D:\phpstudy_pro\WWW\www.qphp.com\application\index\App\Action\Index.action.php
Request the address: www.qphp.com/favicon.ico
The wrong time: 2022-06-08 19:49:13
Unknown error type: [8] Undefined index: id
Unknown error on line 8 in file D:\phpstudy_pro\WWW\www.qphp.com\application\index\App\Action\Index.action.php
Request the address: www.qphp.com/favicon.ico
The wrong time: 2022-06-08 19:49:49
Unknown error type: [8] Undefined index: id
Unknown error on line 8 in file D:\phpstudy_pro\WWW\www.qphp.com\application\index\App\Action\Index.action.php
Request the address: www.qphp.com/favicon.ico
The wrong time: 2022-06-08 19:49:50
Unknown error type: [8] Undefined index: id
Unknown error on line 8 in file D:\phpstudy_pro\WWW\www.qphp.com\application\index\App\Action\Index.action.php
Request the address: www.qphp.com/favicon.ico
The wrong time: 2022-06-08 19:49:50
Unknown error type: [8] Undefined index: id
Unknown error on line 8 in file D:\phpstudy_pro\WWW\www.qphp.com\application\index\App\Action\Index.action.php
Request the address: www.qphp.com/favicon.ico
The wrong time: 2022-06-08 19:49:50
Unknown error type: [8] Undefined index: id
Unknown error on line 8 in file D:\phpstudy_pro\WWW\www.qphp.com\application\index\App\Action\Index.action.php
Request the address: www.qphp.com/favicon.ico
The wrong time: 2022-06-08 19:49:56
Unknown error type: [8] Undefined index: id
Unknown error on line 8 in file D:\phpstudy_pro\WWW\www.qphp.com\application\index\App\Action\Index.action.php
Request the address: www.qphp.com/favicon.ico
The wrong time: 2022-06-08 19:49:59
Unknown error type: [8] Undefined index: id
Unknown error on line 8 in file D:\phpstudy_pro\WWW\www.qphp.com\application\index\App\Action\Index.action.php
Request the address: www.qphp.com/favicon.ico
The wrong time: 2022-06-08 19:50:06
