Unknown error type: [8] Undefined index: id
Unknown error on line 8 in file D:\phpstudy_pro\WWW\www.qphp.com\application\index\App\Action\Index.action.php
Request the address: www.qphp.com/favicon.ico
The wrong time: 2022-06-09 02:58:27
Unknown error type: [8] Undefined index: id
Unknown error on line 8 in file D:\phpstudy_pro\WWW\www.qphp.com\application\index\App\Action\Index.action.php
Request the address: www.qphp.com/favicon.ico
The wrong time: 2022-06-09 03:01:50
Unknown error type: [8] Undefined index: id
Unknown error on line 8 in file D:\phpstudy_pro\WWW\www.qphp.com\application\index\App\Action\Index.action.php
Request the address: www.qphp.com/favicon.ico
The wrong time: 2022-06-09 03:01:54
Unknown error type: [8] Undefined index: id
Unknown error on line 8 in file D:\phpstudy_pro\WWW\www.qphp.com\application\index\App\Action\Index.action.php
Request the address: www.qphp.com/favicon.ico
The wrong time: 2022-06-09 03:01:55
Unknown error type: [8] Undefined index: id
Unknown error on line 8 in file D:\phpstudy_pro\WWW\www.qphp.com\application\index\App\Action\Index.action.php
Request the address: www.qphp.com/favicon.ico
The wrong time: 2022-06-09 03:01:55
Unknown error type: [8] Undefined index: id
Unknown error on line 8 in file D:\phpstudy_pro\WWW\www.qphp.com\application\index\App\Action\Index.action.php
Request the address: www.qphp.com/favicon.ico
The wrong time: 2022-06-09 03:01:55
Unknown error type: [8] Undefined index: id
Unknown error on line 8 in file D:\phpstudy_pro\WWW\www.qphp.com\application\index\App\Action\Index.action.php
Request the address: www.qphp.com/favicon.ico
The wrong time: 2022-06-09 03:01:55
Unknown error type: [8] Undefined index: id
Unknown error on line 8 in file D:\phpstudy_pro\WWW\www.qphp.com\application\index\App\Action\Index.action.php
Request the address: www.qphp.com/favicon.ico
The wrong time: 2022-06-09 03:01:55
Unknown error type: [8] Undefined index: id
Unknown error on line 8 in file D:\phpstudy_pro\WWW\www.qphp.com\application\index\App\Action\Index.action.php
Request the address: www.qphp.com/favicon.ico
The wrong time: 2022-06-09 03:01:55
Unknown error type: [8] Undefined index: id
Unknown error on line 8 in file D:\phpstudy_pro\WWW\www.qphp.com\application\index\App\Action\Index.action.php
Request the address: www.qphp.com/favicon.ico
The wrong time: 2022-06-09 03:01:56
Unknown error type: [8] Undefined index: id
Unknown error on line 8 in file D:\phpstudy_pro\WWW\www.qphp.com\application\index\App\Action\Index.action.php
Request the address: www.qphp.com/favicon.ico
The wrong time: 2022-06-09 03:01:56
Unknown error type: [8] Undefined index: id
Unknown error on line 8 in file D:\phpstudy_pro\WWW\www.qphp.com\application\index\App\Action\Index.action.php
Request the address: www.qphp.com/favicon.ico
The wrong time: 2022-06-09 03:01:56
Unknown error type: [8] Undefined index: id
Unknown error on line 8 in file D:\phpstudy_pro\WWW\www.qphp.com\application\index\App\Action\Index.action.php
Request the address: www.qphp.com/favicon.ico
The wrong time: 2022-06-09 03:01:56
Unknown error type: [8] Undefined index: id
Unknown error on line 8 in file D:\phpstudy_pro\WWW\www.qphp.com\application\index\App\Action\Index.action.php
Request the address: www.qphp.com/favicon.ico
The wrong time: 2022-06-09 03:01:57
Unknown error type: [8] Undefined index: id
Unknown error on line 8 in file D:\phpstudy_pro\WWW\www.qphp.com\application\index\App\Action\Index.action.php
Request the address: www.qphp.com/favicon.ico
The wrong time: 2022-06-09 03:01:57
Unknown error type: [8] Undefined index: id
Unknown error on line 8 in file D:\phpstudy_pro\WWW\www.qphp.com\application\index\App\Action\Index.action.php
Request the address: www.qphp.com/favicon.ico
The wrong time: 2022-06-09 03:01:57
Unknown error type: [8] Undefined index: id
Unknown error on line 8 in file D:\phpstudy_pro\WWW\www.qphp.com\application\index\App\Action\Index.action.php
Request the address: www.qphp.com/favicon.ico
The wrong time: 2022-06-09 03:01:57
Unknown error type: [8] Undefined index: id
Unknown error on line 8 in file D:\phpstudy_pro\WWW\www.qphp.com\application\index\App\Action\Index.action.php
Request the address: www.qphp.com/favicon.ico
The wrong time: 2022-06-09 03:01:58
Unknown error type: [8] Undefined index: id
Unknown error on line 8 in file D:\phpstudy_pro\WWW\www.qphp.com\application\index\App\Action\Index.action.php
Request the address: www.qphp.com/favicon.ico
The wrong time: 2022-06-09 03:01:58
Unknown error type: [8] Undefined index: id
Unknown error on line 8 in file D:\phpstudy_pro\WWW\www.qphp.com\application\index\App\Action\Index.action.php
Request the address: www.qphp.com/favicon.ico
The wrong time: 2022-06-09 03:01:58
Unknown error type: [8] Undefined index: id
Unknown error on line 8 in file D:\phpstudy_pro\WWW\www.qphp.com\application\index\App\Action\Index.action.php
Request the address: www.qphp.com/favicon.ico
The wrong time: 2022-06-09 03:01:59
Unknown error type: [8] Undefined index: id
Unknown error on line 8 in file D:\phpstudy_pro\WWW\www.qphp.com\application\index\App\Action\Index.action.php
Request the address: www.qphp.com/favicon.ico
The wrong time: 2022-06-09 03:01:59
Unknown error type: [8] Undefined index: id
Unknown error on line 8 in file D:\phpstudy_pro\WWW\www.qphp.com\application\index\App\Action\Index.action.php
Request the address: www.qphp.com/favicon.ico
The wrong time: 2022-06-09 03:02:00
Unknown error type: [8] Undefined index: id
Unknown error on line 8 in file D:\phpstudy_pro\WWW\www.qphp.com\application\index\App\Action\Index.action.php
Request the address: www.qphp.com/favicon.ico
The wrong time: 2022-06-09 03:02:00
Unknown error type: [8] Undefined index: id
Unknown error on line 8 in file D:\phpstudy_pro\WWW\www.qphp.com\application\index\App\Action\Index.action.php
Request the address: www.qphp.com/favicon.ico
The wrong time: 2022-06-09 03:02:00
Unknown error type: [8] Undefined index: id
Unknown error on line 8 in file D:\phpstudy_pro\WWW\www.qphp.com\application\index\App\Action\Index.action.php
Request the address: www.qphp.com/favicon.ico
The wrong time: 2022-06-09 03:02:00
Unknown error type: [8] Undefined index: id
Unknown error on line 8 in file D:\phpstudy_pro\WWW\www.qphp.com\application\index\App\Action\Index.action.php
Request the address: www.qphp.com/favicon.ico
The wrong time: 2022-06-09 03:02:01
Unknown error type: [8] Undefined index: id
Unknown error on line 8 in file D:\phpstudy_pro\WWW\www.qphp.com\application\index\App\Action\Index.action.php
Request the address: www.qphp.com/favicon.ico
The wrong time: 2022-06-09 03:02:01
Unknown error type: [8] Undefined index: id
Unknown error on line 8 in file D:\phpstudy_pro\WWW\www.qphp.com\application\index\App\Action\Index.action.php
Request the address: www.qphp.com/favicon.ico
The wrong time: 2022-06-09 03:02:01
Unknown error type: [8] Undefined index: id
Unknown error on line 8 in file D:\phpstudy_pro\WWW\www.qphp.com\application\index\App\Action\Index.action.php
Request the address: www.qphp.com/favicon.ico
The wrong time: 2022-06-09 03:02:01
Unknown error type: [8] Undefined index: id
Unknown error on line 8 in file D:\phpstudy_pro\WWW\www.qphp.com\application\index\App\Action\Index.action.php
Request the address: www.qphp.com/favicon.ico
The wrong time: 2022-06-09 03:02:01
Unknown error type: [8] Undefined index: id
Unknown error on line 8 in file D:\phpstudy_pro\WWW\www.qphp.com\application\index\App\Action\Index.action.php
Request the address: www.qphp.com/favicon.ico
The wrong time: 2022-06-09 03:02:02
Unknown error type: [8] Undefined index: id
Unknown error on line 8 in file D:\phpstudy_pro\WWW\www.qphp.com\application\index\App\Action\Index.action.php
Request the address: www.qphp.com/favicon.ico
The wrong time: 2022-06-09 03:02:02
Unknown error type: [8] Undefined index: id
Unknown error on line 8 in file D:\phpstudy_pro\WWW\www.qphp.com\application\index\App\Action\Index.action.php
Request the address: www.qphp.com/favicon.ico
The wrong time: 2022-06-09 03:02:02
Unknown error type: [8] Undefined index: id
Unknown error on line 8 in file D:\phpstudy_pro\WWW\www.qphp.com\application\index\App\Action\Index.action.php
Request the address: www.qphp.com/favicon.ico
The wrong time: 2022-06-09 03:02:02
Unknown error type: [8] Undefined index: id
Unknown error on line 8 in file D:\phpstudy_pro\WWW\www.qphp.com\application\index\App\Action\Index.action.php
Request the address: www.qphp.com/favicon.ico
The wrong time: 2022-06-09 03:02:02
Unknown error type: [8] Undefined index: id
Unknown error on line 8 in file D:\phpstudy_pro\WWW\www.qphp.com\application\index\App\Action\Index.action.php
Request the address: www.qphp.com/favicon.ico
The wrong time: 2022-06-09 03:02:03
Unknown error type: [8] Undefined index: id
Unknown error on line 8 in file D:\phpstudy_pro\WWW\www.qphp.com\application\index\App\Action\Index.action.php
Request the address: www.qphp.com/favicon.ico
The wrong time: 2022-06-09 03:02:04
Unknown error type: [8] Undefined index: id
Unknown error on line 8 in file D:\phpstudy_pro\WWW\www.qphp.com\application\index\App\Action\Index.action.php
Request the address: www.qphp.com/favicon.ico
The wrong time: 2022-06-09 03:02:04
Unknown error type: [8] Undefined index: id
Unknown error on line 8 in file D:\phpstudy_pro\WWW\www.qphp.com\application\index\App\Action\Index.action.php
Request the address: www.qphp.com/favicon.ico
The wrong time: 2022-06-09 03:02:05
Unknown error type: [8] Undefined index: id
Unknown error on line 8 in file D:\phpstudy_pro\WWW\www.qphp.com\application\index\App\Action\Index.action.php
Request the address: www.qphp.com/favicon.ico
The wrong time: 2022-06-09 03:02:05
Unknown error type: [8] Undefined index: id
Unknown error on line 8 in file D:\phpstudy_pro\WWW\www.qphp.com\application\index\App\Action\Index.action.php
Request the address: www.qphp.com/favicon.ico
The wrong time: 2022-06-09 03:02:05
Unknown error type: [8] Undefined index: id
Unknown error on line 8 in file D:\phpstudy_pro\WWW\www.qphp.com\application\index\App\Action\Index.action.php
Request the address: www.qphp.com/favicon.ico
The wrong time: 2022-06-09 03:02:05
Unknown error type: [8] Undefined index: id
Unknown error on line 8 in file D:\phpstudy_pro\WWW\www.qphp.com\application\index\App\Action\Index.action.php
Request the address: www.qphp.com/favicon.ico
The wrong time: 2022-06-09 03:02:06
Unknown error type: [8] Undefined index: id
Unknown error on line 8 in file D:\phpstudy_pro\WWW\www.qphp.com\application\index\App\Action\Index.action.php
Request the address: www.qphp.com/favicon.ico
The wrong time: 2022-06-09 03:02:06
Unknown error type: [8] Undefined index: id
Unknown error on line 8 in file D:\phpstudy_pro\WWW\www.qphp.com\application\index\App\Action\Index.action.php
Request the address: www.qphp.com/favicon.ico
The wrong time: 2022-06-09 03:02:06
Unknown error type: [8] Undefined index: id
Unknown error on line 8 in file D:\phpstudy_pro\WWW\www.qphp.com\application\index\App\Action\Index.action.php
Request the address: www.qphp.com/favicon.ico
The wrong time: 2022-06-09 03:02:06
Unknown error type: [8] Undefined index: id
Unknown error on line 8 in file D:\phpstudy_pro\WWW\www.qphp.com\application\index\App\Action\Index.action.php
Request the address: www.qphp.com/favicon.ico
The wrong time: 2022-06-09 03:02:52
Unknown error type: [8] Undefined index: id
Unknown error on line 8 in file D:\phpstudy_pro\WWW\www.qphp.com\application\index\App\Action\Index.action.php
Request the address: www.qphp.com/favicon.ico
The wrong time: 2022-06-09 03:02:56
Unknown error type: [8] Undefined index: id
Unknown error on line 8 in file D:\phpstudy_pro\WWW\www.qphp.com\application\index\App\Action\Index.action.php
Request the address: www.qphp.com/favicon.ico
The wrong time: 2022-06-09 03:04:55
Unknown error type: [8] Undefined index: id
Unknown error on line 8 in file D:\phpstudy_pro\WWW\www.qphp.com\application\index\App\Action\Index.action.php
Request the address: www.qphp.com/favicon.ico
The wrong time: 2022-06-09 03:06:23
Unknown error type: [8] Undefined index: id
Unknown error on line 8 in file D:\phpstudy_pro\WWW\www.qphp.com\application\index\App\Action\Index.action.php
Request the address: www.qphp.com/favicon.ico
The wrong time: 2022-06-09 03:08:23
Unknown error type: [8] Undefined index: id
Unknown error on line 8 in file D:\phpstudy_pro\WWW\www.qphp.com\application\index\App\Action\Index.action.php
Request the address: www.qphp.com/favicon.ico
The wrong time: 2022-06-09 03:08:24
Unknown error type: [8] Undefined index: id
Unknown error on line 8 in file D:\phpstudy_pro\WWW\www.qphp.com\application\index\App\Action\Index.action.php
Request the address: www.qphp.com/favicon.ico
The wrong time: 2022-06-09 03:08:24
Unknown error type: [8] Undefined index: id
Unknown error on line 8 in file D:\phpstudy_pro\WWW\www.qphp.com\application\index\App\Action\Index.action.php
Request the address: www.qphp.com/favicon.ico
The wrong time: 2022-06-09 03:08:25
Unknown error type: [8] Undefined index: id
Unknown error on line 8 in file D:\phpstudy_pro\WWW\www.qphp.com\application\index\App\Action\Index.action.php
Request the address: www.qphp.com/favicon.ico
The wrong time: 2022-06-09 03:09:01
Unknown error type: [8] Undefined index: id
Unknown error on line 8 in file D:\phpstudy_pro\WWW\www.qphp.com\application\index\App\Action\Index.action.php
Request the address: www.qphp.com/favicon.ico
The wrong time: 2022-06-09 03:09:01
Unknown error type: [8] Undefined index: id
Unknown error on line 8 in file D:\phpstudy_pro\WWW\www.qphp.com\application\index\App\Action\Index.action.php
Request the address: www.qphp.com/favicon.ico
The wrong time: 2022-06-09 03:09:02
Unknown error type: [8] Undefined index: id
Unknown error on line 8 in file D:\phpstudy_pro\WWW\www.qphp.com\application\index\App\Action\Index.action.php
Request the address: www.qphp.com/favicon.ico
The wrong time: 2022-06-09 03:09:02
Unknown error type: [8] Undefined index: id
Unknown error on line 8 in file D:\phpstudy_pro\WWW\www.qphp.com\application\index\App\Action\Index.action.php
Request the address: www.qphp.com/favicon.ico
The wrong time: 2022-06-09 03:09:23
Unknown error type: [8] Undefined index: id
Unknown error on line 8 in file D:\phpstudy_pro\WWW\www.qphp.com\application\index\App\Action\Index.action.php
Request the address: www.qphp.com/favicon.ico
The wrong time: 2022-06-09 03:13:22
Unknown error type: [8] Undefined index: id
Unknown error on line 8 in file D:\phpstudy_pro\WWW\www.qphp.com\application\index\App\Action\Index.action.php
Request the address: www.qphp.com/favicon.ico
The wrong time: 2022-06-09 03:13:23
Unknown error type: [8] Undefined index: id
Unknown error on line 8 in file D:\phpstudy_pro\WWW\www.qphp.com\application\index\App\Action\Index.action.php
Request the address: www.qphp.com/favicon.ico
The wrong time: 2022-06-09 03:13:23
Unknown error type: [8] Undefined index: id
Unknown error on line 8 in file D:\phpstudy_pro\WWW\www.qphp.com\application\index\App\Action\Index.action.php
Request the address: www.qphp.com/favicon.ico
The wrong time: 2022-06-09 03:13:23
Unknown error type: [8] Undefined index: id
Unknown error on line 8 in file D:\phpstudy_pro\WWW\www.qphp.com\application\index\App\Action\Index.action.php
Request the address: www.qphp.com/favicon.ico
The wrong time: 2022-06-09 03:13:53
Unknown error type: [2] require_once(D:\phpstudy_pro\WWW\www.qphp.com/application/index/App/Action/Name.action.php): failed to open stream: No such file or directory
Unknown error on line 156 in file D:\phpstudy_pro\WWW\www.qphp.com\QPHP\QPHP.php
Request the address: www.qphp.com/index/name?id=1
The wrong time: 2022-06-09 04:04:17
