Unknown error type: [8] Undefined index: id
Unknown error on line 8 in file D:\phpstudy_pro\WWW\www.qphp.com\application\index\App\Action\Index.action.php
Request the address: www.qphp.com/
The wrong time: 2022-06-28 10:44:27
Unknown error type: [8] Undefined index: id
Unknown error on line 8 in file D:\phpstudy_pro\WWW\www.qphp.com\application\index\App\Action\Index.action.php
Request the address: www.qphp.com/
The wrong time: 2022-06-28 10:44:28
Unknown error type: [8] Undefined index: id
Unknown error on line 8 in file D:\phpstudy_pro\WWW\www.qphp.com\application\index\App\Action\Index.action.php
Request the address: www.qphp.com/
The wrong time: 2022-06-28 10:44:28
Unknown error type: [8] Undefined index: id
Unknown error on line 8 in file D:\phpstudy_pro\WWW\www.qphp.com\application\index\App\Action\Index.action.php
Request the address: www.qphp.com/
The wrong time: 2022-06-28 10:45:21
Unknown error type: [8] Undefined index: id
Unknown error on line 8 in file D:\phpstudy_pro\WWW\www.qphp.com\application\index\App\Action\Index.action.php
Request the address: www.qphp.com/
The wrong time: 2022-06-28 10:45:21
Unknown error type: [8] Undefined index: id
Unknown error on line 8 in file D:\phpstudy_pro\WWW\www.qphp.com\application\index\App\Action\Index.action.php
Request the address: www.qphp.com/
The wrong time: 2022-06-28 10:45:21
Unknown error type: [8] Undefined index: id
Unknown error on line 8 in file D:\phpstudy_pro\WWW\www.qphp.com\application\index\App\Action\Index.action.php
Request the address: www.qphp.com/
The wrong time: 2022-06-28 10:45:21
Unknown error type: [8] Undefined index: id
Unknown error on line 8 in file D:\phpstudy_pro\WWW\www.qphp.com\application\index\App\Action\Index.action.php
Request the address: www.qphp.com/
The wrong time: 2022-06-28 10:45:21
Unknown error type: [8] Undefined index: id
Unknown error on line 8 in file D:\phpstudy_pro\WWW\www.qphp.com\application\index\App\Action\Index.action.php
Request the address: www.qphp.com/
The wrong time: 2022-06-28 10:45:21
Unknown error type: [8] Undefined index: id
Unknown error on line 8 in file D:\phpstudy_pro\WWW\www.qphp.com\application\index\App\Action\Index.action.php
Request the address: www.qphp.com/
The wrong time: 2022-06-28 10:45:21
Unknown error type: [8] Undefined index: id
Unknown error on line 8 in file D:\phpstudy_pro\WWW\www.qphp.com\application\index\App\Action\Index.action.php
Request the address: www.qphp.com/
The wrong time: 2022-06-28 10:45:21
Unknown error type: [8] Undefined index: id
Unknown error on line 8 in file D:\phpstudy_pro\WWW\www.qphp.com\application\index\App\Action\Index.action.php
Request the address: www.qphp.com/
The wrong time: 2022-06-28 10:45:21
Unknown error type: [8] Undefined index: id
Unknown error on line 8 in file D:\phpstudy_pro\WWW\www.qphp.com\application\index\App\Action\Index.action.php
Request the address: www.qphp.com/
The wrong time: 2022-06-28 10:45:21
Unknown error type: [8] Undefined index: id
Unknown error on line 8 in file D:\phpstudy_pro\WWW\www.qphp.com\application\index\App\Action\Index.action.php
Request the address: www.qphp.com/
The wrong time: 2022-06-28 10:45:21
Unknown error type: [8] Undefined index: id
Unknown error on line 8 in file D:\phpstudy_pro\WWW\www.qphp.com\application\index\App\Action\Index.action.php
Request the address: www.qphp.com/
The wrong time: 2022-06-28 10:45:21
Unknown error type: [8] Undefined index: id
Unknown error on line 8 in file D:\phpstudy_pro\WWW\www.qphp.com\application\index\App\Action\Index.action.php
Request the address: www.qphp.com/
The wrong time: 2022-06-28 10:45:21
Unknown error type: [8] Undefined index: id
Unknown error on line 8 in file D:\phpstudy_pro\WWW\www.qphp.com\application\index\App\Action\Index.action.php
Request the address: www.qphp.com/
The wrong time: 2022-06-28 10:45:21
Unknown error type: [8] Undefined index: id
Unknown error on line 8 in file D:\phpstudy_pro\WWW\www.qphp.com\application\index\App\Action\Index.action.php
Request the address: www.qphp.com/
The wrong time: 2022-06-28 10:45:21
Unknown error type: [8] Undefined index: id
Unknown error on line 8 in file D:\phpstudy_pro\WWW\www.qphp.com\application\index\App\Action\Index.action.php
Request the address: www.qphp.com/
The wrong time: 2022-06-28 10:45:21
Unknown error type: [8] Undefined index: id
Unknown error on line 8 in file D:\phpstudy_pro\WWW\www.qphp.com\application\index\App\Action\Index.action.php
Request the address: www.qphp.com/
The wrong time: 2022-06-28 10:45:21
Unknown error type: [8] Undefined index: id
Unknown error on line 8 in file D:\phpstudy_pro\WWW\www.qphp.com\application\index\App\Action\Index.action.php
Request the address: www.qphp.com/
The wrong time: 2022-06-28 10:45:21
Unknown error type: [8] Undefined index: id
Unknown error on line 8 in file D:\phpstudy_pro\WWW\www.qphp.com\application\index\App\Action\Index.action.php
Request the address: www.qphp.com/index.php?flag=1
The wrong time: 2022-06-28 11:09:45
Unknown error type: [8] Undefined index: id
Unknown error on line 8 in file D:\phpstudy_pro\WWW\www.qphp.com\application\index\App\Action\Index.action.php
Request the address: www.qphp.com/index.php?flag=1
The wrong time: 2022-06-28 11:10:51
Unknown error type: [8] Undefined index: id
Unknown error on line 8 in file D:\phpstudy_pro\WWW\www.qphp.com\application\index\App\Action\Index.action.php
Request the address: www.qphp.com/index.php?flag=1
The wrong time: 2022-06-28 11:11:04
Unknown error type: [8] Undefined index: id
Unknown error on line 8 in file D:\phpstudy_pro\WWW\www.qphp.com\application\index\App\Action\Index.action.php
Request the address: www.qphp.com/index.php?flag=1
The wrong time: 2022-06-28 11:11:05
Unknown error type: [8] Undefined index: id
Unknown error on line 8 in file D:\phpstudy_pro\WWW\www.qphp.com\application\index\App\Action\Index.action.php
Request the address: www.qphp.com/index.php?flag=1
The wrong time: 2022-06-28 11:11:05
Unknown error type: [8] Undefined index: id
Unknown error on line 8 in file D:\phpstudy_pro\WWW\www.qphp.com\application\index\App\Action\Index.action.php
Request the address: www.qphp.com/index.php?flag=1
The wrong time: 2022-06-28 11:11:05
Unknown error type: [8] Undefined index: id
Unknown error on line 8 in file D:\phpstudy_pro\WWW\www.qphp.com\application\index\App\Action\Index.action.php
Request the address: www.qphp.com/index.php?flag=1
The wrong time: 2022-06-28 11:11:05
Unknown error type: [8] Undefined index: id
Unknown error on line 8 in file D:\phpstudy_pro\WWW\www.qphp.com\application\index\App\Action\Index.action.php
Request the address: www.qphp.com/index.php?flag=1
The wrong time: 2022-06-28 11:11:06
Unknown error type: [8] Undefined index: id
Unknown error on line 8 in file D:\phpstudy_pro\WWW\www.qphp.com\application\index\App\Action\Index.action.php
Request the address: www.qphp.com/index.php?flag=1
The wrong time: 2022-06-28 11:11:06
Unknown error type: [8] Undefined index: id
Unknown error on line 8 in file D:\phpstudy_pro\WWW\www.qphp.com\application\index\App\Action\Index.action.php
Request the address: www.qphp.com/index.php?flag=1
The wrong time: 2022-06-28 11:11:45
Unknown error type: [8] Undefined index: id
Unknown error on line 8 in file D:\phpstudy_pro\WWW\www.qphp.com\application\index\App\Action\Index.action.php
Request the address: www.qphp.com/index.php?flag=1
The wrong time: 2022-06-28 11:11:57
Unknown error type: [8] Undefined index: id
Unknown error on line 8 in file D:\phpstudy_pro\WWW\www.qphp.com\application\index\App\Action\Index.action.php
Request the address: www.qphp.com/index.php?flag=1
The wrong time: 2022-06-28 11:11:58
Unknown error type: [8] Undefined index: id
Unknown error on line 8 in file D:\phpstudy_pro\WWW\www.qphp.com\application\index\App\Action\Index.action.php
Request the address: www.qphp.com/index.php?flag=1
The wrong time: 2022-06-28 11:13:47
Unknown error type: [8] Undefined index: id
Unknown error on line 8 in file D:\phpstudy_pro\WWW\www.qphp.com\application\index\App\Action\Index.action.php
Request the address: www.qphp.com/index.php?flag=1
The wrong time: 2022-06-28 11:13:48
Unknown error type: [8] Undefined index: id
Unknown error on line 8 in file D:\phpstudy_pro\WWW\www.qphp.com\application\index\App\Action\Index.action.php
Request the address: www.qphp.com/index.php?flag=1
The wrong time: 2022-06-28 11:13:49
Unknown error type: [8] Undefined index: id
Unknown error on line 8 in file D:\phpstudy_pro\WWW\www.qphp.com\application\index\App\Action\Index.action.php
Request the address: www.qphp.com/index.php?flag=1
The wrong time: 2022-06-28 11:13:50
Unknown error type: [8] Undefined index: id
Unknown error on line 8 in file D:\phpstudy_pro\WWW\www.qphp.com\application\index\App\Action\Index.action.php
Request the address: www.qphp.com/index.php?flag=1
The wrong time: 2022-06-28 11:14:55
Unknown error type: [8] Undefined index: id
Unknown error on line 8 in file D:\phpstudy_pro\WWW\www.qphp.com\application\index\App\Action\Index.action.php
Request the address: www.qphp.com/index.php?flag=1
The wrong time: 2022-06-28 11:14:56
Unknown error type: [8] Undefined index: id
Unknown error on line 8 in file D:\phpstudy_pro\WWW\www.qphp.com\application\index\App\Action\Index.action.php
Request the address: www.qphp.com/index.php?flag=1
The wrong time: 2022-06-28 11:14:56
Unknown error type: [8] Undefined index: id
Unknown error on line 8 in file D:\phpstudy_pro\WWW\www.qphp.com\application\index\App\Action\Index.action.php
Request the address: www.qphp.com/index.php?flag=1
The wrong time: 2022-06-28 11:14:56
Unknown error type: [8] Undefined index: id
Unknown error on line 8 in file D:\phpstudy_pro\WWW\www.qphp.com\application\index\App\Action\Index.action.php
Request the address: www.qphp.com/index.php?flag=1
The wrong time: 2022-06-28 11:14:56
Unknown error type: [8] Undefined index: id
Unknown error on line 8 in file D:\phpstudy_pro\WWW\www.qphp.com\application\index\App\Action\Index.action.php
Request the address: www.qphp.com/index.php?flag=1
The wrong time: 2022-06-28 11:14:57
Unknown error type: [8] Undefined index: id
Unknown error on line 8 in file D:\phpstudy_pro\WWW\www.qphp.com\application\index\App\Action\Index.action.php
Request the address: www.qphp.com/index.php?flag=1
The wrong time: 2022-06-28 11:14:57
Unknown error type: [8] Undefined index: id
Unknown error on line 8 in file D:\phpstudy_pro\WWW\www.qphp.com\application\index\App\Action\Index.action.php
Request the address: www.qphp.com/index.php?flag=1
The wrong time: 2022-06-28 11:14:58
Unknown error type: [8] Undefined index: id
Unknown error on line 8 in file D:\phpstudy_pro\WWW\www.qphp.com\application\index\App\Action\Index.action.php
Request the address: www.qphp.com/index.php?flag=1
The wrong time: 2022-06-28 11:15:45
Unknown error type: [8] Undefined index: id
Unknown error on line 8 in file D:\phpstudy_pro\WWW\www.qphp.com\application\index\App\Action\Index.action.php
Request the address: www.qphp.com/index.php?flag=1
The wrong time: 2022-06-28 11:15:46
Unknown error type: [8] Undefined index: id
Unknown error on line 8 in file D:\phpstudy_pro\WWW\www.qphp.com\application\index\App\Action\Index.action.php
Request the address: www.qphp.com/index.php?flag=1
The wrong time: 2022-06-28 11:15:46
Unknown error type: [8] Undefined index: id
Unknown error on line 8 in file D:\phpstudy_pro\WWW\www.qphp.com\application\index\App\Action\Index.action.php
Request the address: www.qphp.com/index.php?flag=1
The wrong time: 2022-06-28 11:15:46
Unknown error type: [8] Undefined index: id
Unknown error on line 8 in file D:\phpstudy_pro\WWW\www.qphp.com\application\index\App\Action\Index.action.php
Request the address: www.qphp.com/index.php?flag=1
The wrong time: 2022-06-28 11:15:47
Unknown error type: [8] Undefined index: id
Unknown error on line 8 in file D:\phpstudy_pro\WWW\www.qphp.com\application\index\App\Action\Index.action.php
Request the address: www.qphp.com/index.php?flag=1
The wrong time: 2022-06-28 11:15:47
Unknown error type: [8] Undefined index: id
Unknown error on line 8 in file D:\phpstudy_pro\WWW\www.qphp.com\application\index\App\Action\Index.action.php
Request the address: www.qphp.com/index.php?flag=1
The wrong time: 2022-06-28 11:15:47
Unknown error type: [8] Undefined index: id
Unknown error on line 8 in file D:\phpstudy_pro\WWW\www.qphp.com\application\index\App\Action\Index.action.php
Request the address: www.qphp.com/index.php?flag=1
The wrong time: 2022-06-28 11:15:47
Unknown error type: [8] Undefined index: id
Unknown error on line 8 in file D:\phpstudy_pro\WWW\www.qphp.com\application\index\App\Action\Index.action.php
Request the address: www.qphp.com/index.php?flag=1
The wrong time: 2022-06-28 11:15:47
Unknown error type: [8] Undefined index: id
Unknown error on line 8 in file D:\phpstudy_pro\WWW\www.qphp.com\application\index\App\Action\Index.action.php
Request the address: www.qphp.com/index.php?flag=1
The wrong time: 2022-06-28 11:15:48
Unknown error type: [8] Undefined index: id
Unknown error on line 8 in file D:\phpstudy_pro\WWW\www.qphp.com\application\index\App\Action\Index.action.php
Request the address: www.qphp.com/index.php?flag=1
The wrong time: 2022-06-28 11:15:48
Unknown error type: [8] Undefined index: id
Unknown error on line 8 in file D:\phpstudy_pro\WWW\www.qphp.com\application\index\App\Action\Index.action.php
Request the address: www.qphp.com/index.php?flag=1
The wrong time: 2022-06-28 11:15:48
Unknown error type: [8] Undefined index: id
Unknown error on line 8 in file D:\phpstudy_pro\WWW\www.qphp.com\application\index\App\Action\Index.action.php
Request the address: www.qphp.com/index.php?flag=1
The wrong time: 2022-06-28 11:15:48
Unknown error type: [8] Undefined index: id
Unknown error on line 8 in file D:\phpstudy_pro\WWW\www.qphp.com\application\index\App\Action\Index.action.php
Request the address: www.qphp.com/index.php?flag=1
The wrong time: 2022-06-28 11:15:48
Unknown error type: [8] Undefined index: id
Unknown error on line 8 in file D:\phpstudy_pro\WWW\www.qphp.com\application\index\App\Action\Index.action.php
Request the address: www.qphp.com/index.php?flag=1
The wrong time: 2022-06-28 11:15:49
Unknown error type: [8] Undefined index: id
Unknown error on line 8 in file D:\phpstudy_pro\WWW\www.qphp.com\application\index\App\Action\Index.action.php
Request the address: www.qphp.com/index.php?flag=1
The wrong time: 2022-06-28 11:15:49
Unknown error type: [8] Undefined index: id
Unknown error on line 8 in file D:\phpstudy_pro\WWW\www.qphp.com\application\index\App\Action\Index.action.php
Request the address: www.qphp.com/index.php?flag=1
The wrong time: 2022-06-28 11:15:49
Unknown error type: [8] Undefined index: id
Unknown error on line 8 in file D:\phpstudy_pro\WWW\www.qphp.com\application\index\App\Action\Index.action.php
Request the address: www.qphp.com/index.php?flag=1
The wrong time: 2022-06-28 11:15:49
Unknown error type: [8] Undefined index: id
Unknown error on line 8 in file D:\phpstudy_pro\WWW\www.qphp.com\application\index\App\Action\Index.action.php
Request the address: www.qphp.com/index.php?flag=1
The wrong time: 2022-06-28 11:15:50
Unknown error type: [8] Undefined index: id
Unknown error on line 8 in file D:\phpstudy_pro\WWW\www.qphp.com\application\index\App\Action\Index.action.php
Request the address: www.qphp.com/index.php?flag=1
The wrong time: 2022-06-28 11:15:50
Unknown error type: [8] Undefined index: id
Unknown error on line 8 in file D:\phpstudy_pro\WWW\www.qphp.com\application\index\App\Action\Index.action.php
Request the address: www.qphp.com/index.php?flag=1
The wrong time: 2022-06-28 11:17:00
Unknown error type: [8] Undefined index: id
Unknown error on line 8 in file D:\phpstudy_pro\WWW\www.qphp.com\application\index\App\Action\Index.action.php
Request the address: www.qphp.com/index.php?flag=1
The wrong time: 2022-06-28 11:17:01
Unknown error type: [8] Undefined index: id
Unknown error on line 8 in file D:\phpstudy_pro\WWW\www.qphp.com\application\index\App\Action\Index.action.php
Request the address: www.qphp.com/index.php?flag=1
The wrong time: 2022-06-28 11:17:02
Unknown error type: [8] Undefined index: id
Unknown error on line 8 in file D:\phpstudy_pro\WWW\www.qphp.com\application\index\App\Action\Index.action.php
Request the address: www.qphp.com/index.php?flag=1
The wrong time: 2022-06-28 11:17:02
Unknown error type: [8] Undefined index: id
Unknown error on line 8 in file D:\phpstudy_pro\WWW\www.qphp.com\application\index\App\Action\Index.action.php
Request the address: www.qphp.com/index.php?flag=1
The wrong time: 2022-06-28 11:17:05
Unknown error type: [8] Undefined index: id
Unknown error on line 8 in file D:\phpstudy_pro\WWW\www.qphp.com\application\index\App\Action\Index.action.php
Request the address: www.qphp.com/index.php?flag=1
The wrong time: 2022-06-28 11:17:05
Unknown error type: [8] Undefined index: id
Unknown error on line 8 in file D:\phpstudy_pro\WWW\www.qphp.com\application\index\App\Action\Index.action.php
Request the address: www.qphp.com/index.php?flag=1
The wrong time: 2022-06-28 11:17:06
Unknown error type: [8] Undefined index: id
Unknown error on line 8 in file D:\phpstudy_pro\WWW\www.qphp.com\application\index\App\Action\Index.action.php
Request the address: www.qphp.com/index.php?flag=1
The wrong time: 2022-06-28 11:17:06
Unknown error type: [8] Undefined index: id
Unknown error on line 8 in file D:\phpstudy_pro\WWW\www.qphp.com\application\index\App\Action\Index.action.php
Request the address: www.qphp.com/index.php?flag=1
The wrong time: 2022-06-28 11:17:06
Unknown error type: [8] Undefined index: id
Unknown error on line 8 in file D:\phpstudy_pro\WWW\www.qphp.com\application\index\App\Action\Index.action.php
Request the address: www.qphp.com/index.php?flag=1
The wrong time: 2022-06-28 11:17:06
Unknown error type: [8] Undefined index: id
Unknown error on line 8 in file D:\phpstudy_pro\WWW\www.qphp.com\application\index\App\Action\Index.action.php
Request the address: www.qphp.com/index.php?flag=1
The wrong time: 2022-06-28 11:17:07
Unknown error type: [8] Undefined index: id
Unknown error on line 8 in file D:\phpstudy_pro\WWW\www.qphp.com\application\index\App\Action\Index.action.php
Request the address: www.qphp.com/index.php?flag=1
The wrong time: 2022-06-28 11:17:07
Unknown error type: [8] Undefined index: id
Unknown error on line 8 in file D:\phpstudy_pro\WWW\www.qphp.com\application\index\App\Action\Index.action.php
Request the address: www.qphp.com/index.php?flag=1
The wrong time: 2022-06-28 11:17:07
Unknown error type: [8] Undefined index: id
Unknown error on line 8 in file D:\phpstudy_pro\WWW\www.qphp.com\application\index\App\Action\Index.action.php
Request the address: www.qphp.com/index.php?flag=1
The wrong time: 2022-06-28 11:17:07
Unknown error type: [8] Undefined index: id
Unknown error on line 8 in file D:\phpstudy_pro\WWW\www.qphp.com\application\index\App\Action\Index.action.php
Request the address: www.qphp.com/index.php?flag=1
The wrong time: 2022-06-28 11:17:07
Unknown error type: [8] Undefined index: id
Unknown error on line 8 in file D:\phpstudy_pro\WWW\www.qphp.com\application\index\App\Action\Index.action.php
Request the address: www.qphp.com/index.php?flag=1
The wrong time: 2022-06-28 11:17:07
Unknown error type: [8] Undefined index: id
Unknown error on line 8 in file D:\phpstudy_pro\WWW\www.qphp.com\application\index\App\Action\Index.action.php
Request the address: www.qphp.com/index.php?flag=1
The wrong time: 2022-06-28 11:17:08
Unknown error type: [8] Undefined index: id
Unknown error on line 8 in file D:\phpstudy_pro\WWW\www.qphp.com\application\index\App\Action\Index.action.php
Request the address: www.qphp.com/index.php?flag=1
The wrong time: 2022-06-28 11:17:08
Unknown error type: [8] Undefined index: id
Unknown error on line 8 in file D:\phpstudy_pro\WWW\www.qphp.com\application\index\App\Action\Index.action.php
Request the address: www.qphp.com/index.php?flag=1
The wrong time: 2022-06-28 11:17:08
Unknown error type: [8] Undefined index: id
Unknown error on line 8 in file D:\phpstudy_pro\WWW\www.qphp.com\application\index\App\Action\Index.action.php
Request the address: www.qphp.com/index.php?flag=1
The wrong time: 2022-06-28 11:17:08
Unknown error type: [8] Undefined index: id
Unknown error on line 8 in file D:\phpstudy_pro\WWW\www.qphp.com\application\index\App\Action\Index.action.php
Request the address: www.qphp.com/index.php?flag=1
The wrong time: 2022-06-28 11:17:08
Unknown error type: [8] Undefined index: id
Unknown error on line 8 in file D:\phpstudy_pro\WWW\www.qphp.com\application\index\App\Action\Index.action.php
Request the address: www.qphp.com/index.php?flag=1
The wrong time: 2022-06-28 11:17:09
Unknown error type: [8] Undefined index: id
Unknown error on line 8 in file D:\phpstudy_pro\WWW\www.qphp.com\application\index\App\Action\Index.action.php
Request the address: www.qphp.com/index.php?flag=1
The wrong time: 2022-06-28 11:17:09
Unknown error type: [8] Undefined index: id
Unknown error on line 8 in file D:\phpstudy_pro\WWW\www.qphp.com\application\index\App\Action\Index.action.php
Request the address: www.qphp.com/index.php?flag=1
The wrong time: 2022-06-28 11:17:09
Unknown error type: [8] Undefined index: id
Unknown error on line 8 in file D:\phpstudy_pro\WWW\www.qphp.com\application\index\App\Action\Index.action.php
Request the address: www.qphp.com/index.php?flag=1
The wrong time: 2022-06-28 11:17:09
Unknown error type: [8] Undefined index: id
Unknown error on line 8 in file D:\phpstudy_pro\WWW\www.qphp.com\application\index\App\Action\Index.action.php
Request the address: www.qphp.com/index.php?flag=1
The wrong time: 2022-06-28 11:17:09
Unknown error type: [8] Undefined index: id
Unknown error on line 8 in file D:\phpstudy_pro\WWW\www.qphp.com\application\index\App\Action\Index.action.php
Request the address: www.qphp.com/index.php?flag=1
The wrong time: 2022-06-28 11:17:10
Unknown error type: [8] Undefined index: id
Unknown error on line 8 in file D:\phpstudy_pro\WWW\www.qphp.com\application\index\App\Action\Index.action.php
Request the address: www.qphp.com/index.php?flag=1
The wrong time: 2022-06-28 11:17:10
Unknown error type: [8] Undefined index: id
Unknown error on line 8 in file D:\phpstudy_pro\WWW\www.qphp.com\application\index\App\Action\Index.action.php
Request the address: www.qphp.com/index.php?flag=1
The wrong time: 2022-06-28 11:17:10
Unknown error type: [8] Undefined index: id
Unknown error on line 8 in file D:\phpstudy_pro\WWW\www.qphp.com\application\index\App\Action\Index.action.php
Request the address: www.qphp.com/index.php?flag=1
The wrong time: 2022-06-28 11:17:10
Unknown error type: [8] Undefined index: id
Unknown error on line 8 in file D:\phpstudy_pro\WWW\www.qphp.com\application\index\App\Action\Index.action.php
Request the address: www.qphp.com/index.php?flag=1
The wrong time: 2022-06-28 11:17:11
Unknown error type: [8] Undefined index: id
Unknown error on line 8 in file D:\phpstudy_pro\WWW\www.qphp.com\application\index\App\Action\Index.action.php
Request the address: www.qphp.com/index.php?flag=1
The wrong time: 2022-06-28 11:17:11
Unknown error type: [8] Undefined index: id
Unknown error on line 8 in file D:\phpstudy_pro\WWW\www.qphp.com\application\index\App\Action\Index.action.php
Request the address: www.qphp.com/index.php?flag=1
The wrong time: 2022-06-28 11:17:11
Unknown error type: [8] Undefined index: id
Unknown error on line 8 in file D:\phpstudy_pro\WWW\www.qphp.com\application\index\App\Action\Index.action.php
Request the address: www.qphp.com/index.php?flag=1
The wrong time: 2022-06-28 11:17:11
Unknown error type: [8] Undefined index: id
Unknown error on line 8 in file D:\phpstudy_pro\WWW\www.qphp.com\application\index\App\Action\Index.action.php
Request the address: www.qphp.com/index.php?flag=1
The wrong time: 2022-06-28 11:17:11
Unknown error type: [8] Undefined index: id
Unknown error on line 8 in file D:\phpstudy_pro\WWW\www.qphp.com\application\index\App\Action\Index.action.php
Request the address: www.qphp.com/index.php?flag=1
The wrong time: 2022-06-28 11:17:12
Unknown error type: [8] Undefined index: id
Unknown error on line 8 in file D:\phpstudy_pro\WWW\www.qphp.com\application\index\App\Action\Index.action.php
Request the address: www.qphp.com/index.php?flag=1
The wrong time: 2022-06-28 11:17:12
Unknown error type: [8] Undefined index: id
Unknown error on line 8 in file D:\phpstudy_pro\WWW\www.qphp.com\application\index\App\Action\Index.action.php
Request the address: www.qphp.com/index.php?flag=1
The wrong time: 2022-06-28 11:17:13
Unknown error type: [8] Undefined index: id
Unknown error on line 8 in file D:\phpstudy_pro\WWW\www.qphp.com\application\index\App\Action\Index.action.php
Request the address: www.qphp.com/index.php?flag=1
The wrong time: 2022-06-28 11:17:13
Unknown error type: [8] Undefined index: id
Unknown error on line 8 in file D:\phpstudy_pro\WWW\www.qphp.com\application\index\App\Action\Index.action.php
Request the address: www.qphp.com/index.php?flag=1
The wrong time: 2022-06-28 11:17:20
Unknown error type: [8] Undefined index: id
Unknown error on line 8 in file D:\phpstudy_pro\WWW\www.qphp.com\application\index\App\Action\Index.action.php
Request the address: www.qphp.com/index.php?flag=1
The wrong time: 2022-06-28 11:17:23
Unknown error type: [8] Undefined index: id
Unknown error on line 8 in file D:\phpstudy_pro\WWW\www.qphp.com\application\index\App\Action\Index.action.php
Request the address: www.qphp.com/index.php?flag=1
The wrong time: 2022-06-28 11:17:24
Unknown error type: [8] Undefined index: id
Unknown error on line 8 in file D:\phpstudy_pro\WWW\www.qphp.com\application\index\App\Action\Index.action.php
Request the address: www.qphp.com/index.php?flag=1
The wrong time: 2022-06-28 11:17:24
Unknown error type: [8] Undefined index: id
Unknown error on line 8 in file D:\phpstudy_pro\WWW\www.qphp.com\application\index\App\Action\Index.action.php
Request the address: www.qphp.com/index.php?flag=1
The wrong time: 2022-06-28 11:17:24
Unknown error type: [8] Undefined index: id
Unknown error on line 8 in file D:\phpstudy_pro\WWW\www.qphp.com\application\index\App\Action\Index.action.php
Request the address: www.qphp.com/index.php?flag=1
The wrong time: 2022-06-28 11:17:25
