Code: HY000 Message: SQLSTATE[HY000]: General error: 911 OCIStmtExecute: ORA-00911: invalid character
 (ext\pdo_oci\oci_driver.c:346)
PDOException: SQLSTATE[HY000]: General error: 911 OCIStmtExecute: ORA-00911: invalid character
 (ext\pdo_oci\oci_driver.c:346) in D:\phpstudy_pro\WWW\www.qphp.com\QPHP\core\pdo\abs\QDbPdo.class.php:139
Stack trace:
#0 D:\phpstudy_pro\WWW\www.qphp.com\QPHP\core\pdo\abs\QDbPdo.class.php(139): PDO->exec()
#1 D:\phpstudy_pro\WWW\www.qphp.com\QPHP\core\pdo\oracle\QDbOracle.class.php(95): QPHP\core\pdo\abs\QDbPdo->query()
#2 [internal function]: QPHP\core\pdo\oracle\QDbOracle->insertAll()
#3 D:\phpstudy_pro\WWW\www.qphp.com\QPHP\core\model\abs\BaseModel.class.php(187): call_user_func_array()
#4 D:\phpstudy_pro\WWW\www.qphp.com\QPHP\core\model\oracle\OracleM.class.php(267): QPHP\core\model\abs\BaseModel->executeSql()
#5 D:\phpstudy_pro\WWW\www.qphp.com\QPHP\core\model\Model.class.php(172): QPHP\core\model\oracle\OracleM->insertAll()
#6 D:\phpstudy_pro\WWW\www.qphp.com\application\admin\App\Model\Oracle.model.php(80): QPHP\core\model\Model->insertAll()
#7 D:\phpstudy_pro\WWW\www.qphp.com\application\admin\App\Action\Index.action.php(62): admin\Model\OracleModel->insertAllOracleUsers()
#8 D:\phpstudy_pro\WWW\www.qphp.com\QPHP\core\action\Action.class.php(31): admin\Action\IndexAction->textOracle()
#9 D:\phpstudy_pro\WWW\www.qphp.com\QPHP\QPHP.php(108): QPHP\core\action\Action->call()
#10 D:\phpstudy_pro\WWW\www.qphp.com\QPHP\base.php(33): QPHP\QPHP->run()
#11 D:\phpstudy_pro\WWW\www.qphp.com\public\index.php(12): QPHP\Base::run()
#12 {main}
Code: HY000 Message: SQLSTATE[HY000]: General error: 911 OCIStmtExecute: ORA-00911: invalid character
 (ext\pdo_oci\oci_driver.c:346)
PDOException: SQLSTATE[HY000]: General error: 911 OCIStmtExecute: ORA-00911: invalid character
 (ext\pdo_oci\oci_driver.c:346) in D:\phpstudy_pro\WWW\www.qphp.com\QPHP\core\pdo\abs\QDbPdo.class.php:139
Stack trace:
#0 D:\phpstudy_pro\WWW\www.qphp.com\QPHP\core\pdo\abs\QDbPdo.class.php(139): PDO->exec()
#1 D:\phpstudy_pro\WWW\www.qphp.com\QPHP\core\pdo\oracle\QDbOracle.class.php(95): QPHP\core\pdo\abs\QDbPdo->query()
#2 [internal function]: QPHP\core\pdo\oracle\QDbOracle->insertAll()
#3 D:\phpstudy_pro\WWW\www.qphp.com\QPHP\core\model\abs\BaseModel.class.php(187): call_user_func_array()
#4 D:\phpstudy_pro\WWW\www.qphp.com\QPHP\core\model\oracle\OracleM.class.php(265): QPHP\core\model\abs\BaseModel->executeSql()
#5 D:\phpstudy_pro\WWW\www.qphp.com\QPHP\core\model\Model.class.php(172): QPHP\core\model\oracle\OracleM->insertAll()
#6 D:\phpstudy_pro\WWW\www.qphp.com\application\admin\App\Model\Oracle.model.php(80): QPHP\core\model\Model->insertAll()
#7 D:\phpstudy_pro\WWW\www.qphp.com\application\admin\App\Action\Index.action.php(62): admin\Model\OracleModel->insertAllOracleUsers()
#8 D:\phpstudy_pro\WWW\www.qphp.com\QPHP\core\action\Action.class.php(31): admin\Action\IndexAction->textOracle()
#9 D:\phpstudy_pro\WWW\www.qphp.com\QPHP\QPHP.php(108): QPHP\core\action\Action->call()
#10 D:\phpstudy_pro\WWW\www.qphp.com\QPHP\base.php(33): QPHP\QPHP->run()
#11 D:\phpstudy_pro\WWW\www.qphp.com\public\index.php(12): QPHP\Base::run()
#12 {main}
Code: HY000 Message: SQLSTATE[HY000]: General error: 911 OCIStmtExecute: ORA-00911: invalid character
 (ext\pdo_oci\oci_driver.c:346)
PDOException: SQLSTATE[HY000]: General error: 911 OCIStmtExecute: ORA-00911: invalid character
 (ext\pdo_oci\oci_driver.c:346) in D:\phpstudy_pro\WWW\www.qphp.com\QPHP\core\pdo\abs\QDbPdo.class.php:139
Stack trace:
#0 D:\phpstudy_pro\WWW\www.qphp.com\QPHP\core\pdo\abs\QDbPdo.class.php(139): PDO->exec()
#1 D:\phpstudy_pro\WWW\www.qphp.com\QPHP\core\pdo\oracle\QDbOracle.class.php(95): QPHP\core\pdo\abs\QDbPdo->query()
#2 [internal function]: QPHP\core\pdo\oracle\QDbOracle->insertAll()
#3 D:\phpstudy_pro\WWW\www.qphp.com\QPHP\core\model\abs\BaseModel.class.php(187): call_user_func_array()
#4 D:\phpstudy_pro\WWW\www.qphp.com\QPHP\core\model\oracle\OracleM.class.php(265): QPHP\core\model\abs\BaseModel->executeSql()
#5 D:\phpstudy_pro\WWW\www.qphp.com\QPHP\core\model\Model.class.php(172): QPHP\core\model\oracle\OracleM->insertAll()
#6 D:\phpstudy_pro\WWW\www.qphp.com\application\admin\App\Model\Oracle.model.php(80): QPHP\core\model\Model->insertAll()
#7 D:\phpstudy_pro\WWW\www.qphp.com\application\admin\App\Action\Index.action.php(62): admin\Model\OracleModel->insertAllOracleUsers()
#8 D:\phpstudy_pro\WWW\www.qphp.com\QPHP\core\action\Action.class.php(31): admin\Action\IndexAction->textOracle()
#9 D:\phpstudy_pro\WWW\www.qphp.com\QPHP\QPHP.php(108): QPHP\core\action\Action->call()
#10 D:\phpstudy_pro\WWW\www.qphp.com\QPHP\base.php(33): QPHP\QPHP->run()
#11 D:\phpstudy_pro\WWW\www.qphp.com\public\index.php(12): QPHP\Base::run()
#12 {main}
Code: HY000 Message: SQLSTATE[HY000]: General error: 911 OCIStmtExecute: ORA-00911: invalid character
 (ext\pdo_oci\oci_driver.c:346)
PDOException: SQLSTATE[HY000]: General error: 911 OCIStmtExecute: ORA-00911: invalid character
 (ext\pdo_oci\oci_driver.c:346) in D:\phpstudy_pro\WWW\www.qphp.com\QPHP\core\pdo\abs\QDbPdo.class.php:139
Stack trace:
#0 D:\phpstudy_pro\WWW\www.qphp.com\QPHP\core\pdo\abs\QDbPdo.class.php(139): PDO->exec()
#1 D:\phpstudy_pro\WWW\www.qphp.com\QPHP\core\pdo\oracle\QDbOracle.class.php(95): QPHP\core\pdo\abs\QDbPdo->query()
#2 [internal function]: QPHP\core\pdo\oracle\QDbOracle->insertAll()
#3 D:\phpstudy_pro\WWW\www.qphp.com\QPHP\core\model\abs\BaseModel.class.php(187): call_user_func_array()
#4 D:\phpstudy_pro\WWW\www.qphp.com\QPHP\core\model\oracle\OracleM.class.php(265): QPHP\core\model\abs\BaseModel->executeSql()
#5 D:\phpstudy_pro\WWW\www.qphp.com\QPHP\core\model\Model.class.php(172): QPHP\core\model\oracle\OracleM->insertAll()
#6 D:\phpstudy_pro\WWW\www.qphp.com\application\admin\App\Model\Oracle.model.php(80): QPHP\core\model\Model->insertAll()
#7 D:\phpstudy_pro\WWW\www.qphp.com\application\admin\App\Action\Index.action.php(62): admin\Model\OracleModel->insertAllOracleUsers()
#8 D:\phpstudy_pro\WWW\www.qphp.com\QPHP\core\action\Action.class.php(31): admin\Action\IndexAction->textOracle()
#9 D:\phpstudy_pro\WWW\www.qphp.com\QPHP\QPHP.php(108): QPHP\core\action\Action->call()
#10 D:\phpstudy_pro\WWW\www.qphp.com\QPHP\base.php(33): QPHP\QPHP->run()
#11 D:\phpstudy_pro\WWW\www.qphp.com\public\index.php(12): QPHP\Base::run()
#12 {main}
Code: HY000 Message: SQLSTATE[HY000]: General error: 911 OCIStmtExecute: ORA-00911: invalid character
 (ext\pdo_oci\oci_driver.c:346)
PDOException: SQLSTATE[HY000]: General error: 911 OCIStmtExecute: ORA-00911: invalid character
 (ext\pdo_oci\oci_driver.c:346) in D:\phpstudy_pro\WWW\www.qphp.com\QPHP\core\pdo\abs\QDbPdo.class.php:139
Stack trace:
#0 D:\phpstudy_pro\WWW\www.qphp.com\QPHP\core\pdo\abs\QDbPdo.class.php(139): PDO->exec()
#1 D:\phpstudy_pro\WWW\www.qphp.com\QPHP\core\pdo\oracle\QDbOracle.class.php(95): QPHP\core\pdo\abs\QDbPdo->query()
#2 [internal function]: QPHP\core\pdo\oracle\QDbOracle->insertAll()
#3 D:\phpstudy_pro\WWW\www.qphp.com\QPHP\core\model\abs\BaseModel.class.php(187): call_user_func_array()
#4 D:\phpstudy_pro\WWW\www.qphp.com\QPHP\core\model\oracle\OracleM.class.php(265): QPHP\core\model\abs\BaseModel->executeSql()
#5 D:\phpstudy_pro\WWW\www.qphp.com\QPHP\core\model\Model.class.php(172): QPHP\core\model\oracle\OracleM->insertAll()
#6 D:\phpstudy_pro\WWW\www.qphp.com\application\admin\App\Model\Oracle.model.php(80): QPHP\core\model\Model->insertAll()
#7 D:\phpstudy_pro\WWW\www.qphp.com\application\admin\App\Action\Index.action.php(62): admin\Model\OracleModel->insertAllOracleUsers()
#8 D:\phpstudy_pro\WWW\www.qphp.com\QPHP\core\action\Action.class.php(31): admin\Action\IndexAction->textOracle()
#9 D:\phpstudy_pro\WWW\www.qphp.com\QPHP\QPHP.php(108): QPHP\core\action\Action->call()
#10 D:\phpstudy_pro\WWW\www.qphp.com\QPHP\base.php(33): QPHP\QPHP->run()
#11 D:\phpstudy_pro\WWW\www.qphp.com\public\index.php(12): QPHP\Base::run()
#12 {main}
