<b>My ERROR</b> [256] 错误信息
Fatal error on line 38 in file D:\phpstudy_pro\WWW\www.qphp.com\application\admin\App\Action\Index.action.php
, PHP 8.2.9 (WINNT)
Aborting...
Request the address: www.qphp.com:8080/admin/testError
The wrong time: 2024-10-02 03:42:09
<b>My ERROR</b> [256] 错误信息
Fatal error on line 38 in file D:\phpstudy_pro\WWW\www.qphp.com\application\admin\App\Action\Index.action.php
, PHP 8.2.9 (WINNT)
Aborting...
Request the address: www.qphp.com:8080/admin/testError
The wrong time: 2024-10-02 03:42:09
<b>My ERROR</b> [256] 错误信息
Fatal error on line 38 in file D:\phpstudy_pro\WWW\www.qphp.com\application\admin\App\Action\Index.action.php
, PHP 8.2.9 (WINNT)
Aborting...
Request the address: www.qphp.com:8080/admin/testError
The wrong time: 2024-10-02 03:42:10
<b>My ERROR</b> [256] 错误信息
Fatal error on line 38 in file D:\phpstudy_pro\WWW\www.qphp.com\application\admin\App\Action\Index.action.php
, PHP 8.2.9 (WINNT)
Aborting...
Request the address: www.qphp.com:8080/admin/testError
The wrong time: 2024-10-02 03:42:10
<b>My ERROR</b> [256] 错误信息
Fatal error on line 38 in file D:\phpstudy_pro\WWW\www.qphp.com\application\admin\App\Action\Index.action.php
, PHP 8.2.9 (WINNT)
Aborting...
Request the address: www.qphp.com:8080/admin/testError
The wrong time: 2024-10-02 03:42:10
<b>My ERROR</b> [256] 错误信息
Fatal error on line 38 in file D:\phpstudy_pro\WWW\www.qphp.com\application\admin\App\Action\Index.action.php
, PHP 8.2.9 (WINNT)
Aborting...
Request the address: www.qphp.com:8080/admin/testError
The wrong time: 2024-10-02 03:42:10
<b>My ERROR</b> [256] 错误信息
Fatal error on line 38 in file D:\phpstudy_pro\WWW\www.qphp.com\application\admin\App\Action\Index.action.php
, PHP 8.2.9 (WINNT)
Aborting...
Request the address: www.qphp.com:8080/admin/testError
The wrong time: 2024-10-02 03:42:10
<b>My ERROR</b> [256] 错误信息
Fatal error on line 38 in file D:\phpstudy_pro\WWW\www.qphp.com\application\admin\App\Action\Index.action.php
, PHP 8.2.9 (WINNT)
Aborting...
Request the address: www.qphp.com:8080/admin/testError
The wrong time: 2024-10-02 03:42:10
<b>My ERROR</b> [256] 错误信息
Fatal error on line 38 in file D:\phpstudy_pro\WWW\www.qphp.com\application\admin\App\Action\Index.action.php
, PHP 8.2.9 (WINNT)
Aborting...
Request the address: www.qphp.com:8080/admin/testError
The wrong time: 2024-10-02 03:42:10
<b>My ERROR</b> [256] 错误信息
Fatal error on line 38 in file D:\phpstudy_pro\WWW\www.qphp.com\application\admin\App\Action\Index.action.php
, PHP 8.2.9 (WINNT)
Aborting...
Request the address: www.qphp.com:8080/admin/testError
The wrong time: 2024-10-02 03:42:11
<b>My ERROR</b> [256] 错误信息
Fatal error on line 38 in file D:\phpstudy_pro\WWW\www.qphp.com\application\admin\App\Action\Index.action.php
, PHP 8.2.9 (WINNT)
Aborting...
Request the address: www.qphp.com:8080/admin/testError
The wrong time: 2024-10-02 03:42:17
<b>My ERROR</b> [256] 错误信息
Fatal error on line 38 in file D:\phpstudy_pro\WWW\www.qphp.com\application\admin\App\Action\Index.action.php
, PHP 8.2.9 (WINNT)
Aborting...
Request the address: www.qphp.com:8080/admin/testError
The wrong time: 2024-10-02 03:42:17
<b>My ERROR</b> [256] 错误信息
Fatal error on line 38 in file D:\phpstudy_pro\WWW\www.qphp.com\application\admin\App\Action\Index.action.php
, PHP 8.2.9 (WINNT)
Aborting...
Request the address: www.qphp.com:8080/admin/testError
The wrong time: 2024-10-02 03:42:17
<b>My ERROR</b> [256] 错误信息
Fatal error on line 38 in file D:\phpstudy_pro\WWW\www.qphp.com\application\admin\App\Action\Index.action.php
, PHP 8.2.9 (WINNT)
Aborting...
Request the address: www.qphp.com:8080/admin/testError
The wrong time: 2024-10-02 03:42:17
<b>My ERROR</b> [256] 错误信息
Fatal error on line 38 in file D:\phpstudy_pro\WWW\www.qphp.com\application\admin\App\Action\Index.action.php
, PHP 8.2.9 (WINNT)
Aborting...
Request the address: www.qphp.com:8080/admin/testError
The wrong time: 2024-10-02 03:42:48
<b>My ERROR</b> [256] 错误信息
Fatal error on line 38 in file D:\phpstudy_pro\WWW\www.qphp.com\application\admin\App\Action\Index.action.php
, PHP 8.2.9 (WINNT)
Aborting...
Request the address: www.qphp.com:8080/admin/testError
The wrong time: 2024-10-02 03:42:49
<b>My ERROR</b> [256] 错误信息
Fatal error on line 38 in file D:\phpstudy_pro\WWW\www.qphp.com\application\admin\App\Action\Index.action.php
, PHP 8.2.9 (WINNT)
Aborting...
Request the address: www.qphp.com:8080/admin/testError
The wrong time: 2024-10-02 03:42:49
