Code: 0 Message: QPHP\core\pdo\oracle\QDbOracle::insert(): Return value must be of type int, none returned
TypeError: QPHP\core\pdo\oracle\QDbOracle::insert(): Return value must be of type int, none returned in D:\phpstudy_pro\WWW\www.qphp.com\QPHP\core\pdo\oracle\QDbOracle.class.php:88
Stack trace:
#0 [internal function]: QPHP\core\pdo\oracle\QDbOracle->insert()
#1 D:\phpstudy_pro\WWW\www.qphp.com\QPHP\core\model\abs\BaseModel.class.php(187): call_user_func_array()
#2 D:\phpstudy_pro\WWW\www.qphp.com\QPHP\core\model\oracle\OracleM.class.php(232): QPHP\core\model\abs\BaseModel->executeSql()
#3 D:\phpstudy_pro\WWW\www.qphp.com\QPHP\core\model\Model.class.php(162): QPHP\core\model\oracle\OracleM->insert()
#4 D:\phpstudy_pro\WWW\www.qphp.com\application\admin\App\Model\Oracle.model.php(56): QPHP\core\model\Model->insert()
#5 D:\phpstudy_pro\WWW\www.qphp.com\application\admin\App\Action\Index.action.php(56): admin\Model\OracleModel->insertOracleUsers()
#6 D:\phpstudy_pro\WWW\www.qphp.com\QPHP\core\action\Action.class.php(31): admin\Action\IndexAction->textOracle()
#7 D:\phpstudy_pro\WWW\www.qphp.com\QPHP\QPHP.php(108): QPHP\core\action\Action->call()
#8 D:\phpstudy_pro\WWW\www.qphp.com\QPHP\base.php(33): QPHP\QPHP->run()
#9 D:\phpstudy_pro\WWW\www.qphp.com\public\index.php(12): QPHP\Base::run()
#10 {main}
Code: 0 Message: QPHP\core\pdo\oracle\QDbOracle::insert(): Return value must be of type int, none returned
TypeError: QPHP\core\pdo\oracle\QDbOracle::insert(): Return value must be of type int, none returned in D:\phpstudy_pro\WWW\www.qphp.com\QPHP\core\pdo\oracle\QDbOracle.class.php:88
Stack trace:
#0 [internal function]: QPHP\core\pdo\oracle\QDbOracle->insert()
#1 D:\phpstudy_pro\WWW\www.qphp.com\QPHP\core\model\abs\BaseModel.class.php(187): call_user_func_array()
#2 D:\phpstudy_pro\WWW\www.qphp.com\QPHP\core\model\oracle\OracleM.class.php(232): QPHP\core\model\abs\BaseModel->executeSql()
#3 D:\phpstudy_pro\WWW\www.qphp.com\QPHP\core\model\Model.class.php(162): QPHP\core\model\oracle\OracleM->insert()
#4 D:\phpstudy_pro\WWW\www.qphp.com\application\admin\App\Model\Oracle.model.php(56): QPHP\core\model\Model->insert()
#5 D:\phpstudy_pro\WWW\www.qphp.com\application\admin\App\Action\Index.action.php(56): admin\Model\OracleModel->insertOracleUsers()
#6 D:\phpstudy_pro\WWW\www.qphp.com\QPHP\core\action\Action.class.php(31): admin\Action\IndexAction->textOracle()
#7 D:\phpstudy_pro\WWW\www.qphp.com\QPHP\QPHP.php(108): QPHP\core\action\Action->call()
#8 D:\phpstudy_pro\WWW\www.qphp.com\QPHP\base.php(33): QPHP\QPHP->run()
#9 D:\phpstudy_pro\WWW\www.qphp.com\public\index.php(12): QPHP\Base::run()
#10 {main}
