Code: 0 Message: call_user_func(): Argument #1 ($callback) must be a valid callback, class "$className::class" not found
TypeError: call_user_func(): Argument #1 ($callback) must be a valid callback, class "$className::class" not found in D:\phpstudy_pro\WWW\www.qphp.com\QPHP\core\model\ModelFactory.class.php:21
Stack trace:
#0 D:\phpstudy_pro\WWW\www.qphp.com\QPHP\core\model\ModelFactory.class.php(21): call_user_func(Array, 'mysql', 'mm_user', 'id')
#1 D:\phpstudy_pro\WWW\www.qphp.com\QPHP\core\model\Model.class.php(28): QPHP\core\model\ModelFactory->createModel('mysql', 'mm_user', 'id')
#2 D:\phpstudy_pro\WWW\www.qphp.com\QPHP\core\model\Model.class.php(22): QPHP\core\model\Model->setFactory(Object(QPHP\core\model\ModelFactory))
#3 D:\phpstudy_pro\WWW\www.qphp.com\application\admin\App\Model\Index.model.php(13): QPHP\core\model\Model->__construct()
#4 D:\phpstudy_pro\WWW\www.qphp.com\application\admin\App\Action\Index.action.php(52): admin\Model\IndexModel->__construct()
#5 D:\phpstudy_pro\WWW\www.qphp.com\QPHP\core\action\Action.class.php(31): admin\Action\IndexAction->testTransaction()
#6 D:\phpstudy_pro\WWW\www.qphp.com\QPHP\QPHP.php(108): QPHP\core\action\Action->call(Object(admin\Action\IndexAction), 'testTransaction')
#7 D:\phpstudy_pro\WWW\www.qphp.com\QPHP\base.php(72): QPHP\QPHP->run()
#8 D:\phpstudy_pro\WWW\www.qphp.com\public\index.php(12): QPHP\Base::run()
#9 {main}
Code: 0 Message: Cannot use "::class" on value of type string
TypeError: Cannot use "::class" on value of type string in D:\phpstudy_pro\WWW\www.qphp.com\QPHP\core\model\ModelFactory.class.php:21
Stack trace:
#0 D:\phpstudy_pro\WWW\www.qphp.com\QPHP\core\model\Model.class.php(28): QPHP\core\model\ModelFactory->createModel('mysql', 'mm_user', 'id')
#1 D:\phpstudy_pro\WWW\www.qphp.com\QPHP\core\model\Model.class.php(22): QPHP\core\model\Model->setFactory(Object(QPHP\core\model\ModelFactory))
#2 D:\phpstudy_pro\WWW\www.qphp.com\application\admin\App\Model\Index.model.php(13): QPHP\core\model\Model->__construct()
#3 D:\phpstudy_pro\WWW\www.qphp.com\application\admin\App\Action\Index.action.php(52): admin\Model\IndexModel->__construct()
#4 D:\phpstudy_pro\WWW\www.qphp.com\QPHP\core\action\Action.class.php(31): admin\Action\IndexAction->testTransaction()
#5 D:\phpstudy_pro\WWW\www.qphp.com\QPHP\QPHP.php(108): QPHP\core\action\Action->call(Object(admin\Action\IndexAction), 'testTransaction')
#6 D:\phpstudy_pro\WWW\www.qphp.com\QPHP\base.php(72): QPHP\QPHP->run()
#7 D:\phpstudy_pro\WWW\www.qphp.com\public\index.php(12): QPHP\Base::run()
#8 {main}
