Code: 0 Message: Class "QPHP\core\pdo\conf\QDBConf" not found
Error: Class "QPHP\core\pdo\conf\QDBConf" not found in D:\phpstudy_pro\WWW\www.qphp.com\QPHP\core\pdo\QDbPdoPoolFactory.class.php:22
Stack trace:
#0 D:\phpstudy_pro\WWW\www.qphp.com\QPHP\core\pdo\QDbPdoPoolFactory.class.php(28): QPHP\core\pdo\QDbPdoPoolFactory->__construct()
#1 D:\phpstudy_pro\WWW\www.qphp.com\QPHP\core\pdo\QDbPdoPoolFactory.class.php(51): QPHP\core\pdo\QDbPdoPoolFactory::getInstance()
#2 D:\phpstudy_pro\WWW\www.qphp.com\QPHP\core\pdo\QDbPdoPoolFactory.class.php(67): QPHP\core\pdo\QDbPdoPoolFactory::getQDBPdoPool('mysql')
#3 [internal function]: QPHP\core\pdo\QDbPdoPoolFactory::connect('mysql_0', 'mysql')
#4 D:\phpstudy_pro\WWW\www.qphp.com\QPHP\core\pdo\abs\QDbPdo.class.php(93): call_user_func_array(Array, Array)
#5 D:\phpstudy_pro\WWW\www.qphp.com\QPHP\core\pdo\mysql\QDbMysql.class.php(41): QPHP\core\pdo\abs\QDbPdo->getConnect('QPHP\\core\\pdo\\Q...', 'connect', 'mysql_0', 'mysql')
#6 D:\phpstudy_pro\WWW\www.qphp.com\QPHP\core\pdo\mysql\QDbMysql.class.php(27): QPHP\core\pdo\mysql\QDbMysql->connect()
#7 D:\phpstudy_pro\WWW\www.qphp.com\QPHP\core\pdo\QDbFactory.class.php(24): QPHP\core\pdo\mysql\QDbMysql->__construct('mysql_0')
#8 D:\phpstudy_pro\WWW\www.qphp.com\QPHP\core\model\abs\BaseModel.class.php(83): QPHP\core\pdo\QDbFactory::getDb('mysql_0', 'mysql')
#9 D:\phpstudy_pro\WWW\www.qphp.com\QPHP\core\model\Model.class.php(47): QPHP\core\model\abs\BaseModel->Db('mysql_0')
#10 D:\phpstudy_pro\WWW\www.qphp.com\application\admin\App\Model\User.model.php(74): QPHP\core\model\Model->Db('mysql_0')
#11 D:\phpstudy_pro\WWW\www.qphp.com\application\admin\App\Action\Index.action.php(57): admin\Model\UserModel->getTransactionData()
#12 D:\phpstudy_pro\WWW\www.qphp.com\QPHP\core\action\Action.class.php(31): admin\Action\IndexAction->testTransaction()
#13 D:\phpstudy_pro\WWW\www.qphp.com\QPHP\QPHP.php(108): QPHP\core\action\Action->call(Object(admin\Action\IndexAction), 'testTransaction')
#14 D:\phpstudy_pro\WWW\www.qphp.com\QPHP\base.php(72): QPHP\QPHP->run()
#15 D:\phpstudy_pro\WWW\www.qphp.com\public\index.php(12): QPHP\Base::run()
#16 {main}
