Code: 0 Message: Class "admin\Action\Aaa%2AeyJpc3MiOiJtdW11IiwiaWF0IjoxNzIzNTc4MTg3LCJleHAiOjE3MjM1ODUzODcsIm5iZiI6MTcyMzU3ODE5MCwic3ViIjoid3d3LnFwaHAuY29tIiwianRpIjoiZmMwMjVmMzZlOTdiM2UyNzBhZDM3YThiOTI2NGYzZTQiLCJkYXRhIjp7InVzZXJfaWQiOjgsIm1kNV91c2VyX2lkIjoiODUyNTAxNGUzMjM3ZGQ0YjdlNDA1NGFlMzRlMDY0MzUifX0Action" not found
Error: Class "admin\Action\Aaa%2AeyJpc3MiOiJtdW11IiwiaWF0IjoxNzIzNTc4MTg3LCJleHAiOjE3MjM1ODUzODcsIm5iZiI6MTcyMzU3ODE5MCwic3ViIjoid3d3LnFwaHAuY29tIiwianRpIjoiZmMwMjVmMzZlOTdiM2UyNzBhZDM3YThiOTI2NGYzZTQiLCJkYXRhIjp7InVzZXJfaWQiOjgsIm1kNV91c2VyX2lkIjoiODUyNTAxNGUzMjM3ZGQ0YjdlNDA1NGFlMzRlMDY0MzUifX0Action" not found in D:\phpstudy_pro\WWW\www.qphp.com\QPHP\QPHP.php:97
Stack trace:
#0 D:\phpstudy_pro\WWW\www.qphp.com\QPHP\base.php(30): QPHP\QPHP->run()
#1 D:\phpstudy_pro\WWW\www.qphp.com\public\index.php(13): QPHP\Base::run()
#2 {main}
Code: 0 Message: Class "admin\Action\Aaa%2AeyJpc3MiOiJtdW11IiwiaWF0IjoxNzIzNTc4MTg3LCJleHAiOjE3MjM1ODUzODcsIm5iZiI6MTcyMzU3ODE5MCwic3ViIjoid3d3LnFwaHAuY29tIiwianRpIjoiZmMwMjVmMzZlOTdiM2UyNzBhZDM3YThiOTI2NGYzZTQiLCJkYXRhIjp7InVzZXJfaWQiOjgsIm1kNV91c2VyX2lkIjoiODUyNTAxNGUzMjM3ZGQ0YjdlNDA1NGFlMzRlMDY0MzUifX0Action" not found
Error: Class "admin\Action\Aaa%2AeyJpc3MiOiJtdW11IiwiaWF0IjoxNzIzNTc4MTg3LCJleHAiOjE3MjM1ODUzODcsIm5iZiI6MTcyMzU3ODE5MCwic3ViIjoid3d3LnFwaHAuY29tIiwianRpIjoiZmMwMjVmMzZlOTdiM2UyNzBhZDM3YThiOTI2NGYzZTQiLCJkYXRhIjp7InVzZXJfaWQiOjgsIm1kNV91c2VyX2lkIjoiODUyNTAxNGUzMjM3ZGQ0YjdlNDA1NGFlMzRlMDY0MzUifX0Action" not found in D:\phpstudy_pro\WWW\www.qphp.com\QPHP\QPHP.php:97
Stack trace:
#0 D:\phpstudy_pro\WWW\www.qphp.com\QPHP\base.php(30): QPHP\QPHP->run()
#1 D:\phpstudy_pro\WWW\www.qphp.com\public\index.php(13): QPHP\Base::run()
#2 {main}
Code: 0 Message: Class "admin\Action\Aaa%2AeyJpc3MiOiJtdW11IiwiaWF0IjoxNzIzNTc4MTg3LCJleHAiOjE3MjM1ODUzODcsIm5iZiI6MTcyMzU3ODE5MCwic3ViIjoid3d3LnFwaHAuY29tIiwianRpIjoiZmMwMjVmMzZlOTdiM2UyNzBhZDM3YThiOTI2NGYzZTQiLCJkYXRhIjp7InVzZXJfaWQiOjgsIm1kNV91c2VyX2lkIjoiODUyNTAxNGUzMjM3ZGQ0YjdlNDA1NGFlMzRlMDY0MzUifX0Action" not found
Error: Class "admin\Action\Aaa%2AeyJpc3MiOiJtdW11IiwiaWF0IjoxNzIzNTc4MTg3LCJleHAiOjE3MjM1ODUzODcsIm5iZiI6MTcyMzU3ODE5MCwic3ViIjoid3d3LnFwaHAuY29tIiwianRpIjoiZmMwMjVmMzZlOTdiM2UyNzBhZDM3YThiOTI2NGYzZTQiLCJkYXRhIjp7InVzZXJfaWQiOjgsIm1kNV91c2VyX2lkIjoiODUyNTAxNGUzMjM3ZGQ0YjdlNDA1NGFlMzRlMDY0MzUifX0Action" not found in D:\phpstudy_pro\WWW\www.qphp.com\QPHP\QPHP.php:97
Stack trace:
#0 D:\phpstudy_pro\WWW\www.qphp.com\QPHP\base.php(30): QPHP\QPHP->run()
#1 D:\phpstudy_pro\WWW\www.qphp.com\public\index.php(13): QPHP\Base::run()
#2 {main}
Code: 0 Message: Class "admin\Action\Aaa%2AeyJpc3MiOiJtdW11IiwiaWF0IjoxNzIzNTc4MTg3LCJleHAiOjE3MjM1ODUzODcsIm5iZiI6MTcyMzU3ODE5MCwic3ViIjoid3d3LnFwaHAuY29tIiwianRpIjoiZmMwMjVmMzZlOTdiM2UyNzBhZDM3YThiOTI2NGYzZTQiLCJkYXRhIjp7InVzZXJfaWQiOjgsIm1kNV91c2VyX2lkIjoiODUyNTAxNGUzMjM3ZGQ0YjdlNDA1NGFlMzRlMDY0MzUifX0Action" not found
Error: Class "admin\Action\Aaa%2AeyJpc3MiOiJtdW11IiwiaWF0IjoxNzIzNTc4MTg3LCJleHAiOjE3MjM1ODUzODcsIm5iZiI6MTcyMzU3ODE5MCwic3ViIjoid3d3LnFwaHAuY29tIiwianRpIjoiZmMwMjVmMzZlOTdiM2UyNzBhZDM3YThiOTI2NGYzZTQiLCJkYXRhIjp7InVzZXJfaWQiOjgsIm1kNV91c2VyX2lkIjoiODUyNTAxNGUzMjM3ZGQ0YjdlNDA1NGFlMzRlMDY0MzUifX0Action" not found in D:\phpstudy_pro\WWW\www.qphp.com\QPHP\QPHP.php:97
Stack trace:
#0 D:\phpstudy_pro\WWW\www.qphp.com\QPHP\base.php(30): QPHP\QPHP->run()
#1 D:\phpstudy_pro\WWW\www.qphp.com\public\index.php(13): QPHP\Base::run()
#2 {main}
Code: 0 Message: Class "admin\Action\Aaa%2AeyJpc3MiOiJtdW11IiwiaWF0IjoxNzIzNTc4MTg3LCJleHAiOjE3MjM1ODUzODcsIm5iZiI6MTcyMzU3ODE5MCwic3ViIjoid3d3LnFwaHAuY29tIiwianRpIjoiZmMwMjVmMzZlOTdiM2UyNzBhZDM3YThiOTI2NGYzZTQiLCJkYXRhIjp7InVzZXJfaWQiOjgsIm1kNV91c2VyX2lkIjoiODUyNTAxNGUzMjM3ZGQ0YjdlNDA1NGFlMzRlMDY0MzUifX0Action" not found
Error: Class "admin\Action\Aaa%2AeyJpc3MiOiJtdW11IiwiaWF0IjoxNzIzNTc4MTg3LCJleHAiOjE3MjM1ODUzODcsIm5iZiI6MTcyMzU3ODE5MCwic3ViIjoid3d3LnFwaHAuY29tIiwianRpIjoiZmMwMjVmMzZlOTdiM2UyNzBhZDM3YThiOTI2NGYzZTQiLCJkYXRhIjp7InVzZXJfaWQiOjgsIm1kNV91c2VyX2lkIjoiODUyNTAxNGUzMjM3ZGQ0YjdlNDA1NGFlMzRlMDY0MzUifX0Action" not found in D:\phpstudy_pro\WWW\www.qphp.com\QPHP\QPHP.php:97
Stack trace:
#0 D:\phpstudy_pro\WWW\www.qphp.com\QPHP\base.php(30): QPHP\QPHP->run()
#1 D:\phpstudy_pro\WWW\www.qphp.com\public\index.php(13): QPHP\Base::run()
#2 {main}
