<b>My ERROR</b> [256] 错误信息
Fatal error on line 18 in file D:\phpstudy_pro\WWW\www.qphp.com\application\admin\App\Action\User.action.php
, PHP 8.2.9 (WINNT)
Aborting...
Request the address: www.qphp.com:8080/admin/test?lang=en
The wrong time: 2024-10-02 03:24:02
<b>My ERROR</b> [256] 错误信息
Fatal error on line 18 in file D:\phpstudy_pro\WWW\www.qphp.com\application\admin\App\Action\User.action.php
, PHP 8.2.9 (WINNT)
Aborting...
Request the address: www.qphp.com:8080/admin/test?lang=en
The wrong time: 2024-10-02 03:24:03
<b>My ERROR</b> [256] 错误信息
Fatal error on line 18 in file D:\phpstudy_pro\WWW\www.qphp.com\application\admin\App\Action\User.action.php
, PHP 8.2.9 (WINNT)
Aborting...
Request the address: www.qphp.com:8080/admin/test?lang=en
The wrong time: 2024-10-02 03:24:03
<b>My ERROR</b> [256] 错误信息
Fatal error on line 18 in file D:\phpstudy_pro\WWW\www.qphp.com\application\admin\App\Action\User.action.php
, PHP 8.2.9 (WINNT)
Aborting...
Request the address: www.qphp.com:8080/admin/test?lang=en
The wrong time: 2024-10-02 03:24:03
<b>My ERROR</b> [256] 错误信息
Fatal error on line 18 in file D:\phpstudy_pro\WWW\www.qphp.com\application\admin\App\Action\User.action.php
, PHP 8.2.9 (WINNT)
Aborting...
Request the address: www.qphp.com:8080/admin/test?lang=en
The wrong time: 2024-10-02 03:24:03
<b>My ERROR</b> [256] 错误信息
Fatal error on line 18 in file D:\phpstudy_pro\WWW\www.qphp.com\application\admin\App\Action\User.action.php
, PHP 8.2.9 (WINNT)
Aborting...
Request the address: www.qphp.com:8080/admin/test?lang=en
The wrong time: 2024-10-02 03:24:03
<b>My ERROR</b> [256] 错误信息
Fatal error on line 18 in file D:\phpstudy_pro\WWW\www.qphp.com\application\admin\App\Action\User.action.php
, PHP 8.2.9 (WINNT)
Aborting...
Request the address: www.qphp.com:8080/admin/test?lang=en
The wrong time: 2024-10-02 03:24:15
<b>My ERROR</b> [256] 错误信息
Fatal error on line 18 in file D:\phpstudy_pro\WWW\www.qphp.com\application\admin\App\Action\User.action.php
, PHP 8.2.9 (WINNT)
Aborting...
Request the address: www.qphp.com:8080/admin/test?lang=en
The wrong time: 2024-10-02 03:24:15
<b>My ERROR</b> [256] 错误信息
Fatal error on line 18 in file D:\phpstudy_pro\WWW\www.qphp.com\application\admin\App\Action\User.action.php
, PHP 8.2.9 (WINNT)
Aborting...
Request the address: www.qphp.com:8080/admin/test?lang=en
The wrong time: 2024-10-02 03:24:15
<b>My ERROR</b> [256] 错误信息
Fatal error on line 18 in file D:\phpstudy_pro\WWW\www.qphp.com\application\admin\App\Action\User.action.php
, PHP 8.2.9 (WINNT)
Aborting...
Request the address: www.qphp.com:8080/admin/test?lang=en
The wrong time: 2024-10-02 03:24:16
<b>My ERROR</b> [256] 错误信息
Fatal error on line 18 in file D:\phpstudy_pro\WWW\www.qphp.com\application\admin\App\Action\User.action.php
, PHP 8.2.9 (WINNT)
Aborting...
Request the address: www.qphp.com:8080/admin/test?lang=en
The wrong time: 2024-10-02 03:24:16
<b>My ERROR</b> [256] 错误信息
Fatal error on line 18 in file D:\phpstudy_pro\WWW\www.qphp.com\application\admin\App\Action\User.action.php
, PHP 8.2.9 (WINNT)
Aborting...
Request the address: www.qphp.com:8080/admin/test?lang=en
The wrong time: 2024-10-02 03:24:16
<b>My ERROR</b> [256] 错误信息
Fatal error on line 18 in file D:\phpstudy_pro\WWW\www.qphp.com\application\admin\App\Action\User.action.php
, PHP 8.2.9 (WINNT)
Aborting...
Request the address: www.qphp.com:8080/admin/test?lang=en
The wrong time: 2024-10-02 03:24:16
<b>My ERROR</b> [256] 错误信息
Fatal error on line 18 in file D:\phpstudy_pro\WWW\www.qphp.com\application\admin\App\Action\User.action.php
, PHP 8.2.9 (WINNT)
Aborting...
Request the address: www.qphp.com:8080/admin/test?lang=en
The wrong time: 2024-10-02 03:24:33
<b>My ERROR</b> [256] 错误信息
Fatal error on line 18 in file D:\phpstudy_pro\WWW\www.qphp.com\application\admin\App\Action\User.action.php
, PHP 8.2.9 (WINNT)
Aborting...
Request the address: www.qphp.com:8080/admin/test?lang=en
The wrong time: 2024-10-02 03:24:33
<b>My ERROR</b> [256] 错误信息
Fatal error on line 18 in file D:\phpstudy_pro\WWW\www.qphp.com\application\admin\App\Action\User.action.php
, PHP 8.2.9 (WINNT)
Aborting...
Request the address: www.qphp.com:8080/admin/test?lang=en
The wrong time: 2024-10-02 03:24:33
<b>My ERROR</b> [256] 错误信息
Fatal error on line 18 in file D:\phpstudy_pro\WWW\www.qphp.com\application\admin\App\Action\User.action.php
, PHP 8.2.9 (WINNT)
Aborting...
Request the address: www.qphp.com:8080/admin/test?lang=en
The wrong time: 2024-10-02 03:24:33
<b>My ERROR</b> [256] 错误信息
Fatal error on line 18 in file D:\phpstudy_pro\WWW\www.qphp.com\application\admin\App\Action\User.action.php
, PHP 8.2.9 (WINNT)
Aborting...
Request the address: www.qphp.com:8080/admin/test?lang=en
The wrong time: 2024-10-02 03:24:34
<b>My ERROR</b> [256] 错误信息
Fatal error on line 18 in file D:\phpstudy_pro\WWW\www.qphp.com\application\admin\App\Action\User.action.php
, PHP 8.2.9 (WINNT)
Aborting...
Request the address: www.qphp.com:8080/admin/test?lang=en
The wrong time: 2024-10-02 03:24:34
<b>My ERROR</b> [256] 错误信息
Fatal error on line 18 in file D:\phpstudy_pro\WWW\www.qphp.com\application\admin\App\Action\User.action.php
, PHP 8.2.9 (WINNT)
Aborting...
Request the address: www.qphp.com:8080/admin/test?lang=en
The wrong time: 2024-10-02 03:24:34
<b>My ERROR</b> [256] 错误信息
Fatal error on line 18 in file D:\phpstudy_pro\WWW\www.qphp.com\application\admin\App\Action\User.action.php
, PHP 8.2.9 (WINNT)
Aborting...
Request the address: www.qphp.com:8080/admin/test?lang=en
The wrong time: 2024-10-02 03:24:34
<b>My ERROR</b> [256] 错误信息
Fatal error on line 18 in file D:\phpstudy_pro\WWW\www.qphp.com\application\admin\App\Action\User.action.php
, PHP 8.2.9 (WINNT)
Aborting...
Request the address: www.qphp.com:8080/admin/test?lang=en
The wrong time: 2024-10-02 03:24:34
<b>My ERROR</b> [256] 错误信息
Fatal error on line 18 in file D:\phpstudy_pro\WWW\www.qphp.com\application\admin\App\Action\User.action.php
, PHP 8.2.9 (WINNT)
Aborting...
Request the address: www.qphp.com:8080/admin/test?lang=en
The wrong time: 2024-10-02 03:24:34
<b>My ERROR</b> [256] 错误信息
Fatal error on line 18 in file D:\phpstudy_pro\WWW\www.qphp.com\application\admin\App\Action\User.action.php
, PHP 8.2.9 (WINNT)
Aborting...
Request the address: www.qphp.com:8080/admin/test?lang=en
The wrong time: 2024-10-02 03:24:35
<b>My ERROR</b> [256] 错误信息
Fatal error on line 18 in file D:\phpstudy_pro\WWW\www.qphp.com\application\admin\App\Action\User.action.php
, PHP 8.2.9 (WINNT)
Aborting...
Request the address: www.qphp.com:8080/admin/test?lang=en
The wrong time: 2024-10-02 03:24:35
<b>My ERROR</b> [256] 错误信息
Fatal error on line 18 in file D:\phpstudy_pro\WWW\www.qphp.com\application\admin\App\Action\User.action.php
, PHP 8.2.9 (WINNT)
Aborting...
Request the address: www.qphp.com:8080/admin/test?lang=en
The wrong time: 2024-10-02 03:24:35
<b>My ERROR</b> [256] 错误信息
Fatal error on line 18 in file D:\phpstudy_pro\WWW\www.qphp.com\application\admin\App\Action\User.action.php
, PHP 8.2.9 (WINNT)
Aborting...
Request the address: www.qphp.com:8080/admin/test?lang=en
The wrong time: 2024-10-02 03:24:35
<b>My ERROR</b> [256] 错误信息
Fatal error on line 18 in file D:\phpstudy_pro\WWW\www.qphp.com\application\admin\App\Action\User.action.php
, PHP 8.2.9 (WINNT)
Aborting...
Request the address: www.qphp.com:8080/admin/test?lang=en
The wrong time: 2024-10-02 03:24:36
<b>My ERROR</b> [256] 错误信息
Fatal error on line 18 in file D:\phpstudy_pro\WWW\www.qphp.com\application\admin\App\Action\User.action.php
, PHP 8.2.9 (WINNT)
Aborting...
Request the address: www.qphp.com:8080/admin/test?lang=en
The wrong time: 2024-10-02 03:24:36
<b>My ERROR</b> [256] 错误信息
Fatal error on line 18 in file D:\phpstudy_pro\WWW\www.qphp.com\application\admin\App\Action\User.action.php
, PHP 8.2.9 (WINNT)
Aborting...
Request the address: www.qphp.com:8080/admin/test?lang=en
The wrong time: 2024-10-02 03:24:36
<b>My ERROR</b> [256] 错误信息
Fatal error on line 18 in file D:\phpstudy_pro\WWW\www.qphp.com\application\admin\App\Action\User.action.php
, PHP 8.2.9 (WINNT)
Aborting...
Request the address: www.qphp.com:8080/admin/test?lang=en
The wrong time: 2024-10-02 03:24:37
