Code: 0 Message: syntax error, unexpected variable "$lang"
ParseError: syntax error, unexpected variable "$lang" in D:\phpstudy_pro\WWW\www.qphp.com\application\admin\App\Action\User.action.php:20
Stack trace:
#0 D:\phpstudy_pro\WWW\www.qphp.com\QPHP\QPHP.php(99): QPHP\QPHP->load()
#1 D:\phpstudy_pro\WWW\www.qphp.com\QPHP\base.php(33): QPHP\QPHP->run()
#2 D:\phpstudy_pro\WWW\www.qphp.com\public\index.php(13): QPHP\Base::run()
#3 {main}
Code: 0 Message: syntax error, unexpected variable "$lang"
ParseError: syntax error, unexpected variable "$lang" in D:\phpstudy_pro\WWW\www.qphp.com\application\admin\App\Action\User.action.php:20
Stack trace:
#0 D:\phpstudy_pro\WWW\www.qphp.com\QPHP\QPHP.php(99): QPHP\QPHP->load()
#1 D:\phpstudy_pro\WWW\www.qphp.com\QPHP\base.php(33): QPHP\QPHP->run()
#2 D:\phpstudy_pro\WWW\www.qphp.com\public\index.php(13): QPHP\Base::run()
#3 {main}
Code: 0 Message: syntax error, unexpected variable "$lang"
ParseError: syntax error, unexpected variable "$lang" in D:\phpstudy_pro\WWW\www.qphp.com\application\admin\App\Action\User.action.php:20
Stack trace:
#0 D:\phpstudy_pro\WWW\www.qphp.com\QPHP\QPHP.php(99): QPHP\QPHP->load()
#1 D:\phpstudy_pro\WWW\www.qphp.com\QPHP\base.php(33): QPHP\QPHP->run()
#2 D:\phpstudy_pro\WWW\www.qphp.com\public\index.php(13): QPHP\Base::run()
#3 {main}
Code: 0 Message: syntax error, unexpected variable "$lang"
ParseError: syntax error, unexpected variable "$lang" in D:\phpstudy_pro\WWW\www.qphp.com\application\admin\App\Action\User.action.php:20
Stack trace:
#0 D:\phpstudy_pro\WWW\www.qphp.com\QPHP\QPHP.php(99): QPHP\QPHP->load()
#1 D:\phpstudy_pro\WWW\www.qphp.com\QPHP\base.php(33): QPHP\QPHP->run()
#2 D:\phpstudy_pro\WWW\www.qphp.com\public\index.php(13): QPHP\Base::run()
#3 {main}
Code: 0 Message: syntax error, unexpected variable "$lang"
ParseError: syntax error, unexpected variable "$lang" in D:\phpstudy_pro\WWW\www.qphp.com\application\admin\App\Action\User.action.php:20
Stack trace:
#0 D:\phpstudy_pro\WWW\www.qphp.com\QPHP\QPHP.php(99): QPHP\QPHP->load()
#1 D:\phpstudy_pro\WWW\www.qphp.com\QPHP\base.php(33): QPHP\QPHP->run()
#2 D:\phpstudy_pro\WWW\www.qphp.com\public\index.php(13): QPHP\Base::run()
#3 {main}
Code: 0 Message: syntax error, unexpected variable "$lang"
ParseError: syntax error, unexpected variable "$lang" in D:\phpstudy_pro\WWW\www.qphp.com\application\admin\App\Action\User.action.php:20
Stack trace:
#0 D:\phpstudy_pro\WWW\www.qphp.com\QPHP\QPHP.php(99): QPHP\QPHP->load()
#1 D:\phpstudy_pro\WWW\www.qphp.com\QPHP\base.php(33): QPHP\QPHP->run()
#2 D:\phpstudy_pro\WWW\www.qphp.com\public\index.php(13): QPHP\Base::run()
#3 {main}
Code: 0 Message: syntax error, unexpected variable "$lang"
ParseError: syntax error, unexpected variable "$lang" in D:\phpstudy_pro\WWW\www.qphp.com\application\admin\App\Action\User.action.php:20
Stack trace:
#0 D:\phpstudy_pro\WWW\www.qphp.com\QPHP\QPHP.php(99): QPHP\QPHP->load()
#1 D:\phpstudy_pro\WWW\www.qphp.com\QPHP\base.php(33): QPHP\QPHP->run()
#2 D:\phpstudy_pro\WWW\www.qphp.com\public\index.php(13): QPHP\Base::run()
#3 {main}
Code: 0 Message: syntax error, unexpected variable "$lang"
ParseError: syntax error, unexpected variable "$lang" in D:\phpstudy_pro\WWW\www.qphp.com\application\admin\App\Action\User.action.php:20
Stack trace:
#0 D:\phpstudy_pro\WWW\www.qphp.com\QPHP\QPHP.php(99): QPHP\QPHP->load()
#1 D:\phpstudy_pro\WWW\www.qphp.com\QPHP\base.php(33): QPHP\QPHP->run()
#2 D:\phpstudy_pro\WWW\www.qphp.com\public\index.php(13): QPHP\Base::run()
#3 {main}
Code: 0 Message: syntax error, unexpected variable "$lang"
ParseError: syntax error, unexpected variable "$lang" in D:\phpstudy_pro\WWW\www.qphp.com\application\admin\App\Action\User.action.php:20
Stack trace:
#0 D:\phpstudy_pro\WWW\www.qphp.com\QPHP\QPHP.php(99): QPHP\QPHP->load()
#1 D:\phpstudy_pro\WWW\www.qphp.com\QPHP\base.php(33): QPHP\QPHP->run()
#2 D:\phpstudy_pro\WWW\www.qphp.com\public\index.php(13): QPHP\Base::run()
#3 {main}
Code: 0 Message: syntax error, unexpected variable "$lang"
ParseError: syntax error, unexpected variable "$lang" in D:\phpstudy_pro\WWW\www.qphp.com\application\admin\App\Action\User.action.php:20
Stack trace:
#0 D:\phpstudy_pro\WWW\www.qphp.com\QPHP\QPHP.php(99): QPHP\QPHP->load()
#1 D:\phpstudy_pro\WWW\www.qphp.com\QPHP\base.php(33): QPHP\QPHP->run()
#2 D:\phpstudy_pro\WWW\www.qphp.com\public\index.php(13): QPHP\Base::run()
#3 {main}
Code: 0 Message: Undefined constant "admin\Action\“错误信息”"
Error: Undefined constant "admin\Action\“错误信息”" in D:\phpstudy_pro\WWW\www.qphp.com\application\admin\App\Action\User.action.php:18
Stack trace:
#0 D:\phpstudy_pro\WWW\www.qphp.com\QPHP\core\action\Action.class.php(31): admin\Action\UserAction->testValidate()
#1 D:\phpstudy_pro\WWW\www.qphp.com\QPHP\QPHP.php(100): QPHP\core\action\Action->call()
#2 D:\phpstudy_pro\WWW\www.qphp.com\QPHP\base.php(33): QPHP\QPHP->run()
#3 D:\phpstudy_pro\WWW\www.qphp.com\public\index.php(13): QPHP\Base::run()
#4 {main}
Code: 0 Message: Undefined constant "admin\Action\“错误信息”"
Error: Undefined constant "admin\Action\“错误信息”" in D:\phpstudy_pro\WWW\www.qphp.com\application\admin\App\Action\User.action.php:18
Stack trace:
#0 D:\phpstudy_pro\WWW\www.qphp.com\QPHP\core\action\Action.class.php(31): admin\Action\UserAction->testValidate()
#1 D:\phpstudy_pro\WWW\www.qphp.com\QPHP\QPHP.php(100): QPHP\core\action\Action->call()
#2 D:\phpstudy_pro\WWW\www.qphp.com\QPHP\base.php(33): QPHP\QPHP->run()
#3 D:\phpstudy_pro\WWW\www.qphp.com\public\index.php(13): QPHP\Base::run()
#4 {main}
Code: 0 Message: Undefined constant "admin\Action\“错误信息”"
Error: Undefined constant "admin\Action\“错误信息”" in D:\phpstudy_pro\WWW\www.qphp.com\application\admin\App\Action\User.action.php:18
Stack trace:
#0 D:\phpstudy_pro\WWW\www.qphp.com\QPHP\core\action\Action.class.php(31): admin\Action\UserAction->testValidate()
#1 D:\phpstudy_pro\WWW\www.qphp.com\QPHP\QPHP.php(100): QPHP\core\action\Action->call()
#2 D:\phpstudy_pro\WWW\www.qphp.com\QPHP\base.php(33): QPHP\QPHP->run()
#3 D:\phpstudy_pro\WWW\www.qphp.com\public\index.php(13): QPHP\Base::run()
#4 {main}
Code: 0 Message: Undefined constant "admin\Action\“错误信息”"
Error: Undefined constant "admin\Action\“错误信息”" in D:\phpstudy_pro\WWW\www.qphp.com\application\admin\App\Action\User.action.php:18
Stack trace:
#0 D:\phpstudy_pro\WWW\www.qphp.com\QPHP\core\action\Action.class.php(31): admin\Action\UserAction->testValidate()
#1 D:\phpstudy_pro\WWW\www.qphp.com\QPHP\QPHP.php(100): QPHP\core\action\Action->call()
#2 D:\phpstudy_pro\WWW\www.qphp.com\QPHP\base.php(33): QPHP\QPHP->run()
#3 D:\phpstudy_pro\WWW\www.qphp.com\public\index.php(13): QPHP\Base::run()
#4 {main}
Code: 0 Message: Undefined constant "admin\Action\“错误信息”"
Error: Undefined constant "admin\Action\“错误信息”" in D:\phpstudy_pro\WWW\www.qphp.com\application\admin\App\Action\User.action.php:18
Stack trace:
#0 D:\phpstudy_pro\WWW\www.qphp.com\QPHP\core\action\Action.class.php(31): admin\Action\UserAction->testValidate()
#1 D:\phpstudy_pro\WWW\www.qphp.com\QPHP\QPHP.php(100): QPHP\core\action\Action->call()
#2 D:\phpstudy_pro\WWW\www.qphp.com\QPHP\base.php(33): QPHP\QPHP->run()
#3 D:\phpstudy_pro\WWW\www.qphp.com\public\index.php(13): QPHP\Base::run()
#4 {main}
Code: 0 Message: Undefined constant "admin\Action\“错误信息”"
Error: Undefined constant "admin\Action\“错误信息”" in D:\phpstudy_pro\WWW\www.qphp.com\application\admin\App\Action\User.action.php:18
Stack trace:
#0 D:\phpstudy_pro\WWW\www.qphp.com\QPHP\core\action\Action.class.php(31): admin\Action\UserAction->testValidate()
#1 D:\phpstudy_pro\WWW\www.qphp.com\QPHP\QPHP.php(100): QPHP\core\action\Action->call()
#2 D:\phpstudy_pro\WWW\www.qphp.com\QPHP\base.php(33): QPHP\QPHP->run()
#3 D:\phpstudy_pro\WWW\www.qphp.com\public\index.php(13): QPHP\Base::run()
#4 {main}
Code: 0 Message: Undefined constant "admin\Action\“错误信息”"
Error: Undefined constant "admin\Action\“错误信息”" in D:\phpstudy_pro\WWW\www.qphp.com\application\admin\App\Action\User.action.php:18
Stack trace:
#0 D:\phpstudy_pro\WWW\www.qphp.com\QPHP\core\action\Action.class.php(31): admin\Action\UserAction->testValidate()
#1 D:\phpstudy_pro\WWW\www.qphp.com\QPHP\QPHP.php(100): QPHP\core\action\Action->call()
#2 D:\phpstudy_pro\WWW\www.qphp.com\QPHP\base.php(33): QPHP\QPHP->run()
#3 D:\phpstudy_pro\WWW\www.qphp.com\public\index.php(13): QPHP\Base::run()
#4 {main}
Code: 0 Message: Undefined constant "admin\Action\“错误信息”"
Error: Undefined constant "admin\Action\“错误信息”" in D:\phpstudy_pro\WWW\www.qphp.com\application\admin\App\Action\User.action.php:18
Stack trace:
#0 D:\phpstudy_pro\WWW\www.qphp.com\QPHP\core\action\Action.class.php(31): admin\Action\UserAction->testValidate()
#1 D:\phpstudy_pro\WWW\www.qphp.com\QPHP\QPHP.php(100): QPHP\core\action\Action->call()
#2 D:\phpstudy_pro\WWW\www.qphp.com\QPHP\base.php(33): QPHP\QPHP->run()
#3 D:\phpstudy_pro\WWW\www.qphp.com\public\index.php(13): QPHP\Base::run()
#4 {main}
Code: 0 Message: Undefined constant "admin\Action\“错误信息”"
Error: Undefined constant "admin\Action\“错误信息”" in D:\phpstudy_pro\WWW\www.qphp.com\application\admin\App\Action\User.action.php:18
Stack trace:
#0 D:\phpstudy_pro\WWW\www.qphp.com\QPHP\core\action\Action.class.php(31): admin\Action\UserAction->testValidate()
#1 D:\phpstudy_pro\WWW\www.qphp.com\QPHP\QPHP.php(100): QPHP\core\action\Action->call()
#2 D:\phpstudy_pro\WWW\www.qphp.com\QPHP\base.php(33): QPHP\QPHP->run()
#3 D:\phpstudy_pro\WWW\www.qphp.com\public\index.php(13): QPHP\Base::run()
#4 {main}
