Unknown error type: [2] Constant QPHP_CONFIG already defined
Unknown error on line 60 in file D:\phpstudy_pro\WWW\www.qphp.com\QPHP\core\config\Config.class.php
Request the address: www.qphp.com:8080/admin/testTransaction
The wrong time: 2025-04-26 15:15:20
Code: 0 Message: Undefined constant "QPHP\core\logger\error\APP_DEBUG"
Error: Undefined constant "QPHP\core\logger\error\APP_DEBUG" in D:\phpstudy_pro\WWW\www.qphp.com\QPHP\core\logger\error\UserError.class.php:50
Stack trace:
#0 D:\phpstudy_pro\WWW\www.qphp.com\QPHP\QPHP.php(343): QPHP\core\logger\error\UserError->printError()
#1 [internal function]: QPHP\QPHP->AppError()
#2 D:\phpstudy_pro\WWW\www.qphp.com\QPHP\core\config\Config.class.php(60): define()
#3 D:\phpstudy_pro\WWW\www.qphp.com\QPHP\QPHP.php(227): QPHP\core\config\Config->requireConfigFileUrl()
#4 D:\phpstudy_pro\WWW\www.qphp.com\QPHP\QPHP.php(56): QPHP\QPHP->requireConfig()
#5 D:\phpstudy_pro\WWW\www.qphp.com\QPHP\base.php(72): QPHP\QPHP->run()
#6 D:\phpstudy_pro\WWW\www.qphp.com\public\index.php(12): QPHP\Base::run()
#7 {main}
Unknown error type: [2] Constant QPHP_CONFIG already defined
Unknown error on line 60 in file D:\phpstudy_pro\WWW\www.qphp.com\QPHP\core\config\Config.class.php
Request the address: www.qphp.com:8080/admin/testTransaction
The wrong time: 2025-04-26 15:15:21
Code: 0 Message: Undefined constant "QPHP\core\logger\error\APP_DEBUG"
Error: Undefined constant "QPHP\core\logger\error\APP_DEBUG" in D:\phpstudy_pro\WWW\www.qphp.com\QPHP\core\logger\error\UserError.class.php:50
Stack trace:
#0 D:\phpstudy_pro\WWW\www.qphp.com\QPHP\QPHP.php(343): QPHP\core\logger\error\UserError->printError()
#1 [internal function]: QPHP\QPHP->AppError()
#2 D:\phpstudy_pro\WWW\www.qphp.com\QPHP\core\config\Config.class.php(60): define()
#3 D:\phpstudy_pro\WWW\www.qphp.com\QPHP\QPHP.php(227): QPHP\core\config\Config->requireConfigFileUrl()
#4 D:\phpstudy_pro\WWW\www.qphp.com\QPHP\QPHP.php(56): QPHP\QPHP->requireConfig()
#5 D:\phpstudy_pro\WWW\www.qphp.com\QPHP\base.php(72): QPHP\QPHP->run()
#6 D:\phpstudy_pro\WWW\www.qphp.com\public\index.php(12): QPHP\Base::run()
#7 {main}
Unknown error type: [2] Constant QPHP_CONFIG already defined
Unknown error on line 60 in file D:\phpstudy_pro\WWW\www.qphp.com\QPHP\core\config\Config.class.php
Request the address: www.qphp.com:8080/admin/testTransaction
The wrong time: 2025-04-26 15:15:22
Code: 0 Message: Undefined constant "QPHP\core\logger\error\APP_DEBUG"
Error: Undefined constant "QPHP\core\logger\error\APP_DEBUG" in D:\phpstudy_pro\WWW\www.qphp.com\QPHP\core\logger\error\UserError.class.php:50
Stack trace:
#0 D:\phpstudy_pro\WWW\www.qphp.com\QPHP\QPHP.php(343): QPHP\core\logger\error\UserError->printError()
#1 [internal function]: QPHP\QPHP->AppError()
#2 D:\phpstudy_pro\WWW\www.qphp.com\QPHP\core\config\Config.class.php(60): define()
#3 D:\phpstudy_pro\WWW\www.qphp.com\QPHP\QPHP.php(227): QPHP\core\config\Config->requireConfigFileUrl()
#4 D:\phpstudy_pro\WWW\www.qphp.com\QPHP\QPHP.php(56): QPHP\QPHP->requireConfig()
#5 D:\phpstudy_pro\WWW\www.qphp.com\QPHP\base.php(72): QPHP\QPHP->run()
#6 D:\phpstudy_pro\WWW\www.qphp.com\public\index.php(12): QPHP\Base::run()
#7 {main}
Unknown error type: [2] Constant QPHP_CONFIG already defined
Unknown error on line 60 in file D:\phpstudy_pro\WWW\www.qphp.com\QPHP\core\config\Config.class.php
Request the address: www.qphp.com:8080/admin/testTransaction
The wrong time: 2025-04-26 15:15:22
Code: 0 Message: Undefined constant "QPHP\core\logger\error\APP_DEBUG"
Error: Undefined constant "QPHP\core\logger\error\APP_DEBUG" in D:\phpstudy_pro\WWW\www.qphp.com\QPHP\core\logger\error\UserError.class.php:50
Stack trace:
#0 D:\phpstudy_pro\WWW\www.qphp.com\QPHP\QPHP.php(343): QPHP\core\logger\error\UserError->printError()
#1 [internal function]: QPHP\QPHP->AppError()
#2 D:\phpstudy_pro\WWW\www.qphp.com\QPHP\core\config\Config.class.php(60): define()
#3 D:\phpstudy_pro\WWW\www.qphp.com\QPHP\QPHP.php(227): QPHP\core\config\Config->requireConfigFileUrl()
#4 D:\phpstudy_pro\WWW\www.qphp.com\QPHP\QPHP.php(56): QPHP\QPHP->requireConfig()
#5 D:\phpstudy_pro\WWW\www.qphp.com\QPHP\base.php(72): QPHP\QPHP->run()
#6 D:\phpstudy_pro\WWW\www.qphp.com\public\index.php(12): QPHP\Base::run()
#7 {main}
Unknown error type: [2] Constant QPHP_CONFIG already defined
Unknown error on line 60 in file D:\phpstudy_pro\WWW\www.qphp.com\QPHP\core\config\Config.class.php
Request the address: www.qphp.com:8080/admin/testTransaction
The wrong time: 2025-04-26 15:15:22
Code: 0 Message: Undefined constant "QPHP\core\logger\error\APP_DEBUG"
Error: Undefined constant "QPHP\core\logger\error\APP_DEBUG" in D:\phpstudy_pro\WWW\www.qphp.com\QPHP\core\logger\error\UserError.class.php:50
Stack trace:
#0 D:\phpstudy_pro\WWW\www.qphp.com\QPHP\QPHP.php(343): QPHP\core\logger\error\UserError->printError()
#1 [internal function]: QPHP\QPHP->AppError()
#2 D:\phpstudy_pro\WWW\www.qphp.com\QPHP\core\config\Config.class.php(60): define()
#3 D:\phpstudy_pro\WWW\www.qphp.com\QPHP\QPHP.php(227): QPHP\core\config\Config->requireConfigFileUrl()
#4 D:\phpstudy_pro\WWW\www.qphp.com\QPHP\QPHP.php(56): QPHP\QPHP->requireConfig()
#5 D:\phpstudy_pro\WWW\www.qphp.com\QPHP\base.php(72): QPHP\QPHP->run()
#6 D:\phpstudy_pro\WWW\www.qphp.com\public\index.php(12): QPHP\Base::run()
#7 {main}
Unknown error type: [2] Constant QPHP_CONFIG already defined
Unknown error on line 60 in file D:\phpstudy_pro\WWW\www.qphp.com\QPHP\core\config\Config.class.php
Request the address: www.qphp.com:8080/admin/testTransaction
The wrong time: 2025-04-26 15:15:22
Code: 0 Message: Undefined constant "QPHP\core\logger\error\APP_DEBUG"
Error: Undefined constant "QPHP\core\logger\error\APP_DEBUG" in D:\phpstudy_pro\WWW\www.qphp.com\QPHP\core\logger\error\UserError.class.php:50
Stack trace:
#0 D:\phpstudy_pro\WWW\www.qphp.com\QPHP\QPHP.php(343): QPHP\core\logger\error\UserError->printError()
#1 [internal function]: QPHP\QPHP->AppError()
#2 D:\phpstudy_pro\WWW\www.qphp.com\QPHP\core\config\Config.class.php(60): define()
#3 D:\phpstudy_pro\WWW\www.qphp.com\QPHP\QPHP.php(227): QPHP\core\config\Config->requireConfigFileUrl()
#4 D:\phpstudy_pro\WWW\www.qphp.com\QPHP\QPHP.php(56): QPHP\QPHP->requireConfig()
#5 D:\phpstudy_pro\WWW\www.qphp.com\QPHP\base.php(72): QPHP\QPHP->run()
#6 D:\phpstudy_pro\WWW\www.qphp.com\public\index.php(12): QPHP\Base::run()
#7 {main}
Unknown error type: [2] Constant QPHP_CONFIG already defined
Unknown error on line 60 in file D:\phpstudy_pro\WWW\www.qphp.com\QPHP\core\config\Config.class.php
Request the address: www.qphp.com:8080/admin/testTransaction
The wrong time: 2025-04-26 15:15:23
Code: 0 Message: Undefined constant "QPHP\core\logger\error\APP_DEBUG"
Error: Undefined constant "QPHP\core\logger\error\APP_DEBUG" in D:\phpstudy_pro\WWW\www.qphp.com\QPHP\core\logger\error\UserError.class.php:50
Stack trace:
#0 D:\phpstudy_pro\WWW\www.qphp.com\QPHP\QPHP.php(343): QPHP\core\logger\error\UserError->printError()
#1 [internal function]: QPHP\QPHP->AppError()
#2 D:\phpstudy_pro\WWW\www.qphp.com\QPHP\core\config\Config.class.php(60): define()
#3 D:\phpstudy_pro\WWW\www.qphp.com\QPHP\QPHP.php(227): QPHP\core\config\Config->requireConfigFileUrl()
#4 D:\phpstudy_pro\WWW\www.qphp.com\QPHP\QPHP.php(56): QPHP\QPHP->requireConfig()
#5 D:\phpstudy_pro\WWW\www.qphp.com\QPHP\base.php(72): QPHP\QPHP->run()
#6 D:\phpstudy_pro\WWW\www.qphp.com\public\index.php(12): QPHP\Base::run()
#7 {main}
