Code: 0 Message: Too few arguments to function admin\Util\lib\RsaUtil::__construct(), 0 passed in D:\phpstudy_pro\WWW\www.qphp.com\application\admin\App\Action\Index.action.php on line 34 and exactly 1 expected
ArgumentCountError: Too few arguments to function admin\Util\lib\RsaUtil::__construct(), 0 passed in D:\phpstudy_pro\WWW\www.qphp.com\application\admin\App\Action\Index.action.php on line 34 and exactly 1 expected in D:\phpstudy_pro\WWW\www.qphp.com\application\admin\App\Util\lib\Rsa.util.php:26
Stack trace:
#0 D:\phpstudy_pro\WWW\www.qphp.com\application\admin\App\Action\Index.action.php(34): admin\Util\lib\RsaUtil->__construct()
#1 D:\phpstudy_pro\WWW\www.qphp.com\QPHP\core\action\Action.class.php(31): admin\Action\IndexAction->testRsa()
#2 D:\phpstudy_pro\WWW\www.qphp.com\QPHP\QPHP.php(98): QPHP\core\action\Action->call(Object(admin\Action\IndexAction), 'testRsa')
#3 D:\phpstudy_pro\WWW\www.qphp.com\QPHP\base.php(30): QPHP\QPHP->run()
#4 D:\phpstudy_pro\WWW\www.qphp.com\public\index.php(13): QPHP\Base::run()
#5 {main}
Code: 0 Message: Too few arguments to function admin\Util\lib\RsaUtil::__construct(), 0 passed in D:\phpstudy_pro\WWW\www.qphp.com\application\admin\App\Action\Index.action.php on line 34 and exactly 1 expected
ArgumentCountError: Too few arguments to function admin\Util\lib\RsaUtil::__construct(), 0 passed in D:\phpstudy_pro\WWW\www.qphp.com\application\admin\App\Action\Index.action.php on line 34 and exactly 1 expected in D:\phpstudy_pro\WWW\www.qphp.com\application\admin\App\Util\lib\Rsa.util.php:26
Stack trace:
#0 D:\phpstudy_pro\WWW\www.qphp.com\application\admin\App\Action\Index.action.php(34): admin\Util\lib\RsaUtil->__construct()
#1 D:\phpstudy_pro\WWW\www.qphp.com\QPHP\core\action\Action.class.php(31): admin\Action\IndexAction->testRsa()
#2 D:\phpstudy_pro\WWW\www.qphp.com\QPHP\QPHP.php(98): QPHP\core\action\Action->call(Object(admin\Action\IndexAction), 'testRsa')
#3 D:\phpstudy_pro\WWW\www.qphp.com\QPHP\base.php(30): QPHP\QPHP->run()
#4 D:\phpstudy_pro\WWW\www.qphp.com\public\index.php(13): QPHP\Base::run()
#5 {main}
Code: 0 Message: Too few arguments to function admin\Util\lib\RsaUtil::__construct(), 0 passed in D:\phpstudy_pro\WWW\www.qphp.com\application\admin\App\Action\Index.action.php on line 34 and exactly 1 expected
ArgumentCountError: Too few arguments to function admin\Util\lib\RsaUtil::__construct(), 0 passed in D:\phpstudy_pro\WWW\www.qphp.com\application\admin\App\Action\Index.action.php on line 34 and exactly 1 expected in D:\phpstudy_pro\WWW\www.qphp.com\application\admin\App\Util\lib\Rsa.util.php:26
Stack trace:
#0 D:\phpstudy_pro\WWW\www.qphp.com\application\admin\App\Action\Index.action.php(34): admin\Util\lib\RsaUtil->__construct()
#1 D:\phpstudy_pro\WWW\www.qphp.com\QPHP\core\action\Action.class.php(31): admin\Action\IndexAction->testRsa()
#2 D:\phpstudy_pro\WWW\www.qphp.com\QPHP\QPHP.php(98): QPHP\core\action\Action->call(Object(admin\Action\IndexAction), 'testRsa')
#3 D:\phpstudy_pro\WWW\www.qphp.com\QPHP\base.php(30): QPHP\QPHP->run()
#4 D:\phpstudy_pro\WWW\www.qphp.com\public\index.php(13): QPHP\Base::run()
#5 {main}
Code: 0 Message: Too few arguments to function admin\Util\lib\RsaUtil::__construct(), 0 passed in D:\phpstudy_pro\WWW\www.qphp.com\application\admin\App\Action\Index.action.php on line 34 and exactly 1 expected
ArgumentCountError: Too few arguments to function admin\Util\lib\RsaUtil::__construct(), 0 passed in D:\phpstudy_pro\WWW\www.qphp.com\application\admin\App\Action\Index.action.php on line 34 and exactly 1 expected in D:\phpstudy_pro\WWW\www.qphp.com\application\admin\App\Util\lib\Rsa.util.php:26
Stack trace:
#0 D:\phpstudy_pro\WWW\www.qphp.com\application\admin\App\Action\Index.action.php(34): admin\Util\lib\RsaUtil->__construct()
#1 D:\phpstudy_pro\WWW\www.qphp.com\QPHP\core\action\Action.class.php(31): admin\Action\IndexAction->testRsa()
#2 D:\phpstudy_pro\WWW\www.qphp.com\QPHP\QPHP.php(98): QPHP\core\action\Action->call(Object(admin\Action\IndexAction), 'testRsa')
#3 D:\phpstudy_pro\WWW\www.qphp.com\QPHP\base.php(30): QPHP\QPHP->run()
#4 D:\phpstudy_pro\WWW\www.qphp.com\public\index.php(13): QPHP\Base::run()
#5 {main}
Code: 0 Message: Too few arguments to function admin\Util\lib\RsaUtil::__construct(), 0 passed in D:\phpstudy_pro\WWW\www.qphp.com\application\admin\App\Action\Index.action.php on line 34 and exactly 1 expected
ArgumentCountError: Too few arguments to function admin\Util\lib\RsaUtil::__construct(), 0 passed in D:\phpstudy_pro\WWW\www.qphp.com\application\admin\App\Action\Index.action.php on line 34 and exactly 1 expected in D:\phpstudy_pro\WWW\www.qphp.com\application\admin\App\Util\lib\Rsa.util.php:26
Stack trace:
#0 D:\phpstudy_pro\WWW\www.qphp.com\application\admin\App\Action\Index.action.php(34): admin\Util\lib\RsaUtil->__construct()
#1 D:\phpstudy_pro\WWW\www.qphp.com\QPHP\core\action\Action.class.php(31): admin\Action\IndexAction->testRsa()
#2 D:\phpstudy_pro\WWW\www.qphp.com\QPHP\QPHP.php(98): QPHP\core\action\Action->call(Object(admin\Action\IndexAction), 'testRsa')
#3 D:\phpstudy_pro\WWW\www.qphp.com\QPHP\base.php(30): QPHP\QPHP->run()
#4 D:\phpstudy_pro\WWW\www.qphp.com\public\index.php(13): QPHP\Base::run()
#5 {main}
Code: 0 Message: Too few arguments to function admin\Util\lib\RsaUtil::__construct(), 0 passed in D:\phpstudy_pro\WWW\www.qphp.com\application\admin\App\Action\Index.action.php on line 34 and exactly 1 expected
ArgumentCountError: Too few arguments to function admin\Util\lib\RsaUtil::__construct(), 0 passed in D:\phpstudy_pro\WWW\www.qphp.com\application\admin\App\Action\Index.action.php on line 34 and exactly 1 expected in D:\phpstudy_pro\WWW\www.qphp.com\application\admin\App\Util\lib\Rsa.util.php:26
Stack trace:
#0 D:\phpstudy_pro\WWW\www.qphp.com\application\admin\App\Action\Index.action.php(34): admin\Util\lib\RsaUtil->__construct()
#1 D:\phpstudy_pro\WWW\www.qphp.com\QPHP\core\action\Action.class.php(31): admin\Action\IndexAction->testRsa()
#2 D:\phpstudy_pro\WWW\www.qphp.com\QPHP\QPHP.php(98): QPHP\core\action\Action->call(Object(admin\Action\IndexAction), 'testRsa')
#3 D:\phpstudy_pro\WWW\www.qphp.com\QPHP\base.php(30): QPHP\QPHP->run()
#4 D:\phpstudy_pro\WWW\www.qphp.com\public\index.php(13): QPHP\Base::run()
#5 {main}
Code: 0 Message: Too few arguments to function admin\Util\lib\RsaUtil::__construct(), 0 passed in D:\phpstudy_pro\WWW\www.qphp.com\application\admin\App\Action\Index.action.php on line 34 and exactly 1 expected
ArgumentCountError: Too few arguments to function admin\Util\lib\RsaUtil::__construct(), 0 passed in D:\phpstudy_pro\WWW\www.qphp.com\application\admin\App\Action\Index.action.php on line 34 and exactly 1 expected in D:\phpstudy_pro\WWW\www.qphp.com\application\admin\App\Util\lib\Rsa.util.php:26
Stack trace:
#0 D:\phpstudy_pro\WWW\www.qphp.com\application\admin\App\Action\Index.action.php(34): admin\Util\lib\RsaUtil->__construct()
#1 D:\phpstudy_pro\WWW\www.qphp.com\QPHP\core\action\Action.class.php(31): admin\Action\IndexAction->testRsa()
#2 D:\phpstudy_pro\WWW\www.qphp.com\QPHP\QPHP.php(98): QPHP\core\action\Action->call(Object(admin\Action\IndexAction), 'testRsa')
#3 D:\phpstudy_pro\WWW\www.qphp.com\QPHP\base.php(30): QPHP\QPHP->run()
#4 D:\phpstudy_pro\WWW\www.qphp.com\public\index.php(13): QPHP\Base::run()
#5 {main}
Code: 0 Message: Too few arguments to function admin\Util\lib\RsaUtil::__construct(), 0 passed in D:\phpstudy_pro\WWW\www.qphp.com\application\admin\App\Action\Index.action.php on line 34 and exactly 1 expected
ArgumentCountError: Too few arguments to function admin\Util\lib\RsaUtil::__construct(), 0 passed in D:\phpstudy_pro\WWW\www.qphp.com\application\admin\App\Action\Index.action.php on line 34 and exactly 1 expected in D:\phpstudy_pro\WWW\www.qphp.com\application\admin\App\Util\lib\Rsa.util.php:26
Stack trace:
#0 D:\phpstudy_pro\WWW\www.qphp.com\application\admin\App\Action\Index.action.php(34): admin\Util\lib\RsaUtil->__construct()
#1 D:\phpstudy_pro\WWW\www.qphp.com\QPHP\core\action\Action.class.php(31): admin\Action\IndexAction->testRsa()
#2 D:\phpstudy_pro\WWW\www.qphp.com\QPHP\QPHP.php(98): QPHP\core\action\Action->call(Object(admin\Action\IndexAction), 'testRsa')
#3 D:\phpstudy_pro\WWW\www.qphp.com\QPHP\base.php(30): QPHP\QPHP->run()
#4 D:\phpstudy_pro\WWW\www.qphp.com\public\index.php(13): QPHP\Base::run()
#5 {main}
Code: 0 Message: Too few arguments to function admin\Util\lib\RsaUtil::__construct(), 0 passed in D:\phpstudy_pro\WWW\www.qphp.com\application\admin\App\Action\Index.action.php on line 34 and exactly 1 expected
ArgumentCountError: Too few arguments to function admin\Util\lib\RsaUtil::__construct(), 0 passed in D:\phpstudy_pro\WWW\www.qphp.com\application\admin\App\Action\Index.action.php on line 34 and exactly 1 expected in D:\phpstudy_pro\WWW\www.qphp.com\application\admin\App\Util\lib\Rsa.util.php:26
Stack trace:
#0 D:\phpstudy_pro\WWW\www.qphp.com\application\admin\App\Action\Index.action.php(34): admin\Util\lib\RsaUtil->__construct()
#1 D:\phpstudy_pro\WWW\www.qphp.com\QPHP\core\action\Action.class.php(31): admin\Action\IndexAction->testRsa()
#2 D:\phpstudy_pro\WWW\www.qphp.com\QPHP\QPHP.php(98): QPHP\core\action\Action->call(Object(admin\Action\IndexAction), 'testRsa')
#3 D:\phpstudy_pro\WWW\www.qphp.com\QPHP\base.php(30): QPHP\QPHP->run()
#4 D:\phpstudy_pro\WWW\www.qphp.com\public\index.php(13): QPHP\Base::run()
#5 {main}
Code: 0 Message: Too few arguments to function admin\Util\lib\RsaUtil::__construct(), 0 passed in D:\phpstudy_pro\WWW\www.qphp.com\application\admin\App\Action\Index.action.php on line 34 and exactly 1 expected
ArgumentCountError: Too few arguments to function admin\Util\lib\RsaUtil::__construct(), 0 passed in D:\phpstudy_pro\WWW\www.qphp.com\application\admin\App\Action\Index.action.php on line 34 and exactly 1 expected in D:\phpstudy_pro\WWW\www.qphp.com\application\admin\App\Util\lib\Rsa.util.php:26
Stack trace:
#0 D:\phpstudy_pro\WWW\www.qphp.com\application\admin\App\Action\Index.action.php(34): admin\Util\lib\RsaUtil->__construct()
#1 D:\phpstudy_pro\WWW\www.qphp.com\QPHP\core\action\Action.class.php(31): admin\Action\IndexAction->testRsa()
#2 D:\phpstudy_pro\WWW\www.qphp.com\QPHP\QPHP.php(98): QPHP\core\action\Action->call(Object(admin\Action\IndexAction), 'testRsa')
#3 D:\phpstudy_pro\WWW\www.qphp.com\QPHP\base.php(30): QPHP\QPHP->run()
#4 D:\phpstudy_pro\WWW\www.qphp.com\public\index.php(13): QPHP\Base::run()
#5 {main}
Code: 0 Message: Too few arguments to function admin\Util\lib\RsaUtil::__construct(), 0 passed in D:\phpstudy_pro\WWW\www.qphp.com\application\admin\App\Action\Index.action.php on line 34 and exactly 1 expected
ArgumentCountError: Too few arguments to function admin\Util\lib\RsaUtil::__construct(), 0 passed in D:\phpstudy_pro\WWW\www.qphp.com\application\admin\App\Action\Index.action.php on line 34 and exactly 1 expected in D:\phpstudy_pro\WWW\www.qphp.com\application\admin\App\Util\lib\Rsa.util.php:26
Stack trace:
#0 D:\phpstudy_pro\WWW\www.qphp.com\application\admin\App\Action\Index.action.php(34): admin\Util\lib\RsaUtil->__construct()
#1 D:\phpstudy_pro\WWW\www.qphp.com\QPHP\core\action\Action.class.php(31): admin\Action\IndexAction->testRsa()
#2 D:\phpstudy_pro\WWW\www.qphp.com\QPHP\QPHP.php(98): QPHP\core\action\Action->call(Object(admin\Action\IndexAction), 'testRsa')
#3 D:\phpstudy_pro\WWW\www.qphp.com\QPHP\base.php(30): QPHP\QPHP->run()
#4 D:\phpstudy_pro\WWW\www.qphp.com\public\index.php(13): QPHP\Base::run()
#5 {main}
