Code: 0 Message: 000000
Exception: 000000 in D:\phpstudy_pro\WWW\www.qphp.com\QPHP\QPHP.php:99
Stack trace:
#0 D:\phpstudy_pro\WWW\www.qphp.com\QPHP\base.php(37): QPHP\QPHP->run()
#1 D:\phpstudy_pro\WWW\www.qphp.com\public\index.php(12): QPHP\Base::run()
#2 {main}
Code: 0 Message: 000000
Exception: 000000 in D:\phpstudy_pro\WWW\www.qphp.com\QPHP\QPHP.php:99
Stack trace:
#0 D:\phpstudy_pro\WWW\www.qphp.com\QPHP\base.php(37): QPHP\QPHP->run()
#1 D:\phpstudy_pro\WWW\www.qphp.com\public\index.php(12): QPHP\Base::run()
#2 {main}
Code: 0 Message: 000000
Exception: 000000 in D:\phpstudy_pro\WWW\www.qphp.com\QPHP\QPHP.php:99
Stack trace:
#0 D:\phpstudy_pro\WWW\www.qphp.com\QPHP\base.php(37): QPHP\QPHP->run()
#1 D:\phpstudy_pro\WWW\www.qphp.com\public\index.php(12): QPHP\Base::run()
#2 {main}
Code: 0 Message: 000000
Exception: 000000 in D:\phpstudy_pro\WWW\www.qphp.com\QPHP\QPHP.php:99
Stack trace:
#0 D:\phpstudy_pro\WWW\www.qphp.com\QPHP\base.php(37): QPHP\QPHP->run()
#1 D:\phpstudy_pro\WWW\www.qphp.com\public\index.php(12): QPHP\Base::run()
#2 {main}
Code: 0 Message: 000000
Exception: 000000 in D:\phpstudy_pro\WWW\www.qphp.com\QPHP\QPHP.php:99
Stack trace:
#0 D:\phpstudy_pro\WWW\www.qphp.com\QPHP\base.php(37): QPHP\QPHP->run()
#1 D:\phpstudy_pro\WWW\www.qphp.com\public\index.php(12): QPHP\Base::run()
#2 {main}
