Code: 0 Message: Class "QPHP\core\pdo\QPHP\core\pdo\mysql\QDbMysql" not found
Error: Class "QPHP\core\pdo\QPHP\core\pdo\mysql\QDbMysql" not found in D:\phpstudy_pro\WWW\www.qphp.com\QPHP\core\pdo\QDbFactory.class.php:31
Stack trace:
#0 D:\phpstudy_pro\WWW\www.qphp.com\QPHP\core\model\abs\BaseModel.class.php(83): QPHP\core\pdo\QDbFactory::getDb('mysql_0', 'mysql')
#1 D:\phpstudy_pro\WWW\www.qphp.com\QPHP\core\model\Model.class.php(47): QPHP\core\model\abs\BaseModel->Db('mysql_0')
#2 D:\phpstudy_pro\WWW\www.qphp.com\application\admin\App\Model\User.model.php(74): QPHP\core\model\Model->Db('mysql_0')
#3 D:\phpstudy_pro\WWW\www.qphp.com\application\admin\App\Action\Index.action.php(57): admin\Model\UserModel->getTransactionData()
#4 D:\phpstudy_pro\WWW\www.qphp.com\QPHP\core\action\Action.class.php(31): admin\Action\IndexAction->testTransaction()
#5 D:\phpstudy_pro\WWW\www.qphp.com\QPHP\QPHP.php(108): QPHP\core\action\Action->call(Object(admin\Action\IndexAction), 'testTransaction')
#6 D:\phpstudy_pro\WWW\www.qphp.com\QPHP\base.php(72): QPHP\QPHP->run()
#7 D:\phpstudy_pro\WWW\www.qphp.com\public\index.php(12): QPHP\Base::run()
#8 {main}
Code: 0 Message: Class "QPHP\core\pdo\QPHP\core\pdo\mysql\QDbMysql" not found
Error: Class "QPHP\core\pdo\QPHP\core\pdo\mysql\QDbMysql" not found in D:\phpstudy_pro\WWW\www.qphp.com\QPHP\core\pdo\QDbFactory.class.php:31
Stack trace:
#0 D:\phpstudy_pro\WWW\www.qphp.com\QPHP\core\model\abs\BaseModel.class.php(83): QPHP\core\pdo\QDbFactory::getDb('mysql_0', 'mysql')
#1 D:\phpstudy_pro\WWW\www.qphp.com\QPHP\core\model\Model.class.php(47): QPHP\core\model\abs\BaseModel->Db('mysql_0')
#2 D:\phpstudy_pro\WWW\www.qphp.com\application\admin\App\Model\User.model.php(74): QPHP\core\model\Model->Db('mysql_0')
#3 D:\phpstudy_pro\WWW\www.qphp.com\application\admin\App\Action\Index.action.php(57): admin\Model\UserModel->getTransactionData()
#4 D:\phpstudy_pro\WWW\www.qphp.com\QPHP\core\action\Action.class.php(31): admin\Action\IndexAction->testTransaction()
#5 D:\phpstudy_pro\WWW\www.qphp.com\QPHP\QPHP.php(108): QPHP\core\action\Action->call(Object(admin\Action\IndexAction), 'testTransaction')
#6 D:\phpstudy_pro\WWW\www.qphp.com\QPHP\base.php(72): QPHP\QPHP->run()
#7 D:\phpstudy_pro\WWW\www.qphp.com\public\index.php(12): QPHP\Base::run()
#8 {main}
Code: 0 Message: Class "QPHP\core\pdo\QPHP\core\pdo\mysql\QDbMysql" not found
Error: Class "QPHP\core\pdo\QPHP\core\pdo\mysql\QDbMysql" not found in D:\phpstudy_pro\WWW\www.qphp.com\QPHP\core\pdo\QDbFactory.class.php:31
Stack trace:
#0 D:\phpstudy_pro\WWW\www.qphp.com\QPHP\core\model\abs\BaseModel.class.php(83): QPHP\core\pdo\QDbFactory::getDb('mysql_0', 'mysql')
#1 D:\phpstudy_pro\WWW\www.qphp.com\QPHP\core\model\Model.class.php(47): QPHP\core\model\abs\BaseModel->Db('mysql_0')
#2 D:\phpstudy_pro\WWW\www.qphp.com\application\admin\App\Model\User.model.php(74): QPHP\core\model\Model->Db('mysql_0')
#3 D:\phpstudy_pro\WWW\www.qphp.com\application\admin\App\Action\Index.action.php(57): admin\Model\UserModel->getTransactionData()
#4 D:\phpstudy_pro\WWW\www.qphp.com\QPHP\core\action\Action.class.php(31): admin\Action\IndexAction->testTransaction()
#5 D:\phpstudy_pro\WWW\www.qphp.com\QPHP\QPHP.php(108): QPHP\core\action\Action->call(Object(admin\Action\IndexAction), 'testTransaction')
#6 D:\phpstudy_pro\WWW\www.qphp.com\QPHP\base.php(72): QPHP\QPHP->run()
#7 D:\phpstudy_pro\WWW\www.qphp.com\public\index.php(12): QPHP\Base::run()
#8 {main}
