Unknown error type: [2] Use of undefined constant MYSQL_HOST - assumed 'MYSQL_HOST' (this will throw an Error in a future version of PHP)
Unknown error on line 17 in file D:\phpstudy_pro\WWW\www.qphp.com\QPHP\core\pdo\QDbMysql.class.php
Request the address: www.qphp.com/admin/user/index?id=1
The wrong time: 2022-06-12 04:53:42
Unknown error type: [2] Use of undefined constant MYSQL_HOST - assumed 'MYSQL_HOST' (this will throw an Error in a future version of PHP)
Unknown error on line 17 in file D:\phpstudy_pro\WWW\www.qphp.com\QPHP\core\pdo\QDbMysql.class.php
Request the address: www.qphp.com/admin/user/index?id=1
The wrong time: 2022-06-12 04:54:47
Unknown error type: [2] Use of undefined constant MYSQL_HOST - assumed 'MYSQL_HOST' (this will throw an Error in a future version of PHP)
Unknown error on line 17 in file D:\phpstudy_pro\WWW\www.qphp.com\QPHP\core\pdo\QDbMysql.class.php
Request the address: www.qphp.com/admin/user/index?id=1
The wrong time: 2022-06-12 04:55:50
Unknown error type: [2] Use of undefined constant MYSQL_HOST - assumed 'MYSQL_HOST' (this will throw an Error in a future version of PHP)
Unknown error on line 17 in file D:\phpstudy_pro\WWW\www.qphp.com\QPHP\core\pdo\QDbMysql.class.php
Request the address: www.qphp.com/admin/user/index?id=1
The wrong time: 2022-06-12 04:59:00
Unknown error type: [2] Use of undefined constant MYSQL_HOST - assumed 'MYSQL_HOST' (this will throw an Error in a future version of PHP)
Unknown error on line 17 in file D:\phpstudy_pro\WWW\www.qphp.com\QPHP\core\pdo\QDbMysql.class.php
Request the address: www.qphp.com/admin/user/index?id=1
The wrong time: 2022-06-12 04:59:01
Unknown error type: [2] Use of undefined constant MYSQL_HOST - assumed 'MYSQL_HOST' (this will throw an Error in a future version of PHP)
Unknown error on line 17 in file D:\phpstudy_pro\WWW\www.qphp.com\QPHP\core\pdo\QDbMysql.class.php
Request the address: www.qphp.com/admin/user/index?id=1
The wrong time: 2022-06-12 04:59:01
Unknown error type: [2] Use of undefined constant MYSQL_HOST - assumed 'MYSQL_HOST' (this will throw an Error in a future version of PHP)
Unknown error on line 17 in file D:\phpstudy_pro\WWW\www.qphp.com\QPHP\core\pdo\QDbMysql.class.php
Request the address: www.qphp.com/admin/user/index?id=1
The wrong time: 2022-06-12 04:59:01
Unknown error type: [2] Use of undefined constant MYSQL_HOST - assumed 'MYSQL_HOST' (this will throw an Error in a future version of PHP)
Unknown error on line 17 in file D:\phpstudy_pro\WWW\www.qphp.com\QPHP\core\pdo\QDbMysql.class.php
Request the address: www.qphp.com/admin/user/index?id=1
The wrong time: 2022-06-12 04:59:01
Unknown error type: [2] Use of undefined constant MYSQL_HOST - assumed 'MYSQL_HOST' (this will throw an Error in a future version of PHP)
Unknown error on line 17 in file D:\phpstudy_pro\WWW\www.qphp.com\QPHP\core\pdo\QDbMysql.class.php
Request the address: www.qphp.com/admin/user/index?id=1
The wrong time: 2022-06-12 04:59:01
Unknown error type: [2] Use of undefined constant MYSQL_HOST - assumed 'MYSQL_HOST' (this will throw an Error in a future version of PHP)
Unknown error on line 17 in file D:\phpstudy_pro\WWW\www.qphp.com\QPHP\core\pdo\QDbMysql.class.php
Request the address: www.qphp.com/admin/user/index?id=1
The wrong time: 2022-06-12 04:59:02
Unknown error type: [2] Use of undefined constant MYSQL_HOST - assumed 'MYSQL_HOST' (this will throw an Error in a future version of PHP)
Unknown error on line 17 in file D:\phpstudy_pro\WWW\www.qphp.com\QPHP\core\pdo\QDbMysql.class.php
Request the address: www.qphp.com/admin/user/index?id=1
The wrong time: 2022-06-12 05:00:28
Unknown error type: [2] Use of undefined constant MYSQL_HOST - assumed 'MYSQL_HOST' (this will throw an Error in a future version of PHP)
Unknown error on line 17 in file D:\phpstudy_pro\WWW\www.qphp.com\QPHP\core\pdo\QDbMysql.class.php
Request the address: www.qphp.com/admin/user/index?id=1
The wrong time: 2022-06-12 05:03:40
Unknown error type: [2] Use of undefined constant MYSQL_HOST - assumed 'MYSQL_HOST' (this will throw an Error in a future version of PHP)
Unknown error on line 17 in file D:\phpstudy_pro\WWW\www.qphp.com\QPHP\core\pdo\QDbMysql.class.php
Request the address: www.qphp.com/admin/user/index?id=1
The wrong time: 2022-06-12 05:04:04
Unknown error type: [2] Use of undefined constant MYSQL_HOST - assumed 'MYSQL_HOST' (this will throw an Error in a future version of PHP)
Unknown error on line 17 in file D:\phpstudy_pro\WWW\www.qphp.com\QPHP\core\pdo\QDbMysql.class.php
Request the address: www.qphp.com/admin/user/index?id=1
The wrong time: 2022-06-12 05:05:56
Unknown error type: [2] Use of undefined constant MYSQL_HOST - assumed 'MYSQL_HOST' (this will throw an Error in a future version of PHP)
Unknown error on line 17 in file D:\phpstudy_pro\WWW\www.qphp.com\QPHP\core\pdo\QDbMysql.class.php
Request the address: www.qphp.com/admin/user/index?id=1
The wrong time: 2022-06-12 05:06:09
Unknown error type: [2] Use of undefined constant MYSQL_HOST - assumed 'MYSQL_HOST' (this will throw an Error in a future version of PHP)
Unknown error on line 17 in file D:\phpstudy_pro\WWW\www.qphp.com\QPHP\core\pdo\QDbMysql.class.php
Request the address: www.qphp.com/admin/user/index?id=1
The wrong time: 2022-06-12 05:06:09
Unknown error type: [2] Use of undefined constant MYSQL_HOST - assumed 'MYSQL_HOST' (this will throw an Error in a future version of PHP)
Unknown error on line 17 in file D:\phpstudy_pro\WWW\www.qphp.com\QPHP\core\pdo\QDbMysql.class.php
Request the address: www.qphp.com/admin/user/index?id=1
The wrong time: 2022-06-12 05:07:23
Unknown error type: [2] Use of undefined constant MYSQL_HOST - assumed 'MYSQL_HOST' (this will throw an Error in a future version of PHP)
Unknown error on line 17 in file D:\phpstudy_pro\WWW\www.qphp.com\QPHP\core\pdo\QDbMysql.class.php
Request the address: www.qphp.com/admin/user/index?id=1
The wrong time: 2022-06-12 05:08:21
Unknown error type: [2] Use of undefined constant MYSQL_HOST - assumed 'MYSQL_HOST' (this will throw an Error in a future version of PHP)
Unknown error on line 17 in file D:\phpstudy_pro\WWW\www.qphp.com\QPHP\core\pdo\QDbMysql.class.php
Request the address: www.qphp.com/admin/user/index?id=1
The wrong time: 2022-06-12 05:08:59
Unknown error type: [2] require_once(D:\phpstudy_pro\WWW\www.qphp.com/application/admin/App/Action/Age.action.php): failed to open stream: No such file or directory
Unknown error on line 204 in file D:\phpstudy_pro\WWW\www.qphp.com\QPHP\QPHP.php
Request the address: www.qphp.com/admin/age?id=1
The wrong time: 2022-06-12 05:14:29
Unknown error type: [8] Undefined index: id
Unknown error on line 55 in file D:\phpstudy_pro\WWW\www.qphp.com\application\admin\App\Action\Index.action.php
Request the address: www.qphp.com/admin/age?ids=1
The wrong time: 2022-06-12 05:21:12
Unknown error type: [8] Undefined index: id
Unknown error on line 55 in file D:\phpstudy_pro\WWW\www.qphp.com\application\admin\App\Action\Index.action.php
Request the address: www.qphp.com/admin/age?ids=1
The wrong time: 2022-06-12 05:21:40
Unknown error type: [8] Undefined index: id
Unknown error on line 55 in file D:\phpstudy_pro\WWW\www.qphp.com\application\admin\App\Action\Index.action.php
Request the address: www.qphp.com/admin/age?ids=1
The wrong time: 2022-06-12 05:21:41
Unknown error type: [8] Undefined index: id
Unknown error on line 55 in file D:\phpstudy_pro\WWW\www.qphp.com\application\admin\App\Action\Index.action.php
Request the address: www.qphp.com/admin/age?ids=1
The wrong time: 2022-06-12 05:21:41
Unknown error type: [8] Undefined index: id
Unknown error on line 55 in file D:\phpstudy_pro\WWW\www.qphp.com\application\admin\App\Action\Index.action.php
Request the address: www.qphp.com/admin/age?ids=1
The wrong time: 2022-06-12 05:21:41
Unknown error type: [8] Undefined index: id
Unknown error on line 55 in file D:\phpstudy_pro\WWW\www.qphp.com\application\admin\App\Action\Index.action.php
Request the address: www.qphp.com/admin/age?ids=1
The wrong time: 2022-06-12 05:21:41
Unknown error type: [8] Undefined index: id
Unknown error on line 55 in file D:\phpstudy_pro\WWW\www.qphp.com\application\admin\App\Action\Index.action.php
Request the address: www.qphp.com/admin/age?ids=1
The wrong time: 2022-06-12 05:21:41
Unknown error type: [8] Undefined index: id
Unknown error on line 55 in file D:\phpstudy_pro\WWW\www.qphp.com\application\admin\App\Action\Index.action.php
Request the address: www.qphp.com/admin/age?ids=1
The wrong time: 2022-06-12 05:21:42
Unknown error type: [8] Undefined index: id
Unknown error on line 55 in file D:\phpstudy_pro\WWW\www.qphp.com\application\admin\App\Action\Index.action.php
Request the address: www.qphp.com/admin/age?ids=1
The wrong time: 2022-06-12 05:21:42
Unknown error type: [8] Undefined index: id
Unknown error on line 55 in file D:\phpstudy_pro\WWW\www.qphp.com\application\admin\App\Action\Index.action.php
Request the address: www.qphp.com/admin/age?ids=1
The wrong time: 2022-06-12 05:22:04
Unknown error type: [8] Undefined index: id
Unknown error on line 55 in file D:\phpstudy_pro\WWW\www.qphp.com\application\admin\App\Action\Index.action.php
Request the address: www.qphp.com/admin/age?ids=1
The wrong time: 2022-06-12 05:22:04
Unknown error type: [8] Undefined index: id
Unknown error on line 55 in file D:\phpstudy_pro\WWW\www.qphp.com\application\admin\App\Action\Index.action.php
Request the address: www.qphp.com/admin/age?ids=1
The wrong time: 2022-06-12 05:22:04
Unknown error type: [8] Undefined index: id
Unknown error on line 55 in file D:\phpstudy_pro\WWW\www.qphp.com\application\admin\App\Action\Index.action.php
Request the address: www.qphp.com/admin/age?ids=1
The wrong time: 2022-06-12 05:22:04
Unknown error type: [8] Undefined index: id
Unknown error on line 55 in file D:\phpstudy_pro\WWW\www.qphp.com\application\admin\App\Action\Index.action.php
Request the address: www.qphp.com/admin/age?ids=1
The wrong time: 2022-06-12 05:22:04
Unknown error type: [8] Undefined index: id
Unknown error on line 55 in file D:\phpstudy_pro\WWW\www.qphp.com\application\admin\App\Action\Index.action.php
Request the address: www.qphp.com/admin/age?ids=1
The wrong time: 2022-06-12 05:22:04
Unknown error type: [8] Undefined index: id
Unknown error on line 55 in file D:\phpstudy_pro\WWW\www.qphp.com\application\admin\App\Action\Index.action.php
Request the address: www.qphp.com/admin/age?ids=1
The wrong time: 2022-06-12 05:22:05
Unknown error type: [8] Undefined index: id
Unknown error on line 55 in file D:\phpstudy_pro\WWW\www.qphp.com\application\admin\App\Action\Index.action.php
Request the address: www.qphp.com/admin/age?ids=1
The wrong time: 2022-06-12 05:22:05
Unknown error type: [8] Undefined index: id
Unknown error on line 55 in file D:\phpstudy_pro\WWW\www.qphp.com\application\admin\App\Action\Index.action.php
Request the address: www.qphp.com/admin/age?ids=1
The wrong time: 2022-06-12 05:22:05
Unknown error type: [8] Undefined index: id
Unknown error on line 55 in file D:\phpstudy_pro\WWW\www.qphp.com\application\admin\App\Action\Index.action.php
Request the address: www.qphp.com/admin/age?ids=1
The wrong time: 2022-06-12 05:22:05
Unknown error type: [8] Undefined index: id
Unknown error on line 55 in file D:\phpstudy_pro\WWW\www.qphp.com\application\admin\App\Action\Index.action.php
Request the address: www.qphp.com/admin/age?ids=1
The wrong time: 2022-06-12 05:22:05
Unknown error type: [8] Undefined index: id
Unknown error on line 55 in file D:\phpstudy_pro\WWW\www.qphp.com\application\admin\App\Action\Index.action.php
Request the address: www.qphp.com/admin/age?ids=1
The wrong time: 2022-06-12 05:40:06
Unknown error type: [8] Undefined index: id
Unknown error on line 55 in file D:\phpstudy_pro\WWW\www.qphp.com\application\admin\App\Action\Index.action.php
Request the address: www.qphp.com/admin/age?ids=1
The wrong time: 2022-06-12 05:40:07
