Unknown error type: [8] Undefined index: mysql_0
Unknown error on line 27 in file D:\phpstudy_pro\WWW\www.qphp.com\QPHP\core\pdo\QDbPdoPool.class.php
Request the address: www.qphp.com/admin/user/index/
The wrong time: 2022-06-24 02:44:57
Unknown error type: [8] Undefined index: mysql_0
Unknown error on line 27 in file D:\phpstudy_pro\WWW\www.qphp.com\QPHP\core\pdo\QDbPdoPool.class.php
Request the address: www.qphp.com/admin/user/index/
The wrong time: 2022-06-24 02:49:36
Unknown error type: [8] Undefined index: mysql_0
Unknown error on line 27 in file D:\phpstudy_pro\WWW\www.qphp.com\QPHP\core\pdo\QDbPdoPool.class.php
Request the address: www.qphp.com/admin/user/index/
The wrong time: 2022-06-24 02:52:49
Unknown error type: [8] Undefined index: mysql_0
Unknown error on line 27 in file D:\phpstudy_pro\WWW\www.qphp.com\QPHP\core\pdo\QDbPdoPool.class.php
Request the address: www.qphp.com/admin/user/index/
The wrong time: 2022-06-24 02:52:51
Unknown error type: [8] Undefined index: mysql_0
Unknown error on line 27 in file D:\phpstudy_pro\WWW\www.qphp.com\QPHP\core\pdo\QDbPdoPool.class.php
Request the address: www.qphp.com/admin/user/index/
The wrong time: 2022-06-24 02:52:51
Unknown error type: [8] Undefined index: mysql_0
Unknown error on line 27 in file D:\phpstudy_pro\WWW\www.qphp.com\QPHP\core\pdo\QDbPdoPool.class.php
Request the address: www.qphp.com/admin/user/index/
The wrong time: 2022-06-24 02:52:52
Unknown error type: [8] Undefined index: mysql_0
Unknown error on line 27 in file D:\phpstudy_pro\WWW\www.qphp.com\QPHP\core\pdo\QDbPdoPool.class.php
Request the address: www.qphp.com/admin/user/index/
The wrong time: 2022-06-24 02:52:52
Unknown error type: [8] Undefined index: mysql_0
Unknown error on line 27 in file D:\phpstudy_pro\WWW\www.qphp.com\QPHP\core\pdo\QDbPdoPool.class.php
Request the address: www.qphp.com/admin/user/index/
The wrong time: 2022-06-24 02:52:52
Unknown error type: [8] Undefined index: mysql_0
Unknown error on line 27 in file D:\phpstudy_pro\WWW\www.qphp.com\QPHP\core\pdo\QDbPdoPool.class.php
Request the address: www.qphp.com/admin/user/index/
The wrong time: 2022-06-24 02:52:52
Unknown error type: [8] Undefined index: mysql_0
Unknown error on line 27 in file D:\phpstudy_pro\WWW\www.qphp.com\QPHP\core\pdo\QDbPdoPool.class.php
Request the address: www.qphp.com/admin/user/index/
The wrong time: 2022-06-24 02:52:53
Unknown error type: [8] Undefined index: mysql_0
Unknown error on line 27 in file D:\phpstudy_pro\WWW\www.qphp.com\QPHP\core\pdo\QDbPdoPool.class.php
Request the address: www.qphp.com/admin/user/index/
The wrong time: 2022-06-24 02:52:53
Unknown error type: [8] Undefined index: mysql_0
Unknown error on line 27 in file D:\phpstudy_pro\WWW\www.qphp.com\QPHP\core\pdo\QDbPdoPool.class.php
Request the address: www.qphp.com/admin/user/index/
The wrong time: 2022-06-24 02:52:53
Unknown error type: [8] Undefined index: mysql_0
Unknown error on line 27 in file D:\phpstudy_pro\WWW\www.qphp.com\QPHP\core\pdo\QDbPdoPool.class.php
Request the address: www.qphp.com/admin/user/index/
The wrong time: 2022-06-24 02:53:02
Unknown error type: [8] Undefined index: mysql_0
Unknown error on line 27 in file D:\phpstudy_pro\WWW\www.qphp.com\QPHP\core\pdo\QDbPdoPool.class.php
Request the address: www.qphp.com/admin/user/index/
The wrong time: 2022-06-24 02:53:03
Unknown error type: [8] Undefined index: mysql_0
Unknown error on line 28 in file D:\phpstudy_pro\WWW\www.qphp.com\QPHP\core\pdo\QDbPdoPool.class.php
Request the address: www.qphp.com/admin/user/index/
The wrong time: 2022-06-24 02:54:47
Unknown error type: [8] Undefined index: mysql_0
Unknown error on line 28 in file D:\phpstudy_pro\WWW\www.qphp.com\QPHP\core\pdo\QDbPdoPool.class.php
Request the address: www.qphp.com/admin/user/index/
The wrong time: 2022-06-24 02:54:47
Unknown error type: [8] Undefined index: mysql_0
Unknown error on line 28 in file D:\phpstudy_pro\WWW\www.qphp.com\QPHP\core\pdo\QDbPdoPool.class.php
Request the address: www.qphp.com/admin/user/index/
The wrong time: 2022-06-24 02:54:48
Unknown error type: [8] Undefined index: mysql_0
Unknown error on line 28 in file D:\phpstudy_pro\WWW\www.qphp.com\QPHP\core\pdo\QDbPdoPool.class.php
Request the address: www.qphp.com/admin/user/index/
The wrong time: 2022-06-24 02:54:49
Unknown error type: [8] Undefined index: mysql_0
Unknown error on line 28 in file D:\phpstudy_pro\WWW\www.qphp.com\QPHP\core\pdo\QDbPdoPool.class.php
Request the address: www.qphp.com/admin/user/index/
The wrong time: 2022-06-24 02:54:49
Unknown error type: [8] Undefined index: mysql_0
Unknown error on line 28 in file D:\phpstudy_pro\WWW\www.qphp.com\QPHP\core\pdo\QDbPdoPool.class.php
Request the address: www.qphp.com/admin/user/index/
The wrong time: 2022-06-24 02:55:35
Unknown error type: [8] Undefined index: mysql_0
Unknown error on line 28 in file D:\phpstudy_pro\WWW\www.qphp.com\QPHP\core\pdo\QDbPdoPool.class.php
Request the address: www.qphp.com/admin/user/index/
The wrong time: 2022-06-24 02:55:36
Unknown error type: [8] Undefined index: mysql_0
Unknown error on line 28 in file D:\phpstudy_pro\WWW\www.qphp.com\QPHP\core\pdo\QDbPdoPool.class.php
Request the address: www.qphp.com/admin/user/index/
The wrong time: 2022-06-24 02:55:36
Unknown error type: [8] Undefined index: mysql_0
Unknown error on line 28 in file D:\phpstudy_pro\WWW\www.qphp.com\QPHP\core\pdo\QDbPdoPool.class.php
Request the address: www.qphp.com/admin/user/index/
The wrong time: 2022-06-24 02:55:36
Unknown error type: [8] Undefined index: mysql_0
Unknown error on line 28 in file D:\phpstudy_pro\WWW\www.qphp.com\QPHP\core\pdo\QDbPdoPool.class.php
Request the address: www.qphp.com/admin/user/index/
The wrong time: 2022-06-24 02:55:36
Unknown error type: [8] Undefined index: mysql_0
Unknown error on line 28 in file D:\phpstudy_pro\WWW\www.qphp.com\QPHP\core\pdo\QDbPdoPool.class.php
Request the address: www.qphp.com/admin/user/index/
The wrong time: 2022-06-24 02:55:37
Unknown error type: [8] Undefined index: mysql_0
Unknown error on line 51 in file D:\phpstudy_pro\WWW\www.qphp.com\QPHP\core\pdo\QDbPdoPool.class.php
Request the address: www.qphp.com/admin/user/index/
The wrong time: 2022-06-24 02:57:49
Unknown error type: [8] Undefined index: mysql_0
Unknown error on line 51 in file D:\phpstudy_pro\WWW\www.qphp.com\QPHP\core\pdo\QDbPdoPool.class.php
Request the address: www.qphp.com/admin/user/index/
The wrong time: 2022-06-24 02:57:50
Unknown error type: [8] Undefined index: $MYSQL_PORT
Unknown error on line 52 in file D:\phpstudy_pro\WWW\www.qphp.com\QPHP\core\pdo\QDbPdoPool.class.php
Request the address: www.qphp.com/admin/user/index/
The wrong time: 2022-06-24 02:59:54
Unknown error type: [8] Undefined index: $MYSQL_PORT
Unknown error on line 52 in file D:\phpstudy_pro\WWW\www.qphp.com\QPHP\core\pdo\QDbPdoPool.class.php
Request the address: www.qphp.com/admin/user/index/
The wrong time: 2022-06-24 02:59:55
Unknown error type: [8] Undefined variable: HOST
Unknown error on line 179 in file D:\phpstudy_pro\WWW\www.qphp.com\QPHP\core\pdo\QDbPdo.class.php
Request the address: www.qphp.com/admin/user/index/
The wrong time: 2022-06-24 03:27:12
Unknown error type: [8] Undefined variable: HOST
Unknown error on line 179 in file D:\phpstudy_pro\WWW\www.qphp.com\QPHP\core\pdo\QDbPdo.class.php
Request the address: www.qphp.com/admin/user/index/
The wrong time: 2022-06-24 03:27:13
Unknown error type: [8] Undefined variable: HOST
Unknown error on line 179 in file D:\phpstudy_pro\WWW\www.qphp.com\QPHP\core\pdo\QDbPdo.class.php
Request the address: www.qphp.com/admin/user/index/
The wrong time: 2022-06-24 03:27:13
Unknown error type: [8] Undefined variable: HOST
Unknown error on line 179 in file D:\phpstudy_pro\WWW\www.qphp.com\QPHP\core\pdo\QDbPdo.class.php
Request the address: www.qphp.com/admin/user/index/
The wrong time: 2022-06-24 03:27:14
Unknown error type: [8] Undefined variable: HOST
Unknown error on line 179 in file D:\phpstudy_pro\WWW\www.qphp.com\QPHP\core\pdo\QDbPdo.class.php
Request the address: www.qphp.com/admin/user/index/
The wrong time: 2022-06-24 03:27:14
Unknown error type: [8] Undefined property: QDbPdoMysqlConn::$dbType
Unknown error on line 23 in file D:\phpstudy_pro\WWW\www.qphp.com\QPHP\core\pdo\QDbPdoMysqlConn.php
Request the address: www.qphp.com/admin/user/index/
The wrong time: 2022-06-24 15:44:50
Unknown error type: [8] Undefined index: mysql
Unknown error on line 38 in file D:\phpstudy_pro\WWW\www.qphp.com\QPHP\core\pdo\QDbPdoPool.class.php
Request the address: www.qphp.com/admin/user/index/
The wrong time: 2022-06-24 16:08:27
Unknown error type: [8] Undefined index: mysql
Unknown error on line 38 in file D:\phpstudy_pro\WWW\www.qphp.com\QPHP\core\pdo\QDbPdoPool.class.php
Request the address: www.qphp.com/admin/user/index/
The wrong time: 2022-06-24 16:08:30
Unknown error type: [8] Undefined index: mysql
Unknown error on line 38 in file D:\phpstudy_pro\WWW\www.qphp.com\QPHP\core\pdo\QDbPdoPool.class.php
Request the address: www.qphp.com/admin/user/index/
The wrong time: 2022-06-24 16:08:31
Unknown error type: [8] Undefined index: mysql
Unknown error on line 38 in file D:\phpstudy_pro\WWW\www.qphp.com\QPHP\core\pdo\QDbPdoPool.class.php
Request the address: www.qphp.com/admin/user/index/
The wrong time: 2022-06-24 16:08:31
Unknown error type: [8] Undefined index: mysql
Unknown error on line 38 in file D:\phpstudy_pro\WWW\www.qphp.com\QPHP\core\pdo\QDbPdoPool.class.php
Request the address: www.qphp.com/admin/user/index/
The wrong time: 2022-06-24 16:11:48
Unknown error type: [8] Undefined index: mysql
Unknown error on line 39 in file D:\phpstudy_pro\WWW\www.qphp.com\QPHP\core\pdo\QDbPdoPool.class.php
Request the address: www.qphp.com/admin/user/index/
The wrong time: 2022-06-24 16:12:30
Unknown error type: [8] Undefined index: mysql
Unknown error on line 37 in file D:\phpstudy_pro\WWW\www.qphp.com\QPHP\core\pdo\QDbPdoPool.class.php
Request the address: www.qphp.com/admin/user/index/
The wrong time: 2022-06-24 16:13:54
Unknown error type: [8] Undefined index: mysql
Unknown error on line 37 in file D:\phpstudy_pro\WWW\www.qphp.com\QPHP\core\pdo\QDbPdoPool.class.php
Request the address: www.qphp.com/admin/user/index/
The wrong time: 2022-06-24 16:13:56
Unknown error type: [8] Undefined index: mysql
Unknown error on line 37 in file D:\phpstudy_pro\WWW\www.qphp.com\QPHP\core\pdo\QDbPdoPool.class.php
Request the address: www.qphp.com/admin/user/index/
The wrong time: 2022-06-24 16:14:05
Unknown error type: [8] Undefined index: mysql
Unknown error on line 37 in file D:\phpstudy_pro\WWW\www.qphp.com\QPHP\core\pdo\QDbPdoPool.class.php
Request the address: www.qphp.com/admin/user/index/
The wrong time: 2022-06-24 16:14:06
Unknown error type: [8] Undefined index: mysql
Unknown error on line 37 in file D:\phpstudy_pro\WWW\www.qphp.com\QPHP\core\pdo\QDbPdoPool.class.php
Request the address: www.qphp.com/admin/user/index/
The wrong time: 2022-06-24 16:14:06
Unknown error type: [8] Undefined index: mysql
Unknown error on line 37 in file D:\phpstudy_pro\WWW\www.qphp.com\QPHP\core\pdo\QDbPdoPool.class.php
Request the address: www.qphp.com/admin/user/index/
The wrong time: 2022-06-24 16:14:06
Unknown error type: [8] Undefined index: mysql
Unknown error on line 37 in file D:\phpstudy_pro\WWW\www.qphp.com\QPHP\core\pdo\QDbPdoPool.class.php
Request the address: www.qphp.com/admin/user/index/
The wrong time: 2022-06-24 16:14:06
Unknown error type: [8] Undefined index: mysql
Unknown error on line 37 in file D:\phpstudy_pro\WWW\www.qphp.com\QPHP\core\pdo\QDbPdoPool.class.php
Request the address: www.qphp.com/admin/user/index/
The wrong time: 2022-06-24 16:14:07
Unknown error type: [8] Undefined index: mysql
Unknown error on line 37 in file D:\phpstudy_pro\WWW\www.qphp.com\QPHP\core\pdo\QDbPdoPool.class.php
Request the address: www.qphp.com/admin/user/index/
The wrong time: 2022-06-24 16:14:07
Unknown error type: [8] Undefined index: mysql
Unknown error on line 37 in file D:\phpstudy_pro\WWW\www.qphp.com\QPHP\core\pdo\QDbPdoPool.class.php
Request the address: www.qphp.com/admin/user/index/
The wrong time: 2022-06-24 16:14:07
Unknown error type: [8] Undefined index: mysql
Unknown error on line 37 in file D:\phpstudy_pro\WWW\www.qphp.com\QPHP\core\pdo\QDbPdoPool.class.php
Request the address: www.qphp.com/admin/user/index/
The wrong time: 2022-06-24 16:14:07
Unknown error type: [8] Undefined index: mysql
Unknown error on line 37 in file D:\phpstudy_pro\WWW\www.qphp.com\QPHP\core\pdo\QDbPdoPool.class.php
Request the address: www.qphp.com/admin/user/index/
The wrong time: 2022-06-24 16:14:39
Unknown error type: [8] Undefined index: mysql
Unknown error on line 37 in file D:\phpstudy_pro\WWW\www.qphp.com\QPHP\core\pdo\QDbPdoPool.class.php
Request the address: www.qphp.com/admin/user/index/
The wrong time: 2022-06-24 16:14:42
Unknown error type: [8] Undefined index: mysql
Unknown error on line 37 in file D:\phpstudy_pro\WWW\www.qphp.com\QPHP\core\pdo\QDbPdoPool.class.php
Request the address: www.qphp.com/admin/user/index/
The wrong time: 2022-06-24 16:14:42
Unknown error type: [8] Undefined index: mysql
Unknown error on line 37 in file D:\phpstudy_pro\WWW\www.qphp.com\QPHP\core\pdo\QDbPdoPool.class.php
Request the address: www.qphp.com/admin/user/index/
The wrong time: 2022-06-24 16:14:43
Unknown error type: [8] Undefined index: mysql
Unknown error on line 37 in file D:\phpstudy_pro\WWW\www.qphp.com\QPHP\core\pdo\QDbPdoPool.class.php
Request the address: www.qphp.com/admin/user/index/
The wrong time: 2022-06-24 16:14:43
Unknown error type: [8] Undefined index: mysql
Unknown error on line 37 in file D:\phpstudy_pro\WWW\www.qphp.com\QPHP\core\pdo\QDbPdoPool.class.php
Request the address: www.qphp.com/admin/user/index/
The wrong time: 2022-06-24 16:14:45
Unknown error type: [8] Undefined index: mysql
Unknown error on line 37 in file D:\phpstudy_pro\WWW\www.qphp.com\QPHP\core\pdo\QDbPdoPool.class.php
Request the address: www.qphp.com/admin/user/index/
The wrong time: 2022-06-24 16:14:46
Unknown error type: [8] Undefined index: mysql
Unknown error on line 37 in file D:\phpstudy_pro\WWW\www.qphp.com\QPHP\core\pdo\QDbPdoPool.class.php
Request the address: www.qphp.com/admin/user/index/
The wrong time: 2022-06-24 16:14:46
Unknown error type: [8] Undefined index: mysql
Unknown error on line 37 in file D:\phpstudy_pro\WWW\www.qphp.com\QPHP\core\pdo\QDbPdoPool.class.php
Request the address: www.qphp.com/admin/user/index/
The wrong time: 2022-06-24 16:14:46
Unknown error type: [8] Undefined index: mysql
Unknown error on line 37 in file D:\phpstudy_pro\WWW\www.qphp.com\QPHP\core\pdo\QDbPdoPool.class.php
Request the address: www.qphp.com/admin/user/index/
The wrong time: 2022-06-24 16:14:46
Unknown error type: [8] Undefined index: mysql
Unknown error on line 37 in file D:\phpstudy_pro\WWW\www.qphp.com\QPHP\core\pdo\QDbPdoPool.class.php
Request the address: www.qphp.com/admin/user/index/
The wrong time: 2022-06-24 16:14:47
Unknown error type: [8] Undefined index: mysql
Unknown error on line 37 in file D:\phpstudy_pro\WWW\www.qphp.com\QPHP\core\pdo\QDbPdoPool.class.php
Request the address: www.qphp.com/admin/user/index/
The wrong time: 2022-06-24 16:14:47
Unknown error type: [8] Undefined index: mysql
Unknown error on line 37 in file D:\phpstudy_pro\WWW\www.qphp.com\QPHP\core\pdo\QDbPdoPool.class.php
Request the address: www.qphp.com/admin/user/index/
The wrong time: 2022-06-24 16:14:49
Unknown error type: [8] Undefined index: mysql
Unknown error on line 37 in file D:\phpstudy_pro\WWW\www.qphp.com\QPHP\core\pdo\QDbPdoPool.class.php
Request the address: www.qphp.com/admin/user/index/
The wrong time: 2022-06-24 16:14:49
Unknown error type: [8] Undefined index: mysql
Unknown error on line 39 in file D:\phpstudy_pro\WWW\www.qphp.com\QPHP\core\pdo\QDbPdoPool.class.php
Request the address: www.qphp.com/admin/user/index/
The wrong time: 2022-06-24 16:15:09
Unknown error type: [8] Undefined index: mysql
Unknown error on line 39 in file D:\phpstudy_pro\WWW\www.qphp.com\QPHP\core\pdo\QDbPdoPool.class.php
Request the address: www.qphp.com/admin/user/index/
The wrong time: 2022-06-24 16:15:09
Unknown error type: [8] Undefined index: mysql
Unknown error on line 39 in file D:\phpstudy_pro\WWW\www.qphp.com\QPHP\core\pdo\QDbPdoPool.class.php
Request the address: www.qphp.com/admin/user/index/
The wrong time: 2022-06-24 16:15:10
Unknown error type: [8] Undefined index: mysql
Unknown error on line 39 in file D:\phpstudy_pro\WWW\www.qphp.com\QPHP\core\pdo\QDbPdoPool.class.php
Request the address: www.qphp.com/admin/user/index/
The wrong time: 2022-06-24 16:15:10
Unknown error type: [8] Undefined index: mysql
Unknown error on line 37 in file D:\phpstudy_pro\WWW\www.qphp.com\QPHP\core\pdo\QDbPdoPool.class.php
Request the address: www.qphp.com/admin/user/index/
The wrong time: 2022-06-24 16:15:47
Unknown error type: [8] Undefined index: mysql
Unknown error on line 37 in file D:\phpstudy_pro\WWW\www.qphp.com\QPHP\core\pdo\QDbPdoPool.class.php
Request the address: www.qphp.com/admin/user/index/
The wrong time: 2022-06-24 16:15:48
Unknown error type: [8] Undefined index: mysql
Unknown error on line 37 in file D:\phpstudy_pro\WWW\www.qphp.com\QPHP\core\pdo\QDbPdoPool.class.php
Request the address: www.qphp.com/admin/user/index/
The wrong time: 2022-06-24 16:15:48
Unknown error type: [8] Undefined index: mysql
Unknown error on line 37 in file D:\phpstudy_pro\WWW\www.qphp.com\QPHP\core\pdo\QDbPdoPool.class.php
Request the address: www.qphp.com/admin/user/index/
The wrong time: 2022-06-24 16:15:48
Unknown error type: [8] Undefined index: mysql
Unknown error on line 37 in file D:\phpstudy_pro\WWW\www.qphp.com\QPHP\core\pdo\QDbPdoPool.class.php
Request the address: www.qphp.com/admin/user/index/
The wrong time: 2022-06-24 16:15:49
Unknown error type: [8] Undefined index: mysql
Unknown error on line 37 in file D:\phpstudy_pro\WWW\www.qphp.com\QPHP\core\pdo\QDbPdoPool.class.php
Request the address: www.qphp.com/admin/user/index/
The wrong time: 2022-06-24 16:15:49
Unknown error type: [8] Undefined index: mysql
Unknown error on line 37 in file D:\phpstudy_pro\WWW\www.qphp.com\QPHP\core\pdo\QDbPdoPool.class.php
Request the address: www.qphp.com/admin/user/index/
The wrong time: 2022-06-24 16:15:49
Unknown error type: [8] Undefined index: mysql
Unknown error on line 37 in file D:\phpstudy_pro\WWW\www.qphp.com\QPHP\core\pdo\QDbPdoPool.class.php
Request the address: www.qphp.com/admin/user/index/
The wrong time: 2022-06-24 16:15:49
Unknown error type: [8] Undefined index: mysql
Unknown error on line 37 in file D:\phpstudy_pro\WWW\www.qphp.com\QPHP\core\pdo\QDbPdoPool.class.php
Request the address: www.qphp.com/admin/user/index/
The wrong time: 2022-06-24 16:15:49
Unknown error type: [8] Undefined index: mysql
Unknown error on line 37 in file D:\phpstudy_pro\WWW\www.qphp.com\QPHP\core\pdo\QDbPdoPool.class.php
Request the address: www.qphp.com/admin/user/index/
The wrong time: 2022-06-24 16:15:50
Unknown error type: [8] Undefined index: mysql
Unknown error on line 37 in file D:\phpstudy_pro\WWW\www.qphp.com\QPHP\core\pdo\QDbPdoPool.class.php
Request the address: www.qphp.com/admin/user/index/
The wrong time: 2022-06-24 16:15:50
Unknown error type: [8] Undefined index: mysql
Unknown error on line 37 in file D:\phpstudy_pro\WWW\www.qphp.com\QPHP\core\pdo\QDbPdoPool.class.php
Request the address: www.qphp.com/admin/user/index/
The wrong time: 2022-06-24 16:15:50
Unknown error type: [8] Undefined index: mysql
Unknown error on line 37 in file D:\phpstudy_pro\WWW\www.qphp.com\QPHP\core\pdo\QDbPdoPool.class.php
Request the address: www.qphp.com/admin/user/index/
The wrong time: 2022-06-24 16:15:51
Unknown error type: [8] Undefined index: mysql
Unknown error on line 37 in file D:\phpstudy_pro\WWW\www.qphp.com\QPHP\core\pdo\QDbPdoPool.class.php
Request the address: www.qphp.com/admin/user/index/
The wrong time: 2022-06-24 16:15:51
Unknown error type: [8] Undefined index: mysql
Unknown error on line 38 in file D:\phpstudy_pro\WWW\www.qphp.com\QPHP\core\pdo\QDbPdoPool.class.php
Request the address: www.qphp.com/admin/user/index/
The wrong time: 2022-06-24 16:16:46
Unknown error type: [8] Undefined index: mysql
Unknown error on line 38 in file D:\phpstudy_pro\WWW\www.qphp.com\QPHP\core\pdo\QDbPdoPool.class.php
Request the address: www.qphp.com/admin/user/index/
The wrong time: 2022-06-24 16:18:05
Unknown error type: [8] Undefined index: mysql
Unknown error on line 38 in file D:\phpstudy_pro\WWW\www.qphp.com\QPHP\core\pdo\QDbPdoPool.class.php
Request the address: www.qphp.com/admin/user/index/
The wrong time: 2022-06-24 16:18:06
Unknown error type: [8] Undefined index: mysql
Unknown error on line 38 in file D:\phpstudy_pro\WWW\www.qphp.com\QPHP\core\pdo\QDbPdoPool.class.php
Request the address: www.qphp.com/admin/user/index/
The wrong time: 2022-06-24 16:18:06
Unknown error type: [8] Undefined index: mysql
Unknown error on line 38 in file D:\phpstudy_pro\WWW\www.qphp.com\QPHP\core\pdo\QDbPdoPool.class.php
Request the address: www.qphp.com/admin/user/index/
The wrong time: 2022-06-24 16:18:06
Unknown error type: [8] Undefined index: mysql
Unknown error on line 38 in file D:\phpstudy_pro\WWW\www.qphp.com\QPHP\core\pdo\QDbPdoPool.class.php
Request the address: www.qphp.com/admin/user/index/
The wrong time: 2022-06-24 16:18:07
Unknown error type: [8] Undefined index: mysql
Unknown error on line 38 in file D:\phpstudy_pro\WWW\www.qphp.com\QPHP\core\pdo\QDbPdoPool.class.php
Request the address: www.qphp.com/admin/user/index/
The wrong time: 2022-06-24 16:18:07
Unknown error type: [8] Undefined index: mysql
Unknown error on line 38 in file D:\phpstudy_pro\WWW\www.qphp.com\QPHP\core\pdo\QDbPdoPool.class.php
Request the address: www.qphp.com/admin/user/index/
The wrong time: 2022-06-24 16:18:07
Unknown error type: [8] Undefined index: mysql
Unknown error on line 38 in file D:\phpstudy_pro\WWW\www.qphp.com\QPHP\core\pdo\QDbPdoPool.class.php
Request the address: www.qphp.com/admin/user/index/
The wrong time: 2022-06-24 16:18:07
Unknown error type: [8] Undefined index: mysql
Unknown error on line 38 in file D:\phpstudy_pro\WWW\www.qphp.com\QPHP\core\pdo\QDbPdoPool.class.php
Request the address: www.qphp.com/admin/user/index/
The wrong time: 2022-06-24 16:18:07
Unknown error type: [8] Undefined index: mysql
Unknown error on line 38 in file D:\phpstudy_pro\WWW\www.qphp.com\QPHP\core\pdo\QDbPdoPool.class.php
Request the address: www.qphp.com/admin/user/index/
The wrong time: 2022-06-24 16:18:08
Unknown error type: [8] Undefined index: mysql
Unknown error on line 38 in file D:\phpstudy_pro\WWW\www.qphp.com\QPHP\core\pdo\QDbPdoPool.class.php
Request the address: www.qphp.com/admin/user/index/
The wrong time: 2022-06-24 16:18:08
Unknown error type: [8] Undefined index: mysql
Unknown error on line 38 in file D:\phpstudy_pro\WWW\www.qphp.com\QPHP\core\pdo\QDbPdoPool.class.php
Request the address: www.qphp.com/admin/user/index/
The wrong time: 2022-06-24 16:18:08
Unknown error type: [8] Undefined index: mysql
Unknown error on line 38 in file D:\phpstudy_pro\WWW\www.qphp.com\QPHP\core\pdo\QDbPdoPool.class.php
Request the address: www.qphp.com/admin/user/index/
The wrong time: 2022-06-24 16:18:08
Unknown error type: [8] Undefined index: mysql
Unknown error on line 38 in file D:\phpstudy_pro\WWW\www.qphp.com\QPHP\core\pdo\QDbPdoPool.class.php
Request the address: www.qphp.com/admin/user/index/
The wrong time: 2022-06-24 16:18:08
Unknown error type: [8] Undefined index: mysql
Unknown error on line 38 in file D:\phpstudy_pro\WWW\www.qphp.com\QPHP\core\pdo\QDbPdoPool.class.php
Request the address: www.qphp.com/admin/user/index/
The wrong time: 2022-06-24 16:18:09
Unknown error type: [8] Undefined index: mysql
Unknown error on line 38 in file D:\phpstudy_pro\WWW\www.qphp.com\QPHP\core\pdo\QDbPdoPool.class.php
Request the address: www.qphp.com/admin/user/index/
The wrong time: 2022-06-24 16:18:09
Unknown error type: [8] Undefined index: mysql
Unknown error on line 40 in file D:\phpstudy_pro\WWW\www.qphp.com\QPHP\core\pdo\QDbPdoPool.class.php
Request the address: www.qphp.com/admin/user/index/
The wrong time: 2022-06-24 16:18:25
Unknown error type: [8] Undefined index: mysql
Unknown error on line 40 in file D:\phpstudy_pro\WWW\www.qphp.com\QPHP\core\pdo\QDbPdoPool.class.php
Request the address: www.qphp.com/admin/user/index/
The wrong time: 2022-06-24 16:19:42
Unknown error type: [8] Undefined index: 
Unknown error on line 33 in file D:\phpstudy_pro\WWW\www.qphp.com\QPHP\core\pdo\QDbPdoPool.class.php
Request the address: www.qphp.com/admin/user/index/
The wrong time: 2022-06-24 16:55:04
Unknown error type: [8] Undefined index: 
Unknown error on line 33 in file D:\phpstudy_pro\WWW\www.qphp.com\QPHP\core\pdo\QDbPdoPool.class.php
Request the address: www.qphp.com/admin/user/index/
The wrong time: 2022-06-24 16:55:05
Unknown error type: [8] Undefined index: 
Unknown error on line 33 in file D:\phpstudy_pro\WWW\www.qphp.com\QPHP\core\pdo\QDbPdoPool.class.php
Request the address: www.qphp.com/admin/user/index/
The wrong time: 2022-06-24 16:55:06
Unknown error type: [2] array_multisort(): Argument #2 is expected to be an array or a sort flag
Unknown error on line 26 in file D:\phpstudy_pro\WWW\www.qphp.com\application\admin\App\Model\User.model.php
Request the address: www.qphp.com/admin/user/index/
The wrong time: 2022-06-24 23:13:13
Unknown error type: [2] array_multisort(): Array sizes are inconsistent
Unknown error on line 27 in file D:\phpstudy_pro\WWW\www.qphp.com\application\admin\App\Model\User.model.php
Request the address: www.qphp.com/admin/user/index/
The wrong time: 2022-06-24 23:21:36
Unknown error type: [2] array_multisort(): Array sizes are inconsistent
Unknown error on line 27 in file D:\phpstudy_pro\WWW\www.qphp.com\application\admin\App\Model\User.model.php
Request the address: www.qphp.com/admin/user/index/
The wrong time: 2022-06-24 23:21:37
Unknown error type: [2] array_multisort(): Array sizes are inconsistent
Unknown error on line 27 in file D:\phpstudy_pro\WWW\www.qphp.com\application\admin\App\Model\User.model.php
Request the address: www.qphp.com/admin/user/index/
The wrong time: 2022-06-24 23:21:38
Unknown error type: [2] array_multisort(): Array sizes are inconsistent
Unknown error on line 27 in file D:\phpstudy_pro\WWW\www.qphp.com\application\admin\App\Model\User.model.php
Request the address: www.qphp.com/admin/user/index/
The wrong time: 2022-06-24 23:21:38
Unknown error type: [2] array_multisort(): Array sizes are inconsistent
Unknown error on line 27 in file D:\phpstudy_pro\WWW\www.qphp.com\application\admin\App\Model\User.model.php
Request the address: www.qphp.com/admin/user/index/
The wrong time: 2022-06-24 23:30:50
Unknown error type: [2] array_multisort(): Array sizes are inconsistent
Unknown error on line 27 in file D:\phpstudy_pro\WWW\www.qphp.com\application\admin\App\Model\User.model.php
Request the address: www.qphp.com/admin/user/index/
The wrong time: 2022-06-24 23:30:54
Unknown error type: [2] array_multisort(): Array sizes are inconsistent
Unknown error on line 27 in file D:\phpstudy_pro\WWW\www.qphp.com\application\admin\App\Model\User.model.php
Request the address: www.qphp.com/admin/user/index/
The wrong time: 2022-06-24 23:30:55
Unknown error type: [2] array_multisort(): Array sizes are inconsistent
Unknown error on line 27 in file D:\phpstudy_pro\WWW\www.qphp.com\application\admin\App\Model\User.model.php
Request the address: www.qphp.com/admin/user/index/
The wrong time: 2022-06-24 23:30:56
Unknown error type: [2] array_multisort(): Array sizes are inconsistent
Unknown error on line 27 in file D:\phpstudy_pro\WWW\www.qphp.com\application\admin\App\Model\User.model.php
Request the address: www.qphp.com/admin/user/index/
The wrong time: 2022-06-24 23:30:56
Unknown error type: [2] array_multisort(): Array sizes are inconsistent
Unknown error on line 27 in file D:\phpstudy_pro\WWW\www.qphp.com\application\admin\App\Model\User.model.php
Request the address: www.qphp.com/admin/user/index/
The wrong time: 2022-06-24 23:30:57
Unknown error type: [2] array_multisort(): Array sizes are inconsistent
Unknown error on line 27 in file D:\phpstudy_pro\WWW\www.qphp.com\application\admin\App\Model\User.model.php
Request the address: www.qphp.com/admin/user/index/
The wrong time: 2022-06-24 23:30:57
Unknown error type: [2] array_multisort(): Array sizes are inconsistent
Unknown error on line 27 in file D:\phpstudy_pro\WWW\www.qphp.com\application\admin\App\Model\User.model.php
Request the address: www.qphp.com/admin/user/index/
The wrong time: 2022-06-24 23:30:58
Unknown error type: [2] array_multisort(): Array sizes are inconsistent
Unknown error on line 27 in file D:\phpstudy_pro\WWW\www.qphp.com\application\admin\App\Model\User.model.php
Request the address: www.qphp.com/admin/user/index/
The wrong time: 2022-06-24 23:30:59
Unknown error type: [2] array_multisort(): Array sizes are inconsistent
Unknown error on line 27 in file D:\phpstudy_pro\WWW\www.qphp.com\application\admin\App\Model\User.model.php
Request the address: www.qphp.com/admin/user/index/
The wrong time: 2022-06-24 23:34:10
Unknown error type: [2] array_multisort(): Array sizes are inconsistent
Unknown error on line 27 in file D:\phpstudy_pro\WWW\www.qphp.com\application\admin\App\Model\User.model.php
Request the address: www.qphp.com/admin/user/index/
The wrong time: 2022-06-24 23:34:11
Unknown error type: [2] array_multisort(): Array sizes are inconsistent
Unknown error on line 27 in file D:\phpstudy_pro\WWW\www.qphp.com\application\admin\App\Model\User.model.php
Request the address: www.qphp.com/admin/user/index/
The wrong time: 2022-06-24 23:34:12
Unknown error type: [2] array_multisort(): Array sizes are inconsistent
Unknown error on line 27 in file D:\phpstudy_pro\WWW\www.qphp.com\application\admin\App\Model\User.model.php
Request the address: www.qphp.com/admin/user/index/
The wrong time: 2022-06-24 23:34:12
Unknown error type: [8] Undefined index: username
Unknown error on line 26 in file D:\phpstudy_pro\WWW\www.qphp.com\application\admin\App\View\user\index.html
Request the address: www.qphp.com/admin/user/index/
The wrong time: 2022-06-24 23:38:06
Unknown error type: [8] Undefined index: id
Unknown error on line 25 in file D:\phpstudy_pro\WWW\www.qphp.com\application\admin\App\View\user\index.html
Request the address: www.qphp.com/admin/user/index/
The wrong time: 2022-06-24 23:41:24
Unknown error type: [8] Undefined index: id
Unknown error on line 25 in file D:\phpstudy_pro\WWW\www.qphp.com\application\admin\App\View\user\index.html
Request the address: www.qphp.com/admin/user/index/
The wrong time: 2022-06-24 23:42:15
Unknown error type: [8] Undefined index: id
Unknown error on line 25 in file D:\phpstudy_pro\WWW\www.qphp.com\application\admin\App\View\user\index.html
Request the address: www.qphp.com/admin/user/index/
The wrong time: 2022-06-24 23:42:27
Unknown error type: [8] Undefined index: id
Unknown error on line 25 in file D:\phpstudy_pro\WWW\www.qphp.com\application\admin\App\View\user\index.html
Request the address: www.qphp.com/admin/user/index/
The wrong time: 2022-06-24 23:42:29
Unknown error type: [8] Undefined index: id
Unknown error on line 25 in file D:\phpstudy_pro\WWW\www.qphp.com\application\admin\App\View\user\index.html
Request the address: www.qphp.com/admin/user/index/
The wrong time: 2022-06-24 23:42:29
Unknown error type: [8] Undefined index: id
Unknown error on line 25 in file D:\phpstudy_pro\WWW\www.qphp.com\application\admin\App\View\user\index.html
Request the address: www.qphp.com/admin/user/index/
The wrong time: 2022-06-24 23:42:30
Unknown error type: [8] Undefined index: id
Unknown error on line 25 in file D:\phpstudy_pro\WWW\www.qphp.com\application\admin\App\View\user\index.html
Request the address: www.qphp.com/admin/user/index/
The wrong time: 2022-06-24 23:42:30
Unknown error type: [8] Undefined index: id
Unknown error on line 25 in file D:\phpstudy_pro\WWW\www.qphp.com\application\admin\App\View\user\index.html
Request the address: www.qphp.com/admin/user/index/
The wrong time: 2022-06-24 23:42:31
Unknown error type: [8] Undefined index: id
Unknown error on line 25 in file D:\phpstudy_pro\WWW\www.qphp.com\application\admin\App\View\user\index.html
Request the address: www.qphp.com/admin/user/index/
The wrong time: 2022-06-24 23:42:31
Unknown error type: [8] Undefined index: id
Unknown error on line 25 in file D:\phpstudy_pro\WWW\www.qphp.com\application\admin\App\View\user\index.html
Request the address: www.qphp.com/admin/user/index/
The wrong time: 2022-06-24 23:42:32
Unknown error type: [8] Undefined index: id
Unknown error on line 25 in file D:\phpstudy_pro\WWW\www.qphp.com\application\admin\App\View\user\index.html
Request the address: www.qphp.com/admin/user/index/
The wrong time: 2022-06-24 23:42:34
Unknown error type: [8] Undefined index: id
Unknown error on line 25 in file D:\phpstudy_pro\WWW\www.qphp.com\application\admin\App\View\user\index.html
Request the address: www.qphp.com/admin/user/index/
The wrong time: 2022-06-24 23:44:44
Unknown error type: [8] Undefined index: id
Unknown error on line 25 in file D:\phpstudy_pro\WWW\www.qphp.com\application\admin\App\View\user\index.html
Request the address: www.qphp.com/admin/user/index/
The wrong time: 2022-06-24 23:44:45
Unknown error type: [8] Undefined index: id
Unknown error on line 25 in file D:\phpstudy_pro\WWW\www.qphp.com\application\admin\App\View\user\index.html
Request the address: www.qphp.com/admin/user/index/
The wrong time: 2022-06-24 23:44:46
Unknown error type: [8] Undefined index: id
Unknown error on line 25 in file D:\phpstudy_pro\WWW\www.qphp.com\application\admin\App\View\user\index.html
Request the address: www.qphp.com/admin/user/index/
The wrong time: 2022-06-24 23:44:46
Unknown error type: [8] Undefined index: id
Unknown error on line 25 in file D:\phpstudy_pro\WWW\www.qphp.com\application\admin\App\View\user\index.html
Request the address: www.qphp.com/admin/user/index/
The wrong time: 2022-06-24 23:44:46
Unknown error type: [8] Undefined index: id
Unknown error on line 25 in file D:\phpstudy_pro\WWW\www.qphp.com\application\admin\App\View\user\index.html
Request the address: www.qphp.com/admin/user/index/
The wrong time: 2022-06-24 23:44:47
Unknown error type: [8] Undefined index: id
Unknown error on line 26 in file D:\phpstudy_pro\WWW\www.qphp.com\application\admin\App\View\user\index.html
Request the address: www.qphp.com/admin/user/index/
The wrong time: 2022-06-24 23:46:12
Unknown error type: [8] Undefined index: id
Unknown error on line 26 in file D:\phpstudy_pro\WWW\www.qphp.com\application\admin\App\View\user\index.html
Request the address: www.qphp.com/admin/user/index/
The wrong time: 2022-06-24 23:47:31
Unknown error type: [8] Undefined index: id
Unknown error on line 26 in file D:\phpstudy_pro\WWW\www.qphp.com\application\admin\App\View\user\index.html
Request the address: www.qphp.com/admin/user/index/
The wrong time: 2022-06-24 23:48:20
Unknown error type: [8] Undefined index: id
Unknown error on line 26 in file D:\phpstudy_pro\WWW\www.qphp.com\application\admin\App\View\user\index.html
Request the address: www.qphp.com/admin/user/index/
The wrong time: 2022-06-24 23:48:50
Unknown error type: [8] Undefined variable: datas
Unknown error on line 42 in file D:\phpstudy_pro\WWW\www.qphp.com\application\admin\App\View\user\index.html
Request the address: www.qphp.com/admin/user/index/
The wrong time: 2022-06-24 23:50:27
Unknown error type: [8] Undefined variable: datas
Unknown error on line 42 in file D:\phpstudy_pro\WWW\www.qphp.com\application\admin\App\View\user\index.html
Request the address: www.qphp.com/admin/user/index/
The wrong time: 2022-06-24 23:50:57
Unknown error type: [8] Undefined variable: datas
Unknown error on line 42 in file D:\phpstudy_pro\WWW\www.qphp.com\application\admin\App\View\user\index.html
Request the address: www.qphp.com/admin/user/index/
The wrong time: 2022-06-24 23:50:59
Unknown error type: [8] Undefined variable: datas
Unknown error on line 42 in file D:\phpstudy_pro\WWW\www.qphp.com\application\admin\App\View\user\index.html
Request the address: www.qphp.com/admin/user/index/
The wrong time: 2022-06-24 23:50:59
Unknown error type: [8] Undefined variable: datas
Unknown error on line 42 in file D:\phpstudy_pro\WWW\www.qphp.com\application\admin\App\View\user\index.html
Request the address: www.qphp.com/admin/user/index/
The wrong time: 2022-06-24 23:51:00
Unknown error type: [8] Undefined variable: data_s
Unknown error on line 42 in file D:\phpstudy_pro\WWW\www.qphp.com\application\admin\App\View\user\index.html
Request the address: www.qphp.com/admin/user/index/
The wrong time: 2022-06-24 23:51:38
Unknown error type: [8] Undefined variable: data_s
Unknown error on line 42 in file D:\phpstudy_pro\WWW\www.qphp.com\application\admin\App\View\user\index.html
Request the address: www.qphp.com/admin/user/index/
The wrong time: 2022-06-24 23:51:39
Unknown error type: [8] Undefined variable: datas
Unknown error on line 45 in file D:\phpstudy_pro\WWW\www.qphp.com\application\admin\App\View\user\index.html
Request the address: www.qphp.com/admin/user/index/
The wrong time: 2022-06-24 23:53:43
Unknown error type: [8] Undefined variable: datas
Unknown error on line 41 in file D:\phpstudy_pro\WWW\www.qphp.com\application\admin\App\View\user\index.html
Request the address: www.qphp.com/admin/user/index/
The wrong time: 2022-06-24 23:54:08
