Unknown error type: [2] require_once(D:\phpstudy_pro\WWW\www.qphp.com/application/admin/App/Model/IBase.model.php): failed to open stream: No such file or directory
Unknown error on line 203 in file D:\phpstudy_pro\WWW\www.qphp.com\QPHP\QPHP.php
Request the address: www.qphp.com/admin/user/index
The wrong time: 2022-06-28 00:19:00
Unknown error type: [2] require_once(D:\phpstudy_pro\WWW\www.qphp.com/application/admin/App/Model/IBase.model.php): failed to open stream: No such file or directory
Unknown error on line 203 in file D:\phpstudy_pro\WWW\www.qphp.com\QPHP\QPHP.php
Request the address: www.qphp.com/admin/user/index
The wrong time: 2022-06-28 00:19:01
Unknown error type: [2] require_once(D:\phpstudy_pro\WWW\www.qphp.com/application/admin/App/Model/IBase.model.php): failed to open stream: No such file or directory
Unknown error on line 203 in file D:\phpstudy_pro\WWW\www.qphp.com\QPHP\QPHP.php
Request the address: www.qphp.com/admin/user/index
The wrong time: 2022-06-28 00:19:01
Unknown error type: [2] require_once(D:\phpstudy_pro\WWW\www.qphp.com/application/admin/App/Model/IBase.model.php): failed to open stream: No such file or directory
Unknown error on line 203 in file D:\phpstudy_pro\WWW\www.qphp.com\QPHP\QPHP.php
Request the address: www.qphp.com/admin/user/index
The wrong time: 2022-06-28 00:19:02
Unknown error type: [2] require_once(D:\phpstudy_pro\WWW\www.qphp.com/application/admin/App/Model/IBase.model.php): failed to open stream: No such file or directory
Unknown error on line 203 in file D:\phpstudy_pro\WWW\www.qphp.com\QPHP\QPHP.php
Request the address: www.qphp.com/admin/user/index
The wrong time: 2022-06-28 00:31:04
Unknown error type: [2] require_once(D:\phpstudy_pro\WWW\www.qphp.com/application/admin/App/Action/Age.action.php): failed to open stream: No such file or directory
Unknown error on line 203 in file D:\phpstudy_pro\WWW\www.qphp.com\QPHP\QPHP.php
Request the address: www.qphp.com/admin/age
The wrong time: 2022-06-28 01:11:08
Unknown error type: [2] require_once(D:\phpstudy_pro\WWW\www.qphp.com/application/admin/App/Action/Age.action.php): failed to open stream: No such file or directory
Unknown error on line 203 in file D:\phpstudy_pro\WWW\www.qphp.com\QPHP\QPHP.php
Request the address: www.qphp.com/admin/age
The wrong time: 2022-06-28 01:11:08
Unknown error type: [2] require_once(D:\phpstudy_pro\WWW\www.qphp.com/application/admin/App/Action/Age.action.php): failed to open stream: No such file or directory
Unknown error on line 203 in file D:\phpstudy_pro\WWW\www.qphp.com\QPHP\QPHP.php
Request the address: www.qphp.com/admin/age
The wrong time: 2022-06-28 01:11:09
Unknown error type: [2] require_once(D:\phpstudy_pro\WWW\www.qphp.com/application/admin/App/Action/Age.action.php): failed to open stream: No such file or directory
Unknown error on line 203 in file D:\phpstudy_pro\WWW\www.qphp.com\QPHP\QPHP.php
Request the address: www.qphp.com/admin/age
The wrong time: 2022-06-28 01:11:09
Unknown error type: [2] require_once(D:\phpstudy_pro\WWW\www.qphp.com/application/admin/App/Action/Age.action.php): failed to open stream: No such file or directory
Unknown error on line 203 in file D:\phpstudy_pro\WWW\www.qphp.com\QPHP\QPHP.php
Request the address: www.qphp.com/admin/age
The wrong time: 2022-06-28 01:13:38
Unknown error type: [2] require_once(D:\phpstudy_pro\WWW\www.qphp.com/application/admin/App/Action/Age.action.php): failed to open stream: No such file or directory
Unknown error on line 203 in file D:\phpstudy_pro\WWW\www.qphp.com\QPHP\QPHP.php
Request the address: www.qphp.com/admin/age
The wrong time: 2022-06-28 01:13:39
Unknown error type: [2] require_once(D:\phpstudy_pro\WWW\www.qphp.com/application/admin/App/Action/Age.action.php): failed to open stream: No such file or directory
Unknown error on line 203 in file D:\phpstudy_pro\WWW\www.qphp.com\QPHP\QPHP.php
Request the address: www.qphp.com/admin/age
The wrong time: 2022-06-28 01:13:39
Unknown error type: [2] require_once(D:\phpstudy_pro\WWW\www.qphp.com/application/admin/App/Action/Age.action.php): failed to open stream: No such file or directory
Unknown error on line 203 in file D:\phpstudy_pro\WWW\www.qphp.com\QPHP\QPHP.php
Request the address: www.qphp.com/admin/age
The wrong time: 2022-06-28 01:13:39
Unknown error type: [2] require_once(D:\phpstudy_pro\WWW\www.qphp.com/application/admin/App/Action/Age.action.php): failed to open stream: No such file or directory
Unknown error on line 203 in file D:\phpstudy_pro\WWW\www.qphp.com\QPHP\QPHP.php
Request the address: www.qphp.com/admin/age
The wrong time: 2022-06-28 01:13:39
Unknown error type: [8] Undefined index: id
Unknown error on line 55 in file D:\phpstudy_pro\WWW\www.qphp.com\application\admin\App\Action\Index.action.php
Request the address: www.qphp.com/admin/age
The wrong time: 2022-06-28 01:16:22
Unknown error type: [8] Undefined index: id
Unknown error on line 55 in file D:\phpstudy_pro\WWW\www.qphp.com\application\admin\App\Action\Index.action.php
Request the address: www.qphp.com/admin/age
The wrong time: 2022-06-28 01:16:23
Unknown error type: [8] Undefined index: id
Unknown error on line 55 in file D:\phpstudy_pro\WWW\www.qphp.com\application\admin\App\Action\Index.action.php
Request the address: www.qphp.com/admin/age
The wrong time: 2022-06-28 01:16:24
Unknown error type: [8] Undefined index: id
Unknown error on line 55 in file D:\phpstudy_pro\WWW\www.qphp.com\application\admin\App\Action\Index.action.php
Request the address: www.qphp.com/admin/age
The wrong time: 2022-06-28 01:16:24
Unknown error type: [8] Undefined index: id
Unknown error on line 55 in file D:\phpstudy_pro\WWW\www.qphp.com\application\admin\App\Action\Index.action.php
Request the address: www.qphp.com/admin/age
The wrong time: 2022-06-28 01:16:24
Unknown error type: [2] require_once(D:\phpstudy_pro\WWW\www.qphp.com/application/admin/App/Model/Mysql1.model.php): failed to open stream: No such file or directory
Unknown error on line 225 in file D:\phpstudy_pro\WWW\www.qphp.com\QPHP\QPHP.php
Request the address: www.qphp.com/admin/user/index?id=1
The wrong time: 2022-06-28 02:10:44
Unknown error type: [2] require_once(D:\phpstudy_pro\WWW\www.qphp.com/application/admin/App/Model/Mysql1.model.php): failed to open stream: No such file or directory
Unknown error on line 225 in file D:\phpstudy_pro\WWW\www.qphp.com\QPHP\QPHP.php
Request the address: www.qphp.com/admin/user/index?id=1
The wrong time: 2022-06-28 02:12:43
Unknown error type: [2] require_once(D:\phpstudy_pro\WWW\www.qphp.com/application/admin/App/Model/Mysql1.model.php): failed to open stream: No such file or directory
Unknown error on line 225 in file D:\phpstudy_pro\WWW\www.qphp.com\QPHP\QPHP.php
Request the address: www.qphp.com/admin/user/index?id=1
The wrong time: 2022-06-28 02:14:23
Unknown error type: [2] require_once(D:\phpstudy_pro\WWW\www.qphp.com/application/admin/App/Model/Mysql1.model.php): failed to open stream: No such file or directory
Unknown error on line 225 in file D:\phpstudy_pro\WWW\www.qphp.com\QPHP\QPHP.php
Request the address: www.qphp.com/admin/user/index?id=1
The wrong time: 2022-06-28 02:14:23
Unknown error type: [2] require_once(D:\phpstudy_pro\WWW\www.qphp.com/application/admin/App/Model/Mysql1.model.php): failed to open stream: No such file or directory
Unknown error on line 225 in file D:\phpstudy_pro\WWW\www.qphp.com\QPHP\QPHP.php
Request the address: www.qphp.com/admin/user/index?id=1
The wrong time: 2022-06-28 02:14:24
Unknown error type: [2] require_once(D:\phpstudy_pro\WWW\www.qphp.com/application/admin/App/Model/Mysql1.model.php): failed to open stream: No such file or directory
Unknown error on line 225 in file D:\phpstudy_pro\WWW\www.qphp.com\QPHP\QPHP.php
Request the address: www.qphp.com/admin/user/index?id=1
The wrong time: 2022-06-28 02:14:24
Unknown error type: [2] require_once(D:\phpstudy_pro\WWW\www.qphp.com/application/admin/App/Model/Mysql1.model.php): failed to open stream: No such file or directory
Unknown error on line 225 in file D:\phpstudy_pro\WWW\www.qphp.com\QPHP\QPHP.php
Request the address: www.qphp.com/admin/user/index?id=1
The wrong time: 2022-06-28 02:14:24
Unknown error type: [2] require_once(D:\phpstudy_pro\WWW\www.qphp.com/application/admin/App/Model/Mysql1.model.php): failed to open stream: No such file or directory
Unknown error on line 225 in file D:\phpstudy_pro\WWW\www.qphp.com\QPHP\QPHP.php
Request the address: www.qphp.com/admin/user/index?id=1
The wrong time: 2022-06-28 02:14:25
Unknown error type: [2] require_once(D:\phpstudy_pro\WWW\www.qphp.com/application/admin/App/Model/Mysql1.model.php): failed to open stream: No such file or directory
Unknown error on line 225 in file D:\phpstudy_pro\WWW\www.qphp.com\QPHP\QPHP.php
Request the address: www.qphp.com/admin/user/index?id=1
The wrong time: 2022-06-28 02:14:25
Unknown error type: [2] require_once(D:\phpstudy_pro\WWW\www.qphp.com/application/admin/App/Model/Mysql1.model.php): failed to open stream: No such file or directory
Unknown error on line 225 in file D:\phpstudy_pro\WWW\www.qphp.com\QPHP\QPHP.php
Request the address: www.qphp.com/admin/user/index?id=1
The wrong time: 2022-06-28 02:14:25
Unknown error type: [2] require_once(D:\phpstudy_pro\WWW\www.qphp.com/application/admin/App/Model/Mysql1.model.php): failed to open stream: No such file or directory
Unknown error on line 225 in file D:\phpstudy_pro\WWW\www.qphp.com\QPHP\QPHP.php
Request the address: www.qphp.com/admin/user/index?id=1
The wrong time: 2022-06-28 02:14:26
Unknown error type: [2] require_once(D:\phpstudy_pro\WWW\www.qphp.com/application/admin/App/Model/Mysql1.model.php): failed to open stream: No such file or directory
Unknown error on line 225 in file D:\phpstudy_pro\WWW\www.qphp.com\QPHP\QPHP.php
Request the address: www.qphp.com/admin/user/index?id=1
The wrong time: 2022-06-28 02:14:26
Unknown error type: [2] require_once(D:\phpstudy_pro\WWW\www.qphp.com/application/admin/App/Model/Mysql1.model.php): failed to open stream: No such file or directory
Unknown error on line 225 in file D:\phpstudy_pro\WWW\www.qphp.com\QPHP\QPHP.php
Request the address: www.qphp.com/admin/user/index?id=1
The wrong time: 2022-06-28 02:14:26
Unknown error type: [2] require_once(D:\phpstudy_pro\WWW\www.qphp.com/application/admin/App/Model/Mysql1.model.php): failed to open stream: No such file or directory
Unknown error on line 225 in file D:\phpstudy_pro\WWW\www.qphp.com\QPHP\QPHP.php
Request the address: www.qphp.com/admin/user/index?id=1
The wrong time: 2022-06-28 02:14:27
Unknown error type: [2] require_once(D:\phpstudy_pro\WWW\www.qphp.com/application/admin/App/Model/Mysql1.model.php): failed to open stream: No such file or directory
Unknown error on line 225 in file D:\phpstudy_pro\WWW\www.qphp.com\QPHP\QPHP.php
Request the address: www.qphp.com/admin/user/index?id=1
The wrong time: 2022-06-28 02:14:27
Unknown error type: [2] require_once(D:\phpstudy_pro\WWW\www.qphp.com/application/admin/App/Model/Mysql1.model.php): failed to open stream: No such file or directory
Unknown error on line 225 in file D:\phpstudy_pro\WWW\www.qphp.com\QPHP\QPHP.php
Request the address: www.qphp.com/admin/user/index?id=1
The wrong time: 2022-06-28 02:14:27
Unknown error type: [2] require_once(D:\phpstudy_pro\WWW\www.qphp.com/application/admin/App/Model/Mysql1.model.php): failed to open stream: No such file or directory
Unknown error on line 225 in file D:\phpstudy_pro\WWW\www.qphp.com\QPHP\QPHP.php
Request the address: www.qphp.com/admin/user/index?id=1
The wrong time: 2022-06-28 02:14:28
Unknown error type: [2] require_once(D:\phpstudy_pro\WWW\www.qphp.com/application/admin/App/Model/Mysql1.model.php): failed to open stream: No such file or directory
Unknown error on line 225 in file D:\phpstudy_pro\WWW\www.qphp.com\QPHP\QPHP.php
Request the address: www.qphp.com/admin/user/index?id=1
The wrong time: 2022-06-28 02:14:28
Unknown error type: [2] require_once(D:\phpstudy_pro\WWW\www.qphp.com/application/admin/App/Model/Mysql1.model.php): failed to open stream: No such file or directory
Unknown error on line 225 in file D:\phpstudy_pro\WWW\www.qphp.com\QPHP\QPHP.php
Request the address: www.qphp.com/admin/user/index?id=1
The wrong time: 2022-06-28 02:14:28
Unknown error type: [2] require_once(D:\phpstudy_pro\WWW\www.qphp.com/application/admin/App/Model/Mysql1.model.php): failed to open stream: No such file or directory
Unknown error on line 225 in file D:\phpstudy_pro\WWW\www.qphp.com\QPHP\QPHP.php
Request the address: www.qphp.com/admin/user/index?id=1
The wrong time: 2022-06-28 02:14:29
Unknown error type: [2] require_once(D:\phpstudy_pro\WWW\www.qphp.com/application/admin/App/Model/Mysql1.model.php): failed to open stream: No such file or directory
Unknown error on line 225 in file D:\phpstudy_pro\WWW\www.qphp.com\QPHP\QPHP.php
Request the address: www.qphp.com/admin/user/index?id=1
The wrong time: 2022-06-28 02:14:29
Unknown error type: [2] require_once(D:\phpstudy_pro\WWW\www.qphp.com/application/admin/App/Model/Mysql1.model.php): failed to open stream: No such file or directory
Unknown error on line 225 in file D:\phpstudy_pro\WWW\www.qphp.com\QPHP\QPHP.php
Request the address: www.qphp.com/admin/user/index?id=1
The wrong time: 2022-06-28 02:14:29
Unknown error type: [2] require_once(D:\phpstudy_pro\WWW\www.qphp.com/application/admin/App/Model/Mysql1.model.php): failed to open stream: No such file or directory
Unknown error on line 225 in file D:\phpstudy_pro\WWW\www.qphp.com\QPHP\QPHP.php
Request the address: www.qphp.com/admin/user/index?id=1
The wrong time: 2022-06-28 02:14:30
Unknown error type: [2] require_once(D:\phpstudy_pro\WWW\www.qphp.com/application/admin/App/Model/Mysql1.model.php): failed to open stream: No such file or directory
Unknown error on line 225 in file D:\phpstudy_pro\WWW\www.qphp.com\QPHP\QPHP.php
Request the address: www.qphp.com/admin/user/index?id=1
The wrong time: 2022-06-28 02:14:30
Unknown error type: [2] require_once(D:\phpstudy_pro\WWW\www.qphp.com/application/admin/App/Model/Mysql1.model.php): failed to open stream: No such file or directory
Unknown error on line 225 in file D:\phpstudy_pro\WWW\www.qphp.com\QPHP\QPHP.php
Request the address: www.qphp.com/admin/user/index?id=1
The wrong time: 2022-06-28 02:14:30
Unknown error type: [2] require_once(D:\phpstudy_pro\WWW\www.qphp.com/application/admin/App/Model/Mysql1.model.php): failed to open stream: No such file or directory
Unknown error on line 225 in file D:\phpstudy_pro\WWW\www.qphp.com\QPHP\QPHP.php
Request the address: www.qphp.com/admin/user/index?id=1
The wrong time: 2022-06-28 02:14:30
Unknown error type: [2] require_once(D:\phpstudy_pro\WWW\www.qphp.com/application/admin/App/Model/Mysql1.model.php): failed to open stream: No such file or directory
Unknown error on line 225 in file D:\phpstudy_pro\WWW\www.qphp.com\QPHP\QPHP.php
Request the address: www.qphp.com/admin/user/index?id=1
The wrong time: 2022-06-28 02:14:31
Unknown error type: [2] require_once(D:\phpstudy_pro\WWW\www.qphp.com/application/admin/App/Model/Mysql1.model.php): failed to open stream: No such file or directory
Unknown error on line 225 in file D:\phpstudy_pro\WWW\www.qphp.com\QPHP\QPHP.php
Request the address: www.qphp.com/admin/user/index?id=1
The wrong time: 2022-06-28 02:14:31
Unknown error type: [2] require_once(D:\phpstudy_pro\WWW\www.qphp.com/application/admin/App/Model/Mysql1.model.php): failed to open stream: No such file or directory
Unknown error on line 225 in file D:\phpstudy_pro\WWW\www.qphp.com\QPHP\QPHP.php
Request the address: www.qphp.com/admin/user/index?id=1
The wrong time: 2022-06-28 02:14:47
Unknown error type: [2] require_once(D:\phpstudy_pro\WWW\www.qphp.com/application/admin/App/Model/Mysql1.model.php): failed to open stream: No such file or directory
Unknown error on line 225 in file D:\phpstudy_pro\WWW\www.qphp.com\QPHP\QPHP.php
Request the address: www.qphp.com/admin/user/index?id=1
The wrong time: 2022-06-28 02:14:48
Unknown error type: [2] require_once(D:\phpstudy_pro\WWW\www.qphp.com/application/admin/App/Model/Mysql1.model.php): failed to open stream: No such file or directory
Unknown error on line 225 in file D:\phpstudy_pro\WWW\www.qphp.com\QPHP\QPHP.php
Request the address: www.qphp.com/admin/user/index?id=1
The wrong time: 2022-06-28 02:14:49
Unknown error type: [2] require_once(D:\phpstudy_pro\WWW\www.qphp.com/application/admin/App/Model/Mysql1.model.php): failed to open stream: No such file or directory
Unknown error on line 225 in file D:\phpstudy_pro\WWW\www.qphp.com\QPHP\QPHP.php
Request the address: www.qphp.com/admin/user/index?id=1
The wrong time: 2022-06-28 02:15:58
Unknown error type: [2] require_once(D:\phpstudy_pro\WWW\www.qphp.com/application/admin/App/Model/Mysql1.model.php): failed to open stream: No such file or directory
Unknown error on line 225 in file D:\phpstudy_pro\WWW\www.qphp.com\QPHP\QPHP.php
Request the address: www.qphp.com/admin/user/index?id=1
The wrong time: 2022-06-28 02:16:18
Unknown error type: [2] require_once(D:\phpstudy_pro\WWW\www.qphp.com/application/admin/App/Model/Mysql1.model.php): failed to open stream: No such file or directory
Unknown error on line 225 in file D:\phpstudy_pro\WWW\www.qphp.com\QPHP\QPHP.php
Request the address: www.qphp.com/admin/user/index?id=1
The wrong time: 2022-06-28 02:16:19
Unknown error type: [2] require_once(D:\phpstudy_pro\WWW\www.qphp.com/application/admin/App/Model/Mysql1.model.php): failed to open stream: No such file or directory
Unknown error on line 225 in file D:\phpstudy_pro\WWW\www.qphp.com\QPHP\QPHP.php
Request the address: www.qphp.com/admin/user/index?id=1
The wrong time: 2022-06-28 02:16:19
Unknown error type: [2] require_once(D:\phpstudy_pro\WWW\www.qphp.com/application/admin/App/Model/Mysql1.model.php): failed to open stream: No such file or directory
Unknown error on line 225 in file D:\phpstudy_pro\WWW\www.qphp.com\QPHP\QPHP.php
Request the address: www.qphp.com/admin/user/index?id=1
The wrong time: 2022-06-28 02:16:19
Unknown error type: [2] require_once(D:\phpstudy_pro\WWW\www.qphp.com/application/admin/App/Model/Mysql1.model.php): failed to open stream: No such file or directory
Unknown error on line 225 in file D:\phpstudy_pro\WWW\www.qphp.com\QPHP\QPHP.php
Request the address: www.qphp.com/admin/user/index?id=1
The wrong time: 2022-06-28 02:16:19
Unknown error type: [2] require_once(D:\phpstudy_pro\WWW\www.qphp.com/application/admin/App/Model/Mysql1.model.php): failed to open stream: No such file or directory
Unknown error on line 225 in file D:\phpstudy_pro\WWW\www.qphp.com\QPHP\QPHP.php
Request the address: www.qphp.com/admin/user/index?id=1
The wrong time: 2022-06-28 02:16:19
Unknown error type: [2] require_once(D:\phpstudy_pro\WWW\www.qphp.com/application/admin/App/Model/Mysql1.model.php): failed to open stream: No such file or directory
Unknown error on line 225 in file D:\phpstudy_pro\WWW\www.qphp.com\QPHP\QPHP.php
Request the address: www.qphp.com/admin/user/index?id=1
The wrong time: 2022-06-28 02:16:20
Unknown error type: [2] require_once(D:\phpstudy_pro\WWW\www.qphp.com/application/admin/App/Model/Mysql1.model.php): failed to open stream: No such file or directory
Unknown error on line 225 in file D:\phpstudy_pro\WWW\www.qphp.com\QPHP\QPHP.php
Request the address: www.qphp.com/admin/user/index?id=1
The wrong time: 2022-06-28 02:16:20
Unknown error type: [2] require_once(D:\phpstudy_pro\WWW\www.qphp.com/application/admin/App/Model/Mysql1.model.php): failed to open stream: No such file or directory
Unknown error on line 225 in file D:\phpstudy_pro\WWW\www.qphp.com\QPHP\QPHP.php
Request the address: www.qphp.com/admin/user/index?id=1
The wrong time: 2022-06-28 02:16:20
Unknown error type: [2] require_once(D:\phpstudy_pro\WWW\www.qphp.com/application/admin/App/Model/Mysql1.model.php): failed to open stream: No such file or directory
Unknown error on line 225 in file D:\phpstudy_pro\WWW\www.qphp.com\QPHP\QPHP.php
Request the address: www.qphp.com/admin/user/index?id=1
The wrong time: 2022-06-28 02:16:20
Unknown error type: [2] require_once(D:\phpstudy_pro\WWW\www.qphp.com/application/admin/App/Model/Mysql1.model.php): failed to open stream: No such file or directory
Unknown error on line 225 in file D:\phpstudy_pro\WWW\www.qphp.com\QPHP\QPHP.php
Request the address: www.qphp.com/admin/user/index?id=1
The wrong time: 2022-06-28 02:19:50
Unknown error type: [2] require_once(D:\phpstudy_pro\WWW\www.qphp.com/application/admin/App/Model/Mysql1.model.php): failed to open stream: No such file or directory
Unknown error on line 225 in file D:\phpstudy_pro\WWW\www.qphp.com\QPHP\QPHP.php
Request the address: www.qphp.com/admin/user/index?id=1
The wrong time: 2022-06-28 02:21:18
Unknown error type: [2] require_once(D:\phpstudy_pro\WWW\www.qphp.com/application/admin/App/Model/Mysql1.model.php): failed to open stream: No such file or directory
Unknown error on line 225 in file D:\phpstudy_pro\WWW\www.qphp.com\QPHP\QPHP.php
Request the address: www.qphp.com/admin/user/index?id=1
The wrong time: 2022-06-28 02:21:19
Unknown error type: [2] require_once(D:\phpstudy_pro\WWW\www.qphp.com/application/admin/App/Model/Mysql1.model.php): failed to open stream: No such file or directory
Unknown error on line 225 in file D:\phpstudy_pro\WWW\www.qphp.com\QPHP\QPHP.php
Request the address: www.qphp.com/admin/user/index?id=1
The wrong time: 2022-06-28 02:21:19
Unknown error type: [2] require_once(D:\phpstudy_pro\WWW\www.qphp.com/application/admin/App/Model/Mysql1.model.php): failed to open stream: No such file or directory
Unknown error on line 225 in file D:\phpstudy_pro\WWW\www.qphp.com\QPHP\QPHP.php
Request the address: www.qphp.com/admin/user/index?id=1
The wrong time: 2022-06-28 02:21:19
Unknown error type: [2] require_once(D:\phpstudy_pro\WWW\www.qphp.com/application/admin/App/Model/Mysql1.model.php): failed to open stream: No such file or directory
Unknown error on line 225 in file D:\phpstudy_pro\WWW\www.qphp.com\QPHP\QPHP.php
Request the address: www.qphp.com/admin/user/index?id=1
The wrong time: 2022-06-28 02:21:19
Unknown error type: [2] require_once(D:\phpstudy_pro\WWW\www.qphp.com/application/admin/App/Model/Mysql1.model.php): failed to open stream: No such file or directory
Unknown error on line 225 in file D:\phpstudy_pro\WWW\www.qphp.com\QPHP\QPHP.php
Request the address: www.qphp.com/admin/user/index?id=1
The wrong time: 2022-06-28 02:21:20
Unknown error type: [2] require_once(D:\phpstudy_pro\WWW\www.qphp.com/application/admin/App/Model/Mysql1.model.php): failed to open stream: No such file or directory
Unknown error on line 225 in file D:\phpstudy_pro\WWW\www.qphp.com\QPHP\QPHP.php
Request the address: www.qphp.com/admin/user/index?id=1
The wrong time: 2022-06-28 02:21:20
Unknown error type: [2] require_once(D:\phpstudy_pro\WWW\www.qphp.com/application/admin/App/Model/Mysql1.model.php): failed to open stream: No such file or directory
Unknown error on line 225 in file D:\phpstudy_pro\WWW\www.qphp.com\QPHP\QPHP.php
Request the address: www.qphp.com/admin/user/index?id=1
The wrong time: 2022-06-28 02:21:20
Unknown error type: [2] require_once(D:\phpstudy_pro\WWW\www.qphp.com/application/admin/App/Model/Mysql1.model.php): failed to open stream: No such file or directory
Unknown error on line 225 in file D:\phpstudy_pro\WWW\www.qphp.com\QPHP\QPHP.php
Request the address: www.qphp.com/admin/user/index?id=1
The wrong time: 2022-06-28 02:21:21
Unknown error type: [2] require_once(D:\phpstudy_pro\WWW\www.qphp.com/application/admin/App/Model/Mysql1.model.php): failed to open stream: No such file or directory
Unknown error on line 225 in file D:\phpstudy_pro\WWW\www.qphp.com\QPHP\QPHP.php
Request the address: www.qphp.com/admin/user/index?id=1
The wrong time: 2022-06-28 02:21:21
Unknown error type: [2] require_once(D:\phpstudy_pro\WWW\www.qphp.com/application/admin/App/Model/Mysql1.model.php): failed to open stream: No such file or directory
Unknown error on line 225 in file D:\phpstudy_pro\WWW\www.qphp.com\QPHP\QPHP.php
Request the address: www.qphp.com/admin/user/index?id=1
The wrong time: 2022-06-28 02:21:21
Unknown error type: [2] require_once(D:\phpstudy_pro\WWW\www.qphp.com/application/admin/App/Model/Mysql1.model.php): failed to open stream: No such file or directory
Unknown error on line 225 in file D:\phpstudy_pro\WWW\www.qphp.com\QPHP\QPHP.php
Request the address: www.qphp.com/admin/user/index?id=1
The wrong time: 2022-06-28 02:21:22
Unknown error type: [2] require_once(D:\phpstudy_pro\WWW\www.qphp.com/application/admin/App/Model/Mysql1.model.php): failed to open stream: No such file or directory
Unknown error on line 225 in file D:\phpstudy_pro\WWW\www.qphp.com\QPHP\QPHP.php
Request the address: www.qphp.com/admin/user/index?id=1
The wrong time: 2022-06-28 02:21:23
Unknown error type: [2] require_once(D:\phpstudy_pro\WWW\www.qphp.com/application/admin/App/Model/Mysql1.model.php): failed to open stream: No such file or directory
Unknown error on line 225 in file D:\phpstudy_pro\WWW\www.qphp.com\QPHP\QPHP.php
Request the address: www.qphp.com/admin/user/index?id=1
The wrong time: 2022-06-28 02:21:23
Unknown error type: [2] require_once(D:\phpstudy_pro\WWW\www.qphp.com/application/admin/App/Model/Mysql1.model.php): failed to open stream: No such file or directory
Unknown error on line 225 in file D:\phpstudy_pro\WWW\www.qphp.com\QPHP\QPHP.php
Request the address: www.qphp.com/admin/user/index?id=1
The wrong time: 2022-06-28 02:21:39
Unknown error type: [2] require_once(D:\phpstudy_pro\WWW\www.qphp.com/application/admin/App/Model/Mysql1.model.php): failed to open stream: No such file or directory
Unknown error on line 225 in file D:\phpstudy_pro\WWW\www.qphp.com\QPHP\QPHP.php
Request the address: www.qphp.com/admin/user/index?id=1
The wrong time: 2022-06-28 02:21:40
Unknown error type: [2] require_once(D:\phpstudy_pro\WWW\www.qphp.com/application/admin/App/Model/Mysql1.model.php): failed to open stream: No such file or directory
Unknown error on line 225 in file D:\phpstudy_pro\WWW\www.qphp.com\QPHP\QPHP.php
Request the address: www.qphp.com/admin/user/index?id=1
The wrong time: 2022-06-28 02:21:40
Unknown error type: [2] require_once(D:\phpstudy_pro\WWW\www.qphp.com/application/admin/App/Model/Mysql1.model.php): failed to open stream: No such file or directory
Unknown error on line 225 in file D:\phpstudy_pro\WWW\www.qphp.com\QPHP\QPHP.php
Request the address: www.qphp.com/admin/user/index?id=1
The wrong time: 2022-06-28 02:21:40
Unknown error type: [2] require_once(D:\phpstudy_pro\WWW\www.qphp.com/application/admin/App/Model/Mysql1.model.php): failed to open stream: No such file or directory
Unknown error on line 225 in file D:\phpstudy_pro\WWW\www.qphp.com\QPHP\QPHP.php
Request the address: www.qphp.com/admin/user/index?id=1
The wrong time: 2022-06-28 02:21:40
Unknown error type: [2] require_once(D:\phpstudy_pro\WWW\www.qphp.com/application/admin/App/Model/Mysql1.model.php): failed to open stream: No such file or directory
Unknown error on line 225 in file D:\phpstudy_pro\WWW\www.qphp.com\QPHP\QPHP.php
Request the address: www.qphp.com/admin/user/index?id=1
The wrong time: 2022-06-28 02:21:40
Unknown error type: [2] require_once(D:\phpstudy_pro\WWW\www.qphp.com/application/admin/App/Model/Mysql1.model.php): failed to open stream: No such file or directory
Unknown error on line 225 in file D:\phpstudy_pro\WWW\www.qphp.com\QPHP\QPHP.php
Request the address: www.qphp.com/admin/user/index?id=1
The wrong time: 2022-06-28 02:21:41
Unknown error type: [2] require_once(D:\phpstudy_pro\WWW\www.qphp.com/application/admin/App/Model/Mysql1.model.php): failed to open stream: No such file or directory
Unknown error on line 225 in file D:\phpstudy_pro\WWW\www.qphp.com\QPHP\QPHP.php
Request the address: www.qphp.com/admin/user/index?id=1
The wrong time: 2022-06-28 02:21:41
Unknown error type: [2] require_once(D:\phpstudy_pro\WWW\www.qphp.com/application/admin/App/Model/Mysql1.model.php): failed to open stream: No such file or directory
Unknown error on line 225 in file D:\phpstudy_pro\WWW\www.qphp.com\QPHP\QPHP.php
Request the address: www.qphp.com/admin/user/index?id=1
The wrong time: 2022-06-28 02:21:41
Unknown error type: [2] require_once(D:\phpstudy_pro\WWW\www.qphp.com/application/admin/App/Model/Mysql1.model.php): failed to open stream: No such file or directory
Unknown error on line 225 in file D:\phpstudy_pro\WWW\www.qphp.com\QPHP\QPHP.php
Request the address: www.qphp.com/admin/user/index?id=1
The wrong time: 2022-06-28 02:21:41
Unknown error type: [2] require_once(D:\phpstudy_pro\WWW\www.qphp.com/application/admin/App/Model/Mysql1.model.php): failed to open stream: No such file or directory
Unknown error on line 225 in file D:\phpstudy_pro\WWW\www.qphp.com\QPHP\QPHP.php
Request the address: www.qphp.com/admin/user/index?id=1
The wrong time: 2022-06-28 02:21:41
Unknown error type: [2] require_once(D:\phpstudy_pro\WWW\www.qphp.com/application/admin/App/Model/Mysql1.model.php): failed to open stream: No such file or directory
Unknown error on line 225 in file D:\phpstudy_pro\WWW\www.qphp.com\QPHP\QPHP.php
Request the address: www.qphp.com/admin/user/index?id=1
The wrong time: 2022-06-28 02:21:42
Unknown error type: [2] require_once(D:\phpstudy_pro\WWW\www.qphp.com/application/admin/App/Model/Mysql1.model.php): failed to open stream: No such file or directory
Unknown error on line 225 in file D:\phpstudy_pro\WWW\www.qphp.com\QPHP\QPHP.php
Request the address: www.qphp.com/admin/user/index?id=1
The wrong time: 2022-06-28 02:21:42
Unknown error type: [2] require_once(D:\phpstudy_pro\WWW\www.qphp.com/application/admin/App/Model/Mysql1.model.php): failed to open stream: No such file or directory
Unknown error on line 225 in file D:\phpstudy_pro\WWW\www.qphp.com\QPHP\QPHP.php
Request the address: www.qphp.com/admin/user/index?id=1
The wrong time: 2022-06-28 02:21:42
Unknown error type: [2] require_once(D:\phpstudy_pro\WWW\www.qphp.com/application/admin/App/Model/Mysql1.model.php): failed to open stream: No such file or directory
Unknown error on line 225 in file D:\phpstudy_pro\WWW\www.qphp.com\QPHP\QPHP.php
Request the address: www.qphp.com/admin/user/index?id=1
The wrong time: 2022-06-28 02:21:42
Unknown error type: [2] require_once(D:\phpstudy_pro\WWW\www.qphp.com/application/admin/App/Model/Mysql1.model.php): failed to open stream: No such file or directory
Unknown error on line 225 in file D:\phpstudy_pro\WWW\www.qphp.com\QPHP\QPHP.php
Request the address: www.qphp.com/admin/user/index?id=1
The wrong time: 2022-06-28 02:21:43
Unknown error type: [2] require_once(D:\phpstudy_pro\WWW\www.qphp.com/application/admin/App/Model/Mysql1.model.php): failed to open stream: No such file or directory
Unknown error on line 225 in file D:\phpstudy_pro\WWW\www.qphp.com\QPHP\QPHP.php
Request the address: www.qphp.com/admin/user/index?id=1
The wrong time: 2022-06-28 02:21:43
Unknown error type: [2] require_once(D:\phpstudy_pro\WWW\www.qphp.com/application/admin/App/Model/Mysql1.model.php): failed to open stream: No such file or directory
Unknown error on line 225 in file D:\phpstudy_pro\WWW\www.qphp.com\QPHP\QPHP.php
Request the address: www.qphp.com/admin/user/index?id=1
The wrong time: 2022-06-28 02:21:44
Unknown error type: [2] require_once(D:\phpstudy_pro\WWW\www.qphp.com/application/admin/App/Model/Mysql1.model.php): failed to open stream: No such file or directory
Unknown error on line 225 in file D:\phpstudy_pro\WWW\www.qphp.com\QPHP\QPHP.php
Request the address: www.qphp.com/admin/user/index?id=1
The wrong time: 2022-06-28 02:22:20
Unknown error type: [2] require_once(D:\phpstudy_pro\WWW\www.qphp.com/application/admin/App/Model/Mysql1.model.php): failed to open stream: No such file or directory
Unknown error on line 225 in file D:\phpstudy_pro\WWW\www.qphp.com\QPHP\QPHP.php
Request the address: www.qphp.com/admin/user/index?id=1
The wrong time: 2022-06-28 02:22:40
Unknown error type: [2] require_once(D:\phpstudy_pro\WWW\www.qphp.com/application/admin/App/Model/Mysql1.model.php): failed to open stream: No such file or directory
Unknown error on line 225 in file D:\phpstudy_pro\WWW\www.qphp.com\QPHP\QPHP.php
Request the address: www.qphp.com/admin/user/index?id=1
The wrong time: 2022-06-28 02:22:40
Unknown error type: [2] require_once(D:\phpstudy_pro\WWW\www.qphp.com/application/admin/App/Model/Mysql1.model.php): failed to open stream: No such file or directory
Unknown error on line 225 in file D:\phpstudy_pro\WWW\www.qphp.com\QPHP\QPHP.php
Request the address: www.qphp.com/admin/user/index?id=1
The wrong time: 2022-06-28 02:22:41
Unknown error type: [2] require_once(D:\phpstudy_pro\WWW\www.qphp.com/application/admin/App/Model/Mysql1.model.php): failed to open stream: No such file or directory
Unknown error on line 225 in file D:\phpstudy_pro\WWW\www.qphp.com\QPHP\QPHP.php
Request the address: www.qphp.com/admin/user/index?id=1
The wrong time: 2022-06-28 02:22:41
Unknown error type: [2] require_once(D:\phpstudy_pro\WWW\www.qphp.com/application/admin/App/Model/Mysql1.model.php): failed to open stream: No such file or directory
Unknown error on line 225 in file D:\phpstudy_pro\WWW\www.qphp.com\QPHP\QPHP.php
Request the address: www.qphp.com/admin/user/index?id=1
The wrong time: 2022-06-28 02:22:41
Unknown error type: [2] require_once(D:\phpstudy_pro\WWW\www.qphp.com/application/admin/App/Model/Mysql1.model.php): failed to open stream: No such file or directory
Unknown error on line 225 in file D:\phpstudy_pro\WWW\www.qphp.com\QPHP\QPHP.php
Request the address: www.qphp.com/admin/user/index?id=1
The wrong time: 2022-06-28 02:22:42
Unknown error type: [2] require_once(D:\phpstudy_pro\WWW\www.qphp.com/application/admin/App/Model/Mysql1.model.php): failed to open stream: No such file or directory
Unknown error on line 225 in file D:\phpstudy_pro\WWW\www.qphp.com\QPHP\QPHP.php
Request the address: www.qphp.com/admin/user/index?id=1
The wrong time: 2022-06-28 02:22:42
Unknown error type: [2] require_once(D:\phpstudy_pro\WWW\www.qphp.com/application/admin/App/Model/Mysql1.model.php): failed to open stream: No such file or directory
Unknown error on line 225 in file D:\phpstudy_pro\WWW\www.qphp.com\QPHP\QPHP.php
Request the address: www.qphp.com/admin/user/index?id=1
The wrong time: 2022-06-28 02:22:43
Unknown error type: [2] require_once(D:\phpstudy_pro\WWW\www.qphp.com/application/admin/App/Model/Mysql1.model.php): failed to open stream: No such file or directory
Unknown error on line 225 in file D:\phpstudy_pro\WWW\www.qphp.com\QPHP\QPHP.php
Request the address: www.qphp.com/admin/user/index?id=1
The wrong time: 2022-06-28 02:22:43
Unknown error type: [2] require_once(D:\phpstudy_pro\WWW\www.qphp.com/application/admin/App/Model/Mysql1.model.php): failed to open stream: No such file or directory
Unknown error on line 225 in file D:\phpstudy_pro\WWW\www.qphp.com\QPHP\QPHP.php
Request the address: www.qphp.com/admin/user/index?id=1
The wrong time: 2022-06-28 02:22:43
Unknown error type: [2] require_once(D:\phpstudy_pro\WWW\www.qphp.com/application/admin/App/Model/Mysql1.model.php): failed to open stream: No such file or directory
Unknown error on line 225 in file D:\phpstudy_pro\WWW\www.qphp.com\QPHP\QPHP.php
Request the address: www.qphp.com/admin/user/index?id=1
The wrong time: 2022-06-28 02:22:43
Unknown error type: [2] require_once(D:\phpstudy_pro\WWW\www.qphp.com/application/admin/App/Model/Mysql1.model.php): failed to open stream: No such file or directory
Unknown error on line 225 in file D:\phpstudy_pro\WWW\www.qphp.com\QPHP\QPHP.php
Request the address: www.qphp.com/admin/user/index?id=1
The wrong time: 2022-06-28 02:22:43
Unknown error type: [2] require_once(D:\phpstudy_pro\WWW\www.qphp.com/application/admin/App/Model/Mysql1.model.php): failed to open stream: No such file or directory
Unknown error on line 225 in file D:\phpstudy_pro\WWW\www.qphp.com\QPHP\QPHP.php
Request the address: www.qphp.com/admin/user/index?id=1
The wrong time: 2022-06-28 02:22:44
Unknown error type: [2] require_once(D:\phpstudy_pro\WWW\www.qphp.com/application/admin/App/Model/Mysql1.model.php): failed to open stream: No such file or directory
Unknown error on line 225 in file D:\phpstudy_pro\WWW\www.qphp.com\QPHP\QPHP.php
Request the address: www.qphp.com/admin/user/index?id=1
The wrong time: 2022-06-28 02:22:44
Unknown error type: [2] require_once(D:\phpstudy_pro\WWW\www.qphp.com/application/admin/App/Model/Mysql1.model.php): failed to open stream: No such file or directory
Unknown error on line 225 in file D:\phpstudy_pro\WWW\www.qphp.com\QPHP\QPHP.php
Request the address: www.qphp.com/admin/user/index?id=1
The wrong time: 2022-06-28 02:22:44
Unknown error type: [2] require_once(D:\phpstudy_pro\WWW\www.qphp.com/application/admin/App/Model/Mysql1.model.php): failed to open stream: No such file or directory
Unknown error on line 225 in file D:\phpstudy_pro\WWW\www.qphp.com\QPHP\QPHP.php
Request the address: www.qphp.com/admin/user/index?id=1
The wrong time: 2022-06-28 02:22:44
Unknown error type: [2] require_once(D:\phpstudy_pro\WWW\www.qphp.com/application/admin/App/Model/Mysql1.model.php): failed to open stream: No such file or directory
Unknown error on line 225 in file D:\phpstudy_pro\WWW\www.qphp.com\QPHP\QPHP.php
Request the address: www.qphp.com/admin/user/index?id=1
The wrong time: 2022-06-28 02:22:44
Unknown error type: [2] require_once(D:\phpstudy_pro\WWW\www.qphp.com/application/admin/App/Model/Mysql1.model.php): failed to open stream: No such file or directory
Unknown error on line 225 in file D:\phpstudy_pro\WWW\www.qphp.com\QPHP\QPHP.php
Request the address: www.qphp.com/admin/user/index?id=1
The wrong time: 2022-06-28 02:22:45
Unknown error type: [2] require_once(D:\phpstudy_pro\WWW\www.qphp.com/application/admin/App/Model/Mysql1.model.php): failed to open stream: No such file or directory
Unknown error on line 225 in file D:\phpstudy_pro\WWW\www.qphp.com\QPHP\QPHP.php
Request the address: www.qphp.com/admin/user/index?id=1
The wrong time: 2022-06-28 02:22:45
Unknown error type: [2] require_once(D:\phpstudy_pro\WWW\www.qphp.com/application/admin/App/Model/Mysql1.model.php): failed to open stream: No such file or directory
Unknown error on line 225 in file D:\phpstudy_pro\WWW\www.qphp.com\QPHP\QPHP.php
Request the address: www.qphp.com/admin/user/index?id=1
The wrong time: 2022-06-28 02:22:45
Unknown error type: [2] require_once(D:\phpstudy_pro\WWW\www.qphp.com/application/admin/App/Model/Mysql1.model.php): failed to open stream: No such file or directory
Unknown error on line 225 in file D:\phpstudy_pro\WWW\www.qphp.com\QPHP\QPHP.php
Request the address: www.qphp.com/admin/user/index?id=1
The wrong time: 2022-06-28 02:22:45
Unknown error type: [2] require_once(D:\phpstudy_pro\WWW\www.qphp.com/application/admin/App/Model/Mysql1.model.php): failed to open stream: No such file or directory
Unknown error on line 225 in file D:\phpstudy_pro\WWW\www.qphp.com\QPHP\QPHP.php
Request the address: www.qphp.com/admin/user/index?id=1
The wrong time: 2022-06-28 02:22:46
Unknown error type: [2] require_once(D:\phpstudy_pro\WWW\www.qphp.com/application/admin/App/Model/Mysql1.model.php): failed to open stream: No such file or directory
Unknown error on line 225 in file D:\phpstudy_pro\WWW\www.qphp.com\QPHP\QPHP.php
Request the address: www.qphp.com/admin/user/index?id=1
The wrong time: 2022-06-28 02:22:46
Unknown error type: [2] require_once(D:\phpstudy_pro\WWW\www.qphp.com/application/admin/App/Model/Mysql1.model.php): failed to open stream: No such file or directory
Unknown error on line 225 in file D:\phpstudy_pro\WWW\www.qphp.com\QPHP\QPHP.php
Request the address: www.qphp.com/admin/user/index?id=1
The wrong time: 2022-06-28 02:22:46
Unknown error type: [2] require_once(D:\phpstudy_pro\WWW\www.qphp.com/application/admin/App/Model/Mysql1.model.php): failed to open stream: No such file or directory
Unknown error on line 225 in file D:\phpstudy_pro\WWW\www.qphp.com\QPHP\QPHP.php
Request the address: www.qphp.com/admin/user/index?id=1
The wrong time: 2022-06-28 02:22:47
Unknown error type: [2] require_once(D:\phpstudy_pro\WWW\www.qphp.com/application/admin/App/Model/Mysql1.model.php): failed to open stream: No such file or directory
Unknown error on line 225 in file D:\phpstudy_pro\WWW\www.qphp.com\QPHP\QPHP.php
Request the address: www.qphp.com/admin/user/index?id=1
The wrong time: 2022-06-28 02:22:47
Unknown error type: [2] require_once(D:\phpstudy_pro\WWW\www.qphp.com/application/admin/App/Model/Mysql1.model.php): failed to open stream: No such file or directory
Unknown error on line 225 in file D:\phpstudy_pro\WWW\www.qphp.com\QPHP\QPHP.php
Request the address: www.qphp.com/admin/user/index?id=1
The wrong time: 2022-06-28 02:22:48
Unknown error type: [2] require_once(D:\phpstudy_pro\WWW\www.qphp.com/application/admin/App/Model/Mysql1.model.php): failed to open stream: No such file or directory
Unknown error on line 225 in file D:\phpstudy_pro\WWW\www.qphp.com\QPHP\QPHP.php
Request the address: www.qphp.com/admin/user/index?id=1
The wrong time: 2022-06-28 02:22:48
Unknown error type: [2] require_once(D:\phpstudy_pro\WWW\www.qphp.com/application/admin/App/Model/Mysql1.model.php): failed to open stream: No such file or directory
Unknown error on line 225 in file D:\phpstudy_pro\WWW\www.qphp.com\QPHP\QPHP.php
Request the address: www.qphp.com/admin/user/index?id=1
The wrong time: 2022-06-28 02:22:49
Unknown error type: [2] require_once(D:\phpstudy_pro\WWW\www.qphp.com/application/admin/App/Model/Mysql1.model.php): failed to open stream: No such file or directory
Unknown error on line 225 in file D:\phpstudy_pro\WWW\www.qphp.com\QPHP\QPHP.php
Request the address: www.qphp.com/admin/user/index?id=1
The wrong time: 2022-06-28 02:22:49
Unknown error type: [2] require_once(D:\phpstudy_pro\WWW\www.qphp.com/application/admin/App/Model/Mysql1.model.php): failed to open stream: No such file or directory
Unknown error on line 225 in file D:\phpstudy_pro\WWW\www.qphp.com\QPHP\QPHP.php
Request the address: www.qphp.com/admin/user/index?id=1
The wrong time: 2022-06-28 02:22:49
Unknown error type: [2] require_once(D:\phpstudy_pro\WWW\www.qphp.com/application/admin/App/Model/Mysql1.model.php): failed to open stream: No such file or directory
Unknown error on line 225 in file D:\phpstudy_pro\WWW\www.qphp.com\QPHP\QPHP.php
Request the address: www.qphp.com/admin/user/index?id=1
The wrong time: 2022-06-28 02:22:49
Unknown error type: [2] require_once(D:\phpstudy_pro\WWW\www.qphp.com/application/admin/App/Model/Mysql1.model.php): failed to open stream: No such file or directory
Unknown error on line 225 in file D:\phpstudy_pro\WWW\www.qphp.com\QPHP\QPHP.php
Request the address: www.qphp.com/admin/user/index?id=1
The wrong time: 2022-06-28 02:22:50
Unknown error type: [2] require_once(D:\phpstudy_pro\WWW\www.qphp.com/application/admin/App/Model/Mysql1.model.php): failed to open stream: No such file or directory
Unknown error on line 225 in file D:\phpstudy_pro\WWW\www.qphp.com\QPHP\QPHP.php
Request the address: www.qphp.com/admin/user/index?id=1
The wrong time: 2022-06-28 02:22:50
Unknown error type: [2] require_once(D:\phpstudy_pro\WWW\www.qphp.com/application/admin/App/Model/Mysql1.model.php): failed to open stream: No such file or directory
Unknown error on line 225 in file D:\phpstudy_pro\WWW\www.qphp.com\QPHP\QPHP.php
Request the address: www.qphp.com/admin/user/index?id=1
The wrong time: 2022-06-28 02:22:50
Unknown error type: [2] require_once(D:\phpstudy_pro\WWW\www.qphp.com/application/admin/App/Model/Mysql1.model.php): failed to open stream: No such file or directory
Unknown error on line 225 in file D:\phpstudy_pro\WWW\www.qphp.com\QPHP\QPHP.php
Request the address: www.qphp.com/admin/user/index?id=1
The wrong time: 2022-06-28 02:22:50
Unknown error type: [2] require_once(D:\phpstudy_pro\WWW\www.qphp.com/application/admin/App/Model/Mysql1.model.php): failed to open stream: No such file or directory
Unknown error on line 225 in file D:\phpstudy_pro\WWW\www.qphp.com\QPHP\QPHP.php
Request the address: www.qphp.com/admin/user/index?id=1
The wrong time: 2022-06-28 02:22:50
Unknown error type: [2] require_once(D:\phpstudy_pro\WWW\www.qphp.com/application/admin/App/Model/Mysql1.model.php): failed to open stream: No such file or directory
Unknown error on line 225 in file D:\phpstudy_pro\WWW\www.qphp.com\QPHP\QPHP.php
Request the address: www.qphp.com/admin/user/index?id=1
The wrong time: 2022-06-28 02:22:50
Unknown error type: [2] require_once(D:\phpstudy_pro\WWW\www.qphp.com/application/admin/App/Model/Mysql1.model.php): failed to open stream: No such file or directory
Unknown error on line 225 in file D:\phpstudy_pro\WWW\www.qphp.com\QPHP\QPHP.php
Request the address: www.qphp.com/admin/user/index?id=1
The wrong time: 2022-06-28 02:22:51
Unknown error type: [2] require_once(D:\phpstudy_pro\WWW\www.qphp.com/application/admin/App/Model/Mysql1.model.php): failed to open stream: No such file or directory
Unknown error on line 225 in file D:\phpstudy_pro\WWW\www.qphp.com\QPHP\QPHP.php
Request the address: www.qphp.com/admin/user/index?id=1
The wrong time: 2022-06-28 02:22:51
Unknown error type: [2] require_once(D:\phpstudy_pro\WWW\www.qphp.com/application/admin/App/Model/Mysql1.model.php): failed to open stream: No such file or directory
Unknown error on line 225 in file D:\phpstudy_pro\WWW\www.qphp.com\QPHP\QPHP.php
Request the address: www.qphp.com/admin/user/index?id=1
The wrong time: 2022-06-28 02:22:51
Unknown error type: [2] require_once(D:\phpstudy_pro\WWW\www.qphp.com/application/admin/App/Model/Mysql1.model.php): failed to open stream: No such file or directory
Unknown error on line 225 in file D:\phpstudy_pro\WWW\www.qphp.com\QPHP\QPHP.php
Request the address: www.qphp.com/admin/user/index?id=1
The wrong time: 2022-06-28 02:22:51
Unknown error type: [2] require_once(D:\phpstudy_pro\WWW\www.qphp.com/application/admin/App/Model/Mysql1.model.php): failed to open stream: No such file or directory
Unknown error on line 225 in file D:\phpstudy_pro\WWW\www.qphp.com\QPHP\QPHP.php
Request the address: www.qphp.com/admin/user/index?id=1
The wrong time: 2022-06-28 02:22:51
Unknown error type: [2] require_once(D:\phpstudy_pro\WWW\www.qphp.com/application/admin/App/Model/Mysql1.model.php): failed to open stream: No such file or directory
Unknown error on line 225 in file D:\phpstudy_pro\WWW\www.qphp.com\QPHP\QPHP.php
Request the address: www.qphp.com/admin/user/index?id=1
The wrong time: 2022-06-28 02:22:52
Unknown error type: [2] require_once(D:\phpstudy_pro\WWW\www.qphp.com/application/admin/App/Model/Mysql1.model.php): failed to open stream: No such file or directory
Unknown error on line 225 in file D:\phpstudy_pro\WWW\www.qphp.com\QPHP\QPHP.php
Request the address: www.qphp.com/admin/user/index?id=1
The wrong time: 2022-06-28 02:22:52
Unknown error type: [2] require_once(D:\phpstudy_pro\WWW\www.qphp.com/application/admin/App/Model/Mysql1.model.php): failed to open stream: No such file or directory
Unknown error on line 225 in file D:\phpstudy_pro\WWW\www.qphp.com\QPHP\QPHP.php
Request the address: www.qphp.com/admin/user/index?id=1
The wrong time: 2022-06-28 02:22:52
Unknown error type: [2] require_once(D:\phpstudy_pro\WWW\www.qphp.com/application/admin/App/Model/Mysql1.model.php): failed to open stream: No such file or directory
Unknown error on line 225 in file D:\phpstudy_pro\WWW\www.qphp.com\QPHP\QPHP.php
Request the address: www.qphp.com/admin/user/index?id=1
The wrong time: 2022-06-28 02:22:52
Unknown error type: [2] require_once(D:\phpstudy_pro\WWW\www.qphp.com/application/admin/App/Model/Mysql1.model.php): failed to open stream: No such file or directory
Unknown error on line 225 in file D:\phpstudy_pro\WWW\www.qphp.com\QPHP\QPHP.php
Request the address: www.qphp.com/admin/user/index?id=1
The wrong time: 2022-06-28 02:22:52
Unknown error type: [2] require_once(D:\phpstudy_pro\WWW\www.qphp.com/application/admin/App/Model/Mysql1.model.php): failed to open stream: No such file or directory
Unknown error on line 225 in file D:\phpstudy_pro\WWW\www.qphp.com\QPHP\QPHP.php
Request the address: www.qphp.com/admin/user/index?id=1
The wrong time: 2022-06-28 02:22:52
Unknown error type: [2] require_once(D:\phpstudy_pro\WWW\www.qphp.com/application/admin/App/Model/Mysql1.model.php): failed to open stream: No such file or directory
Unknown error on line 225 in file D:\phpstudy_pro\WWW\www.qphp.com\QPHP\QPHP.php
Request the address: www.qphp.com/admin/user/index?id=1
The wrong time: 2022-06-28 02:22:53
Unknown error type: [2] require_once(D:\phpstudy_pro\WWW\www.qphp.com/application/admin/App/Model/Mysql1.model.php): failed to open stream: No such file or directory
Unknown error on line 225 in file D:\phpstudy_pro\WWW\www.qphp.com\QPHP\QPHP.php
Request the address: www.qphp.com/admin/user/index?id=1
The wrong time: 2022-06-28 02:22:53
Unknown error type: [2] require_once(D:\phpstudy_pro\WWW\www.qphp.com/application/admin/App/Model/Mysql1.model.php): failed to open stream: No such file or directory
Unknown error on line 225 in file D:\phpstudy_pro\WWW\www.qphp.com\QPHP\QPHP.php
Request the address: www.qphp.com/admin/user/index?id=1
The wrong time: 2022-06-28 02:22:53
Unknown error type: [2] require_once(D:\phpstudy_pro\WWW\www.qphp.com/application/admin/App/Model/Mysql1.model.php): failed to open stream: No such file or directory
Unknown error on line 225 in file D:\phpstudy_pro\WWW\www.qphp.com\QPHP\QPHP.php
Request the address: www.qphp.com/admin/user/index?id=1
The wrong time: 2022-06-28 02:22:53
Unknown error type: [2] require_once(D:\phpstudy_pro\WWW\www.qphp.com/application/admin/App/Model/Mysql1.model.php): failed to open stream: No such file or directory
Unknown error on line 225 in file D:\phpstudy_pro\WWW\www.qphp.com\QPHP\QPHP.php
Request the address: www.qphp.com/admin/user/index?id=1
The wrong time: 2022-06-28 02:22:53
Unknown error type: [2] require_once(D:\phpstudy_pro\WWW\www.qphp.com/application/admin/App/Model/Mysql1.model.php): failed to open stream: No such file or directory
Unknown error on line 225 in file D:\phpstudy_pro\WWW\www.qphp.com\QPHP\QPHP.php
Request the address: www.qphp.com/admin/user/index?id=1
The wrong time: 2022-06-28 02:22:53
Unknown error type: [2] require_once(D:\phpstudy_pro\WWW\www.qphp.com/application/admin/App/Model/Mysql1.model.php): failed to open stream: No such file or directory
Unknown error on line 225 in file D:\phpstudy_pro\WWW\www.qphp.com\QPHP\QPHP.php
Request the address: www.qphp.com/admin/user/index?id=1
The wrong time: 2022-06-28 02:22:54
Unknown error type: [2] require_once(D:\phpstudy_pro\WWW\www.qphp.com/application/admin/App/Model/Mysql1.model.php): failed to open stream: No such file or directory
Unknown error on line 225 in file D:\phpstudy_pro\WWW\www.qphp.com\QPHP\QPHP.php
Request the address: www.qphp.com/admin/user/index?id=1
The wrong time: 2022-06-28 02:22:54
Unknown error type: [2] require_once(D:\phpstudy_pro\WWW\www.qphp.com/application/admin/App/Model/Mysql1.model.php): failed to open stream: No such file or directory
Unknown error on line 225 in file D:\phpstudy_pro\WWW\www.qphp.com\QPHP\QPHP.php
Request the address: www.qphp.com/admin/user/index?id=1
The wrong time: 2022-06-28 02:22:54
Unknown error type: [2] require_once(D:\phpstudy_pro\WWW\www.qphp.com/application/admin/App/Model/Mysql1.model.php): failed to open stream: No such file or directory
Unknown error on line 225 in file D:\phpstudy_pro\WWW\www.qphp.com\QPHP\QPHP.php
Request the address: www.qphp.com/admin/user/index?id=1
The wrong time: 2022-06-28 02:22:54
Unknown error type: [2] require_once(D:\phpstudy_pro\WWW\www.qphp.com/application/admin/App/Model/Mysql1.model.php): failed to open stream: No such file or directory
Unknown error on line 225 in file D:\phpstudy_pro\WWW\www.qphp.com\QPHP\QPHP.php
Request the address: www.qphp.com/admin/user/index?id=1
The wrong time: 2022-06-28 02:23:26
Unknown error type: [2] require_once(D:\phpstudy_pro\WWW\www.qphp.com/application/admin/App/Model/Mysql1.model.php): failed to open stream: No such file or directory
Unknown error on line 225 in file D:\phpstudy_pro\WWW\www.qphp.com\QPHP\QPHP.php
Request the address: www.qphp.com/admin/user/index?id=1
The wrong time: 2022-06-28 02:23:42
Unknown error type: [2] require_once(D:\phpstudy_pro\WWW\www.qphp.com/application/admin/App/Model/Mysql1.model.php): failed to open stream: No such file or directory
Unknown error on line 225 in file D:\phpstudy_pro\WWW\www.qphp.com\QPHP\QPHP.php
Request the address: www.qphp.com/admin/user/index?id=1
The wrong time: 2022-06-28 02:23:42
Unknown error type: [2] require_once(D:\phpstudy_pro\WWW\www.qphp.com/application/admin/App/Model/Mysql1.model.php): failed to open stream: No such file or directory
Unknown error on line 225 in file D:\phpstudy_pro\WWW\www.qphp.com\QPHP\QPHP.php
Request the address: www.qphp.com/admin/user/index?id=1
The wrong time: 2022-06-28 02:23:42
Unknown error type: [2] require_once(D:\phpstudy_pro\WWW\www.qphp.com/application/admin/App/Model/Mysql1.model.php): failed to open stream: No such file or directory
Unknown error on line 225 in file D:\phpstudy_pro\WWW\www.qphp.com\QPHP\QPHP.php
Request the address: www.qphp.com/admin/user/index?id=1
The wrong time: 2022-06-28 02:23:43
Unknown error type: [2] require_once(D:\phpstudy_pro\WWW\www.qphp.com/application/admin/App/Model/Mysql1.model.php): failed to open stream: No such file or directory
Unknown error on line 225 in file D:\phpstudy_pro\WWW\www.qphp.com\QPHP\QPHP.php
Request the address: www.qphp.com/admin/user/index?id=1
The wrong time: 2022-06-28 02:23:43
Unknown error type: [2] require_once(D:\phpstudy_pro\WWW\www.qphp.com/application/admin/App/Model/Mysql1.model.php): failed to open stream: No such file or directory
Unknown error on line 225 in file D:\phpstudy_pro\WWW\www.qphp.com\QPHP\QPHP.php
Request the address: www.qphp.com/admin/user/index?id=1
The wrong time: 2022-06-28 02:23:43
Unknown error type: [2] require_once(D:\phpstudy_pro\WWW\www.qphp.com/application/admin/App/Model/Mysql1.model.php): failed to open stream: No such file or directory
Unknown error on line 225 in file D:\phpstudy_pro\WWW\www.qphp.com\QPHP\QPHP.php
Request the address: www.qphp.com/admin/user/index?id=1
The wrong time: 2022-06-28 02:23:43
Unknown error type: [2] require_once(D:\phpstudy_pro\WWW\www.qphp.com/application/admin/App/Model/Mysql1.model.php): failed to open stream: No such file or directory
Unknown error on line 225 in file D:\phpstudy_pro\WWW\www.qphp.com\QPHP\QPHP.php
Request the address: www.qphp.com/admin/user/index?id=1
The wrong time: 2022-06-28 02:23:43
Unknown error type: [2] require_once(D:\phpstudy_pro\WWW\www.qphp.com/application/admin/App/Model/Mysql1.model.php): failed to open stream: No such file or directory
Unknown error on line 225 in file D:\phpstudy_pro\WWW\www.qphp.com\QPHP\QPHP.php
Request the address: www.qphp.com/admin/user/index?id=1
The wrong time: 2022-06-28 02:23:43
Unknown error type: [2] require_once(D:\phpstudy_pro\WWW\www.qphp.com/application/admin/App/Model/Mysql1.model.php): failed to open stream: No such file or directory
Unknown error on line 225 in file D:\phpstudy_pro\WWW\www.qphp.com\QPHP\QPHP.php
Request the address: www.qphp.com/admin/user/index?id=1
The wrong time: 2022-06-28 02:23:44
Unknown error type: [2] require_once(D:\phpstudy_pro\WWW\www.qphp.com/application/admin/App/Model/Mysql1.model.php): failed to open stream: No such file or directory
Unknown error on line 225 in file D:\phpstudy_pro\WWW\www.qphp.com\QPHP\QPHP.php
Request the address: www.qphp.com/admin/user/index?id=1
The wrong time: 2022-06-28 02:23:44
Unknown error type: [2] require_once(D:\phpstudy_pro\WWW\www.qphp.com/application/admin/App/Model/Mysql1.model.php): failed to open stream: No such file or directory
Unknown error on line 225 in file D:\phpstudy_pro\WWW\www.qphp.com\QPHP\QPHP.php
Request the address: www.qphp.com/admin/user/index?id=1
The wrong time: 2022-06-28 02:23:44
Unknown error type: [2] require_once(D:\phpstudy_pro\WWW\www.qphp.com/application/admin/App/Model/Mysql1.model.php): failed to open stream: No such file or directory
Unknown error on line 225 in file D:\phpstudy_pro\WWW\www.qphp.com\QPHP\QPHP.php
Request the address: www.qphp.com/admin/user/index?id=1
The wrong time: 2022-06-28 02:23:44
Unknown error type: [2] require_once(D:\phpstudy_pro\WWW\www.qphp.com/application/admin/App/Model/Mysql1.model.php): failed to open stream: No such file or directory
Unknown error on line 225 in file D:\phpstudy_pro\WWW\www.qphp.com\QPHP\QPHP.php
Request the address: www.qphp.com/admin/user/index?id=1
The wrong time: 2022-06-28 02:23:56
Unknown error type: [2] require_once(D:\phpstudy_pro\WWW\www.qphp.com/application/admin/App/Model/Mysql1.model.php): failed to open stream: No such file or directory
Unknown error on line 225 in file D:\phpstudy_pro\WWW\www.qphp.com\QPHP\QPHP.php
Request the address: www.qphp.com/admin/user/index?id=1
The wrong time: 2022-06-28 02:23:57
Unknown error type: [2] require_once(D:\phpstudy_pro\WWW\www.qphp.com/application/admin/App/Model/Mysql1.model.php): failed to open stream: No such file or directory
Unknown error on line 225 in file D:\phpstudy_pro\WWW\www.qphp.com\QPHP\QPHP.php
Request the address: www.qphp.com/admin/user/index?id=1
The wrong time: 2022-06-28 02:23:57
Unknown error type: [2] require_once(D:\phpstudy_pro\WWW\www.qphp.com/application/admin/App/Model/Mysql1.model.php): failed to open stream: No such file or directory
Unknown error on line 225 in file D:\phpstudy_pro\WWW\www.qphp.com\QPHP\QPHP.php
Request the address: www.qphp.com/admin/user/index?id=1
The wrong time: 2022-06-28 02:23:57
Unknown error type: [2] require_once(D:\phpstudy_pro\WWW\www.qphp.com/application/admin/App/Model/Mysql1.model.php): failed to open stream: No such file or directory
Unknown error on line 225 in file D:\phpstudy_pro\WWW\www.qphp.com\QPHP\QPHP.php
Request the address: www.qphp.com/admin/user/index?id=1
The wrong time: 2022-06-28 02:23:57
Unknown error type: [2] require_once(D:\phpstudy_pro\WWW\www.qphp.com/application/admin/App/Model/Mysql1.model.php): failed to open stream: No such file or directory
Unknown error on line 225 in file D:\phpstudy_pro\WWW\www.qphp.com\QPHP\QPHP.php
Request the address: www.qphp.com/admin/user/index?id=1
The wrong time: 2022-06-28 02:23:57
Unknown error type: [2] require_once(D:\phpstudy_pro\WWW\www.qphp.com/application/admin/App/Model/Mysql1.model.php): failed to open stream: No such file or directory
Unknown error on line 225 in file D:\phpstudy_pro\WWW\www.qphp.com\QPHP\QPHP.php
Request the address: www.qphp.com/admin/user/index?id=1
The wrong time: 2022-06-28 02:23:58
Unknown error type: [2] require_once(D:\phpstudy_pro\WWW\www.qphp.com/application/admin/App/Model/Mysql1.model.php): failed to open stream: No such file or directory
Unknown error on line 225 in file D:\phpstudy_pro\WWW\www.qphp.com\QPHP\QPHP.php
Request the address: www.qphp.com/admin/user/index?id=1
The wrong time: 2022-06-28 02:23:58
Unknown error type: [2] require_once(D:\phpstudy_pro\WWW\www.qphp.com/application/admin/App/Model/Mysql1.model.php): failed to open stream: No such file or directory
Unknown error on line 225 in file D:\phpstudy_pro\WWW\www.qphp.com\QPHP\QPHP.php
Request the address: www.qphp.com/admin/user/index?id=1
The wrong time: 2022-06-28 02:23:58
Unknown error type: [2] require_once(D:\phpstudy_pro\WWW\www.qphp.com/application/admin/App/Model/Mysql1.model.php): failed to open stream: No such file or directory
Unknown error on line 225 in file D:\phpstudy_pro\WWW\www.qphp.com\QPHP\QPHP.php
Request the address: www.qphp.com/admin/user/index?id=1
The wrong time: 2022-06-28 02:23:58
Unknown error type: [2] require_once(D:\phpstudy_pro\WWW\www.qphp.com/application/admin/App/Model/Mysql1.model.php): failed to open stream: No such file or directory
Unknown error on line 225 in file D:\phpstudy_pro\WWW\www.qphp.com\QPHP\QPHP.php
Request the address: www.qphp.com/admin/user/index?id=1
The wrong time: 2022-06-28 02:23:58
Unknown error type: [2] require_once(D:\phpstudy_pro\WWW\www.qphp.com/application/admin/App/Model/Mysql1.model.php): failed to open stream: No such file or directory
Unknown error on line 225 in file D:\phpstudy_pro\WWW\www.qphp.com\QPHP\QPHP.php
Request the address: www.qphp.com/admin/user/index?id=1
The wrong time: 2022-06-28 02:23:58
Unknown error type: [2] require_once(D:\phpstudy_pro\WWW\www.qphp.com/application/admin/App/Model/Mysql1.model.php): failed to open stream: No such file or directory
Unknown error on line 225 in file D:\phpstudy_pro\WWW\www.qphp.com\QPHP\QPHP.php
Request the address: www.qphp.com/admin/user/index?id=1
The wrong time: 2022-06-28 02:23:58
Unknown error type: [2] require_once(D:\phpstudy_pro\WWW\www.qphp.com/application/admin/App/Model/Mysql1.model.php): failed to open stream: No such file or directory
Unknown error on line 225 in file D:\phpstudy_pro\WWW\www.qphp.com\QPHP\QPHP.php
Request the address: www.qphp.com/admin/user/index?id=1
The wrong time: 2022-06-28 02:23:59
Unknown error type: [2] require_once(D:\phpstudy_pro\WWW\www.qphp.com/application/admin/App/Model/Mysql1.model.php): failed to open stream: No such file or directory
Unknown error on line 225 in file D:\phpstudy_pro\WWW\www.qphp.com\QPHP\QPHP.php
Request the address: www.qphp.com/admin/user/index?id=1
The wrong time: 2022-06-28 02:23:59
Unknown error type: [2] require_once(D:\phpstudy_pro\WWW\www.qphp.com/application/admin/App/Model/Mysql1.model.php): failed to open stream: No such file or directory
Unknown error on line 225 in file D:\phpstudy_pro\WWW\www.qphp.com\QPHP\QPHP.php
Request the address: www.qphp.com/admin/user/index?id=1
The wrong time: 2022-06-28 02:23:59
Unknown error type: [2] require_once(D:\phpstudy_pro\WWW\www.qphp.com/application/admin/App/Model/Mysql1.model.php): failed to open stream: No such file or directory
Unknown error on line 225 in file D:\phpstudy_pro\WWW\www.qphp.com\QPHP\QPHP.php
Request the address: www.qphp.com/admin/user/index?id=1
The wrong time: 2022-06-28 02:23:59
Unknown error type: [2] require_once(D:\phpstudy_pro\WWW\www.qphp.com/application/admin/App/Model/Mysql1.model.php): failed to open stream: No such file or directory
Unknown error on line 225 in file D:\phpstudy_pro\WWW\www.qphp.com\QPHP\QPHP.php
Request the address: www.qphp.com/admin/user/index?id=1
The wrong time: 2022-06-28 02:23:59
Unknown error type: [2] require_once(D:\phpstudy_pro\WWW\www.qphp.com/application/admin/App/Model/Mysql1.model.php): failed to open stream: No such file or directory
Unknown error on line 225 in file D:\phpstudy_pro\WWW\www.qphp.com\QPHP\QPHP.php
Request the address: www.qphp.com/admin/user/index?id=1
The wrong time: 2022-06-28 02:23:59
Unknown error type: [2] require_once(D:\phpstudy_pro\WWW\www.qphp.com/application/admin/App/Model/Mysql1.model.php): failed to open stream: No such file or directory
Unknown error on line 225 in file D:\phpstudy_pro\WWW\www.qphp.com\QPHP\QPHP.php
Request the address: www.qphp.com/admin/user/index?id=1
The wrong time: 2022-06-28 02:24:00
Unknown error type: [2] require_once(D:\phpstudy_pro\WWW\www.qphp.com/application/admin/App/Model/Mysql1.model.php): failed to open stream: No such file or directory
Unknown error on line 225 in file D:\phpstudy_pro\WWW\www.qphp.com\QPHP\QPHP.php
Request the address: www.qphp.com/admin/user/index?id=1
The wrong time: 2022-06-28 02:24:00
Unknown error type: [2] require_once(D:\phpstudy_pro\WWW\www.qphp.com/application/admin/App/Model/Mysql1.model.php): failed to open stream: No such file or directory
Unknown error on line 225 in file D:\phpstudy_pro\WWW\www.qphp.com\QPHP\QPHP.php
Request the address: www.qphp.com/admin/user/index?id=1
The wrong time: 2022-06-28 02:24:00
Unknown error type: [2] require_once(D:\phpstudy_pro\WWW\www.qphp.com/application/admin/App/Model/Mysql1.model.php): failed to open stream: No such file or directory
Unknown error on line 225 in file D:\phpstudy_pro\WWW\www.qphp.com\QPHP\QPHP.php
Request the address: www.qphp.com/admin/user/index?id=1
The wrong time: 2022-06-28 02:24:00
Unknown error type: [2] require_once(D:\phpstudy_pro\WWW\www.qphp.com/application/admin/App/Model/Mysql1.model.php): failed to open stream: No such file or directory
Unknown error on line 225 in file D:\phpstudy_pro\WWW\www.qphp.com\QPHP\QPHP.php
Request the address: www.qphp.com/admin/user/index?id=1
The wrong time: 2022-06-28 02:24:00
Unknown error type: [2] require_once(D:\phpstudy_pro\WWW\www.qphp.com/application/admin/App/Model/Mysql1.model.php): failed to open stream: No such file or directory
Unknown error on line 225 in file D:\phpstudy_pro\WWW\www.qphp.com\QPHP\QPHP.php
Request the address: www.qphp.com/admin/user/index?id=1
The wrong time: 2022-06-28 02:24:00
Unknown error type: [2] require_once(D:\phpstudy_pro\WWW\www.qphp.com/application/admin/App/Model/Mysql1.model.php): failed to open stream: No such file or directory
Unknown error on line 225 in file D:\phpstudy_pro\WWW\www.qphp.com\QPHP\QPHP.php
Request the address: www.qphp.com/admin/user/index?id=1
The wrong time: 2022-06-28 02:24:01
Unknown error type: [2] require_once(D:\phpstudy_pro\WWW\www.qphp.com/application/admin/App/Model/Mysql1.model.php): failed to open stream: No such file or directory
Unknown error on line 225 in file D:\phpstudy_pro\WWW\www.qphp.com\QPHP\QPHP.php
Request the address: www.qphp.com/admin/user/index?id=1
The wrong time: 2022-06-28 02:24:01
Unknown error type: [2] require_once(D:\phpstudy_pro\WWW\www.qphp.com/application/admin/App/Model/Mysql1.model.php): failed to open stream: No such file or directory
Unknown error on line 225 in file D:\phpstudy_pro\WWW\www.qphp.com\QPHP\QPHP.php
Request the address: www.qphp.com/admin/user/index?id=1
The wrong time: 2022-06-28 02:24:01
Unknown error type: [2] require_once(D:\phpstudy_pro\WWW\www.qphp.com/application/admin/App/Model/Mysql1.model.php): failed to open stream: No such file or directory
Unknown error on line 225 in file D:\phpstudy_pro\WWW\www.qphp.com\QPHP\QPHP.php
Request the address: www.qphp.com/admin/user/index?id=1
The wrong time: 2022-06-28 02:24:02
Unknown error type: [2] require_once(D:\phpstudy_pro\WWW\www.qphp.com/application/admin/App/Model/Mysql1.model.php): failed to open stream: No such file or directory
Unknown error on line 225 in file D:\phpstudy_pro\WWW\www.qphp.com\QPHP\QPHP.php
Request the address: www.qphp.com/admin/user/index?id=1
The wrong time: 2022-06-28 02:24:02
Unknown error type: [2] require_once(D:\phpstudy_pro\WWW\www.qphp.com/application/admin/App/Model/Mysql1.model.php): failed to open stream: No such file or directory
Unknown error on line 225 in file D:\phpstudy_pro\WWW\www.qphp.com\QPHP\QPHP.php
Request the address: www.qphp.com/admin/user/index?id=1
The wrong time: 2022-06-28 02:24:02
Unknown error type: [2] require_once(D:\phpstudy_pro\WWW\www.qphp.com/application/admin/App/Model/Mysql1.model.php): failed to open stream: No such file or directory
Unknown error on line 225 in file D:\phpstudy_pro\WWW\www.qphp.com\QPHP\QPHP.php
Request the address: www.qphp.com/admin/user/index?id=1
The wrong time: 2022-06-28 02:24:02
Unknown error type: [2] require_once(D:\phpstudy_pro\WWW\www.qphp.com/application/admin/App/Model/Mysql1.model.php): failed to open stream: No such file or directory
Unknown error on line 225 in file D:\phpstudy_pro\WWW\www.qphp.com\QPHP\QPHP.php
Request the address: www.qphp.com/admin/user/index?id=1
The wrong time: 2022-06-28 02:24:02
Unknown error type: [2] require_once(D:\phpstudy_pro\WWW\www.qphp.com/application/admin/App/Model/Mysql1.model.php): failed to open stream: No such file or directory
Unknown error on line 225 in file D:\phpstudy_pro\WWW\www.qphp.com\QPHP\QPHP.php
Request the address: www.qphp.com/admin/user/index?id=1
The wrong time: 2022-06-28 02:24:02
Unknown error type: [2] require_once(D:\phpstudy_pro\WWW\www.qphp.com/application/admin/App/Model/Mysql1.model.php): failed to open stream: No such file or directory
Unknown error on line 225 in file D:\phpstudy_pro\WWW\www.qphp.com\QPHP\QPHP.php
Request the address: www.qphp.com/admin/user/index?id=1
The wrong time: 2022-06-28 02:24:03
Unknown error type: [2] require_once(D:\phpstudy_pro\WWW\www.qphp.com/application/admin/App/Model/Mysql1.model.php): failed to open stream: No such file or directory
Unknown error on line 225 in file D:\phpstudy_pro\WWW\www.qphp.com\QPHP\QPHP.php
Request the address: www.qphp.com/admin/user/index?id=1
The wrong time: 2022-06-28 02:24:03
Unknown error type: [2] require_once(D:\phpstudy_pro\WWW\www.qphp.com/application/admin/App/Model/Mysql1.model.php): failed to open stream: No such file or directory
Unknown error on line 225 in file D:\phpstudy_pro\WWW\www.qphp.com\QPHP\QPHP.php
Request the address: www.qphp.com/admin/user/index?id=1
The wrong time: 2022-06-28 02:24:03
Unknown error type: [2] require_once(D:\phpstudy_pro\WWW\www.qphp.com/application/admin/App/Model/Mysql1.model.php): failed to open stream: No such file or directory
Unknown error on line 225 in file D:\phpstudy_pro\WWW\www.qphp.com\QPHP\QPHP.php
Request the address: www.qphp.com/admin/user/index?id=1
The wrong time: 2022-06-28 02:24:03
Unknown error type: [2] require_once(D:\phpstudy_pro\WWW\www.qphp.com/application/admin/App/Model/Mysql1.model.php): failed to open stream: No such file or directory
Unknown error on line 225 in file D:\phpstudy_pro\WWW\www.qphp.com\QPHP\QPHP.php
Request the address: www.qphp.com/admin/user/index?id=1
The wrong time: 2022-06-28 02:24:03
Unknown error type: [2] require_once(D:\phpstudy_pro\WWW\www.qphp.com/application/admin/App/Model/Mysql1.model.php): failed to open stream: No such file or directory
Unknown error on line 225 in file D:\phpstudy_pro\WWW\www.qphp.com\QPHP\QPHP.php
Request the address: www.qphp.com/admin/user/index?id=1
The wrong time: 2022-06-28 02:24:04
Unknown error type: [2] require_once(D:\phpstudy_pro\WWW\www.qphp.com/application/admin/App/Model/Mysql1.model.php): failed to open stream: No such file or directory
Unknown error on line 225 in file D:\phpstudy_pro\WWW\www.qphp.com\QPHP\QPHP.php
Request the address: www.qphp.com/admin/user/index?id=1
The wrong time: 2022-06-28 02:24:04
Unknown error type: [2] require_once(D:\phpstudy_pro\WWW\www.qphp.com/application/admin/App/Model/Mysql1.model.php): failed to open stream: No such file or directory
Unknown error on line 225 in file D:\phpstudy_pro\WWW\www.qphp.com\QPHP\QPHP.php
Request the address: www.qphp.com/admin/user/index?id=1
The wrong time: 2022-06-28 02:24:04
Unknown error type: [2] require_once(D:\phpstudy_pro\WWW\www.qphp.com/application/admin/App/Model/Mysql1.model.php): failed to open stream: No such file or directory
Unknown error on line 225 in file D:\phpstudy_pro\WWW\www.qphp.com\QPHP\QPHP.php
Request the address: www.qphp.com/admin/user/index?id=1
The wrong time: 2022-06-28 02:24:04
Unknown error type: [2] require_once(D:\phpstudy_pro\WWW\www.qphp.com/application/admin/App/Model/Mysql1.model.php): failed to open stream: No such file or directory
Unknown error on line 225 in file D:\phpstudy_pro\WWW\www.qphp.com\QPHP\QPHP.php
Request the address: www.qphp.com/admin/user/index?id=1
The wrong time: 2022-06-28 02:24:45
Unknown error type: [2] require_once(D:\phpstudy_pro\WWW\www.qphp.com/application/admin/App/Model/Mysql1.model.php): failed to open stream: No such file or directory
Unknown error on line 225 in file D:\phpstudy_pro\WWW\www.qphp.com\QPHP\QPHP.php
Request the address: www.qphp.com/admin/user/index?id=1
The wrong time: 2022-06-28 02:24:46
Unknown error type: [2] require_once(D:\phpstudy_pro\WWW\www.qphp.com/application/admin/App/Model/Mysql1.model.php): failed to open stream: No such file or directory
Unknown error on line 225 in file D:\phpstudy_pro\WWW\www.qphp.com\QPHP\QPHP.php
Request the address: www.qphp.com/admin/user/index?id=1
The wrong time: 2022-06-28 02:24:46
Unknown error type: [2] require_once(D:\phpstudy_pro\WWW\www.qphp.com/application/admin/App/Model/Mysql1.model.php): failed to open stream: No such file or directory
Unknown error on line 225 in file D:\phpstudy_pro\WWW\www.qphp.com\QPHP\QPHP.php
Request the address: www.qphp.com/admin/user/index?id=1
The wrong time: 2022-06-28 02:24:46
Unknown error type: [2] require_once(D:\phpstudy_pro\WWW\www.qphp.com/application/admin/App/Model/Mysql1.model.php): failed to open stream: No such file or directory
Unknown error on line 225 in file D:\phpstudy_pro\WWW\www.qphp.com\QPHP\QPHP.php
Request the address: www.qphp.com/admin/user/index?id=1
The wrong time: 2022-06-28 02:24:47
Unknown error type: [2] require_once(D:\phpstudy_pro\WWW\www.qphp.com/application/admin/App/Model/Mysql1.model.php): failed to open stream: No such file or directory
Unknown error on line 225 in file D:\phpstudy_pro\WWW\www.qphp.com\QPHP\QPHP.php
Request the address: www.qphp.com/admin/user/index?id=1
The wrong time: 2022-06-28 02:24:47
Unknown error type: [2] require_once(D:\phpstudy_pro\WWW\www.qphp.com/application/admin/App/Model/Mysql1.model.php): failed to open stream: No such file or directory
Unknown error on line 225 in file D:\phpstudy_pro\WWW\www.qphp.com\QPHP\QPHP.php
Request the address: www.qphp.com/admin/user/index?id=1
The wrong time: 2022-06-28 02:24:47
Unknown error type: [2] require_once(D:\phpstudy_pro\WWW\www.qphp.com/application/admin/App/Model/Mysql1.model.php): failed to open stream: No such file or directory
Unknown error on line 225 in file D:\phpstudy_pro\WWW\www.qphp.com\QPHP\QPHP.php
Request the address: www.qphp.com/admin/user/index?id=1
The wrong time: 2022-06-28 02:24:47
Unknown error type: [2] require_once(D:\phpstudy_pro\WWW\www.qphp.com/application/admin/App/Model/Mysql1.model.php): failed to open stream: No such file or directory
Unknown error on line 225 in file D:\phpstudy_pro\WWW\www.qphp.com\QPHP\QPHP.php
Request the address: www.qphp.com/admin/user/index?id=1
The wrong time: 2022-06-28 02:24:47
Unknown error type: [2] require_once(D:\phpstudy_pro\WWW\www.qphp.com/application/admin/App/Model/Mysql1.model.php): failed to open stream: No such file or directory
Unknown error on line 225 in file D:\phpstudy_pro\WWW\www.qphp.com\QPHP\QPHP.php
Request the address: www.qphp.com/admin/user/index?id=1
The wrong time: 2022-06-28 02:24:48
Unknown error type: [2] require_once(D:\phpstudy_pro\WWW\www.qphp.com/application/admin/App/Model/Mysql1.model.php): failed to open stream: No such file or directory
Unknown error on line 225 in file D:\phpstudy_pro\WWW\www.qphp.com\QPHP\QPHP.php
Request the address: www.qphp.com/admin/user/index?id=1
The wrong time: 2022-06-28 02:24:48
Unknown error type: [2] require_once(D:\phpstudy_pro\WWW\www.qphp.com/application/admin/App/Model/Mysql1.model.php): failed to open stream: No such file or directory
Unknown error on line 225 in file D:\phpstudy_pro\WWW\www.qphp.com\QPHP\QPHP.php
Request the address: www.qphp.com/admin/user/index?id=1
The wrong time: 2022-06-28 02:24:49
Unknown error type: [2] require_once(D:\phpstudy_pro\WWW\www.qphp.com/application/admin/App/Model/Mysql1.model.php): failed to open stream: No such file or directory
Unknown error on line 225 in file D:\phpstudy_pro\WWW\www.qphp.com\QPHP\QPHP.php
Request the address: www.qphp.com/admin/user/index?id=1
The wrong time: 2022-06-28 02:24:49
Unknown error type: [2] require_once(D:\phpstudy_pro\WWW\www.qphp.com/application/admin/App/Model/Mysql1.model.php): failed to open stream: No such file or directory
Unknown error on line 225 in file D:\phpstudy_pro\WWW\www.qphp.com\QPHP\QPHP.php
Request the address: www.qphp.com/admin/user/index?id=1
The wrong time: 2022-06-28 02:24:49
Unknown error type: [2] require_once(D:\phpstudy_pro\WWW\www.qphp.com/application/admin/App/Model/Mysql1.model.php): failed to open stream: No such file or directory
Unknown error on line 225 in file D:\phpstudy_pro\WWW\www.qphp.com\QPHP\QPHP.php
Request the address: www.qphp.com/admin/user/index?id=1
The wrong time: 2022-06-28 02:24:50
Unknown error type: [2] require_once(D:\phpstudy_pro\WWW\www.qphp.com/application/admin/App/Model/Mysql1.model.php): failed to open stream: No such file or directory
Unknown error on line 225 in file D:\phpstudy_pro\WWW\www.qphp.com\QPHP\QPHP.php
Request the address: www.qphp.com/admin/user/index?id=1
The wrong time: 2022-06-28 02:24:50
Unknown error type: [2] require_once(D:\phpstudy_pro\WWW\www.qphp.com/application/admin/App/Model/Mysql1.model.php): failed to open stream: No such file or directory
Unknown error on line 225 in file D:\phpstudy_pro\WWW\www.qphp.com\QPHP\QPHP.php
Request the address: www.qphp.com/admin/user/index?id=1
The wrong time: 2022-06-28 02:24:51
Unknown error type: [2] require_once(D:\phpstudy_pro\WWW\www.qphp.com/application/admin/App/Model/Mysql1.model.php): failed to open stream: No such file or directory
Unknown error on line 225 in file D:\phpstudy_pro\WWW\www.qphp.com\QPHP\QPHP.php
Request the address: www.qphp.com/admin/user/index?id=1
The wrong time: 2022-06-28 02:24:51
Unknown error type: [2] require_once(D:\phpstudy_pro\WWW\www.qphp.com/application/admin/App/Model/Mysql1.model.php): failed to open stream: No such file or directory
Unknown error on line 225 in file D:\phpstudy_pro\WWW\www.qphp.com\QPHP\QPHP.php
Request the address: www.qphp.com/admin/user/index?id=1
The wrong time: 2022-06-28 02:25:09
Unknown error type: [2] require_once(D:\phpstudy_pro\WWW\www.qphp.com/application/admin/App/Model/Mysql1.model.php): failed to open stream: No such file or directory
Unknown error on line 225 in file D:\phpstudy_pro\WWW\www.qphp.com\QPHP\QPHP.php
Request the address: www.qphp.com/admin/user/index?id=1
The wrong time: 2022-06-28 02:25:09
Unknown error type: [2] require_once(D:\phpstudy_pro\WWW\www.qphp.com/application/admin/App/Model/Mysql1.model.php): failed to open stream: No such file or directory
Unknown error on line 225 in file D:\phpstudy_pro\WWW\www.qphp.com\QPHP\QPHP.php
Request the address: www.qphp.com/admin/user/index?id=1
The wrong time: 2022-06-28 02:25:10
Unknown error type: [2] require_once(D:\phpstudy_pro\WWW\www.qphp.com/application/admin/App/Model/Mysql1.model.php): failed to open stream: No such file or directory
Unknown error on line 225 in file D:\phpstudy_pro\WWW\www.qphp.com\QPHP\QPHP.php
Request the address: www.qphp.com/admin/user/index?id=1
The wrong time: 2022-06-28 02:25:22
Unknown error type: [2] require_once(D:\phpstudy_pro\WWW\www.qphp.com/application/admin/App/Model/Mysql1.model.php): failed to open stream: No such file or directory
Unknown error on line 225 in file D:\phpstudy_pro\WWW\www.qphp.com\QPHP\QPHP.php
Request the address: www.qphp.com/admin/user/index?id=1
The wrong time: 2022-06-28 02:25:22
Unknown error type: [2] require_once(D:\phpstudy_pro\WWW\www.qphp.com/application/admin/App/Model/Mysql1.model.php): failed to open stream: No such file or directory
Unknown error on line 225 in file D:\phpstudy_pro\WWW\www.qphp.com\QPHP\QPHP.php
Request the address: www.qphp.com/admin/user/index?id=1
The wrong time: 2022-06-28 02:25:22
Unknown error type: [2] require_once(D:\phpstudy_pro\WWW\www.qphp.com/application/admin/App/Model/Mysql1.model.php): failed to open stream: No such file or directory
Unknown error on line 225 in file D:\phpstudy_pro\WWW\www.qphp.com\QPHP\QPHP.php
Request the address: www.qphp.com/admin/user/index?id=1
The wrong time: 2022-06-28 02:25:23
Unknown error type: [2] require_once(D:\phpstudy_pro\WWW\www.qphp.com/application/admin/App/Model/Mysql1.model.php): failed to open stream: No such file or directory
Unknown error on line 225 in file D:\phpstudy_pro\WWW\www.qphp.com\QPHP\QPHP.php
Request the address: www.qphp.com/admin/user/index?id=1
The wrong time: 2022-06-28 02:25:23
Unknown error type: [2] require_once(D:\phpstudy_pro\WWW\www.qphp.com/application/admin/App/Model/Mysql1.model.php): failed to open stream: No such file or directory
Unknown error on line 225 in file D:\phpstudy_pro\WWW\www.qphp.com\QPHP\QPHP.php
Request the address: www.qphp.com/admin/user/index?id=1
The wrong time: 2022-06-28 02:25:24
Unknown error type: [2] require_once(D:\phpstudy_pro\WWW\www.qphp.com/application/admin/App/Model/Mysql1.model.php): failed to open stream: No such file or directory
Unknown error on line 225 in file D:\phpstudy_pro\WWW\www.qphp.com\QPHP\QPHP.php
Request the address: www.qphp.com/admin/user/index?id=1
The wrong time: 2022-06-28 02:25:24
Unknown error type: [2] require_once(D:\phpstudy_pro\WWW\www.qphp.com/application/admin/App/Model/Mysql1.model.php): failed to open stream: No such file or directory
Unknown error on line 225 in file D:\phpstudy_pro\WWW\www.qphp.com\QPHP\QPHP.php
Request the address: www.qphp.com/admin/user/index?id=1
The wrong time: 2022-06-28 02:25:24
Unknown error type: [2] require_once(D:\phpstudy_pro\WWW\www.qphp.com/application/admin/App/Model/Mysql1.model.php): failed to open stream: No such file or directory
Unknown error on line 225 in file D:\phpstudy_pro\WWW\www.qphp.com\QPHP\QPHP.php
Request the address: www.qphp.com/admin/user/index?id=1
The wrong time: 2022-06-28 02:25:24
Unknown error type: [2] require_once(D:\phpstudy_pro\WWW\www.qphp.com/application/admin/App/Model/Mysql1.model.php): failed to open stream: No such file or directory
Unknown error on line 225 in file D:\phpstudy_pro\WWW\www.qphp.com\QPHP\QPHP.php
Request the address: www.qphp.com/admin/user/index?id=1
The wrong time: 2022-06-28 02:25:24
Unknown error type: [2] require_once(D:\phpstudy_pro\WWW\www.qphp.com/application/admin/App/Model/Mysql1.model.php): failed to open stream: No such file or directory
Unknown error on line 225 in file D:\phpstudy_pro\WWW\www.qphp.com\QPHP\QPHP.php
Request the address: www.qphp.com/admin/user/index?id=1
The wrong time: 2022-06-28 02:25:25
Unknown error type: [2] require_once(D:\phpstudy_pro\WWW\www.qphp.com/application/admin/App/Model/Mysql1.model.php): failed to open stream: No such file or directory
Unknown error on line 225 in file D:\phpstudy_pro\WWW\www.qphp.com\QPHP\QPHP.php
Request the address: www.qphp.com/admin/user/index?id=1
The wrong time: 2022-06-28 02:25:25
Unknown error type: [2] require_once(D:\phpstudy_pro\WWW\www.qphp.com/application/admin/App/Model/Mysql1.model.php): failed to open stream: No such file or directory
Unknown error on line 225 in file D:\phpstudy_pro\WWW\www.qphp.com\QPHP\QPHP.php
Request the address: www.qphp.com/admin/user/index?id=1
The wrong time: 2022-06-28 02:25:25
Unknown error type: [2] require_once(D:\phpstudy_pro\WWW\www.qphp.com/application/admin/App/Model/Mysql1.model.php): failed to open stream: No such file or directory
Unknown error on line 225 in file D:\phpstudy_pro\WWW\www.qphp.com\QPHP\QPHP.php
Request the address: www.qphp.com/admin/user/index?id=1
The wrong time: 2022-06-28 02:25:26
Unknown error type: [2] require_once(D:\phpstudy_pro\WWW\www.qphp.com/application/admin/App/Model/Mysql1.model.php): failed to open stream: No such file or directory
Unknown error on line 225 in file D:\phpstudy_pro\WWW\www.qphp.com\QPHP\QPHP.php
Request the address: www.qphp.com/admin/user/index?id=1
The wrong time: 2022-06-28 02:25:27
Unknown error type: [2] require_once(D:\phpstudy_pro\WWW\www.qphp.com/application/admin/App/Model/Mysql1.model.php): failed to open stream: No such file or directory
Unknown error on line 225 in file D:\phpstudy_pro\WWW\www.qphp.com\QPHP\QPHP.php
Request the address: www.qphp.com/admin/user/index?id=1
The wrong time: 2022-06-28 02:25:27
Unknown error type: [2] require_once(D:\phpstudy_pro\WWW\www.qphp.com/application/admin/App/Model/Mysql1.model.php): failed to open stream: No such file or directory
Unknown error on line 225 in file D:\phpstudy_pro\WWW\www.qphp.com\QPHP\QPHP.php
Request the address: www.qphp.com/admin/user/index?id=1
The wrong time: 2022-06-28 02:25:27
Unknown error type: [2] require_once(D:\phpstudy_pro\WWW\www.qphp.com/application/admin/App/Model/Mysql1.model.php): failed to open stream: No such file or directory
Unknown error on line 225 in file D:\phpstudy_pro\WWW\www.qphp.com\QPHP\QPHP.php
Request the address: www.qphp.com/admin/user/index?id=1
The wrong time: 2022-06-28 02:25:28
Unknown error type: [2] require_once(D:\phpstudy_pro\WWW\www.qphp.com/application/admin/App/Model/Mysql1.model.php): failed to open stream: No such file or directory
Unknown error on line 225 in file D:\phpstudy_pro\WWW\www.qphp.com\QPHP\QPHP.php
Request the address: www.qphp.com/admin/user/index?id=1
The wrong time: 2022-06-28 02:25:28
Unknown error type: [2] require_once(D:\phpstudy_pro\WWW\www.qphp.com/application/admin/App/Model/Mysql1.model.php): failed to open stream: No such file or directory
Unknown error on line 225 in file D:\phpstudy_pro\WWW\www.qphp.com\QPHP\QPHP.php
Request the address: www.qphp.com/admin/user/index?id=1
The wrong time: 2022-06-28 02:25:28
Unknown error type: [2] require_once(D:\phpstudy_pro\WWW\www.qphp.com/application/admin/App/Model/Mysql1.model.php): failed to open stream: No such file or directory
Unknown error on line 225 in file D:\phpstudy_pro\WWW\www.qphp.com\QPHP\QPHP.php
Request the address: www.qphp.com/admin/user/index?id=1
The wrong time: 2022-06-28 02:25:29
Unknown error type: [2] require_once(D:\phpstudy_pro\WWW\www.qphp.com/application/admin/App/Model/Mysql1.model.php): failed to open stream: No such file or directory
Unknown error on line 225 in file D:\phpstudy_pro\WWW\www.qphp.com\QPHP\QPHP.php
Request the address: www.qphp.com/admin/user/index?id=1
The wrong time: 2022-06-28 02:25:29
