Unknown error type: [2] require_once(D:\phpstudy_pro\WWW\www.qphp.com/application/favicon.ico/App/Util/include/global.php): failed to open stream: No such file or directory
Unknown error on line 61 in file D:\phpstudy_pro\WWW\www.qphp.com\QPHP\QPHP.php
Request the address: www.qphp.com/favicon.ico
The wrong time: 2022-07-07 19:33:54
Unknown error type: [2] require_once(D:\phpstudy_pro\WWW\www.qphp.com/application/favicon.ico/App/Util/include/global.php): failed to open stream: No such file or directory
Unknown error on line 61 in file D:\phpstudy_pro\WWW\www.qphp.com\QPHP\QPHP.php
Request the address: www.qphp.com/favicon.ico
The wrong time: 2022-07-07 19:33:58
Unknown error type: [2] require_once(D:\phpstudy_pro\WWW\www.qphp.com/application/favicon.ico/App/Util/include/global.php): failed to open stream: No such file or directory
Unknown error on line 61 in file D:\phpstudy_pro\WWW\www.qphp.com\QPHP\QPHP.php
Request the address: www.qphp.com/favicon.ico
The wrong time: 2022-07-07 19:33:59
Unknown error type: [2] require_once(D:\phpstudy_pro\WWW\www.qphp.com/application/favicon.ico/App/Util/include/global.php): failed to open stream: No such file or directory
Unknown error on line 61 in file D:\phpstudy_pro\WWW\www.qphp.com\QPHP\QPHP.php
Request the address: www.qphp.com/favicon.ico
The wrong time: 2022-07-07 19:34:00
Unknown error type: [2] require_once(D:\phpstudy_pro\WWW\www.qphp.com/application/favicon.ico/App/Util/include/global.php): failed to open stream: No such file or directory
Unknown error on line 61 in file D:\phpstudy_pro\WWW\www.qphp.com\QPHP\QPHP.php
Request the address: www.qphp.com/favicon.ico
The wrong time: 2022-07-07 19:35:49
Unknown error type: [2] require_once(D:\phpstudy_pro\WWW\www.qphp.com/application/favicon.ico/App/Util/include/global.php): failed to open stream: No such file or directory
Unknown error on line 61 in file D:\phpstudy_pro\WWW\www.qphp.com\QPHP\QPHP.php
Request the address: www.qphp.com/favicon.ico
The wrong time: 2022-07-07 19:35:52
Unknown error type: [2] require_once(D:\phpstudy_pro\WWW\www.qphp.com/application/favicon.ico/App/Util/include/global.php): failed to open stream: No such file or directory
Unknown error on line 61 in file D:\phpstudy_pro\WWW\www.qphp.com\QPHP\QPHP.php
Request the address: www.qphp.com/favicon.ico
The wrong time: 2022-07-07 19:35:52
Unknown error type: [2] require_once(D:\phpstudy_pro\WWW\www.qphp.com/application/favicon.ico/App/Util/include/global.php): failed to open stream: No such file or directory
Unknown error on line 61 in file D:\phpstudy_pro\WWW\www.qphp.com\QPHP\QPHP.php
Request the address: www.qphp.com/favicon.ico
The wrong time: 2022-07-07 19:35:53
Unknown error type: [2] require_once(D:\phpstudy_pro\WWW\www.qphp.com/application/favicon.ico/App/Util/include/global.php): failed to open stream: No such file or directory
Unknown error on line 61 in file D:\phpstudy_pro\WWW\www.qphp.com\QPHP\QPHP.php
Request the address: www.qphp.com/favicon.ico
The wrong time: 2022-07-07 19:35:53
Unknown error type: [2] require_once(D:\phpstudy_pro\WWW\www.qphp.com/application/favicon.ico/App/Util/include/global.php): failed to open stream: No such file or directory
Unknown error on line 61 in file D:\phpstudy_pro\WWW\www.qphp.com\QPHP\QPHP.php
Request the address: www.qphp.com/favicon.ico
The wrong time: 2022-07-07 19:35:53
Unknown error type: [2] require_once(D:\phpstudy_pro\WWW\www.qphp.com/application/favicon.ico/App/Util/include/global.php): failed to open stream: No such file or directory
Unknown error on line 61 in file D:\phpstudy_pro\WWW\www.qphp.com\QPHP\QPHP.php
Request the address: www.qphp.com/favicon.ico
The wrong time: 2022-07-07 19:35:53
Unknown error type: [2] require_once(D:\phpstudy_pro\WWW\www.qphp.com/application/favicon.ico/App/Util/include/global.php): failed to open stream: No such file or directory
Unknown error on line 61 in file D:\phpstudy_pro\WWW\www.qphp.com\QPHP\QPHP.php
Request the address: www.qphp.com/favicon.ico
The wrong time: 2022-07-07 19:35:54
Unknown error type: [2] require_once(D:\phpstudy_pro\WWW\www.qphp.com/application/favicon.ico/App/Util/include/global.php): failed to open stream: No such file or directory
Unknown error on line 61 in file D:\phpstudy_pro\WWW\www.qphp.com\QPHP\QPHP.php
Request the address: www.qphp.com/favicon.ico
The wrong time: 2022-07-07 19:35:54
Unknown error type: [2] require_once(D:\phpstudy_pro\WWW\www.qphp.com/application/favicon.ico/App/Util/include/global.php): failed to open stream: No such file or directory
Unknown error on line 61 in file D:\phpstudy_pro\WWW\www.qphp.com\QPHP\QPHP.php
Request the address: www.qphp.com/favicon.ico
The wrong time: 2022-07-07 19:35:54
Unknown error type: [2] require_once(D:\phpstudy_pro\WWW\www.qphp.com/application/favicon.ico/App/Util/include/global.php): failed to open stream: No such file or directory
Unknown error on line 61 in file D:\phpstudy_pro\WWW\www.qphp.com\QPHP\QPHP.php
Request the address: www.qphp.com/favicon.ico
The wrong time: 2022-07-07 19:35:54
Unknown error type: [2] require_once(D:\phpstudy_pro\WWW\www.qphp.com/application/favicon.ico/App/Util/include/global.php): failed to open stream: No such file or directory
Unknown error on line 61 in file D:\phpstudy_pro\WWW\www.qphp.com\QPHP\QPHP.php
Request the address: www.qphp.com/favicon.ico
The wrong time: 2022-07-07 19:35:55
Unknown error type: [2] require_once(D:\phpstudy_pro\WWW\www.qphp.com/application/favicon.ico/App/Util/include/global.php): failed to open stream: No such file or directory
Unknown error on line 61 in file D:\phpstudy_pro\WWW\www.qphp.com\QPHP\QPHP.php
Request the address: www.qphp.com/favicon.ico
The wrong time: 2022-07-07 19:35:55
Unknown error type: [2] require_once(D:\phpstudy_pro\WWW\www.qphp.com/application/favicon.ico/App/Util/include/global.php): failed to open stream: No such file or directory
Unknown error on line 61 in file D:\phpstudy_pro\WWW\www.qphp.com\QPHP\QPHP.php
Request the address: www.qphp.com/favicon.ico
The wrong time: 2022-07-07 19:35:55
Unknown error type: [2] require_once(D:\phpstudy_pro\WWW\www.qphp.com/application/favicon.ico/App/Util/include/global.php): failed to open stream: No such file or directory
Unknown error on line 61 in file D:\phpstudy_pro\WWW\www.qphp.com\QPHP\QPHP.php
Request the address: www.qphp.com/favicon.ico
The wrong time: 2022-07-07 19:35:56
Unknown error type: [2] require_once(D:\phpstudy_pro\WWW\www.qphp.com/application/favicon.ico/App/Util/include/global.php): failed to open stream: No such file or directory
Unknown error on line 61 in file D:\phpstudy_pro\WWW\www.qphp.com\QPHP\QPHP.php
Request the address: www.qphp.com/favicon.ico
The wrong time: 2022-07-07 19:35:56
Unknown error type: [2] require_once(D:\phpstudy_pro\WWW\www.qphp.com/application/favicon.ico/App/Util/include/global.php): failed to open stream: No such file or directory
Unknown error on line 61 in file D:\phpstudy_pro\WWW\www.qphp.com\QPHP\QPHP.php
Request the address: www.qphp.com/favicon.ico
The wrong time: 2022-07-07 19:35:56
Unknown error type: [2] require_once(D:\phpstudy_pro\WWW\www.qphp.com/application/favicon.ico/App/Util/include/global.php): failed to open stream: No such file or directory
Unknown error on line 61 in file D:\phpstudy_pro\WWW\www.qphp.com\QPHP\QPHP.php
Request the address: www.qphp.com/favicon.ico
The wrong time: 2022-07-07 19:35:56
Unknown error type: [2] require_once(D:\phpstudy_pro\WWW\www.qphp.com/application/favicon.ico/App/Util/include/global.php): failed to open stream: No such file or directory
Unknown error on line 61 in file D:\phpstudy_pro\WWW\www.qphp.com\QPHP\QPHP.php
Request the address: www.qphp.com/favicon.ico
The wrong time: 2022-07-07 19:35:56
Unknown error type: [2] require_once(D:\phpstudy_pro\WWW\www.qphp.com/application/favicon.ico/App/Util/include/global.php): failed to open stream: No such file or directory
Unknown error on line 61 in file D:\phpstudy_pro\WWW\www.qphp.com\QPHP\QPHP.php
Request the address: www.qphp.com/favicon.ico
The wrong time: 2022-07-07 19:35:57
Unknown error type: [2] require_once(D:\phpstudy_pro\WWW\www.qphp.com/application/favicon.ico/App/Util/include/global.php): failed to open stream: No such file or directory
Unknown error on line 61 in file D:\phpstudy_pro\WWW\www.qphp.com\QPHP\QPHP.php
Request the address: www.qphp.com/favicon.ico
The wrong time: 2022-07-07 19:35:57
Unknown error type: [2] require_once(D:\phpstudy_pro\WWW\www.qphp.com/application/favicon.ico/App/Util/include/global.php): failed to open stream: No such file or directory
Unknown error on line 61 in file D:\phpstudy_pro\WWW\www.qphp.com\QPHP\QPHP.php
Request the address: www.qphp.com/favicon.ico
The wrong time: 2022-07-07 19:35:58
Unknown error type: [2] require_once(D:\phpstudy_pro\WWW\www.qphp.com/application/favicon.ico/App/Util/include/global.php): failed to open stream: No such file or directory
Unknown error on line 61 in file D:\phpstudy_pro\WWW\www.qphp.com\QPHP\QPHP.php
Request the address: www.qphp.com/favicon.ico
The wrong time: 2022-07-07 19:35:58
Unknown error type: [2] require_once(D:\phpstudy_pro\WWW\www.qphp.com/application/favicon.ico/App/Util/include/global.php): failed to open stream: No such file or directory
Unknown error on line 61 in file D:\phpstudy_pro\WWW\www.qphp.com\QPHP\QPHP.php
Request the address: www.qphp.com/favicon.ico
The wrong time: 2022-07-07 19:36:08
Unknown error type: [2] require_once(D:\phpstudy_pro\WWW\www.qphp.com/application/favicon.ico/App/Util/include/global.php): failed to open stream: No such file or directory
Unknown error on line 61 in file D:\phpstudy_pro\WWW\www.qphp.com\QPHP\QPHP.php
Request the address: www.qphp.com/favicon.ico
The wrong time: 2022-07-07 19:36:25
Unknown error type: [2] require_once(D:\phpstudy_pro\WWW\www.qphp.com/application/favicon.ico/App/Util/include/global.php): failed to open stream: No such file or directory
Unknown error on line 61 in file D:\phpstudy_pro\WWW\www.qphp.com\QPHP\QPHP.php
Request the address: www.qphp.com/favicon.ico
The wrong time: 2022-07-07 19:36:26
Unknown error type: [2] require_once(D:\phpstudy_pro\WWW\www.qphp.com/application/favicon.ico/App/Util/include/global.php): failed to open stream: No such file or directory
Unknown error on line 61 in file D:\phpstudy_pro\WWW\www.qphp.com\QPHP\QPHP.php
Request the address: www.qphp.com/favicon.ico
The wrong time: 2022-07-07 19:36:28
Unknown error type: [2] require_once(D:\phpstudy_pro\WWW\www.qphp.com/application/favicon.ico/App/Util/include/global.php): failed to open stream: No such file or directory
Unknown error on line 61 in file D:\phpstudy_pro\WWW\www.qphp.com\QPHP\QPHP.php
Request the address: www.qphp.com/favicon.ico
The wrong time: 2022-07-07 19:36:33
Unknown error type: [2] require_once(D:\phpstudy_pro\WWW\www.qphp.com/application/favicon.ico/App/Util/include/global.php): failed to open stream: No such file or directory
Unknown error on line 61 in file D:\phpstudy_pro\WWW\www.qphp.com\QPHP\QPHP.php
Request the address: www.qphp.com/favicon.ico
The wrong time: 2022-07-07 19:36:47
Unknown error type: [2] require_once(D:\phpstudy_pro\WWW\www.qphp.com/application/favicon.ico/App/Util/include/global.php): failed to open stream: No such file or directory
Unknown error on line 61 in file D:\phpstudy_pro\WWW\www.qphp.com\QPHP\QPHP.php
Request the address: www.qphp.com/favicon.ico
The wrong time: 2022-07-07 19:36:50
Unknown error type: [2] require_once(D:\phpstudy_pro\WWW\www.qphp.com/application/favicon.ico/App/Util/include/global.php): failed to open stream: No such file or directory
Unknown error on line 61 in file D:\phpstudy_pro\WWW\www.qphp.com\QPHP\QPHP.php
Request the address: www.qphp.com/favicon.ico
The wrong time: 2022-07-07 19:36:53
Unknown error type: [2] require_once(D:\phpstudy_pro\WWW\www.qphp.com/application/favicon.ico/App/Util/include/global.php): failed to open stream: No such file or directory
Unknown error on line 61 in file D:\phpstudy_pro\WWW\www.qphp.com\QPHP\QPHP.php
Request the address: www.qphp.com/favicon.ico
The wrong time: 2022-07-07 19:36:56
Unknown error type: [2] require_once(D:\phpstudy_pro\WWW\www.qphp.com/application/favicon.ico/App/Util/include/global.php): failed to open stream: No such file or directory
Unknown error on line 61 in file D:\phpstudy_pro\WWW\www.qphp.com\QPHP\QPHP.php
Request the address: www.qphp.com/favicon.ico
The wrong time: 2022-07-07 19:36:57
Unknown error type: [2] require_once(D:\phpstudy_pro\WWW\www.qphp.com/application/favicon.ico/App/Util/include/global.php): failed to open stream: No such file or directory
Unknown error on line 61 in file D:\phpstudy_pro\WWW\www.qphp.com\QPHP\QPHP.php
Request the address: www.qphp.com/favicon.ico
The wrong time: 2022-07-07 19:49:11
Unknown error type: [2] require_once(D:\phpstudy_pro\WWW\www.qphp.com/application/favicon.ico/App/Util/include/global.php): failed to open stream: No such file or directory
Unknown error on line 61 in file D:\phpstudy_pro\WWW\www.qphp.com\QPHP\QPHP.php
Request the address: www.qphp.com/favicon.ico
The wrong time: 2022-07-07 19:49:13
Unknown error type: [2] require_once(D:\phpstudy_pro\WWW\www.qphp.com/application/favicon.ico/App/Util/include/global.php): failed to open stream: No such file or directory
Unknown error on line 61 in file D:\phpstudy_pro\WWW\www.qphp.com\QPHP\QPHP.php
Request the address: www.qphp.com/favicon.ico
The wrong time: 2022-07-07 19:49:28
Unknown error type: [2] require_once(D:\phpstudy_pro\WWW\www.qphp.com/application/favicon.ico/App/Util/include/global.php): failed to open stream: No such file or directory
Unknown error on line 61 in file D:\phpstudy_pro\WWW\www.qphp.com\QPHP\QPHP.php
Request the address: www.qphp.com/favicon.ico
The wrong time: 2022-07-07 19:49:29
Unknown error type: [2] require_once(D:\phpstudy_pro\WWW\www.qphp.com/application/favicon.ico/App/Util/include/global.php): failed to open stream: No such file or directory
Unknown error on line 61 in file D:\phpstudy_pro\WWW\www.qphp.com\QPHP\QPHP.php
Request the address: www.qphp.com/favicon.ico
The wrong time: 2022-07-07 19:49:32
Unknown error type: [2] require_once(D:\phpstudy_pro\WWW\www.qphp.com/application/favicon.ico/App/Util/include/global.php): failed to open stream: No such file or directory
Unknown error on line 61 in file D:\phpstudy_pro\WWW\www.qphp.com\QPHP\QPHP.php
Request the address: www.qphp.com/favicon.ico
The wrong time: 2022-07-07 19:49:34
Unknown error type: [2] require_once(D:\phpstudy_pro\WWW\www.qphp.com/application/favicon.ico/App/Util/include/global.php): failed to open stream: No such file or directory
Unknown error on line 61 in file D:\phpstudy_pro\WWW\www.qphp.com\QPHP\QPHP.php
Request the address: www.qphp.com/favicon.ico
The wrong time: 2022-07-07 19:49:36
Unknown error type: [2] require_once(D:\phpstudy_pro\WWW\www.qphp.com/application/favicon.ico/App/Util/include/global.php): failed to open stream: No such file or directory
Unknown error on line 61 in file D:\phpstudy_pro\WWW\www.qphp.com\QPHP\QPHP.php
Request the address: www.qphp.com/favicon.ico
The wrong time: 2022-07-07 19:49:42
Unknown error type: [2] require_once(D:\phpstudy_pro\WWW\www.qphp.com/application/favicon.ico/App/Util/include/global.php): failed to open stream: No such file or directory
Unknown error on line 61 in file D:\phpstudy_pro\WWW\www.qphp.com\QPHP\QPHP.php
Request the address: www.qphp.com/favicon.ico
The wrong time: 2022-07-07 19:49:43
Unknown error type: [2] require_once(D:\phpstudy_pro\WWW\www.qphp.com/application/favicon.ico/App/Util/include/global.php): failed to open stream: No such file or directory
Unknown error on line 61 in file D:\phpstudy_pro\WWW\www.qphp.com\QPHP\QPHP.php
Request the address: www.qphp.com/favicon.ico
The wrong time: 2022-07-07 19:49:45
Unknown error type: [2] require_once(D:\phpstudy_pro\WWW\www.qphp.com/application/favicon.ico/App/Util/include/global.php): failed to open stream: No such file or directory
Unknown error on line 61 in file D:\phpstudy_pro\WWW\www.qphp.com\QPHP\QPHP.php
Request the address: www.qphp.com/favicon.ico
The wrong time: 2022-07-07 19:49:47
Unknown error type: [2] require_once(D:\phpstudy_pro\WWW\www.qphp.com/application/favicon.ico/App/Util/include/global.php): failed to open stream: No such file or directory
Unknown error on line 61 in file D:\phpstudy_pro\WWW\www.qphp.com\QPHP\QPHP.php
Request the address: www.qphp.com/favicon.ico
The wrong time: 2022-07-07 19:49:51
Unknown error type: [2] require_once(D:\phpstudy_pro\WWW\www.qphp.com/application/favicon.ico/App/Util/include/global.php): failed to open stream: No such file or directory
Unknown error on line 61 in file D:\phpstudy_pro\WWW\www.qphp.com\QPHP\QPHP.php
Request the address: www.qphp.com/favicon.ico
The wrong time: 2022-07-07 19:55:04
Unknown error type: [2] require_once(D:\phpstudy_pro\WWW\www.qphp.com/application/favicon.ico/App/Util/include/global.php): failed to open stream: No such file or directory
Unknown error on line 61 in file D:\phpstudy_pro\WWW\www.qphp.com\QPHP\QPHP.php
Request the address: www.qphp.com/favicon.ico
The wrong time: 2022-07-07 19:55:07
Unknown error type: [2] require_once(D:\phpstudy_pro\WWW\www.qphp.com/application/favicon.ico/App/Util/include/global.php): failed to open stream: No such file or directory
Unknown error on line 61 in file D:\phpstudy_pro\WWW\www.qphp.com\QPHP\QPHP.php
Request the address: www.qphp.com/favicon.ico
The wrong time: 2022-07-07 19:55:21
Unknown error type: [2] require_once(D:\phpstudy_pro\WWW\www.qphp.com/application/favicon.ico/App/Util/include/global.php): failed to open stream: No such file or directory
Unknown error on line 61 in file D:\phpstudy_pro\WWW\www.qphp.com\QPHP\QPHP.php
Request the address: www.qphp.com/favicon.ico
The wrong time: 2022-07-07 19:55:28
Unknown error type: [2] require_once(D:\phpstudy_pro\WWW\www.qphp.com/application/favicon.ico/App/Util/include/global.php): failed to open stream: No such file or directory
Unknown error on line 61 in file D:\phpstudy_pro\WWW\www.qphp.com\QPHP\QPHP.php
Request the address: www.qphp.com/favicon.ico
The wrong time: 2022-07-07 19:55:31
Unknown error type: [2] require_once(D:\phpstudy_pro\WWW\www.qphp.com/application/favicon.ico/App/Util/include/global.php): failed to open stream: No such file or directory
Unknown error on line 61 in file D:\phpstudy_pro\WWW\www.qphp.com\QPHP\QPHP.php
Request the address: www.qphp.com/favicon.ico
The wrong time: 2022-07-07 19:55:34
Unknown error type: [2] require_once(D:\phpstudy_pro\WWW\www.qphp.com/application/favicon.ico/App/Util/include/global.php): failed to open stream: No such file or directory
Unknown error on line 61 in file D:\phpstudy_pro\WWW\www.qphp.com\QPHP\QPHP.php
Request the address: www.qphp.com/favicon.ico
The wrong time: 2022-07-07 19:55:37
Unknown error type: [2] require_once(D:\phpstudy_pro\WWW\www.qphp.com/application/favicon.ico/App/Util/include/global.php): failed to open stream: No such file or directory
Unknown error on line 61 in file D:\phpstudy_pro\WWW\www.qphp.com\QPHP\QPHP.php
Request the address: www.qphp.com/favicon.ico
The wrong time: 2022-07-07 19:55:39
Unknown error type: [2] require_once(D:\phpstudy_pro\WWW\www.qphp.com/application/favicon.ico/App/Util/include/global.php): failed to open stream: No such file or directory
Unknown error on line 61 in file D:\phpstudy_pro\WWW\www.qphp.com\QPHP\QPHP.php
Request the address: www.qphp.com/favicon.ico
The wrong time: 2022-07-07 19:55:39
Unknown error type: [2] require_once(D:\phpstudy_pro\WWW\www.qphp.com/application/favicon.ico/App/Util/include/global.php): failed to open stream: No such file or directory
Unknown error on line 61 in file D:\phpstudy_pro\WWW\www.qphp.com\QPHP\QPHP.php
Request the address: www.qphp.com/favicon.ico
The wrong time: 2022-07-07 19:55:41
Unknown error type: [2] require_once(D:\phpstudy_pro\WWW\www.qphp.com/application/favicon.ico/App/Util/include/global.php): failed to open stream: No such file or directory
Unknown error on line 61 in file D:\phpstudy_pro\WWW\www.qphp.com\QPHP\QPHP.php
Request the address: www.qphp.com/favicon.ico
The wrong time: 2022-07-07 19:55:43
Unknown error type: [2] require_once(D:\phpstudy_pro\WWW\www.qphp.com/application/favicon.ico/App/Util/include/global.php): failed to open stream: No such file or directory
Unknown error on line 61 in file D:\phpstudy_pro\WWW\www.qphp.com\QPHP\QPHP.php
Request the address: www.qphp.com/favicon.ico
The wrong time: 2022-07-07 19:55:45
Unknown error type: [2] require_once(D:\phpstudy_pro\WWW\www.qphp.com/application/favicon.ico/App/Util/include/global.php): failed to open stream: No such file or directory
Unknown error on line 61 in file D:\phpstudy_pro\WWW\www.qphp.com\QPHP\QPHP.php
Request the address: www.qphp.com/favicon.ico
The wrong time: 2022-07-07 19:55:48
Unknown error type: [2] require_once(D:\phpstudy_pro\WWW\www.qphp.com/application/favicon.ico/App/Util/include/global.php): failed to open stream: No such file or directory
Unknown error on line 61 in file D:\phpstudy_pro\WWW\www.qphp.com\QPHP\QPHP.php
Request the address: www.qphp.com/favicon.ico
The wrong time: 2022-07-07 19:55:51
Unknown error type: [2] require_once(D:\phpstudy_pro\WWW\www.qphp.com/application/favicon.ico/App/Util/include/global.php): failed to open stream: No such file or directory
Unknown error on line 61 in file D:\phpstudy_pro\WWW\www.qphp.com\QPHP\QPHP.php
Request the address: www.qphp.com/favicon.ico
The wrong time: 2022-07-07 19:55:54
Unknown error type: [2] require_once(D:\phpstudy_pro\WWW\www.qphp.com/application/favicon.ico/App/Util/include/global.php): failed to open stream: No such file or directory
Unknown error on line 61 in file D:\phpstudy_pro\WWW\www.qphp.com\QPHP\QPHP.php
Request the address: www.qphp.com/favicon.ico
The wrong time: 2022-07-07 19:55:55
Unknown error type: [2] require_once(D:\phpstudy_pro\WWW\www.qphp.com/application/favicon.ico/App/Util/include/global.php): failed to open stream: No such file or directory
Unknown error on line 61 in file D:\phpstudy_pro\WWW\www.qphp.com\QPHP\QPHP.php
Request the address: www.qphp.com/favicon.ico
The wrong time: 2022-07-07 19:55:56
Unknown error type: [2] require_once(D:\phpstudy_pro\WWW\www.qphp.com/application/favicon.ico/App/Util/include/global.php): failed to open stream: No such file or directory
Unknown error on line 61 in file D:\phpstudy_pro\WWW\www.qphp.com\QPHP\QPHP.php
Request the address: www.qphp.com/favicon.ico
The wrong time: 2022-07-07 19:55:58
Unknown error type: [2] require_once(D:\phpstudy_pro\WWW\www.qphp.com/application/favicon.ico/App/Util/include/global.php): failed to open stream: No such file or directory
Unknown error on line 61 in file D:\phpstudy_pro\WWW\www.qphp.com\QPHP\QPHP.php
Request the address: www.qphp.com/favicon.ico
The wrong time: 2022-07-07 19:56:13
Unknown error type: [2] require_once(D:\phpstudy_pro\WWW\www.qphp.com/application/favicon.ico/App/Util/include/global.php): failed to open stream: No such file or directory
Unknown error on line 61 in file D:\phpstudy_pro\WWW\www.qphp.com\QPHP\QPHP.php
Request the address: www.qphp.com/favicon.ico
The wrong time: 2022-07-07 19:57:45
Unknown error type: [2] require_once(D:\phpstudy_pro\WWW\www.qphp.com/application/favicon.ico/App/Util/include/global.php): failed to open stream: No such file or directory
Unknown error on line 61 in file D:\phpstudy_pro\WWW\www.qphp.com\QPHP\QPHP.php
Request the address: www.qphp.com/favicon.ico
The wrong time: 2022-07-07 19:57:55
Unknown error type: [2] require_once(D:\phpstudy_pro\WWW\www.qphp.com/application/favicon.ico/App/Util/include/global.php): failed to open stream: No such file or directory
Unknown error on line 61 in file D:\phpstudy_pro\WWW\www.qphp.com\QPHP\QPHP.php
Request the address: www.qphp.com/favicon.ico
The wrong time: 2022-07-07 19:57:56
Unknown error type: [2] require_once(D:\phpstudy_pro\WWW\www.qphp.com/application/favicon.ico/App/Util/include/global.php): failed to open stream: No such file or directory
Unknown error on line 61 in file D:\phpstudy_pro\WWW\www.qphp.com\QPHP\QPHP.php
Request the address: www.qphp.com/favicon.ico
The wrong time: 2022-07-07 19:57:57
Unknown error type: [2] require_once(D:\phpstudy_pro\WWW\www.qphp.com/application/favicon.ico/App/Util/include/global.php): failed to open stream: No such file or directory
Unknown error on line 61 in file D:\phpstudy_pro\WWW\www.qphp.com\QPHP\QPHP.php
Request the address: www.qphp.com/favicon.ico
The wrong time: 2022-07-07 19:57:58
Unknown error type: [2] require_once(D:\phpstudy_pro\WWW\www.qphp.com/application/favicon.ico/App/Util/include/global.php): failed to open stream: No such file or directory
Unknown error on line 61 in file D:\phpstudy_pro\WWW\www.qphp.com\QPHP\QPHP.php
Request the address: www.qphp.com/favicon.ico
The wrong time: 2022-07-07 19:57:59
Unknown error type: [2] require_once(D:\phpstudy_pro\WWW\www.qphp.com/application/favicon.ico/App/Util/include/global.php): failed to open stream: No such file or directory
Unknown error on line 61 in file D:\phpstudy_pro\WWW\www.qphp.com\QPHP\QPHP.php
Request the address: www.qphp.com/favicon.ico
The wrong time: 2022-07-07 19:58:00
Unknown error type: [2] require_once(D:\phpstudy_pro\WWW\www.qphp.com/application/favicon.ico/App/Util/include/global.php): failed to open stream: No such file or directory
Unknown error on line 61 in file D:\phpstudy_pro\WWW\www.qphp.com\QPHP\QPHP.php
Request the address: www.qphp.com/favicon.ico
The wrong time: 2022-07-07 20:00:22
Unknown error type: [2] require_once(D:\phpstudy_pro\WWW\www.qphp.com/application/favicon.ico/App/Util/include/global.php): failed to open stream: No such file or directory
Unknown error on line 61 in file D:\phpstudy_pro\WWW\www.qphp.com\QPHP\QPHP.php
Request the address: www.qphp.com/favicon.ico
The wrong time: 2022-07-07 20:00:26
Unknown error type: [2] require_once(D:\phpstudy_pro\WWW\www.qphp.com/application/favicon.ico/App/Util/include/global.php): failed to open stream: No such file or directory
Unknown error on line 61 in file D:\phpstudy_pro\WWW\www.qphp.com\QPHP\QPHP.php
Request the address: www.qphp.com/favicon.ico
The wrong time: 2022-07-07 20:00:43
Unknown error type: [2] require_once(D:\phpstudy_pro\WWW\www.qphp.com/application/favicon.ico/App/Util/include/global.php): failed to open stream: No such file or directory
Unknown error on line 61 in file D:\phpstudy_pro\WWW\www.qphp.com\QPHP\QPHP.php
Request the address: www.qphp.com/favicon.ico
The wrong time: 2022-07-07 20:00:54
Unknown error type: [2] require_once(D:\phpstudy_pro\WWW\www.qphp.com/application/favicon.ico/App/Util/include/global.php): failed to open stream: No such file or directory
Unknown error on line 61 in file D:\phpstudy_pro\WWW\www.qphp.com\QPHP\QPHP.php
Request the address: www.qphp.com/favicon.ico
The wrong time: 2022-07-07 20:01:08
Unknown error type: [2] require_once(D:\phpstudy_pro\WWW\www.qphp.com/application/favicon.ico/App/Util/include/global.php): failed to open stream: No such file or directory
Unknown error on line 61 in file D:\phpstudy_pro\WWW\www.qphp.com\QPHP\QPHP.php
Request the address: www.qphp.com/favicon.ico
The wrong time: 2022-07-07 20:01:11
Unknown error type: [2] require_once(D:\phpstudy_pro\WWW\www.qphp.com/application/favicon.ico/App/Util/include/global.php): failed to open stream: No such file or directory
Unknown error on line 61 in file D:\phpstudy_pro\WWW\www.qphp.com\QPHP\QPHP.php
Request the address: www.qphp.com/favicon.ico
The wrong time: 2022-07-07 20:01:12
Unknown error type: [2] require_once(D:\phpstudy_pro\WWW\www.qphp.com/application/favicon.ico/App/Util/include/global.php): failed to open stream: No such file or directory
Unknown error on line 61 in file D:\phpstudy_pro\WWW\www.qphp.com\QPHP\QPHP.php
Request the address: www.qphp.com/favicon.ico
The wrong time: 2022-07-07 20:01:12
Unknown error type: [2] require_once(D:\phpstudy_pro\WWW\www.qphp.com/application/favicon.ico/App/Util/include/global.php): failed to open stream: No such file or directory
Unknown error on line 61 in file D:\phpstudy_pro\WWW\www.qphp.com\QPHP\QPHP.php
Request the address: www.qphp.com/favicon.ico
The wrong time: 2022-07-07 20:01:13
Unknown error type: [2] require_once(D:\phpstudy_pro\WWW\www.qphp.com/application/favicon.ico/App/Util/include/global.php): failed to open stream: No such file or directory
Unknown error on line 61 in file D:\phpstudy_pro\WWW\www.qphp.com\QPHP\QPHP.php
Request the address: www.qphp.com/favicon.ico
The wrong time: 2022-07-07 20:01:14
Unknown error type: [2] require_once(D:\phpstudy_pro\WWW\www.qphp.com/application/favicon.ico/App/Util/include/global.php): failed to open stream: No such file or directory
Unknown error on line 61 in file D:\phpstudy_pro\WWW\www.qphp.com\QPHP\QPHP.php
Request the address: www.qphp.com/favicon.ico
The wrong time: 2022-07-07 20:01:14
Unknown error type: [2] require_once(D:\phpstudy_pro\WWW\www.qphp.com/application/favicon.ico/App/Util/include/global.php): failed to open stream: No such file or directory
Unknown error on line 61 in file D:\phpstudy_pro\WWW\www.qphp.com\QPHP\QPHP.php
Request the address: www.qphp.com/favicon.ico
The wrong time: 2022-07-07 20:01:14
Unknown error type: [2] require_once(D:\phpstudy_pro\WWW\www.qphp.com/application/favicon.ico/App/Util/include/global.php): failed to open stream: No such file or directory
Unknown error on line 61 in file D:\phpstudy_pro\WWW\www.qphp.com\QPHP\QPHP.php
Request the address: www.qphp.com/favicon.ico
The wrong time: 2022-07-07 20:01:14
Unknown error type: [2] require_once(D:\phpstudy_pro\WWW\www.qphp.com/application/favicon.ico/App/Util/include/global.php): failed to open stream: No such file or directory
Unknown error on line 61 in file D:\phpstudy_pro\WWW\www.qphp.com\QPHP\QPHP.php
Request the address: www.qphp.com/favicon.ico
The wrong time: 2022-07-07 20:01:15
Unknown error type: [2] require_once(D:\phpstudy_pro\WWW\www.qphp.com/application/favicon.ico/App/Util/include/global.php): failed to open stream: No such file or directory
Unknown error on line 61 in file D:\phpstudy_pro\WWW\www.qphp.com\QPHP\QPHP.php
Request the address: www.qphp.com/favicon.ico
The wrong time: 2022-07-07 20:01:15
Unknown error type: [2] require_once(D:\phpstudy_pro\WWW\www.qphp.com/application/favicon.ico/App/Util/include/global.php): failed to open stream: No such file or directory
Unknown error on line 61 in file D:\phpstudy_pro\WWW\www.qphp.com\QPHP\QPHP.php
Request the address: www.qphp.com/favicon.ico
The wrong time: 2022-07-07 20:01:15
Unknown error type: [2] require_once(D:\phpstudy_pro\WWW\www.qphp.com/application/favicon.ico/App/Util/include/global.php): failed to open stream: No such file or directory
Unknown error on line 61 in file D:\phpstudy_pro\WWW\www.qphp.com\QPHP\QPHP.php
Request the address: www.qphp.com/favicon.ico
The wrong time: 2022-07-07 20:01:15
Unknown error type: [2] require_once(D:\phpstudy_pro\WWW\www.qphp.com/application/favicon.ico/App/Util/include/global.php): failed to open stream: No such file or directory
Unknown error on line 61 in file D:\phpstudy_pro\WWW\www.qphp.com\QPHP\QPHP.php
Request the address: www.qphp.com/favicon.ico
The wrong time: 2022-07-07 20:01:16
Unknown error type: [2] require_once(D:\phpstudy_pro\WWW\www.qphp.com/application/favicon.ico/App/Util/include/global.php): failed to open stream: No such file or directory
Unknown error on line 61 in file D:\phpstudy_pro\WWW\www.qphp.com\QPHP\QPHP.php
Request the address: www.qphp.com/favicon.ico
The wrong time: 2022-07-07 20:01:16
Unknown error type: [2] require_once(D:\phpstudy_pro\WWW\www.qphp.com/application/favicon.ico/App/Util/include/global.php): failed to open stream: No such file or directory
Unknown error on line 61 in file D:\phpstudy_pro\WWW\www.qphp.com\QPHP\QPHP.php
Request the address: www.qphp.com/favicon.ico
The wrong time: 2022-07-07 20:01:16
Unknown error type: [2] require_once(D:\phpstudy_pro\WWW\www.qphp.com/application/favicon.ico/App/Util/include/global.php): failed to open stream: No such file or directory
Unknown error on line 61 in file D:\phpstudy_pro\WWW\www.qphp.com\QPHP\QPHP.php
Request the address: www.qphp.com/favicon.ico
The wrong time: 2022-07-07 20:01:16
Unknown error type: [2] require_once(D:\phpstudy_pro\WWW\www.qphp.com/application/favicon.ico/App/Util/include/global.php): failed to open stream: No such file or directory
Unknown error on line 61 in file D:\phpstudy_pro\WWW\www.qphp.com\QPHP\QPHP.php
Request the address: www.qphp.com/favicon.ico
The wrong time: 2022-07-07 20:01:16
Unknown error type: [2] require_once(D:\phpstudy_pro\WWW\www.qphp.com/application/favicon.ico/App/Util/include/global.php): failed to open stream: No such file or directory
Unknown error on line 61 in file D:\phpstudy_pro\WWW\www.qphp.com\QPHP\QPHP.php
Request the address: www.qphp.com/favicon.ico
The wrong time: 2022-07-07 20:01:16
Unknown error type: [2] require_once(D:\phpstudy_pro\WWW\www.qphp.com/application/favicon.ico/App/Util/include/global.php): failed to open stream: No such file or directory
Unknown error on line 61 in file D:\phpstudy_pro\WWW\www.qphp.com\QPHP\QPHP.php
Request the address: www.qphp.com/favicon.ico
The wrong time: 2022-07-07 20:01:17
Unknown error type: [2] require_once(D:\phpstudy_pro\WWW\www.qphp.com/application/favicon.ico/App/Util/include/global.php): failed to open stream: No such file or directory
Unknown error on line 61 in file D:\phpstudy_pro\WWW\www.qphp.com\QPHP\QPHP.php
Request the address: www.qphp.com/favicon.ico
The wrong time: 2022-07-07 20:01:17
Unknown error type: [2] require_once(D:\phpstudy_pro\WWW\www.qphp.com/application/favicon.ico/App/Util/include/global.php): failed to open stream: No such file or directory
Unknown error on line 61 in file D:\phpstudy_pro\WWW\www.qphp.com\QPHP\QPHP.php
Request the address: www.qphp.com/favicon.ico
The wrong time: 2022-07-07 20:01:17
Unknown error type: [2] require_once(D:\phpstudy_pro\WWW\www.qphp.com/application/favicon.ico/App/Util/include/global.php): failed to open stream: No such file or directory
Unknown error on line 61 in file D:\phpstudy_pro\WWW\www.qphp.com\QPHP\QPHP.php
Request the address: www.qphp.com/favicon.ico
The wrong time: 2022-07-07 20:01:17
Unknown error type: [2] require_once(D:\phpstudy_pro\WWW\www.qphp.com/application/favicon.ico/App/Util/include/global.php): failed to open stream: No such file or directory
Unknown error on line 61 in file D:\phpstudy_pro\WWW\www.qphp.com\QPHP\QPHP.php
Request the address: www.qphp.com/favicon.ico
The wrong time: 2022-07-07 20:01:17
Unknown error type: [2] require_once(D:\phpstudy_pro\WWW\www.qphp.com/application/favicon.ico/App/Util/include/global.php): failed to open stream: No such file or directory
Unknown error on line 61 in file D:\phpstudy_pro\WWW\www.qphp.com\QPHP\QPHP.php
Request the address: www.qphp.com/favicon.ico
The wrong time: 2022-07-07 20:01:18
Unknown error type: [2] require_once(D:\phpstudy_pro\WWW\www.qphp.com/application/favicon.ico/App/Util/include/global.php): failed to open stream: No such file or directory
Unknown error on line 61 in file D:\phpstudy_pro\WWW\www.qphp.com\QPHP\QPHP.php
Request the address: www.qphp.com/favicon.ico
The wrong time: 2022-07-07 20:01:18
Unknown error type: [2] require_once(D:\phpstudy_pro\WWW\www.qphp.com/application/favicon.ico/App/Util/include/global.php): failed to open stream: No such file or directory
Unknown error on line 61 in file D:\phpstudy_pro\WWW\www.qphp.com\QPHP\QPHP.php
Request the address: www.qphp.com/favicon.ico
The wrong time: 2022-07-07 20:01:18
Unknown error type: [2] require_once(D:\phpstudy_pro\WWW\www.qphp.com/application/favicon.ico/App/Util/include/global.php): failed to open stream: No such file or directory
Unknown error on line 61 in file D:\phpstudy_pro\WWW\www.qphp.com\QPHP\QPHP.php
Request the address: www.qphp.com/favicon.ico
The wrong time: 2022-07-07 20:01:18
Unknown error type: [2] require_once(D:\phpstudy_pro\WWW\www.qphp.com/application/favicon.ico/App/Util/include/global.php): failed to open stream: No such file or directory
Unknown error on line 61 in file D:\phpstudy_pro\WWW\www.qphp.com\QPHP\QPHP.php
Request the address: www.qphp.com/favicon.ico
The wrong time: 2022-07-07 20:01:19
Unknown error type: [2] require_once(D:\phpstudy_pro\WWW\www.qphp.com/application/favicon.ico/App/Util/include/global.php): failed to open stream: No such file or directory
Unknown error on line 61 in file D:\phpstudy_pro\WWW\www.qphp.com\QPHP\QPHP.php
Request the address: www.qphp.com/favicon.ico
The wrong time: 2022-07-07 20:01:19
Unknown error type: [2] require_once(D:\phpstudy_pro\WWW\www.qphp.com/application/favicon.ico/App/Util/include/global.php): failed to open stream: No such file or directory
Unknown error on line 61 in file D:\phpstudy_pro\WWW\www.qphp.com\QPHP\QPHP.php
Request the address: www.qphp.com/favicon.ico
The wrong time: 2022-07-07 20:01:19
Unknown error type: [2] require_once(D:\phpstudy_pro\WWW\www.qphp.com/application/favicon.ico/App/Util/include/global.php): failed to open stream: No such file or directory
Unknown error on line 61 in file D:\phpstudy_pro\WWW\www.qphp.com\QPHP\QPHP.php
Request the address: www.qphp.com/favicon.ico
The wrong time: 2022-07-07 20:01:19
Unknown error type: [2] require_once(D:\phpstudy_pro\WWW\www.qphp.com/application/favicon.ico/App/Util/include/global.php): failed to open stream: No such file or directory
Unknown error on line 61 in file D:\phpstudy_pro\WWW\www.qphp.com\QPHP\QPHP.php
Request the address: www.qphp.com/favicon.ico
The wrong time: 2022-07-07 20:01:19
Unknown error type: [2] require_once(D:\phpstudy_pro\WWW\www.qphp.com/application/favicon.ico/App/Util/include/global.php): failed to open stream: No such file or directory
Unknown error on line 61 in file D:\phpstudy_pro\WWW\www.qphp.com\QPHP\QPHP.php
Request the address: www.qphp.com/favicon.ico
The wrong time: 2022-07-07 20:01:20
Unknown error type: [2] require_once(D:\phpstudy_pro\WWW\www.qphp.com/application/favicon.ico/App/Util/include/global.php): failed to open stream: No such file or directory
Unknown error on line 61 in file D:\phpstudy_pro\WWW\www.qphp.com\QPHP\QPHP.php
Request the address: www.qphp.com/favicon.ico
The wrong time: 2022-07-07 20:01:20
Unknown error type: [2] require_once(D:\phpstudy_pro\WWW\www.qphp.com/application/favicon.ico/App/Util/include/global.php): failed to open stream: No such file or directory
Unknown error on line 61 in file D:\phpstudy_pro\WWW\www.qphp.com\QPHP\QPHP.php
Request the address: www.qphp.com/favicon.ico
The wrong time: 2022-07-07 20:01:20
Unknown error type: [2] require_once(D:\phpstudy_pro\WWW\www.qphp.com/application/favicon.ico/App/Util/include/global.php): failed to open stream: No such file or directory
Unknown error on line 61 in file D:\phpstudy_pro\WWW\www.qphp.com\QPHP\QPHP.php
Request the address: www.qphp.com/favicon.ico
The wrong time: 2022-07-07 20:01:20
Unknown error type: [2] require_once(D:\phpstudy_pro\WWW\www.qphp.com/application/favicon.ico/App/Util/include/global.php): failed to open stream: No such file or directory
Unknown error on line 61 in file D:\phpstudy_pro\WWW\www.qphp.com\QPHP\QPHP.php
Request the address: www.qphp.com/favicon.ico
The wrong time: 2022-07-07 20:01:20
Unknown error type: [2] require_once(D:\phpstudy_pro\WWW\www.qphp.com/application/favicon.ico/App/Util/include/global.php): failed to open stream: No such file or directory
Unknown error on line 61 in file D:\phpstudy_pro\WWW\www.qphp.com\QPHP\QPHP.php
Request the address: www.qphp.com/favicon.ico
The wrong time: 2022-07-07 20:01:21
Unknown error type: [2] require_once(D:\phpstudy_pro\WWW\www.qphp.com/application/favicon.ico/App/Util/include/global.php): failed to open stream: No such file or directory
Unknown error on line 61 in file D:\phpstudy_pro\WWW\www.qphp.com\QPHP\QPHP.php
Request the address: www.qphp.com/favicon.ico
The wrong time: 2022-07-07 20:01:21
Unknown error type: [2] require_once(D:\phpstudy_pro\WWW\www.qphp.com/application/favicon.ico/App/Util/include/global.php): failed to open stream: No such file or directory
Unknown error on line 61 in file D:\phpstudy_pro\WWW\www.qphp.com\QPHP\QPHP.php
Request the address: www.qphp.com/favicon.ico
The wrong time: 2022-07-07 20:01:21
Unknown error type: [2] require_once(D:\phpstudy_pro\WWW\www.qphp.com/application/favicon.ico/App/Util/include/global.php): failed to open stream: No such file or directory
Unknown error on line 61 in file D:\phpstudy_pro\WWW\www.qphp.com\QPHP\QPHP.php
Request the address: www.qphp.com/favicon.ico
The wrong time: 2022-07-07 20:01:21
Unknown error type: [2] require_once(D:\phpstudy_pro\WWW\www.qphp.com/application/favicon.ico/App/Util/include/global.php): failed to open stream: No such file or directory
Unknown error on line 61 in file D:\phpstudy_pro\WWW\www.qphp.com\QPHP\QPHP.php
Request the address: www.qphp.com/favicon.ico
The wrong time: 2022-07-07 20:01:21
Unknown error type: [2] require_once(D:\phpstudy_pro\WWW\www.qphp.com/application/favicon.ico/App/Util/include/global.php): failed to open stream: No such file or directory
Unknown error on line 61 in file D:\phpstudy_pro\WWW\www.qphp.com\QPHP\QPHP.php
Request the address: www.qphp.com/favicon.ico
The wrong time: 2022-07-07 20:01:22
Unknown error type: [2] require_once(D:\phpstudy_pro\WWW\www.qphp.com/application/favicon.ico/App/Util/include/global.php): failed to open stream: No such file or directory
Unknown error on line 61 in file D:\phpstudy_pro\WWW\www.qphp.com\QPHP\QPHP.php
Request the address: www.qphp.com/favicon.ico
The wrong time: 2022-07-07 20:01:22
Unknown error type: [2] require_once(D:\phpstudy_pro\WWW\www.qphp.com/application/favicon.ico/App/Util/include/global.php): failed to open stream: No such file or directory
Unknown error on line 61 in file D:\phpstudy_pro\WWW\www.qphp.com\QPHP\QPHP.php
Request the address: www.qphp.com/favicon.ico
The wrong time: 2022-07-07 20:01:22
Unknown error type: [2] require_once(D:\phpstudy_pro\WWW\www.qphp.com/application/favicon.ico/App/Util/include/global.php): failed to open stream: No such file or directory
Unknown error on line 61 in file D:\phpstudy_pro\WWW\www.qphp.com\QPHP\QPHP.php
Request the address: www.qphp.com/favicon.ico
The wrong time: 2022-07-07 20:01:22
Unknown error type: [2] require_once(D:\phpstudy_pro\WWW\www.qphp.com/application/favicon.ico/App/Util/include/global.php): failed to open stream: No such file or directory
Unknown error on line 61 in file D:\phpstudy_pro\WWW\www.qphp.com\QPHP\QPHP.php
Request the address: www.qphp.com/favicon.ico
The wrong time: 2022-07-07 20:01:22
Unknown error type: [2] require_once(D:\phpstudy_pro\WWW\www.qphp.com/application/favicon.ico/App/Util/include/global.php): failed to open stream: No such file or directory
Unknown error on line 61 in file D:\phpstudy_pro\WWW\www.qphp.com\QPHP\QPHP.php
Request the address: www.qphp.com/favicon.ico
The wrong time: 2022-07-07 20:01:23
Unknown error type: [2] require_once(D:\phpstudy_pro\WWW\www.qphp.com/application/favicon.ico/App/Util/include/global.php): failed to open stream: No such file or directory
Unknown error on line 61 in file D:\phpstudy_pro\WWW\www.qphp.com\QPHP\QPHP.php
Request the address: www.qphp.com/favicon.ico
The wrong time: 2022-07-07 20:01:23
Unknown error type: [2] require_once(D:\phpstudy_pro\WWW\www.qphp.com/application/favicon.ico/App/Util/include/global.php): failed to open stream: No such file or directory
Unknown error on line 61 in file D:\phpstudy_pro\WWW\www.qphp.com\QPHP\QPHP.php
Request the address: www.qphp.com/favicon.ico
The wrong time: 2022-07-07 20:01:23
Unknown error type: [2] require_once(D:\phpstudy_pro\WWW\www.qphp.com/application/favicon.ico/App/Util/include/global.php): failed to open stream: No such file or directory
Unknown error on line 61 in file D:\phpstudy_pro\WWW\www.qphp.com\QPHP\QPHP.php
Request the address: www.qphp.com/favicon.ico
The wrong time: 2022-07-07 20:01:23
Unknown error type: [2] require_once(D:\phpstudy_pro\WWW\www.qphp.com/application/favicon.ico/App/Util/include/global.php): failed to open stream: No such file or directory
Unknown error on line 61 in file D:\phpstudy_pro\WWW\www.qphp.com\QPHP\QPHP.php
Request the address: www.qphp.com/favicon.ico
The wrong time: 2022-07-07 20:01:23
Unknown error type: [2] require_once(D:\phpstudy_pro\WWW\www.qphp.com/application/favicon.ico/App/Util/include/global.php): failed to open stream: No such file or directory
Unknown error on line 61 in file D:\phpstudy_pro\WWW\www.qphp.com\QPHP\QPHP.php
Request the address: www.qphp.com/favicon.ico
The wrong time: 2022-07-07 20:01:24
Unknown error type: [2] require_once(D:\phpstudy_pro\WWW\www.qphp.com/application/favicon.ico/App/Util/include/global.php): failed to open stream: No such file or directory
Unknown error on line 61 in file D:\phpstudy_pro\WWW\www.qphp.com\QPHP\QPHP.php
Request the address: www.qphp.com/favicon.ico
The wrong time: 2022-07-07 20:01:24
Unknown error type: [2] require_once(D:\phpstudy_pro\WWW\www.qphp.com/application/favicon.ico/App/Util/include/global.php): failed to open stream: No such file or directory
Unknown error on line 61 in file D:\phpstudy_pro\WWW\www.qphp.com\QPHP\QPHP.php
Request the address: www.qphp.com/favicon.ico
The wrong time: 2022-07-07 20:01:24
Unknown error type: [2] require_once(D:\phpstudy_pro\WWW\www.qphp.com/application/favicon.ico/App/Util/include/global.php): failed to open stream: No such file or directory
Unknown error on line 61 in file D:\phpstudy_pro\WWW\www.qphp.com\QPHP\QPHP.php
Request the address: www.qphp.com/favicon.ico
The wrong time: 2022-07-07 20:01:24
Unknown error type: [2] require_once(D:\phpstudy_pro\WWW\www.qphp.com/application/favicon.ico/App/Util/include/global.php): failed to open stream: No such file or directory
Unknown error on line 61 in file D:\phpstudy_pro\WWW\www.qphp.com\QPHP\QPHP.php
Request the address: www.qphp.com/favicon.ico
The wrong time: 2022-07-07 20:01:24
Unknown error type: [2] require_once(D:\phpstudy_pro\WWW\www.qphp.com/application/favicon.ico/App/Util/include/global.php): failed to open stream: No such file or directory
Unknown error on line 61 in file D:\phpstudy_pro\WWW\www.qphp.com\QPHP\QPHP.php
Request the address: www.qphp.com/favicon.ico
The wrong time: 2022-07-07 20:01:25
Unknown error type: [2] require_once(D:\phpstudy_pro\WWW\www.qphp.com/application/favicon.ico/App/Util/include/global.php): failed to open stream: No such file or directory
Unknown error on line 61 in file D:\phpstudy_pro\WWW\www.qphp.com\QPHP\QPHP.php
Request the address: www.qphp.com/favicon.ico
The wrong time: 2022-07-07 20:01:25
Unknown error type: [2] require_once(D:\phpstudy_pro\WWW\www.qphp.com/application/favicon.ico/App/Util/include/global.php): failed to open stream: No such file or directory
Unknown error on line 61 in file D:\phpstudy_pro\WWW\www.qphp.com\QPHP\QPHP.php
Request the address: www.qphp.com/favicon.ico
The wrong time: 2022-07-07 20:01:25
Unknown error type: [2] require_once(D:\phpstudy_pro\WWW\www.qphp.com/application/favicon.ico/App/Util/include/global.php): failed to open stream: No such file or directory
Unknown error on line 61 in file D:\phpstudy_pro\WWW\www.qphp.com\QPHP\QPHP.php
Request the address: www.qphp.com/favicon.ico
The wrong time: 2022-07-07 20:01:25
Unknown error type: [2] require_once(D:\phpstudy_pro\WWW\www.qphp.com/application/favicon.ico/App/Util/include/global.php): failed to open stream: No such file or directory
Unknown error on line 61 in file D:\phpstudy_pro\WWW\www.qphp.com\QPHP\QPHP.php
Request the address: www.qphp.com/favicon.ico
The wrong time: 2022-07-07 20:01:25
Unknown error type: [2] require_once(D:\phpstudy_pro\WWW\www.qphp.com/application/favicon.ico/App/Util/include/global.php): failed to open stream: No such file or directory
Unknown error on line 61 in file D:\phpstudy_pro\WWW\www.qphp.com\QPHP\QPHP.php
Request the address: www.qphp.com/favicon.ico
The wrong time: 2022-07-07 20:01:26
Unknown error type: [2] require_once(D:\phpstudy_pro\WWW\www.qphp.com/application/favicon.ico/App/Util/include/global.php): failed to open stream: No such file or directory
Unknown error on line 61 in file D:\phpstudy_pro\WWW\www.qphp.com\QPHP\QPHP.php
Request the address: www.qphp.com/favicon.ico
The wrong time: 2022-07-07 20:01:26
Unknown error type: [2] require_once(D:\phpstudy_pro\WWW\www.qphp.com/application/favicon.ico/App/Util/include/global.php): failed to open stream: No such file or directory
Unknown error on line 61 in file D:\phpstudy_pro\WWW\www.qphp.com\QPHP\QPHP.php
Request the address: www.qphp.com/favicon.ico
The wrong time: 2022-07-07 20:01:26
Unknown error type: [2] require_once(D:\phpstudy_pro\WWW\www.qphp.com/application/favicon.ico/App/Util/include/global.php): failed to open stream: No such file or directory
Unknown error on line 61 in file D:\phpstudy_pro\WWW\www.qphp.com\QPHP\QPHP.php
Request the address: www.qphp.com/favicon.ico
The wrong time: 2022-07-07 20:01:26
Unknown error type: [2] require_once(D:\phpstudy_pro\WWW\www.qphp.com/application/favicon.ico/App/Util/include/global.php): failed to open stream: No such file or directory
Unknown error on line 61 in file D:\phpstudy_pro\WWW\www.qphp.com\QPHP\QPHP.php
Request the address: www.qphp.com/favicon.ico
The wrong time: 2022-07-07 20:01:27
Unknown error type: [2] require_once(D:\phpstudy_pro\WWW\www.qphp.com/application/favicon.ico/App/Util/include/global.php): failed to open stream: No such file or directory
Unknown error on line 61 in file D:\phpstudy_pro\WWW\www.qphp.com\QPHP\QPHP.php
Request the address: www.qphp.com/favicon.ico
The wrong time: 2022-07-07 20:01:27
Unknown error type: [2] require_once(D:\phpstudy_pro\WWW\www.qphp.com/application/favicon.ico/App/Util/include/global.php): failed to open stream: No such file or directory
Unknown error on line 61 in file D:\phpstudy_pro\WWW\www.qphp.com\QPHP\QPHP.php
Request the address: www.qphp.com/favicon.ico
The wrong time: 2022-07-07 20:01:27
Unknown error type: [2] require_once(D:\phpstudy_pro\WWW\www.qphp.com/application/favicon.ico/App/Util/include/global.php): failed to open stream: No such file or directory
Unknown error on line 61 in file D:\phpstudy_pro\WWW\www.qphp.com\QPHP\QPHP.php
Request the address: www.qphp.com/favicon.ico
The wrong time: 2022-07-07 20:01:27
Unknown error type: [2] require_once(D:\phpstudy_pro\WWW\www.qphp.com/application/favicon.ico/App/Util/include/global.php): failed to open stream: No such file or directory
Unknown error on line 61 in file D:\phpstudy_pro\WWW\www.qphp.com\QPHP\QPHP.php
Request the address: www.qphp.com/favicon.ico
The wrong time: 2022-07-07 20:01:27
Unknown error type: [2] require_once(D:\phpstudy_pro\WWW\www.qphp.com/application/favicon.ico/App/Util/include/global.php): failed to open stream: No such file or directory
Unknown error on line 61 in file D:\phpstudy_pro\WWW\www.qphp.com\QPHP\QPHP.php
Request the address: www.qphp.com/favicon.ico
The wrong time: 2022-07-07 20:01:28
Unknown error type: [2] require_once(D:\phpstudy_pro\WWW\www.qphp.com/application/favicon.ico/App/Util/include/global.php): failed to open stream: No such file or directory
Unknown error on line 61 in file D:\phpstudy_pro\WWW\www.qphp.com\QPHP\QPHP.php
Request the address: www.qphp.com/favicon.ico
The wrong time: 2022-07-07 20:01:28
Unknown error type: [2] require_once(D:\phpstudy_pro\WWW\www.qphp.com/application/favicon.ico/App/Util/include/global.php): failed to open stream: No such file or directory
Unknown error on line 61 in file D:\phpstudy_pro\WWW\www.qphp.com\QPHP\QPHP.php
Request the address: www.qphp.com/favicon.ico
The wrong time: 2022-07-07 20:01:28
Unknown error type: [2] require_once(D:\phpstudy_pro\WWW\www.qphp.com/application/favicon.ico/App/Util/include/global.php): failed to open stream: No such file or directory
Unknown error on line 61 in file D:\phpstudy_pro\WWW\www.qphp.com\QPHP\QPHP.php
Request the address: www.qphp.com/favicon.ico
The wrong time: 2022-07-07 20:01:28
Unknown error type: [2] require_once(D:\phpstudy_pro\WWW\www.qphp.com/application/favicon.ico/App/Util/include/global.php): failed to open stream: No such file or directory
Unknown error on line 61 in file D:\phpstudy_pro\WWW\www.qphp.com\QPHP\QPHP.php
Request the address: www.qphp.com/favicon.ico
The wrong time: 2022-07-07 20:01:29
Unknown error type: [2] require_once(D:\phpstudy_pro\WWW\www.qphp.com/application/favicon.ico/App/Util/include/global.php): failed to open stream: No such file or directory
Unknown error on line 61 in file D:\phpstudy_pro\WWW\www.qphp.com\QPHP\QPHP.php
Request the address: www.qphp.com/favicon.ico
The wrong time: 2022-07-07 20:01:29
Unknown error type: [2] require_once(D:\phpstudy_pro\WWW\www.qphp.com/application/favicon.ico/App/Util/include/global.php): failed to open stream: No such file or directory
Unknown error on line 61 in file D:\phpstudy_pro\WWW\www.qphp.com\QPHP\QPHP.php
Request the address: www.qphp.com/favicon.ico
The wrong time: 2022-07-07 20:01:29
Unknown error type: [2] require_once(D:\phpstudy_pro\WWW\www.qphp.com/application/favicon.ico/App/Util/include/global.php): failed to open stream: No such file or directory
Unknown error on line 61 in file D:\phpstudy_pro\WWW\www.qphp.com\QPHP\QPHP.php
Request the address: www.qphp.com/favicon.ico
The wrong time: 2022-07-07 20:01:29
Unknown error type: [2] require_once(D:\phpstudy_pro\WWW\www.qphp.com/application/favicon.ico/App/Util/include/global.php): failed to open stream: No such file or directory
Unknown error on line 61 in file D:\phpstudy_pro\WWW\www.qphp.com\QPHP\QPHP.php
Request the address: www.qphp.com/favicon.ico
The wrong time: 2022-07-07 20:01:30
Unknown error type: [2] require_once(D:\phpstudy_pro\WWW\www.qphp.com/application/favicon.ico/App/Util/include/global.php): failed to open stream: No such file or directory
Unknown error on line 61 in file D:\phpstudy_pro\WWW\www.qphp.com\QPHP\QPHP.php
Request the address: www.qphp.com/favicon.ico
The wrong time: 2022-07-07 20:01:30
Unknown error type: [2] require_once(D:\phpstudy_pro\WWW\www.qphp.com/application/favicon.ico/App/Util/include/global.php): failed to open stream: No such file or directory
Unknown error on line 61 in file D:\phpstudy_pro\WWW\www.qphp.com\QPHP\QPHP.php
Request the address: www.qphp.com/favicon.ico
The wrong time: 2022-07-07 20:01:30
Unknown error type: [2] require_once(D:\phpstudy_pro\WWW\www.qphp.com/application/favicon.ico/App/Util/include/global.php): failed to open stream: No such file or directory
Unknown error on line 61 in file D:\phpstudy_pro\WWW\www.qphp.com\QPHP\QPHP.php
Request the address: www.qphp.com/favicon.ico
The wrong time: 2022-07-07 20:01:30
Unknown error type: [2] require_once(D:\phpstudy_pro\WWW\www.qphp.com/application/favicon.ico/App/Util/include/global.php): failed to open stream: No such file or directory
Unknown error on line 61 in file D:\phpstudy_pro\WWW\www.qphp.com\QPHP\QPHP.php
Request the address: www.qphp.com/favicon.ico
The wrong time: 2022-07-07 20:01:30
Unknown error type: [2] require_once(D:\phpstudy_pro\WWW\www.qphp.com/application/favicon.ico/App/Util/include/global.php): failed to open stream: No such file or directory
Unknown error on line 61 in file D:\phpstudy_pro\WWW\www.qphp.com\QPHP\QPHP.php
Request the address: www.qphp.com/favicon.ico
The wrong time: 2022-07-07 20:01:31
Unknown error type: [2] require_once(D:\phpstudy_pro\WWW\www.qphp.com/application/favicon.ico/App/Util/include/global.php): failed to open stream: No such file or directory
Unknown error on line 61 in file D:\phpstudy_pro\WWW\www.qphp.com\QPHP\QPHP.php
Request the address: www.qphp.com/favicon.ico
The wrong time: 2022-07-07 20:01:31
Unknown error type: [2] require_once(D:\phpstudy_pro\WWW\www.qphp.com/application/favicon.ico/App/Util/include/global.php): failed to open stream: No such file or directory
Unknown error on line 61 in file D:\phpstudy_pro\WWW\www.qphp.com\QPHP\QPHP.php
Request the address: www.qphp.com/favicon.ico
The wrong time: 2022-07-07 20:01:31
Unknown error type: [2] require_once(D:\phpstudy_pro\WWW\www.qphp.com/application/favicon.ico/App/Util/include/global.php): failed to open stream: No such file or directory
Unknown error on line 61 in file D:\phpstudy_pro\WWW\www.qphp.com\QPHP\QPHP.php
Request the address: www.qphp.com/favicon.ico
The wrong time: 2022-07-07 20:01:32
Unknown error type: [2] require_once(D:\phpstudy_pro\WWW\www.qphp.com/application/favicon.ico/App/Util/include/global.php): failed to open stream: No such file or directory
Unknown error on line 61 in file D:\phpstudy_pro\WWW\www.qphp.com\QPHP\QPHP.php
Request the address: www.qphp.com/favicon.ico
The wrong time: 2022-07-07 20:01:32
Unknown error type: [2] require_once(D:\phpstudy_pro\WWW\www.qphp.com/application/favicon.ico/App/Util/include/global.php): failed to open stream: No such file or directory
Unknown error on line 61 in file D:\phpstudy_pro\WWW\www.qphp.com\QPHP\QPHP.php
Request the address: www.qphp.com/favicon.ico
The wrong time: 2022-07-07 20:01:33
Unknown error type: [2] require_once(D:\phpstudy_pro\WWW\www.qphp.com/application/favicon.ico/App/Util/include/global.php): failed to open stream: No such file or directory
Unknown error on line 61 in file D:\phpstudy_pro\WWW\www.qphp.com\QPHP\QPHP.php
Request the address: www.qphp.com/favicon.ico
The wrong time: 2022-07-07 20:01:33
Unknown error type: [2] require_once(D:\phpstudy_pro\WWW\www.qphp.com/application/favicon.ico/App/Util/include/global.php): failed to open stream: No such file or directory
Unknown error on line 61 in file D:\phpstudy_pro\WWW\www.qphp.com\QPHP\QPHP.php
Request the address: www.qphp.com/favicon.ico
The wrong time: 2022-07-07 20:01:33
Unknown error type: [2] require_once(D:\phpstudy_pro\WWW\www.qphp.com/application/favicon.ico/App/Util/include/global.php): failed to open stream: No such file or directory
Unknown error on line 61 in file D:\phpstudy_pro\WWW\www.qphp.com\QPHP\QPHP.php
Request the address: www.qphp.com/favicon.ico
The wrong time: 2022-07-07 20:01:33
Unknown error type: [2] require_once(D:\phpstudy_pro\WWW\www.qphp.com/application/favicon.ico/App/Util/include/global.php): failed to open stream: No such file or directory
Unknown error on line 61 in file D:\phpstudy_pro\WWW\www.qphp.com\QPHP\QPHP.php
Request the address: www.qphp.com/favicon.ico
The wrong time: 2022-07-07 20:01:34
Unknown error type: [2] require_once(D:\phpstudy_pro\WWW\www.qphp.com/application/favicon.ico/App/Util/include/global.php): failed to open stream: No such file or directory
Unknown error on line 61 in file D:\phpstudy_pro\WWW\www.qphp.com\QPHP\QPHP.php
Request the address: www.qphp.com/favicon.ico
The wrong time: 2022-07-07 20:01:34
Unknown error type: [2] require_once(D:\phpstudy_pro\WWW\www.qphp.com/application/favicon.ico/App/Util/include/global.php): failed to open stream: No such file or directory
Unknown error on line 61 in file D:\phpstudy_pro\WWW\www.qphp.com\QPHP\QPHP.php
Request the address: www.qphp.com/favicon.ico
The wrong time: 2022-07-07 20:01:34
Unknown error type: [2] require_once(D:\phpstudy_pro\WWW\www.qphp.com/application/favicon.ico/App/Util/include/global.php): failed to open stream: No such file or directory
Unknown error on line 61 in file D:\phpstudy_pro\WWW\www.qphp.com\QPHP\QPHP.php
Request the address: www.qphp.com/favicon.ico
The wrong time: 2022-07-07 20:01:35
Unknown error type: [2] require_once(D:\phpstudy_pro\WWW\www.qphp.com/application/favicon.ico/App/Util/include/global.php): failed to open stream: No such file or directory
Unknown error on line 61 in file D:\phpstudy_pro\WWW\www.qphp.com\QPHP\QPHP.php
Request the address: www.qphp.com/favicon.ico
The wrong time: 2022-07-07 20:01:35
Unknown error type: [2] require_once(D:\phpstudy_pro\WWW\www.qphp.com/application/favicon.ico/App/Util/include/global.php): failed to open stream: No such file or directory
Unknown error on line 61 in file D:\phpstudy_pro\WWW\www.qphp.com\QPHP\QPHP.php
Request the address: www.qphp.com/favicon.ico
The wrong time: 2022-07-07 20:01:35
Unknown error type: [2] require_once(D:\phpstudy_pro\WWW\www.qphp.com/application/favicon.ico/App/Util/include/global.php): failed to open stream: No such file or directory
Unknown error on line 61 in file D:\phpstudy_pro\WWW\www.qphp.com\QPHP\QPHP.php
Request the address: www.qphp.com/favicon.ico
The wrong time: 2022-07-07 20:01:36
Unknown error type: [2] require_once(D:\phpstudy_pro\WWW\www.qphp.com/application/favicon.ico/App/Util/include/global.php): failed to open stream: No such file or directory
Unknown error on line 61 in file D:\phpstudy_pro\WWW\www.qphp.com\QPHP\QPHP.php
Request the address: www.qphp.com/favicon.ico
The wrong time: 2022-07-07 20:01:36
Unknown error type: [2] require_once(D:\phpstudy_pro\WWW\www.qphp.com/application/favicon.ico/App/Util/include/global.php): failed to open stream: No such file or directory
Unknown error on line 61 in file D:\phpstudy_pro\WWW\www.qphp.com\QPHP\QPHP.php
Request the address: www.qphp.com/favicon.ico
The wrong time: 2022-07-07 20:01:36
Unknown error type: [2] require_once(D:\phpstudy_pro\WWW\www.qphp.com/application/favicon.ico/App/Util/include/global.php): failed to open stream: No such file or directory
Unknown error on line 61 in file D:\phpstudy_pro\WWW\www.qphp.com\QPHP\QPHP.php
Request the address: www.qphp.com/favicon.ico
The wrong time: 2022-07-07 20:01:36
Unknown error type: [2] require_once(D:\phpstudy_pro\WWW\www.qphp.com/application/favicon.ico/App/Util/include/global.php): failed to open stream: No such file or directory
Unknown error on line 61 in file D:\phpstudy_pro\WWW\www.qphp.com\QPHP\QPHP.php
Request the address: www.qphp.com/favicon.ico
The wrong time: 2022-07-07 20:01:36
Unknown error type: [2] require_once(D:\phpstudy_pro\WWW\www.qphp.com/application/favicon.ico/App/Util/include/global.php): failed to open stream: No such file or directory
Unknown error on line 61 in file D:\phpstudy_pro\WWW\www.qphp.com\QPHP\QPHP.php
Request the address: www.qphp.com/favicon.ico
The wrong time: 2022-07-07 20:01:37
Unknown error type: [2] require_once(D:\phpstudy_pro\WWW\www.qphp.com/application/favicon.ico/App/Util/include/global.php): failed to open stream: No such file or directory
Unknown error on line 61 in file D:\phpstudy_pro\WWW\www.qphp.com\QPHP\QPHP.php
Request the address: www.qphp.com/favicon.ico
The wrong time: 2022-07-07 20:01:37
Unknown error type: [2] require_once(D:\phpstudy_pro\WWW\www.qphp.com/application/favicon.ico/App/Util/include/global.php): failed to open stream: No such file or directory
Unknown error on line 61 in file D:\phpstudy_pro\WWW\www.qphp.com\QPHP\QPHP.php
Request the address: www.qphp.com/favicon.ico
The wrong time: 2022-07-07 20:01:37
Unknown error type: [2] require_once(D:\phpstudy_pro\WWW\www.qphp.com/application/favicon.ico/App/Util/include/global.php): failed to open stream: No such file or directory
Unknown error on line 61 in file D:\phpstudy_pro\WWW\www.qphp.com\QPHP\QPHP.php
Request the address: www.qphp.com/favicon.ico
The wrong time: 2022-07-07 20:01:37
Unknown error type: [2] require_once(D:\phpstudy_pro\WWW\www.qphp.com/application/favicon.ico/App/Util/include/global.php): failed to open stream: No such file or directory
Unknown error on line 61 in file D:\phpstudy_pro\WWW\www.qphp.com\QPHP\QPHP.php
Request the address: www.qphp.com/favicon.ico
The wrong time: 2022-07-07 20:01:38
Unknown error type: [2] require_once(D:\phpstudy_pro\WWW\www.qphp.com/application/favicon.ico/App/Util/include/global.php): failed to open stream: No such file or directory
Unknown error on line 61 in file D:\phpstudy_pro\WWW\www.qphp.com\QPHP\QPHP.php
Request the address: www.qphp.com/favicon.ico
The wrong time: 2022-07-07 20:01:38
Unknown error type: [2] require_once(D:\phpstudy_pro\WWW\www.qphp.com/application/favicon.ico/App/Util/include/global.php): failed to open stream: No such file or directory
Unknown error on line 61 in file D:\phpstudy_pro\WWW\www.qphp.com\QPHP\QPHP.php
Request the address: www.qphp.com/favicon.ico
The wrong time: 2022-07-07 20:01:38
Unknown error type: [2] require_once(D:\phpstudy_pro\WWW\www.qphp.com/application/favicon.ico/App/Util/include/global.php): failed to open stream: No such file or directory
Unknown error on line 61 in file D:\phpstudy_pro\WWW\www.qphp.com\QPHP\QPHP.php
Request the address: www.qphp.com/favicon.ico
The wrong time: 2022-07-07 20:01:38
Unknown error type: [2] require_once(D:\phpstudy_pro\WWW\www.qphp.com/application/favicon.ico/App/Util/include/global.php): failed to open stream: No such file or directory
Unknown error on line 61 in file D:\phpstudy_pro\WWW\www.qphp.com\QPHP\QPHP.php
Request the address: www.qphp.com/favicon.ico
The wrong time: 2022-07-07 20:01:39
Unknown error type: [2] require_once(D:\phpstudy_pro\WWW\www.qphp.com/application/favicon.ico/App/Util/include/global.php): failed to open stream: No such file or directory
Unknown error on line 61 in file D:\phpstudy_pro\WWW\www.qphp.com\QPHP\QPHP.php
Request the address: www.qphp.com/favicon.ico
The wrong time: 2022-07-07 20:01:39
Unknown error type: [2] require_once(D:\phpstudy_pro\WWW\www.qphp.com/application/favicon.ico/App/Util/include/global.php): failed to open stream: No such file or directory
Unknown error on line 61 in file D:\phpstudy_pro\WWW\www.qphp.com\QPHP\QPHP.php
Request the address: www.qphp.com/favicon.ico
The wrong time: 2022-07-07 20:01:39
Unknown error type: [2] require_once(D:\phpstudy_pro\WWW\www.qphp.com/application/favicon.ico/App/Util/include/global.php): failed to open stream: No such file or directory
Unknown error on line 61 in file D:\phpstudy_pro\WWW\www.qphp.com\QPHP\QPHP.php
Request the address: www.qphp.com/favicon.ico
The wrong time: 2022-07-07 20:01:39
Unknown error type: [2] require_once(D:\phpstudy_pro\WWW\www.qphp.com/application/favicon.ico/App/Util/include/global.php): failed to open stream: No such file or directory
Unknown error on line 61 in file D:\phpstudy_pro\WWW\www.qphp.com\QPHP\QPHP.php
Request the address: www.qphp.com/favicon.ico
The wrong time: 2022-07-07 20:01:39
Unknown error type: [2] require_once(D:\phpstudy_pro\WWW\www.qphp.com/application/favicon.ico/App/Util/include/global.php): failed to open stream: No such file or directory
Unknown error on line 61 in file D:\phpstudy_pro\WWW\www.qphp.com\QPHP\QPHP.php
Request the address: www.qphp.com/favicon.ico
The wrong time: 2022-07-07 20:01:40
Unknown error type: [2] require_once(D:\phpstudy_pro\WWW\www.qphp.com/application/favicon.ico/App/Util/include/global.php): failed to open stream: No such file or directory
Unknown error on line 61 in file D:\phpstudy_pro\WWW\www.qphp.com\QPHP\QPHP.php
Request the address: www.qphp.com/favicon.ico
The wrong time: 2022-07-07 20:01:40
Unknown error type: [2] require_once(D:\phpstudy_pro\WWW\www.qphp.com/application/favicon.ico/App/Util/include/global.php): failed to open stream: No such file or directory
Unknown error on line 61 in file D:\phpstudy_pro\WWW\www.qphp.com\QPHP\QPHP.php
Request the address: www.qphp.com/favicon.ico
The wrong time: 2022-07-07 20:01:40
Unknown error type: [2] require_once(D:\phpstudy_pro\WWW\www.qphp.com/application/favicon.ico/App/Util/include/global.php): failed to open stream: No such file or directory
Unknown error on line 61 in file D:\phpstudy_pro\WWW\www.qphp.com\QPHP\QPHP.php
Request the address: www.qphp.com/favicon.ico
The wrong time: 2022-07-07 20:01:40
Unknown error type: [2] require_once(D:\phpstudy_pro\WWW\www.qphp.com/application/favicon.ico/App/Util/include/global.php): failed to open stream: No such file or directory
Unknown error on line 61 in file D:\phpstudy_pro\WWW\www.qphp.com\QPHP\QPHP.php
Request the address: www.qphp.com/favicon.ico
The wrong time: 2022-07-07 20:01:41
Unknown error type: [2] require_once(D:\phpstudy_pro\WWW\www.qphp.com/application/favicon.ico/App/Util/include/global.php): failed to open stream: No such file or directory
Unknown error on line 61 in file D:\phpstudy_pro\WWW\www.qphp.com\QPHP\QPHP.php
Request the address: www.qphp.com/favicon.ico
The wrong time: 2022-07-07 20:01:41
Unknown error type: [2] require_once(D:\phpstudy_pro\WWW\www.qphp.com/application/favicon.ico/App/Util/include/global.php): failed to open stream: No such file or directory
Unknown error on line 61 in file D:\phpstudy_pro\WWW\www.qphp.com\QPHP\QPHP.php
Request the address: www.qphp.com/favicon.ico
The wrong time: 2022-07-07 20:01:41
Unknown error type: [2] require_once(D:\phpstudy_pro\WWW\www.qphp.com/application/favicon.ico/App/Util/include/global.php): failed to open stream: No such file or directory
Unknown error on line 61 in file D:\phpstudy_pro\WWW\www.qphp.com\QPHP\QPHP.php
Request the address: www.qphp.com/favicon.ico
The wrong time: 2022-07-07 20:01:41
Unknown error type: [2] require_once(D:\phpstudy_pro\WWW\www.qphp.com/application/favicon.ico/App/Util/include/global.php): failed to open stream: No such file or directory
Unknown error on line 61 in file D:\phpstudy_pro\WWW\www.qphp.com\QPHP\QPHP.php
Request the address: www.qphp.com/favicon.ico
The wrong time: 2022-07-07 20:01:42
Unknown error type: [2] require_once(D:\phpstudy_pro\WWW\www.qphp.com/application/favicon.ico/App/Util/include/global.php): failed to open stream: No such file or directory
Unknown error on line 61 in file D:\phpstudy_pro\WWW\www.qphp.com\QPHP\QPHP.php
Request the address: www.qphp.com/favicon.ico
The wrong time: 2022-07-07 20:01:42
Unknown error type: [2] require_once(D:\phpstudy_pro\WWW\www.qphp.com/application/favicon.ico/App/Util/include/global.php): failed to open stream: No such file or directory
Unknown error on line 61 in file D:\phpstudy_pro\WWW\www.qphp.com\QPHP\QPHP.php
Request the address: www.qphp.com/favicon.ico
The wrong time: 2022-07-07 20:01:43
Unknown error type: [2] require_once(D:\phpstudy_pro\WWW\www.qphp.com/application/favicon.ico/App/Util/include/global.php): failed to open stream: No such file or directory
Unknown error on line 61 in file D:\phpstudy_pro\WWW\www.qphp.com\QPHP\QPHP.php
Request the address: www.qphp.com/favicon.ico
The wrong time: 2022-07-07 20:01:43
Unknown error type: [2] require_once(D:\phpstudy_pro\WWW\www.qphp.com/application/favicon.ico/App/Util/include/global.php): failed to open stream: No such file or directory
Unknown error on line 61 in file D:\phpstudy_pro\WWW\www.qphp.com\QPHP\QPHP.php
Request the address: www.qphp.com/favicon.ico
The wrong time: 2022-07-07 20:01:44
Unknown error type: [2] require_once(D:\phpstudy_pro\WWW\www.qphp.com/application/favicon.ico/App/Util/include/global.php): failed to open stream: No such file or directory
Unknown error on line 61 in file D:\phpstudy_pro\WWW\www.qphp.com\QPHP\QPHP.php
Request the address: www.qphp.com/favicon.ico
The wrong time: 2022-07-07 20:01:44
Unknown error type: [2] require_once(D:\phpstudy_pro\WWW\www.qphp.com/application/favicon.ico/App/Util/include/global.php): failed to open stream: No such file or directory
Unknown error on line 61 in file D:\phpstudy_pro\WWW\www.qphp.com\QPHP\QPHP.php
Request the address: www.qphp.com/favicon.ico
The wrong time: 2022-07-07 20:01:45
Unknown error type: [2] require_once(D:\phpstudy_pro\WWW\www.qphp.com/application/favicon.ico/App/Util/include/global.php): failed to open stream: No such file or directory
Unknown error on line 61 in file D:\phpstudy_pro\WWW\www.qphp.com\QPHP\QPHP.php
Request the address: www.qphp.com/favicon.ico
The wrong time: 2022-07-07 20:01:46
Unknown error type: [2] require_once(D:\phpstudy_pro\WWW\www.qphp.com/application/favicon.ico/App/Util/include/global.php): failed to open stream: No such file or directory
Unknown error on line 61 in file D:\phpstudy_pro\WWW\www.qphp.com\QPHP\QPHP.php
Request the address: www.qphp.com/favicon.ico
The wrong time: 2022-07-07 20:01:47
Unknown error type: [2] require_once(D:\phpstudy_pro\WWW\www.qphp.com/application/favicon.ico/App/Util/include/global.php): failed to open stream: No such file or directory
Unknown error on line 61 in file D:\phpstudy_pro\WWW\www.qphp.com\QPHP\QPHP.php
Request the address: www.qphp.com/favicon.ico
The wrong time: 2022-07-07 20:01:48
Unknown error type: [2] require_once(D:\phpstudy_pro\WWW\www.qphp.com/application/favicon.ico/App/Util/include/global.php): failed to open stream: No such file or directory
Unknown error on line 61 in file D:\phpstudy_pro\WWW\www.qphp.com\QPHP\QPHP.php
Request the address: www.qphp.com/favicon.ico
The wrong time: 2022-07-07 20:02:58
Unknown error type: [2] require_once(D:\phpstudy_pro\WWW\www.qphp.com/application/favicon.ico/App/Util/include/global.php): failed to open stream: No such file or directory
Unknown error on line 61 in file D:\phpstudy_pro\WWW\www.qphp.com\QPHP\QPHP.php
Request the address: www.qphp.com/favicon.ico
The wrong time: 2022-07-07 20:03:07
Unknown error type: [2] require_once(D:\phpstudy_pro\WWW\www.qphp.com/application/favicon.ico/App/Util/include/global.php): failed to open stream: No such file or directory
Unknown error on line 61 in file D:\phpstudy_pro\WWW\www.qphp.com\QPHP\QPHP.php
Request the address: www.qphp.com/favicon.ico
The wrong time: 2022-07-07 20:03:28
Unknown error type: [2] require_once(D:\phpstudy_pro\WWW\www.qphp.com/application/favicon.ico/App/Util/include/global.php): failed to open stream: No such file or directory
Unknown error on line 61 in file D:\phpstudy_pro\WWW\www.qphp.com\QPHP\QPHP.php
Request the address: www.qphp.com/favicon.ico
The wrong time: 2022-07-07 20:03:30
Unknown error type: [2] require_once(D:\phpstudy_pro\WWW\www.qphp.com/application/favicon.ico/App/Util/include/global.php): failed to open stream: No such file or directory
Unknown error on line 61 in file D:\phpstudy_pro\WWW\www.qphp.com\QPHP\QPHP.php
Request the address: www.qphp.com/favicon.ico
The wrong time: 2022-07-07 20:03:30
Unknown error type: [2] require_once(D:\phpstudy_pro\WWW\www.qphp.com/application/favicon.ico/App/Util/include/global.php): failed to open stream: No such file or directory
Unknown error on line 61 in file D:\phpstudy_pro\WWW\www.qphp.com\QPHP\QPHP.php
Request the address: www.qphp.com/favicon.ico
The wrong time: 2022-07-07 20:03:32
Unknown error type: [2] require_once(D:\phpstudy_pro\WWW\www.qphp.com/application/favicon.ico/App/Util/include/global.php): failed to open stream: No such file or directory
Unknown error on line 61 in file D:\phpstudy_pro\WWW\www.qphp.com\QPHP\QPHP.php
Request the address: www.qphp.com/favicon.ico
The wrong time: 2022-07-07 20:03:32
Unknown error type: [2] require_once(D:\phpstudy_pro\WWW\www.qphp.com/application/favicon.ico/App/Util/include/global.php): failed to open stream: No such file or directory
Unknown error on line 61 in file D:\phpstudy_pro\WWW\www.qphp.com\QPHP\QPHP.php
Request the address: www.qphp.com/favicon.ico
The wrong time: 2022-07-07 20:03:34
Unknown error type: [2] require_once(D:\phpstudy_pro\WWW\www.qphp.com/application/favicon.ico/App/Util/include/global.php): failed to open stream: No such file or directory
Unknown error on line 61 in file D:\phpstudy_pro\WWW\www.qphp.com\QPHP\QPHP.php
Request the address: www.qphp.com/favicon.ico
The wrong time: 2022-07-07 20:03:36
Unknown error type: [2] require_once(D:\phpstudy_pro\WWW\www.qphp.com/application/favicon.ico/App/Util/include/global.php): failed to open stream: No such file or directory
Unknown error on line 61 in file D:\phpstudy_pro\WWW\www.qphp.com\QPHP\QPHP.php
Request the address: www.qphp.com/favicon.ico
The wrong time: 2022-07-07 20:05:49
Unknown error type: [2] require_once(D:\phpstudy_pro\WWW\www.qphp.com/application/favicon.ico/App/Util/include/global.php): failed to open stream: No such file or directory
Unknown error on line 61 in file D:\phpstudy_pro\WWW\www.qphp.com\QPHP\QPHP.php
Request the address: www.qphp.com/favicon.ico
The wrong time: 2022-07-07 20:05:56
Unknown error type: [2] require_once(D:\phpstudy_pro\WWW\www.qphp.com/application/favicon.ico/App/Util/include/global.php): failed to open stream: No such file or directory
Unknown error on line 61 in file D:\phpstudy_pro\WWW\www.qphp.com\QPHP\QPHP.php
Request the address: www.qphp.com/favicon.ico
The wrong time: 2022-07-07 20:06:01
Unknown error type: [2] require_once(D:\phpstudy_pro\WWW\www.qphp.com/application/favicon.ico/App/Util/include/global.php): failed to open stream: No such file or directory
Unknown error on line 61 in file D:\phpstudy_pro\WWW\www.qphp.com\QPHP\QPHP.php
Request the address: www.qphp.com/favicon.ico
The wrong time: 2022-07-07 20:06:04
Unknown error type: [2] require_once(D:\phpstudy_pro\WWW\www.qphp.com/application/favicon.ico/App/Util/include/global.php): failed to open stream: No such file or directory
Unknown error on line 61 in file D:\phpstudy_pro\WWW\www.qphp.com\QPHP\QPHP.php
Request the address: www.qphp.com/favicon.ico
The wrong time: 2022-07-07 20:15:41
Unknown error type: [2] require_once(D:\phpstudy_pro\WWW\www.qphp.com/application/favicon.ico/App/Util/include/global.php): failed to open stream: No such file or directory
Unknown error on line 61 in file D:\phpstudy_pro\WWW\www.qphp.com\QPHP\QPHP.php
Request the address: www.qphp.com/favicon.ico
The wrong time: 2022-07-07 20:15:42
Unknown error type: [2] require_once(D:\phpstudy_pro\WWW\www.qphp.com/application/favicon.ico/App/Util/include/global.php): failed to open stream: No such file or directory
Unknown error on line 61 in file D:\phpstudy_pro\WWW\www.qphp.com\QPHP\QPHP.php
Request the address: www.qphp.com/favicon.ico
The wrong time: 2022-07-07 20:15:43
Unknown error type: [2] require_once(D:\phpstudy_pro\WWW\www.qphp.com/application/favicon.ico/App/Util/include/global.php): failed to open stream: No such file or directory
Unknown error on line 61 in file D:\phpstudy_pro\WWW\www.qphp.com\QPHP\QPHP.php
Request the address: www.qphp.com/favicon.ico
The wrong time: 2022-07-07 20:15:44
Unknown error type: [2] require_once(D:\phpstudy_pro\WWW\www.qphp.com/application/favicon.ico/App/Util/include/global.php): failed to open stream: No such file or directory
Unknown error on line 61 in file D:\phpstudy_pro\WWW\www.qphp.com\QPHP\QPHP.php
Request the address: www.qphp.com/favicon.ico
The wrong time: 2022-07-07 20:16:36
Unknown error type: [2] require_once(D:\phpstudy_pro\WWW\www.qphp.com/application/favicon.ico/App/Util/include/global.php): failed to open stream: No such file or directory
Unknown error on line 61 in file D:\phpstudy_pro\WWW\www.qphp.com\QPHP\QPHP.php
Request the address: www.qphp.com/favicon.ico
The wrong time: 2022-07-07 20:16:39
Unknown error type: [2] require_once(D:\phpstudy_pro\WWW\www.qphp.com/application/favicon.ico/App/Util/include/global.php): failed to open stream: No such file or directory
Unknown error on line 61 in file D:\phpstudy_pro\WWW\www.qphp.com\QPHP\QPHP.php
Request the address: www.qphp.com/favicon.ico
The wrong time: 2022-07-07 20:16:45
Unknown error type: [2] require_once(D:\phpstudy_pro\WWW\www.qphp.com/application/favicon.ico/App/Util/include/global.php): failed to open stream: No such file or directory
Unknown error on line 61 in file D:\phpstudy_pro\WWW\www.qphp.com\QPHP\QPHP.php
Request the address: www.qphp.com/favicon.ico
The wrong time: 2022-07-07 20:16:52
Unknown error type: [2] require_once(D:\phpstudy_pro\WWW\www.qphp.com/application/favicon.ico/App/Util/include/global.php): failed to open stream: No such file or directory
Unknown error on line 61 in file D:\phpstudy_pro\WWW\www.qphp.com\QPHP\QPHP.php
Request the address: www.qphp.com/favicon.ico
The wrong time: 2022-07-07 20:16:54
Unknown error type: [2] require_once(D:\phpstudy_pro\WWW\www.qphp.com/application/favicon.ico/App/Util/include/global.php): failed to open stream: No such file or directory
Unknown error on line 61 in file D:\phpstudy_pro\WWW\www.qphp.com\QPHP\QPHP.php
Request the address: www.qphp.com/favicon.ico
The wrong time: 2022-07-07 20:16:57
Unknown error type: [2] require_once(D:\phpstudy_pro\WWW\www.qphp.com/application/favicon.ico/App/Util/include/global.php): failed to open stream: No such file or directory
Unknown error on line 61 in file D:\phpstudy_pro\WWW\www.qphp.com\QPHP\QPHP.php
Request the address: www.qphp.com/favicon.ico
The wrong time: 2022-07-07 20:17:01
Unknown error type: [2] require_once(D:\phpstudy_pro\WWW\www.qphp.com/application/favicon.ico/App/Util/include/global.php): failed to open stream: No such file or directory
Unknown error on line 61 in file D:\phpstudy_pro\WWW\www.qphp.com\QPHP\QPHP.php
Request the address: www.qphp.com/favicon.ico
The wrong time: 2022-07-07 20:17:12
Unknown error type: [2] require_once(D:\phpstudy_pro\WWW\www.qphp.com/application/favicon.ico/App/Util/include/global.php): failed to open stream: No such file or directory
Unknown error on line 61 in file D:\phpstudy_pro\WWW\www.qphp.com\QPHP\QPHP.php
Request the address: www.qphp.com/favicon.ico
The wrong time: 2022-07-07 20:31:42
Unknown error type: [2] require_once(D:\phpstudy_pro\WWW\www.qphp.com/application/favicon.ico/App/Util/include/global.php): failed to open stream: No such file or directory
Unknown error on line 61 in file D:\phpstudy_pro\WWW\www.qphp.com\QPHP\QPHP.php
Request the address: www.qphp.com/favicon.ico
The wrong time: 2022-07-07 20:32:03
Unknown error type: [2] require_once(D:\phpstudy_pro\WWW\www.qphp.com/application/favicon.ico/App/Util/include/global.php): failed to open stream: No such file or directory
Unknown error on line 61 in file D:\phpstudy_pro\WWW\www.qphp.com\QPHP\QPHP.php
Request the address: www.qphp.com/favicon.ico
The wrong time: 2022-07-07 20:32:07
Unknown error type: [2] require_once(D:\phpstudy_pro\WWW\www.qphp.com/application/favicon.ico/App/Util/include/global.php): failed to open stream: No such file or directory
Unknown error on line 61 in file D:\phpstudy_pro\WWW\www.qphp.com\QPHP\QPHP.php
Request the address: www.qphp.com/favicon.ico
The wrong time: 2022-07-07 20:32:10
Unknown error type: [2] require_once(D:\phpstudy_pro\WWW\www.qphp.com/application/favicon.ico/App/Util/include/global.php): failed to open stream: No such file or directory
Unknown error on line 61 in file D:\phpstudy_pro\WWW\www.qphp.com\QPHP\QPHP.php
Request the address: www.qphp.com/favicon.ico
The wrong time: 2022-07-07 20:32:13
Unknown error type: [2] require_once(D:\phpstudy_pro\WWW\www.qphp.com/application/favicon.ico/App/Util/include/global.php): failed to open stream: No such file or directory
Unknown error on line 61 in file D:\phpstudy_pro\WWW\www.qphp.com\QPHP\QPHP.php
Request the address: www.qphp.com/favicon.ico
The wrong time: 2022-07-07 20:32:13
Unknown error type: [2] require_once(D:\phpstudy_pro\WWW\www.qphp.com/application/favicon.ico/App/Util/include/global.php): failed to open stream: No such file or directory
Unknown error on line 61 in file D:\phpstudy_pro\WWW\www.qphp.com\QPHP\QPHP.php
Request the address: www.qphp.com/favicon.ico
The wrong time: 2022-07-07 20:32:16
Unknown error type: [2] require_once(D:\phpstudy_pro\WWW\www.qphp.com/application/favicon.ico/App/Util/include/global.php): failed to open stream: No such file or directory
Unknown error on line 61 in file D:\phpstudy_pro\WWW\www.qphp.com\QPHP\QPHP.php
Request the address: www.qphp.com/favicon.ico
The wrong time: 2022-07-07 20:32:19
Unknown error type: [2] require_once(D:\phpstudy_pro\WWW\www.qphp.com/application/favicon.ico/App/Util/include/global.php): failed to open stream: No such file or directory
Unknown error on line 61 in file D:\phpstudy_pro\WWW\www.qphp.com\QPHP\QPHP.php
Request the address: www.qphp.com/favicon.ico
The wrong time: 2022-07-07 20:32:21
Unknown error type: [2] require_once(D:\phpstudy_pro\WWW\www.qphp.com/application/favicon.ico/App/Util/include/global.php): failed to open stream: No such file or directory
Unknown error on line 61 in file D:\phpstudy_pro\WWW\www.qphp.com\QPHP\QPHP.php
Request the address: www.qphp.com/favicon.ico
The wrong time: 2022-07-07 20:32:23
Unknown error type: [2] require_once(D:\phpstudy_pro\WWW\www.qphp.com/application/favicon.ico/App/Util/include/global.php): failed to open stream: No such file or directory
Unknown error on line 61 in file D:\phpstudy_pro\WWW\www.qphp.com\QPHP\QPHP.php
Request the address: www.qphp.com/favicon.ico
The wrong time: 2022-07-07 20:32:25
Unknown error type: [2] require_once(D:\phpstudy_pro\WWW\www.qphp.com/application/favicon.ico/App/Util/include/global.php): failed to open stream: No such file or directory
Unknown error on line 61 in file D:\phpstudy_pro\WWW\www.qphp.com\QPHP\QPHP.php
Request the address: www.qphp.com/favicon.ico
The wrong time: 2022-07-07 20:32:28
Unknown error type: [2] require_once(D:\phpstudy_pro\WWW\www.qphp.com/application/favicon.ico/App/Util/include/global.php): failed to open stream: No such file or directory
Unknown error on line 61 in file D:\phpstudy_pro\WWW\www.qphp.com\QPHP\QPHP.php
Request the address: www.qphp.com/favicon.ico
The wrong time: 2022-07-07 20:32:48
Unknown error type: [2] require_once(D:\phpstudy_pro\WWW\www.qphp.com/application/favicon.ico/App/Util/include/global.php): failed to open stream: No such file or directory
Unknown error on line 61 in file D:\phpstudy_pro\WWW\www.qphp.com\QPHP\QPHP.php
Request the address: www.qphp.com/favicon.ico
The wrong time: 2022-07-07 20:36:48
Unknown error type: [2] require_once(D:\phpstudy_pro\WWW\www.qphp.com/application/favicon.ico/App/Util/include/global.php): failed to open stream: No such file or directory
Unknown error on line 61 in file D:\phpstudy_pro\WWW\www.qphp.com\QPHP\QPHP.php
Request the address: www.qphp.com/favicon.ico
The wrong time: 2022-07-07 20:57:27
Unknown error type: [2] require_once(D:\phpstudy_pro\WWW\www.qphp.com/application/favicon.ico/App/Util/include/global.php): failed to open stream: No such file or directory
Unknown error on line 61 in file D:\phpstudy_pro\WWW\www.qphp.com\QPHP\QPHP.php
Request the address: www.qphp.com/favicon.ico
The wrong time: 2022-07-07 20:57:36
Unknown error type: [2] require_once(D:\phpstudy_pro\WWW\www.qphp.com/application/favicon.ico/App/Util/include/global.php): failed to open stream: No such file or directory
Unknown error on line 61 in file D:\phpstudy_pro\WWW\www.qphp.com\QPHP\QPHP.php
Request the address: www.qphp.com/favicon.ico
The wrong time: 2022-07-07 20:57:39
Unknown error type: [2] require_once(D:\phpstudy_pro\WWW\www.qphp.com/application/favicon.ico/App/Util/include/global.php): failed to open stream: No such file or directory
Unknown error on line 61 in file D:\phpstudy_pro\WWW\www.qphp.com\QPHP\QPHP.php
Request the address: www.qphp.com/favicon.ico
The wrong time: 2022-07-07 20:57:47
Unknown error type: [2] require_once(D:\phpstudy_pro\WWW\www.qphp.com/application/favicon.ico/App/Util/include/global.php): failed to open stream: No such file or directory
Unknown error on line 61 in file D:\phpstudy_pro\WWW\www.qphp.com\QPHP\QPHP.php
Request the address: www.qphp.com/favicon.ico
The wrong time: 2022-07-07 20:57:48
Unknown error type: [2] require_once(D:\phpstudy_pro\WWW\www.qphp.com/application/favicon.ico/App/Util/include/global.php): failed to open stream: No such file or directory
Unknown error on line 61 in file D:\phpstudy_pro\WWW\www.qphp.com\QPHP\QPHP.php
Request the address: www.qphp.com/favicon.ico
The wrong time: 2022-07-07 20:57:51
Unknown error type: [2] require_once(D:\phpstudy_pro\WWW\www.qphp.com/application/favicon.ico/App/Util/include/global.php): failed to open stream: No such file or directory
Unknown error on line 61 in file D:\phpstudy_pro\WWW\www.qphp.com\QPHP\QPHP.php
Request the address: www.qphp.com/favicon.ico
The wrong time: 2022-07-07 20:59:43
Unknown error type: [2] require_once(D:\phpstudy_pro\WWW\www.qphp.com/application/favicon.ico/App/Util/include/global.php): failed to open stream: No such file or directory
Unknown error on line 61 in file D:\phpstudy_pro\WWW\www.qphp.com\QPHP\QPHP.php
Request the address: www.qphp.com/favicon.ico
The wrong time: 2022-07-07 21:02:18
Unknown error type: [2] require_once(D:\phpstudy_pro\WWW\www.qphp.com/application/favicon.ico/App/Util/include/global.php): failed to open stream: No such file or directory
Unknown error on line 61 in file D:\phpstudy_pro\WWW\www.qphp.com\QPHP\QPHP.php
Request the address: www.qphp.com/favicon.ico
The wrong time: 2022-07-07 21:02:22
Unknown error type: [2] require_once(D:\phpstudy_pro\WWW\www.qphp.com/application/favicon.ico/App/Util/include/global.php): failed to open stream: No such file or directory
Unknown error on line 61 in file D:\phpstudy_pro\WWW\www.qphp.com\QPHP\QPHP.php
Request the address: www.qphp.com/favicon.ico
The wrong time: 2022-07-07 21:23:09
Unknown error type: [2] require_once(D:\phpstudy_pro\WWW\www.qphp.com/application/favicon.ico/App/Util/include/global.php): failed to open stream: No such file or directory
Unknown error on line 61 in file D:\phpstudy_pro\WWW\www.qphp.com\QPHP\QPHP.php
Request the address: www.qphp.com/favicon.ico
The wrong time: 2022-07-07 21:23:42
Unknown error type: [2] require_once(D:\phpstudy_pro\WWW\www.qphp.com/application/favicon.ico/App/Util/include/global.php): failed to open stream: No such file or directory
Unknown error on line 61 in file D:\phpstudy_pro\WWW\www.qphp.com\QPHP\QPHP.php
Request the address: www.qphp.com/favicon.ico
The wrong time: 2022-07-07 21:24:23
Unknown error type: [2] require_once(D:\phpstudy_pro\WWW\www.qphp.com/application/favicon.ico/App/Util/include/global.php): failed to open stream: No such file or directory
Unknown error on line 61 in file D:\phpstudy_pro\WWW\www.qphp.com\QPHP\QPHP.php
Request the address: www.qphp.com/favicon.ico
The wrong time: 2022-07-07 21:24:39
Unknown error type: [2] require_once(D:\phpstudy_pro\WWW\www.qphp.com/application/favicon.ico/App/Util/include/global.php): failed to open stream: No such file or directory
Unknown error on line 61 in file D:\phpstudy_pro\WWW\www.qphp.com\QPHP\QPHP.php
Request the address: www.qphp.com/favicon.ico
The wrong time: 2022-07-07 21:25:28
Unknown error type: [2] require_once(D:\phpstudy_pro\WWW\www.qphp.com/application/favicon.ico/App/Util/include/global.php): failed to open stream: No such file or directory
Unknown error on line 61 in file D:\phpstudy_pro\WWW\www.qphp.com\QPHP\QPHP.php
Request the address: www.qphp.com/favicon.ico
The wrong time: 2022-07-07 21:27:12
Unknown error type: [2] require_once(D:\phpstudy_pro\WWW\www.qphp.com/application/favicon.ico/App/Util/include/global.php): failed to open stream: No such file or directory
Unknown error on line 61 in file D:\phpstudy_pro\WWW\www.qphp.com\QPHP\QPHP.php
Request the address: www.qphp.com/favicon.ico
The wrong time: 2022-07-07 21:29:40
Unknown error type: [2] require_once(D:\phpstudy_pro\WWW\www.qphp.com/application/favicon.ico/App/Util/include/global.php): failed to open stream: No such file or directory
Unknown error on line 61 in file D:\phpstudy_pro\WWW\www.qphp.com\QPHP\QPHP.php
Request the address: www.qphp.com/favicon.ico
The wrong time: 2022-07-07 21:30:11
Unknown error type: [2] require_once(D:\phpstudy_pro\WWW\www.qphp.com/application/favicon.ico/App/Util/include/global.php): failed to open stream: No such file or directory
Unknown error on line 61 in file D:\phpstudy_pro\WWW\www.qphp.com\QPHP\QPHP.php
Request the address: www.qphp.com/favicon.ico
The wrong time: 2022-07-07 21:30:44
Unknown error type: [2] require_once(D:\phpstudy_pro\WWW\www.qphp.com/application/favicon.ico/App/Util/include/global.php): failed to open stream: No such file or directory
Unknown error on line 61 in file D:\phpstudy_pro\WWW\www.qphp.com\QPHP\QPHP.php
Request the address: www.qphp.com/favicon.ico
The wrong time: 2022-07-07 21:30:51
Unknown error type: [2] require_once(D:\phpstudy_pro\WWW\www.qphp.com/application/favicon.ico/App/Util/include/global.php): failed to open stream: No such file or directory
Unknown error on line 61 in file D:\phpstudy_pro\WWW\www.qphp.com\QPHP\QPHP.php
Request the address: www.qphp.com/favicon.ico
The wrong time: 2022-07-07 21:30:54
Unknown error type: [2] require_once(D:\phpstudy_pro\WWW\www.qphp.com/application/favicon.ico/App/Util/include/global.php): failed to open stream: No such file or directory
Unknown error on line 61 in file D:\phpstudy_pro\WWW\www.qphp.com\QPHP\QPHP.php
Request the address: www.qphp.com/favicon.ico
The wrong time: 2022-07-07 21:31:31
Unknown error type: [2] require_once(D:\phpstudy_pro\WWW\www.qphp.com/application/favicon.ico/App/Util/include/global.php): failed to open stream: No such file or directory
Unknown error on line 61 in file D:\phpstudy_pro\WWW\www.qphp.com\QPHP\QPHP.php
Request the address: www.qphp.com/favicon.ico
The wrong time: 2022-07-07 21:33:15
Unknown error type: [2] require_once(D:\phpstudy_pro\WWW\www.qphp.com/application/favicon.ico/App/Util/include/global.php): failed to open stream: No such file or directory
Unknown error on line 61 in file D:\phpstudy_pro\WWW\www.qphp.com\QPHP\QPHP.php
Request the address: www.qphp.com/favicon.ico
The wrong time: 2022-07-07 21:33:27
Unknown error type: [2] require_once(D:\phpstudy_pro\WWW\www.qphp.com/application/favicon.ico/App/Util/include/global.php): failed to open stream: No such file or directory
Unknown error on line 61 in file D:\phpstudy_pro\WWW\www.qphp.com\QPHP\QPHP.php
Request the address: www.qphp.com/favicon.ico
The wrong time: 2022-07-07 21:33:33
Unknown error type: [2] require_once(D:\phpstudy_pro\WWW\www.qphp.com/application/favicon.ico/App/Util/include/global.php): failed to open stream: No such file or directory
Unknown error on line 61 in file D:\phpstudy_pro\WWW\www.qphp.com\QPHP\QPHP.php
Request the address: www.qphp.com/favicon.ico
The wrong time: 2022-07-07 21:33:55
Unknown error type: [2] require_once(D:\phpstudy_pro\WWW\www.qphp.com/application/favicon.ico/App/Util/include/global.php): failed to open stream: No such file or directory
Unknown error on line 61 in file D:\phpstudy_pro\WWW\www.qphp.com\QPHP\QPHP.php
Request the address: www.qphp.com/favicon.ico
The wrong time: 2022-07-07 21:37:51
Unknown error type: [2] require_once(D:\phpstudy_pro\WWW\www.qphp.com/application/favicon.ico/App/Util/include/global.php): failed to open stream: No such file or directory
Unknown error on line 61 in file D:\phpstudy_pro\WWW\www.qphp.com\QPHP\QPHP.php
Request the address: www.qphp.com/favicon.ico
The wrong time: 2022-07-07 21:46:35
