Code: 0 Message: QPHP\core\pdo\mysql\QDbMysql::connect(): Return value must be of type PDO, none returned
TypeError: QPHP\core\pdo\mysql\QDbMysql::connect(): Return value must be of type PDO, none returned in D:\phpstudy_pro\WWW\www.qphp.com\QPHP\core\pdo\mysql\QDbMysql.class.php:43
Stack trace:
#0 D:\phpstudy_pro\WWW\www.qphp.com\QPHP\core\pdo\mysql\QDbMysql.class.php(27): QPHP\core\pdo\mysql\QDbMysql->connect()
#1 D:\phpstudy_pro\WWW\www.qphp.com\QPHP\core\pdo\QDbFactory.class.php(27): QPHP\core\pdo\mysql\QDbMysql->__construct()
#2 D:\phpstudy_pro\WWW\www.qphp.com\QPHP\core\model\abs\BaseModel.class.php(83): QPHP\core\pdo\QDbFactory::getDb()
#3 D:\phpstudy_pro\WWW\www.qphp.com\QPHP\core\model\Model.class.php(47): QPHP\core\model\abs\BaseModel->Db()
#4 D:\phpstudy_pro\WWW\www.qphp.com\application\admin\App\Model\User.model.php(74): QPHP\core\model\Model->Db()
#5 D:\phpstudy_pro\WWW\www.qphp.com\application\admin\App\Action\Index.action.php(55): admin\Model\UserModel->getTransactionData()
#6 D:\phpstudy_pro\WWW\www.qphp.com\QPHP\core\action\Action.class.php(31): admin\Action\IndexAction->testTransaction()
#7 D:\phpstudy_pro\WWW\www.qphp.com\QPHP\QPHP.php(108): QPHP\core\action\Action->call()
#8 D:\phpstudy_pro\WWW\www.qphp.com\QPHP\base.php(33): QPHP\QPHP->run()
#9 D:\phpstudy_pro\WWW\www.qphp.com\public\index.php(12): QPHP\Base::run()
#10 {main}
Code: 0 Message: QPHP\core\pdo\mysql\QDbMysql::connect(): Return value must be of type QPHP\core\pdo\mysql\QDbMysql, none returned
TypeError: QPHP\core\pdo\mysql\QDbMysql::connect(): Return value must be of type QPHP\core\pdo\mysql\QDbMysql, none returned in D:\phpstudy_pro\WWW\www.qphp.com\QPHP\core\pdo\mysql\QDbMysql.class.php:43
Stack trace:
#0 D:\phpstudy_pro\WWW\www.qphp.com\QPHP\core\pdo\mysql\QDbMysql.class.php(27): QPHP\core\pdo\mysql\QDbMysql->connect()
#1 D:\phpstudy_pro\WWW\www.qphp.com\QPHP\core\pdo\QDbFactory.class.php(27): QPHP\core\pdo\mysql\QDbMysql->__construct()
#2 D:\phpstudy_pro\WWW\www.qphp.com\QPHP\core\model\abs\BaseModel.class.php(83): QPHP\core\pdo\QDbFactory::getDb()
#3 D:\phpstudy_pro\WWW\www.qphp.com\QPHP\core\model\Model.class.php(47): QPHP\core\model\abs\BaseModel->Db()
#4 D:\phpstudy_pro\WWW\www.qphp.com\application\admin\App\Model\User.model.php(74): QPHP\core\model\Model->Db()
#5 D:\phpstudy_pro\WWW\www.qphp.com\application\admin\App\Action\Index.action.php(55): admin\Model\UserModel->getTransactionData()
#6 D:\phpstudy_pro\WWW\www.qphp.com\QPHP\core\action\Action.class.php(31): admin\Action\IndexAction->testTransaction()
#7 D:\phpstudy_pro\WWW\www.qphp.com\QPHP\QPHP.php(108): QPHP\core\action\Action->call()
#8 D:\phpstudy_pro\WWW\www.qphp.com\QPHP\base.php(33): QPHP\QPHP->run()
#9 D:\phpstudy_pro\WWW\www.qphp.com\public\index.php(12): QPHP\Base::run()
#10 {main}
Code: 0 Message: QPHP\core\pdo\mysql\QDbMysql::connect(): Return value must be of type QPHP\core\pdo\mysql\QDbMysql, none returned
TypeError: QPHP\core\pdo\mysql\QDbMysql::connect(): Return value must be of type QPHP\core\pdo\mysql\QDbMysql, none returned in D:\phpstudy_pro\WWW\www.qphp.com\QPHP\core\pdo\mysql\QDbMysql.class.php:43
Stack trace:
#0 D:\phpstudy_pro\WWW\www.qphp.com\QPHP\core\pdo\mysql\QDbMysql.class.php(27): QPHP\core\pdo\mysql\QDbMysql->connect()
#1 D:\phpstudy_pro\WWW\www.qphp.com\QPHP\core\pdo\QDbFactory.class.php(27): QPHP\core\pdo\mysql\QDbMysql->__construct()
#2 D:\phpstudy_pro\WWW\www.qphp.com\QPHP\core\model\abs\BaseModel.class.php(83): QPHP\core\pdo\QDbFactory::getDb()
#3 D:\phpstudy_pro\WWW\www.qphp.com\QPHP\core\model\Model.class.php(47): QPHP\core\model\abs\BaseModel->Db()
#4 D:\phpstudy_pro\WWW\www.qphp.com\application\admin\App\Model\User.model.php(74): QPHP\core\model\Model->Db()
#5 D:\phpstudy_pro\WWW\www.qphp.com\application\admin\App\Action\Index.action.php(55): admin\Model\UserModel->getTransactionData()
#6 D:\phpstudy_pro\WWW\www.qphp.com\QPHP\core\action\Action.class.php(31): admin\Action\IndexAction->testTransaction()
#7 D:\phpstudy_pro\WWW\www.qphp.com\QPHP\QPHP.php(108): QPHP\core\action\Action->call()
#8 D:\phpstudy_pro\WWW\www.qphp.com\QPHP\base.php(33): QPHP\QPHP->run()
#9 D:\phpstudy_pro\WWW\www.qphp.com\public\index.php(12): QPHP\Base::run()
#10 {main}
