Code: 0 Message: 开启事务失败!
Exception: 开启事务失败! in D:\phpstudy_pro\WWW\www.qphp.com\QPHP\core\pdo\abs\QDbPdo.class.php:425
Stack trace:
#0 D:\phpstudy_pro\WWW\www.qphp.com\QPHP\core\pdo\abs\QDbPdo.class.php(384): QPHP\core\pdo\abs\QDbPdo->error()
#1 [internal function]: QPHP\core\pdo\abs\QDbPdo->startTrans()
#2 D:\phpstudy_pro\WWW\www.qphp.com\QPHP\core\model\abs\BaseModel.class.php(249): call_user_func_array()
#3 D:\phpstudy_pro\WWW\www.qphp.com\QPHP\core\model\mysql\MysqlM.class.php(263): QPHP\core\model\abs\BaseModel->execute()
#4 D:\phpstudy_pro\WWW\www.qphp.com\QPHP\core\model\Model.class.php(232): QPHP\core\model\mysql\MysqlM->startTrans()
#5 D:\phpstudy_pro\WWW\www.qphp.com\application\admin\App\Model\User.model.php(74): QPHP\core\model\Model->startTrans()
#6 D:\phpstudy_pro\WWW\www.qphp.com\application\admin\App\Action\Index.action.php(55): admin\Model\UserModel->getTransactionData()
#7 D:\phpstudy_pro\WWW\www.qphp.com\QPHP\core\action\Action.class.php(31): admin\Action\IndexAction->testTransaction()
#8 D:\phpstudy_pro\WWW\www.qphp.com\QPHP\QPHP.php(108): QPHP\core\action\Action->call()
#9 D:\phpstudy_pro\WWW\www.qphp.com\QPHP\base.php(33): QPHP\QPHP->run()
#10 D:\phpstudy_pro\WWW\www.qphp.com\public\index.php(12): QPHP\Base::run()
#11 {main}
Code: 0 Message: 开启事务失败!
Exception: 开启事务失败! in D:\phpstudy_pro\WWW\www.qphp.com\QPHP\core\pdo\abs\QDbPdo.class.php:425
Stack trace:
#0 D:\phpstudy_pro\WWW\www.qphp.com\QPHP\core\pdo\abs\QDbPdo.class.php(384): QPHP\core\pdo\abs\QDbPdo->error()
#1 [internal function]: QPHP\core\pdo\abs\QDbPdo->startTrans()
#2 D:\phpstudy_pro\WWW\www.qphp.com\QPHP\core\model\abs\BaseModel.class.php(249): call_user_func_array()
#3 D:\phpstudy_pro\WWW\www.qphp.com\QPHP\core\model\mysql\MysqlM.class.php(263): QPHP\core\model\abs\BaseModel->execute()
#4 D:\phpstudy_pro\WWW\www.qphp.com\QPHP\core\model\Model.class.php(232): QPHP\core\model\mysql\MysqlM->startTrans()
#5 D:\phpstudy_pro\WWW\www.qphp.com\application\admin\App\Model\User.model.php(74): QPHP\core\model\Model->startTrans()
#6 D:\phpstudy_pro\WWW\www.qphp.com\application\admin\App\Action\Index.action.php(55): admin\Model\UserModel->getTransactionData()
#7 D:\phpstudy_pro\WWW\www.qphp.com\QPHP\core\action\Action.class.php(31): admin\Action\IndexAction->testTransaction()
#8 D:\phpstudy_pro\WWW\www.qphp.com\QPHP\QPHP.php(108): QPHP\core\action\Action->call()
#9 D:\phpstudy_pro\WWW\www.qphp.com\QPHP\base.php(33): QPHP\QPHP->run()
#10 D:\phpstudy_pro\WWW\www.qphp.com\public\index.php(12): QPHP\Base::run()
#11 {main}
Code: 0 Message: 开启事务失败!
Exception: 开启事务失败! in D:\phpstudy_pro\WWW\www.qphp.com\QPHP\core\pdo\abs\QDbPdo.class.php:425
Stack trace:
#0 D:\phpstudy_pro\WWW\www.qphp.com\QPHP\core\pdo\abs\QDbPdo.class.php(384): QPHP\core\pdo\abs\QDbPdo->error()
#1 [internal function]: QPHP\core\pdo\abs\QDbPdo->startTrans()
#2 D:\phpstudy_pro\WWW\www.qphp.com\QPHP\core\model\abs\BaseModel.class.php(249): call_user_func_array()
#3 D:\phpstudy_pro\WWW\www.qphp.com\QPHP\core\model\mysql\MysqlM.class.php(263): QPHP\core\model\abs\BaseModel->execute()
#4 D:\phpstudy_pro\WWW\www.qphp.com\QPHP\core\model\Model.class.php(232): QPHP\core\model\mysql\MysqlM->startTrans()
#5 D:\phpstudy_pro\WWW\www.qphp.com\application\admin\App\Model\User.model.php(74): QPHP\core\model\Model->startTrans()
#6 D:\phpstudy_pro\WWW\www.qphp.com\application\admin\App\Action\Index.action.php(55): admin\Model\UserModel->getTransactionData()
#7 D:\phpstudy_pro\WWW\www.qphp.com\QPHP\core\action\Action.class.php(31): admin\Action\IndexAction->testTransaction()
#8 D:\phpstudy_pro\WWW\www.qphp.com\QPHP\QPHP.php(108): QPHP\core\action\Action->call()
#9 D:\phpstudy_pro\WWW\www.qphp.com\QPHP\base.php(33): QPHP\QPHP->run()
#10 D:\phpstudy_pro\WWW\www.qphp.com\public\index.php(12): QPHP\Base::run()
#11 {main}
Code: 0 Message: 开启事务失败!
Exception: 开启事务失败! in D:\phpstudy_pro\WWW\www.qphp.com\QPHP\core\pdo\abs\QDbPdo.class.php:425
Stack trace:
#0 D:\phpstudy_pro\WWW\www.qphp.com\QPHP\core\pdo\abs\QDbPdo.class.php(384): QPHP\core\pdo\abs\QDbPdo->error()
#1 [internal function]: QPHP\core\pdo\abs\QDbPdo->startTrans()
#2 D:\phpstudy_pro\WWW\www.qphp.com\QPHP\core\model\abs\BaseModel.class.php(249): call_user_func_array()
#3 D:\phpstudy_pro\WWW\www.qphp.com\QPHP\core\model\mysql\MysqlM.class.php(263): QPHP\core\model\abs\BaseModel->execute()
#4 D:\phpstudy_pro\WWW\www.qphp.com\QPHP\core\model\Model.class.php(232): QPHP\core\model\mysql\MysqlM->startTrans()
#5 D:\phpstudy_pro\WWW\www.qphp.com\application\admin\App\Model\User.model.php(74): QPHP\core\model\Model->startTrans()
#6 D:\phpstudy_pro\WWW\www.qphp.com\application\admin\App\Action\Index.action.php(55): admin\Model\UserModel->getTransactionData()
#7 D:\phpstudy_pro\WWW\www.qphp.com\QPHP\core\action\Action.class.php(31): admin\Action\IndexAction->testTransaction()
#8 D:\phpstudy_pro\WWW\www.qphp.com\QPHP\QPHP.php(108): QPHP\core\action\Action->call()
#9 D:\phpstudy_pro\WWW\www.qphp.com\QPHP\base.php(33): QPHP\QPHP->run()
#10 D:\phpstudy_pro\WWW\www.qphp.com\public\index.php(12): QPHP\Base::run()
#11 {main}
Code: 0 Message: 开启事务失败!
Exception: 开启事务失败! in D:\phpstudy_pro\WWW\www.qphp.com\QPHP\core\pdo\abs\QDbPdo.class.php:425
Stack trace:
#0 D:\phpstudy_pro\WWW\www.qphp.com\QPHP\core\pdo\abs\QDbPdo.class.php(384): QPHP\core\pdo\abs\QDbPdo->error()
#1 [internal function]: QPHP\core\pdo\abs\QDbPdo->startTrans()
#2 D:\phpstudy_pro\WWW\www.qphp.com\QPHP\core\model\abs\BaseModel.class.php(249): call_user_func_array()
#3 D:\phpstudy_pro\WWW\www.qphp.com\QPHP\core\model\mysql\MysqlM.class.php(263): QPHP\core\model\abs\BaseModel->execute()
#4 D:\phpstudy_pro\WWW\www.qphp.com\QPHP\core\model\Model.class.php(232): QPHP\core\model\mysql\MysqlM->startTrans()
#5 D:\phpstudy_pro\WWW\www.qphp.com\application\admin\App\Model\User.model.php(74): QPHP\core\model\Model->startTrans()
#6 D:\phpstudy_pro\WWW\www.qphp.com\application\admin\App\Action\Index.action.php(55): admin\Model\UserModel->getTransactionData()
#7 D:\phpstudy_pro\WWW\www.qphp.com\QPHP\core\action\Action.class.php(31): admin\Action\IndexAction->testTransaction()
#8 D:\phpstudy_pro\WWW\www.qphp.com\QPHP\QPHP.php(108): QPHP\core\action\Action->call()
#9 D:\phpstudy_pro\WWW\www.qphp.com\QPHP\base.php(33): QPHP\QPHP->run()
#10 D:\phpstudy_pro\WWW\www.qphp.com\public\index.php(12): QPHP\Base::run()
#11 {main}
