Unknown error type: [2] count(): Parameter must be an array or an object that implements Countable
Unknown error on line 150 in file D:\phpstudy_pro\WWW\www.qphp.com\QPHP\core\route\Route.class.php
Request the address: www.qphp.com/admin/age?id=1
The wrong time: 2022-09-11 04:10:18
Unknown error type: [2] count(): Parameter must be an array or an object that implements Countable
Unknown error on line 150 in file D:\phpstudy_pro\WWW\www.qphp.com\QPHP\core\route\Route.class.php
Request the address: www.qphp.com/admin/age?id=1
The wrong time: 2022-09-11 04:10:19
Unknown error type: [2] count(): Parameter must be an array or an object that implements Countable
Unknown error on line 150 in file D:\phpstudy_pro\WWW\www.qphp.com\QPHP\core\route\Route.class.php
Request the address: www.qphp.com/admin/age?id=1
The wrong time: 2022-09-11 04:10:19
Unknown error type: [2] count(): Parameter must be an array or an object that implements Countable
Unknown error on line 150 in file D:\phpstudy_pro\WWW\www.qphp.com\QPHP\core\route\Route.class.php
Request the address: www.qphp.com/admin/age?id=1
The wrong time: 2022-09-11 04:10:19
Unknown error type: [2] count(): Parameter must be an array or an object that implements Countable
Unknown error on line 150 in file D:\phpstudy_pro\WWW\www.qphp.com\QPHP\core\route\Route.class.php
Request the address: www.qphp.com/admin/age?id=1
The wrong time: 2022-09-11 04:10:19
Unknown error type: [2] explode() expects parameter 2 to be string, array given
Unknown error on line 185 in file D:\phpstudy_pro\WWW\www.qphp.com\QPHP\core\route\Route.class.php
Request the address: www.qphp.com/admin/age?id=1
The wrong time: 2022-09-11 04:10:35
Unknown error type: [2] explode() expects parameter 2 to be string, array given
Unknown error on line 185 in file D:\phpstudy_pro\WWW\www.qphp.com\QPHP\core\route\Route.class.php
Request the address: www.qphp.com/admin/age?id=1
The wrong time: 2022-09-11 04:10:36
Unknown error type: [2] explode() expects parameter 2 to be string, array given
Unknown error on line 185 in file D:\phpstudy_pro\WWW\www.qphp.com\QPHP\core\route\Route.class.php
Request the address: www.qphp.com/admin/age?id=1
The wrong time: 2022-09-11 04:10:36
Unknown error type: [2] explode() expects parameter 2 to be string, array given
Unknown error on line 185 in file D:\phpstudy_pro\WWW\www.qphp.com\QPHP\core\route\Route.class.php
Request the address: www.qphp.com/admin/age?id=1
The wrong time: 2022-09-11 04:10:36
Unknown error type: [2] explode() expects parameter 2 to be string, array given
Unknown error on line 185 in file D:\phpstudy_pro\WWW\www.qphp.com\QPHP\core\route\Route.class.php
Request the address: www.qphp.com/admin/age?id=1
The wrong time: 2022-09-11 04:10:37
Unknown error type: [2] explode() expects parameter 2 to be string, array given
Unknown error on line 185 in file D:\phpstudy_pro\WWW\www.qphp.com\QPHP\core\route\Route.class.php
Request the address: www.qphp.com/admin/age?id=1
The wrong time: 2022-09-11 04:10:37
Unknown error type: [2] explode() expects parameter 2 to be string, array given
Unknown error on line 185 in file D:\phpstudy_pro\WWW\www.qphp.com\QPHP\core\route\Route.class.php
Request the address: www.qphp.com/admin/age?id=1
The wrong time: 2022-09-11 04:10:37
Unknown error type: [2] explode() expects parameter 2 to be string, array given
Unknown error on line 185 in file D:\phpstudy_pro\WWW\www.qphp.com\QPHP\core\route\Route.class.php
Request the address: www.qphp.com/admin/age?id=1
The wrong time: 2022-09-11 04:10:37
Unknown error type: [2] explode() expects parameter 2 to be string, array given
Unknown error on line 185 in file D:\phpstudy_pro\WWW\www.qphp.com\QPHP\core\route\Route.class.php
Request the address: www.qphp.com/admin/age?id=1
The wrong time: 2022-09-11 04:10:37
