<b>My ERROR</b> [256] 错误信息
Fatal error on line 38 in file D:\phpstudy_pro\WWW\www.qphp.com\application\admin\App\Action\Index.action.php
, PHP 8.2.9 (WINNT)
Aborting...
Request the address: www.qphp.com:8080/admin/testError
The wrong time: 2024-10-02 03:40:38
<b>My ERROR</b> [256] 错误信息
Fatal error on line 38 in file D:\phpstudy_pro\WWW\www.qphp.com\application\admin\App\Action\Index.action.php
, PHP 8.2.9 (WINNT)
Aborting...
Request the address: www.qphp.com:8080/admin/testError
The wrong time: 2024-10-02 03:40:39
<b>My ERROR</b> [256] 错误信息
Fatal error on line 38 in file D:\phpstudy_pro\WWW\www.qphp.com\application\admin\App\Action\Index.action.php
, PHP 8.2.9 (WINNT)
Aborting...
Request the address: www.qphp.com:8080/admin/testError
The wrong time: 2024-10-02 03:40:39
<b>My ERROR</b> [256] 错误信息
Fatal error on line 38 in file D:\phpstudy_pro\WWW\www.qphp.com\application\admin\App\Action\Index.action.php
, PHP 8.2.9 (WINNT)
Aborting...
Request the address: www.qphp.com:8080/admin/testError
The wrong time: 2024-10-02 03:40:39
