Code: 23000 Message: SQLSTATE[23000]: Integrity constraint violation: 1062 Duplicate entry 'mumuww5' for key 'username_index'
PDOException: SQLSTATE[23000]: Integrity constraint violation: 1062 Duplicate entry 'mumuww5' for key 'username_index' in D:\phpstudy_pro\WWW\www.qphp.com\QPHP\core\pdo\abs\QDbPdo.class.php:139
Stack trace:
#0 D:\phpstudy_pro\WWW\www.qphp.com\QPHP\core\pdo\abs\QDbPdo.class.php(139): PDO->exec()
#1 D:\phpstudy_pro\WWW\www.qphp.com\QPHP\core\pdo\mysql\QDbMysql.class.php(57): QPHP\core\pdo\abs\QDbPdo->query()
#2 [internal function]: QPHP\core\pdo\mysql\QDbMysql->insert()
#3 D:\phpstudy_pro\WWW\www.qphp.com\QPHP\core\model\abs\BaseModel.class.php(236): call_user_func_array()
#4 D:\phpstudy_pro\WWW\www.qphp.com\QPHP\core\model\Model.class.php(220): QPHP\core\model\abs\BaseModel->executeSql()
#5 D:\phpstudy_pro\WWW\www.qphp.com\application\admin\App\Model\User.model.php(77): QPHP\core\model\Model->executeSql()
#6 D:\phpstudy_pro\WWW\www.qphp.com\application\admin\App\Action\Index.action.php(55): admin\Model\UserModel->getTransactionData()
#7 D:\phpstudy_pro\WWW\www.qphp.com\QPHP\core\action\Action.class.php(31): admin\Action\IndexAction->testTransaction()
#8 D:\phpstudy_pro\WWW\www.qphp.com\QPHP\QPHP.php(108): QPHP\core\action\Action->call()
#9 D:\phpstudy_pro\WWW\www.qphp.com\QPHP\base.php(33): QPHP\QPHP->run()
#10 D:\phpstudy_pro\WWW\www.qphp.com\public\index.php(12): QPHP\Base::run()
#11 {main}
Code: 23000 Message: SQLSTATE[23000]: Integrity constraint violation: 1062 Duplicate entry 'mumuww5' for key 'username_index'
PDOException: SQLSTATE[23000]: Integrity constraint violation: 1062 Duplicate entry 'mumuww5' for key 'username_index' in D:\phpstudy_pro\WWW\www.qphp.com\QPHP\core\pdo\abs\QDbPdo.class.php:139
Stack trace:
#0 D:\phpstudy_pro\WWW\www.qphp.com\QPHP\core\pdo\abs\QDbPdo.class.php(139): PDO->exec()
#1 D:\phpstudy_pro\WWW\www.qphp.com\QPHP\core\pdo\mysql\QDbMysql.class.php(57): QPHP\core\pdo\abs\QDbPdo->query()
#2 [internal function]: QPHP\core\pdo\mysql\QDbMysql->insert()
#3 D:\phpstudy_pro\WWW\www.qphp.com\QPHP\core\model\abs\BaseModel.class.php(236): call_user_func_array()
#4 D:\phpstudy_pro\WWW\www.qphp.com\QPHP\core\model\Model.class.php(220): QPHP\core\model\abs\BaseModel->executeSql()
#5 D:\phpstudy_pro\WWW\www.qphp.com\application\admin\App\Model\User.model.php(77): QPHP\core\model\Model->executeSql()
#6 D:\phpstudy_pro\WWW\www.qphp.com\application\admin\App\Action\Index.action.php(55): admin\Model\UserModel->getTransactionData()
#7 D:\phpstudy_pro\WWW\www.qphp.com\QPHP\core\action\Action.class.php(31): admin\Action\IndexAction->testTransaction()
#8 D:\phpstudy_pro\WWW\www.qphp.com\QPHP\QPHP.php(108): QPHP\core\action\Action->call()
#9 D:\phpstudy_pro\WWW\www.qphp.com\QPHP\base.php(33): QPHP\QPHP->run()
#10 D:\phpstudy_pro\WWW\www.qphp.com\public\index.php(12): QPHP\Base::run()
#11 {main}
Code: 23000 Message: SQLSTATE[23000]: Integrity constraint violation: 1062 Duplicate entry 'mumuww5' for key 'username_index'
PDOException: SQLSTATE[23000]: Integrity constraint violation: 1062 Duplicate entry 'mumuww5' for key 'username_index' in D:\phpstudy_pro\WWW\www.qphp.com\QPHP\core\pdo\abs\QDbPdo.class.php:139
Stack trace:
#0 D:\phpstudy_pro\WWW\www.qphp.com\QPHP\core\pdo\abs\QDbPdo.class.php(139): PDO->exec()
#1 D:\phpstudy_pro\WWW\www.qphp.com\QPHP\core\pdo\mysql\QDbMysql.class.php(57): QPHP\core\pdo\abs\QDbPdo->query()
#2 [internal function]: QPHP\core\pdo\mysql\QDbMysql->insert()
#3 D:\phpstudy_pro\WWW\www.qphp.com\QPHP\core\model\abs\BaseModel.class.php(236): call_user_func_array()
#4 D:\phpstudy_pro\WWW\www.qphp.com\QPHP\core\model\Model.class.php(220): QPHP\core\model\abs\BaseModel->executeSql()
#5 D:\phpstudy_pro\WWW\www.qphp.com\application\admin\App\Model\User.model.php(77): QPHP\core\model\Model->executeSql()
#6 D:\phpstudy_pro\WWW\www.qphp.com\application\admin\App\Action\Index.action.php(55): admin\Model\UserModel->getTransactionData()
#7 D:\phpstudy_pro\WWW\www.qphp.com\QPHP\core\action\Action.class.php(31): admin\Action\IndexAction->testTransaction()
#8 D:\phpstudy_pro\WWW\www.qphp.com\QPHP\QPHP.php(108): QPHP\core\action\Action->call()
#9 D:\phpstudy_pro\WWW\www.qphp.com\QPHP\base.php(33): QPHP\QPHP->run()
#10 D:\phpstudy_pro\WWW\www.qphp.com\public\index.php(12): QPHP\Base::run()
#11 {main}
Code: 0 Message: Non-static method QPHP\core\func\Func::xId() cannot be called statically
Error: Non-static method QPHP\core\func\Func::xId() cannot be called statically in D:\phpstudy_pro\WWW\www.qphp.com\application\admin\App\Model\User.model.php:29
Stack trace:
#0 D:\phpstudy_pro\WWW\www.qphp.com\application\admin\App\Action\Index.action.php(41): admin\Model\UserModel->getXaTransactionData()
#1 D:\phpstudy_pro\WWW\www.qphp.com\QPHP\core\action\Action.class.php(31): admin\Action\IndexAction->testXaTransaction()
#2 D:\phpstudy_pro\WWW\www.qphp.com\QPHP\QPHP.php(108): QPHP\core\action\Action->call()
#3 D:\phpstudy_pro\WWW\www.qphp.com\QPHP\base.php(33): QPHP\QPHP->run()
#4 D:\phpstudy_pro\WWW\www.qphp.com\public\index.php(12): QPHP\Base::run()
#5 {main}
