Unknown error type: [2] require_once(D:\phpstudy_pro\WWW\www.qphp.com\QPHP/../application/index/App/Middleware/Action.middleware.php): Failed to open stream: No such file or directory
Unknown error on line 280 in file D:\phpstudy_pro\WWW\www.qphp.com\QPHP\QPHP.php
Request the address: 
The wrong time: 2026-06-08 02:38:00
Code: 0 Message: Failed opening required 'D:\phpstudy_pro\WWW\www.qphp.com\QPHP/../application/index/App/Middleware/Action.middleware.php' (include_path='.;C:\php\pear')
Error: Failed opening required 'D:\phpstudy_pro\WWW\www.qphp.com\QPHP/../application/index/App/Middleware/Action.middleware.php' (include_path='.;C:\php\pear') in D:\phpstudy_pro\WWW\www.qphp.com\QPHP\QPHP.php:280
Stack trace:
#0 D:\phpstudy_pro\WWW\www.qphp.com\application\index\App\Action\Common.action.php(9): QPHP\QPHP->load()
#1 D:\phpstudy_pro\WWW\www.qphp.com\QPHP\QPHP.php(280): require_once('...')
#2 D:\phpstudy_pro\WWW\www.qphp.com\application\index\App\Action\Index.action.php(6): QPHP\QPHP->load()
#3 D:\phpstudy_pro\WWW\www.qphp.com\QPHP\QPHP.php(280): require_once('...')
#4 D:\phpstudy_pro\WWW\www.qphp.com\QPHP\QPHP.php(106): QPHP\QPHP->load()
#5 D:\phpstudy_pro\WWW\www.qphp.com\QPHP\base.php(34): QPHP\QPHP->run()
#6 D:\phpstudy_pro\WWW\www.qphp.com\public\index.php(12): QPHP\Base::run()
#7 {main}
Code: 12170 Message: SQLSTATE[HY000]: pdo_oci_handle_factory: ORA-12170: TNS:Connect timeout occurred
 (ext\pdo_oci\oci_driver.c:766)
PDOException: SQLSTATE[HY000]: pdo_oci_handle_factory: ORA-12170: TNS:Connect timeout occurred
 (ext\pdo_oci\oci_driver.c:766) in D:\phpstudy_pro\WWW\www.qphp.com\QPHP\core\pdo\oracle\QDbPdoOracleConn.class.php:33
Stack trace:
#0 D:\phpstudy_pro\WWW\www.qphp.com\QPHP\core\pdo\oracle\QDbPdoOracleConn.class.php(33): PDO->__construct()
#1 D:\phpstudy_pro\WWW\www.qphp.com\QPHP\core\pdo\oracle\QDbPdoOraclePool.class.php(67): QPHP\core\pdo\oracle\QDbPdoOracleConn->connect()
#2 D:\phpstudy_pro\WWW\www.qphp.com\QPHP\core\pdo\oracle\QDbPdoOraclePool.class.php(58): QPHP\core\pdo\oracle\QDbPdoOraclePool::instanceQDbPdoConn()
#3 D:\phpstudy_pro\WWW\www.qphp.com\QPHP\core\pdo\oracle\QDbPdoOraclePool.class.php(32): QPHP\core\pdo\oracle\QDbPdoOraclePool::ConDB()
#4 D:\phpstudy_pro\WWW\www.qphp.com\QPHP\core\pdo\QDbPdoPoolFactory.class.php(70): QPHP\core\pdo\oracle\QDbPdoOraclePool::Connect()
#5 [internal function]: QPHP\core\pdo\QDbPdoPoolFactory::connect()
#6 D:\phpstudy_pro\WWW\www.qphp.com\QPHP\core\pdo\abs\QDbPdo.class.php(90): call_user_func_array()
#7 D:\phpstudy_pro\WWW\www.qphp.com\QPHP\core\pdo\oracle\QDbOracle.class.php(37): QPHP\core\pdo\abs\QDbPdo->getConnect()
#8 D:\phpstudy_pro\WWW\www.qphp.com\QPHP\core\pdo\oracle\QDbOracle.class.php(23): QPHP\core\pdo\oracle\QDbOracle->connect()
#9 D:\phpstudy_pro\WWW\www.qphp.com\QPHP\core\pdo\QDbFactory.class.php(26): QPHP\core\pdo\oracle\QDbOracle->__construct()
#10 D:\phpstudy_pro\WWW\www.qphp.com\QPHP\core\model\abs\BaseModel.class.php(82): QPHP\core\pdo\QDbFactory::getDb()
#11 D:\phpstudy_pro\WWW\www.qphp.com\QPHP\core\model\Model.class.php(45): QPHP\core\model\abs\BaseModel->Db()
#12 D:\phpstudy_pro\WWW\www.qphp.com\application\admin\App\Model\Oracle.model.php(110): QPHP\core\model\Model->Db()
#13 D:\phpstudy_pro\WWW\www.qphp.com\application\admin\App\Action\Index.action.php(51): admin\Model\OracleModel->getTransactionData()
#14 D:\phpstudy_pro\WWW\www.qphp.com\QPHP\core\action\Action.class.php(31): admin\Action\IndexAction->textOracleTransaction()
#15 D:\phpstudy_pro\WWW\www.qphp.com\QPHP\QPHP.php(108): QPHP\core\action\Action->call()
#16 D:\phpstudy_pro\WWW\www.qphp.com\QPHP\base.php(34): QPHP\QPHP->run()
#17 D:\phpstudy_pro\WWW\www.qphp.com\public\index.php(12): QPHP\Base::run()
#18 {main}
Unknown error type: [2] Undefined array key &quot;id&quot;
Unknown error on line 201 in file D:\phpstudy_pro\WWW\www.qphp.com\application\admin\App\Action\Index.action.php
Request the address: www.qphp.com:8080/admin/index/age
The wrong time: 2026-06-08 02:38:57
