Code: 0 Message: Undefined constant "QPHP\QPHP_CONFIG"
Error: Undefined constant "QPHP\QPHP_CONFIG" in D:\phpstudy_pro\WWW\www.qphp.com\QPHP\QPHP.php:56
Stack trace:
#0 D:\phpstudy_pro\WWW\www.qphp.com\QPHP\base.php(34): QPHP\QPHP->run()
#1 D:\phpstudy_pro\WWW\www.qphp.com\public\index.php(12): QPHP\Base::run()
#2 {main}
Code: 0 Message: Undefined constant "QPHP\QPHP_CONFIG"
Error: Undefined constant "QPHP\QPHP_CONFIG" in D:\phpstudy_pro\WWW\www.qphp.com\QPHP\QPHP.php:56
Stack trace:
#0 D:\phpstudy_pro\WWW\www.qphp.com\QPHP\base.php(34): QPHP\QPHP->run()
#1 D:\phpstudy_pro\WWW\www.qphp.com\public\index.php(12): QPHP\Base::run()
#2 {main}
Code: 0 Message: Undefined constant "QPHP\QPHP_CONFIG"
Error: Undefined constant "QPHP\QPHP_CONFIG" in D:\phpstudy_pro\WWW\www.qphp.com\QPHP\QPHP.php:56
Stack trace:
#0 D:\phpstudy_pro\WWW\www.qphp.com\QPHP\base.php(34): QPHP\QPHP->run()
#1 D:\phpstudy_pro\WWW\www.qphp.com\public\index.php(12): QPHP\Base::run()
#2 {main}
Code: 0 Message: Undefined constant "QPHP\QPHP_CONFIG"
Error: Undefined constant "QPHP\QPHP_CONFIG" in D:\phpstudy_pro\WWW\www.qphp.com\QPHP\QPHP.php:56
Stack trace:
#0 D:\phpstudy_pro\WWW\www.qphp.com\QPHP\base.php(34): QPHP\QPHP->run()
#1 D:\phpstudy_pro\WWW\www.qphp.com\public\index.php(12): QPHP\Base::run()
#2 {main}
Code: 0 Message: Undefined constant "QPHP\QPHP_CONFIG"
Error: Undefined constant "QPHP\QPHP_CONFIG" in D:\phpstudy_pro\WWW\www.qphp.com\QPHP\QPHP.php:56
Stack trace:
#0 D:\phpstudy_pro\WWW\www.qphp.com\QPHP\base.php(34): QPHP\QPHP->run()
#1 D:\phpstudy_pro\WWW\www.qphp.com\public\index.php(12): QPHP\Base::run()
#2 {main}
Code: 0 Message: Undefined constant "QPHP\QPHP_CONFIG"
Error: Undefined constant "QPHP\QPHP_CONFIG" in D:\phpstudy_pro\WWW\www.qphp.com\QPHP\QPHP.php:56
Stack trace:
#0 D:\phpstudy_pro\WWW\www.qphp.com\QPHP\base.php(34): QPHP\QPHP->run()
#1 D:\phpstudy_pro\WWW\www.qphp.com\public\index.php(12): QPHP\Base::run()
#2 {main}
Code: 0 Message: Undefined constant "QPHP\QPHP_CONFIG"
Error: Undefined constant "QPHP\QPHP_CONFIG" in D:\phpstudy_pro\WWW\www.qphp.com\QPHP\QPHP.php:56
Stack trace:
#0 D:\phpstudy_pro\WWW\www.qphp.com\QPHP\base.php(34): QPHP\QPHP->run()
#1 D:\phpstudy_pro\WWW\www.qphp.com\public\index.php(12): QPHP\Base::run()
#2 {main}
Code: 0 Message: Undefined constant "QPHP\QPHP_CONFIG"
Error: Undefined constant "QPHP\QPHP_CONFIG" in D:\phpstudy_pro\WWW\www.qphp.com\QPHP\QPHP.php:56
Stack trace:
#0 D:\phpstudy_pro\WWW\www.qphp.com\QPHP\base.php(34): QPHP\QPHP->run()
#1 D:\phpstudy_pro\WWW\www.qphp.com\public\index.php(12): QPHP\Base::run()
#2 {main}
