<b>My ERROR</b> [256] 错误信息
Fatal error on line 18 in file D:\phpstudy_pro\WWW\www.qphp.com\application\admin\App\Action\User.action.php
, PHP 8.2.9 (WINNT)
Aborting...
Request the address: www.qphp.com:8080/admin/test?lang=en
The wrong time: 2024-10-02 03:20:03
<b>My ERROR</b> [256] 错误信息
Fatal error on line 18 in file D:\phpstudy_pro\WWW\www.qphp.com\application\admin\App\Action\User.action.php
, PHP 8.2.9 (WINNT)
Aborting...
Request the address: www.qphp.com:8080/admin/test?lang=en
The wrong time: 2024-10-02 03:20:03
<b>My ERROR</b> [256] 错误信息
Fatal error on line 18 in file D:\phpstudy_pro\WWW\www.qphp.com\application\admin\App\Action\User.action.php
, PHP 8.2.9 (WINNT)
Aborting...
Request the address: www.qphp.com:8080/admin/test?lang=en
The wrong time: 2024-10-02 03:20:03
<b>My ERROR</b> [256] 错误信息
Fatal error on line 18 in file D:\phpstudy_pro\WWW\www.qphp.com\application\admin\App\Action\User.action.php
, PHP 8.2.9 (WINNT)
Aborting...
Request the address: www.qphp.com:8080/admin/test?lang=en
The wrong time: 2024-10-02 03:20:04
<b>My ERROR</b> [256] 错误信息
Fatal error on line 18 in file D:\phpstudy_pro\WWW\www.qphp.com\application\admin\App\Action\User.action.php
, PHP 8.2.9 (WINNT)
Aborting...
Request the address: www.qphp.com:8080/admin/test?lang=en
The wrong time: 2024-10-02 03:20:09
<b>My ERROR</b> [256] 错误信息
Fatal error on line 18 in file D:\phpstudy_pro\WWW\www.qphp.com\application\admin\App\Action\User.action.php
, PHP 8.2.9 (WINNT)
Aborting...
Request the address: www.qphp.com:8080/admin/test?lang=en
The wrong time: 2024-10-02 03:20:10
<b>My ERROR</b> [256] 错误信息
Fatal error on line 18 in file D:\phpstudy_pro\WWW\www.qphp.com\application\admin\App\Action\User.action.php
, PHP 8.2.9 (WINNT)
Aborting...
Request the address: www.qphp.com:8080/admin/test?lang=en
The wrong time: 2024-10-02 03:20:10
<b>My ERROR</b> [256] 错误信息
Fatal error on line 18 in file D:\phpstudy_pro\WWW\www.qphp.com\application\admin\App\Action\User.action.php
, PHP 8.2.9 (WINNT)
Aborting...
Request the address: www.qphp.com:8080/admin/test?lang=en
The wrong time: 2024-10-02 03:20:10
<b>My ERROR</b> [256] 错误信息
Fatal error on line 18 in file D:\phpstudy_pro\WWW\www.qphp.com\application\admin\App\Action\User.action.php
, PHP 8.2.9 (WINNT)
Aborting...
Request the address: www.qphp.com:8080/admin/test?lang=en
The wrong time: 2024-10-02 03:20:55
<b>My ERROR</b> [256] 错误信息
Fatal error on line 18 in file D:\phpstudy_pro\WWW\www.qphp.com\application\admin\App\Action\User.action.php
, PHP 8.2.9 (WINNT)
Aborting...
Request the address: www.qphp.com:8080/admin/test?lang=en
The wrong time: 2024-10-02 03:20:55
<b>My ERROR</b> [256] 错误信息
Fatal error on line 18 in file D:\phpstudy_pro\WWW\www.qphp.com\application\admin\App\Action\User.action.php
, PHP 8.2.9 (WINNT)
Aborting...
Request the address: www.qphp.com:8080/admin/test?lang=en
The wrong time: 2024-10-02 03:20:56
<b>My ERROR</b> [256] 错误信息
Fatal error on line 18 in file D:\phpstudy_pro\WWW\www.qphp.com\application\admin\App\Action\User.action.php
, PHP 8.2.9 (WINNT)
Aborting...
Request the address: www.qphp.com:8080/admin/test?lang=en
The wrong time: 2024-10-02 03:20:56
<b>My ERROR</b> [256] 错误信息
Fatal error on line 18 in file D:\phpstudy_pro\WWW\www.qphp.com\application\admin\App\Action\User.action.php
, PHP 8.2.9 (WINNT)
Aborting...
Request the address: www.qphp.com:8080/admin/test?lang=en
The wrong time: 2024-10-02 03:20:56
<b>My ERROR</b> [256] 错误信息
Fatal error on line 18 in file D:\phpstudy_pro\WWW\www.qphp.com\application\admin\App\Action\User.action.php
, PHP 8.2.9 (WINNT)
Aborting...
Request the address: www.qphp.com:8080/admin/test?lang=en
The wrong time: 2024-10-02 03:20:56
<b>My ERROR</b> [256] 错误信息
Fatal error on line 18 in file D:\phpstudy_pro\WWW\www.qphp.com\application\admin\App\Action\User.action.php
, PHP 8.2.9 (WINNT)
Aborting...
Request the address: www.qphp.com:8080/admin/test?lang=en
The wrong time: 2024-10-02 03:20:56
<b>My ERROR</b> [256] 错误信息
Fatal error on line 18 in file D:\phpstudy_pro\WWW\www.qphp.com\application\admin\App\Action\User.action.php
, PHP 8.2.9 (WINNT)
Aborting...
Request the address: www.qphp.com:8080/admin/test?lang=en
The wrong time: 2024-10-02 03:20:57
<b>My ERROR</b> [256] 错误信息
Fatal error on line 18 in file D:\phpstudy_pro\WWW\www.qphp.com\application\admin\App\Action\User.action.php
, PHP 8.2.9 (WINNT)
Aborting...
Request the address: www.qphp.com:8080/admin/test?lang=en
The wrong time: 2024-10-02 03:20:57
<b>My ERROR</b> [256] 错误信息
Fatal error on line 18 in file D:\phpstudy_pro\WWW\www.qphp.com\application\admin\App\Action\User.action.php
, PHP 8.2.9 (WINNT)
Aborting...
Request the address: www.qphp.com:8080/admin/test?lang=en
The wrong time: 2024-10-02 03:20:57
<b>My ERROR</b> [256] 错误信息
Fatal error on line 18 in file D:\phpstudy_pro\WWW\www.qphp.com\application\admin\App\Action\User.action.php
, PHP 8.2.9 (WINNT)
Aborting...
Request the address: www.qphp.com:8080/admin/test?lang=en
The wrong time: 2024-10-02 03:20:57
<b>My ERROR</b> [256] 错误信息
Fatal error on line 18 in file D:\phpstudy_pro\WWW\www.qphp.com\application\admin\App\Action\User.action.php
, PHP 8.2.9 (WINNT)
Aborting...
Request the address: www.qphp.com:8080/admin/test?lang=en
The wrong time: 2024-10-02 03:20:57
<b>My ERROR</b> [256] 错误信息
Fatal error on line 18 in file D:\phpstudy_pro\WWW\www.qphp.com\application\admin\App\Action\User.action.php
, PHP 8.2.9 (WINNT)
Aborting...
Request the address: www.qphp.com:8080/admin/test?lang=en
The wrong time: 2024-10-02 03:20:57
