Code: 0 Message: Class "admin\Action\ShortTokenAbc.eyJpc3MiOiJtdW11IiwiaWF0IjoxNzIzNTc2ODc2LCJleHAiOjE3MjM1ODQwNzYsIm5iZiI6MTcyMzU3Njg3OSwic3ViIjoid3d3LnFwaHAuY29tIiwianRpIjoiOTJkOThhYWM5MjkzZmVkMjhkMjM5NzVlZDQ2ZjgwODYiLCJkYXRhIjp7InVzZXJfaWQiOjgsIm1kNV91c2VyX2lkIjoiODUyNTAxNGUzMjM3ZGQ0YjdlNDA1NGFlMzRlMDY0MzUifX0.paIR_ef7AVLZABAXL1HN10TV8Dz6WFxacWAYvMnzzR4Action" not found
Error: Class "admin\Action\ShortTokenAbc.eyJpc3MiOiJtdW11IiwiaWF0IjoxNzIzNTc2ODc2LCJleHAiOjE3MjM1ODQwNzYsIm5iZiI6MTcyMzU3Njg3OSwic3ViIjoid3d3LnFwaHAuY29tIiwianRpIjoiOTJkOThhYWM5MjkzZmVkMjhkMjM5NzVlZDQ2ZjgwODYiLCJkYXRhIjp7InVzZXJfaWQiOjgsIm1kNV91c2VyX2lkIjoiODUyNTAxNGUzMjM3ZGQ0YjdlNDA1NGFlMzRlMDY0MzUifX0.paIR_ef7AVLZABAXL1HN10TV8Dz6WFxacWAYvMnzzR4Action" not found in D:\phpstudy_pro\WWW\www.qphp.com\QPHP\QPHP.php:97
Stack trace:
#0 D:\phpstudy_pro\WWW\www.qphp.com\QPHP\base.php(30): QPHP\QPHP->run()
#1 D:\phpstudy_pro\WWW\www.qphp.com\public\index.php(13): QPHP\Base::run()
#2 {main}
Code: 0 Message: Class "admin\Action\ShortTokenAbc.eyJpc3MiOiJtdW11IiwiaWF0IjoxNzIzNTc2ODc2LCJleHAiOjE3MjM1ODQwNzYsIm5iZiI6MTcyMzU3Njg3OSwic3ViIjoid3d3LnFwaHAuY29tIiwianRpIjoiOTJkOThhYWM5MjkzZmVkMjhkMjM5NzVlZDQ2ZjgwODYiLCJkYXRhIjp7InVzZXJfaWQiOjgsIm1kNV91c2VyX2lkIjoiODUyNTAxNGUzMjM3ZGQ0YjdlNDA1NGFlMzRlMDY0MzUifX0.paIR_ef7AVLZABAXL1HN10TV8Dz6WFxacWAYvMnzzR4Action" not found
Error: Class "admin\Action\ShortTokenAbc.eyJpc3MiOiJtdW11IiwiaWF0IjoxNzIzNTc2ODc2LCJleHAiOjE3MjM1ODQwNzYsIm5iZiI6MTcyMzU3Njg3OSwic3ViIjoid3d3LnFwaHAuY29tIiwianRpIjoiOTJkOThhYWM5MjkzZmVkMjhkMjM5NzVlZDQ2ZjgwODYiLCJkYXRhIjp7InVzZXJfaWQiOjgsIm1kNV91c2VyX2lkIjoiODUyNTAxNGUzMjM3ZGQ0YjdlNDA1NGFlMzRlMDY0MzUifX0.paIR_ef7AVLZABAXL1HN10TV8Dz6WFxacWAYvMnzzR4Action" not found in D:\phpstudy_pro\WWW\www.qphp.com\QPHP\QPHP.php:97
Stack trace:
#0 D:\phpstudy_pro\WWW\www.qphp.com\QPHP\base.php(30): QPHP\QPHP->run()
#1 D:\phpstudy_pro\WWW\www.qphp.com\public\index.php(13): QPHP\Base::run()
#2 {main}
Code: 0 Message: Class "admin\Action\ShortTokenAbc.eyJpc3MiOiJtdW11IiwiaWF0IjoxNzIzNTc2ODc2LCJleHAiOjE3MjM1ODQwNzYsIm5iZiI6MTcyMzU3Njg3OSwic3ViIjoid3d3LnFwaHAuY29tIiwianRpIjoiOTJkOThhYWM5MjkzZmVkMjhkMjM5NzVlZDQ2ZjgwODYiLCJkYXRhIjp7InVzZXJfaWQiOjgsIm1kNV91c2VyX2lkIjoiODUyNTAxNGUzMjM3ZGQ0YjdlNDA1NGFlMzRlMDY0MzUifX0.paIR_ef7AVLZABAXL1HN10TV8Dz6WFxacWAYvMnzzR4Action" not found
Error: Class "admin\Action\ShortTokenAbc.eyJpc3MiOiJtdW11IiwiaWF0IjoxNzIzNTc2ODc2LCJleHAiOjE3MjM1ODQwNzYsIm5iZiI6MTcyMzU3Njg3OSwic3ViIjoid3d3LnFwaHAuY29tIiwianRpIjoiOTJkOThhYWM5MjkzZmVkMjhkMjM5NzVlZDQ2ZjgwODYiLCJkYXRhIjp7InVzZXJfaWQiOjgsIm1kNV91c2VyX2lkIjoiODUyNTAxNGUzMjM3ZGQ0YjdlNDA1NGFlMzRlMDY0MzUifX0.paIR_ef7AVLZABAXL1HN10TV8Dz6WFxacWAYvMnzzR4Action" not found in D:\phpstudy_pro\WWW\www.qphp.com\QPHP\QPHP.php:97
Stack trace:
#0 D:\phpstudy_pro\WWW\www.qphp.com\QPHP\base.php(30): QPHP\QPHP->run()
#1 D:\phpstudy_pro\WWW\www.qphp.com\public\index.php(13): QPHP\Base::run()
#2 {main}
Code: 0 Message: Class "admin\Action\ShortTokenAbc.eyJpc3MiOiJtdW11IiwiaWF0IjoxNzIzNTc2ODc2LCJleHAiOjE3MjM1ODQwNzYsIm5iZiI6MTcyMzU3Njg3OSwic3ViIjoid3d3LnFwaHAuY29tIiwianRpIjoiOTJkOThhYWM5MjkzZmVkMjhkMjM5NzVlZDQ2ZjgwODYiLCJkYXRhIjp7InVzZXJfaWQiOjgsIm1kNV91c2VyX2lkIjoiODUyNTAxNGUzMjM3ZGQ0YjdlNDA1NGFlMzRlMDY0MzUifX0.paIR_ef7AVLZABAXL1HN10TV8Dz6WFxacWAYvMnzzR4Action" not found
Error: Class "admin\Action\ShortTokenAbc.eyJpc3MiOiJtdW11IiwiaWF0IjoxNzIzNTc2ODc2LCJleHAiOjE3MjM1ODQwNzYsIm5iZiI6MTcyMzU3Njg3OSwic3ViIjoid3d3LnFwaHAuY29tIiwianRpIjoiOTJkOThhYWM5MjkzZmVkMjhkMjM5NzVlZDQ2ZjgwODYiLCJkYXRhIjp7InVzZXJfaWQiOjgsIm1kNV91c2VyX2lkIjoiODUyNTAxNGUzMjM3ZGQ0YjdlNDA1NGFlMzRlMDY0MzUifX0.paIR_ef7AVLZABAXL1HN10TV8Dz6WFxacWAYvMnzzR4Action" not found in D:\phpstudy_pro\WWW\www.qphp.com\QPHP\QPHP.php:97
Stack trace:
#0 D:\phpstudy_pro\WWW\www.qphp.com\QPHP\base.php(30): QPHP\QPHP->run()
#1 D:\phpstudy_pro\WWW\www.qphp.com\public\index.php(13): QPHP\Base::run()
#2 {main}
Code: 0 Message: Class "admin\Action\ShortTokenAbc.eyJpc3MiOiJtdW11IiwiaWF0IjoxNzIzNTc2ODc2LCJleHAiOjE3MjM1ODQwNzYsIm5iZiI6MTcyMzU3Njg3OSwic3ViIjoid3d3LnFwaHAuY29tIiwianRpIjoiOTJkOThhYWM5MjkzZmVkMjhkMjM5NzVlZDQ2ZjgwODYiLCJkYXRhIjp7InVzZXJfaWQiOjgsIm1kNV91c2VyX2lkIjoiODUyNTAxNGUzMjM3ZGQ0YjdlNDA1NGFlMzRlMDY0MzUifX0.paIR_ef7AVLZABAXL1HN10TV8Dz6WFxacWAYvMnzzR4Action" not found
Error: Class "admin\Action\ShortTokenAbc.eyJpc3MiOiJtdW11IiwiaWF0IjoxNzIzNTc2ODc2LCJleHAiOjE3MjM1ODQwNzYsIm5iZiI6MTcyMzU3Njg3OSwic3ViIjoid3d3LnFwaHAuY29tIiwianRpIjoiOTJkOThhYWM5MjkzZmVkMjhkMjM5NzVlZDQ2ZjgwODYiLCJkYXRhIjp7InVzZXJfaWQiOjgsIm1kNV91c2VyX2lkIjoiODUyNTAxNGUzMjM3ZGQ0YjdlNDA1NGFlMzRlMDY0MzUifX0.paIR_ef7AVLZABAXL1HN10TV8Dz6WFxacWAYvMnzzR4Action" not found in D:\phpstudy_pro\WWW\www.qphp.com\QPHP\QPHP.php:97
Stack trace:
#0 D:\phpstudy_pro\WWW\www.qphp.com\QPHP\base.php(30): QPHP\QPHP->run()
#1 D:\phpstudy_pro\WWW\www.qphp.com\public\index.php(13): QPHP\Base::run()
#2 {main}
Code: 0 Message: Class "admin\Action\ShortTokenAbc.eyJpc3MiOiJtdW11IiwiaWF0IjoxNzIzNTc2ODc2LCJleHAiOjE3MjM1ODQwNzYsIm5iZiI6MTcyMzU3Njg3OSwic3ViIjoid3d3LnFwaHAuY29tIiwianRpIjoiOTJkOThhYWM5MjkzZmVkMjhkMjM5NzVlZDQ2ZjgwODYiLCJkYXRhIjp7InVzZXJfaWQiOjgsIm1kNV91c2VyX2lkIjoiODUyNTAxNGUzMjM3ZGQ0YjdlNDA1NGFlMzRlMDY0MzUifX0.paIR_ef7AVLZABAXL1HN10TV8Dz6WFxacWAYvMnzzR4Action" not found
Error: Class "admin\Action\ShortTokenAbc.eyJpc3MiOiJtdW11IiwiaWF0IjoxNzIzNTc2ODc2LCJleHAiOjE3MjM1ODQwNzYsIm5iZiI6MTcyMzU3Njg3OSwic3ViIjoid3d3LnFwaHAuY29tIiwianRpIjoiOTJkOThhYWM5MjkzZmVkMjhkMjM5NzVlZDQ2ZjgwODYiLCJkYXRhIjp7InVzZXJfaWQiOjgsIm1kNV91c2VyX2lkIjoiODUyNTAxNGUzMjM3ZGQ0YjdlNDA1NGFlMzRlMDY0MzUifX0.paIR_ef7AVLZABAXL1HN10TV8Dz6WFxacWAYvMnzzR4Action" not found in D:\phpstudy_pro\WWW\www.qphp.com\QPHP\QPHP.php:97
Stack trace:
#0 D:\phpstudy_pro\WWW\www.qphp.com\QPHP\base.php(30): QPHP\QPHP->run()
#1 D:\phpstudy_pro\WWW\www.qphp.com\public\index.php(13): QPHP\Base::run()
#2 {main}
Code: 0 Message: Class "admin\Action\ShortTokenAbc.eyJpc3MiOiJtdW11IiwiaWF0IjoxNzIzNTc2ODc2LCJleHAiOjE3MjM1ODQwNzYsIm5iZiI6MTcyMzU3Njg3OSwic3ViIjoid3d3LnFwaHAuY29tIiwianRpIjoiOTJkOThhYWM5MjkzZmVkMjhkMjM5NzVlZDQ2ZjgwODYiLCJkYXRhIjp7InVzZXJfaWQiOjgsIm1kNV91c2VyX2lkIjoiODUyNTAxNGUzMjM3ZGQ0YjdlNDA1NGFlMzRlMDY0MzUifX0.paIR_ef7AVLZABAXL1HN10TV8Dz6WFxacWAYvMnzzR4Action" not found
Error: Class "admin\Action\ShortTokenAbc.eyJpc3MiOiJtdW11IiwiaWF0IjoxNzIzNTc2ODc2LCJleHAiOjE3MjM1ODQwNzYsIm5iZiI6MTcyMzU3Njg3OSwic3ViIjoid3d3LnFwaHAuY29tIiwianRpIjoiOTJkOThhYWM5MjkzZmVkMjhkMjM5NzVlZDQ2ZjgwODYiLCJkYXRhIjp7InVzZXJfaWQiOjgsIm1kNV91c2VyX2lkIjoiODUyNTAxNGUzMjM3ZGQ0YjdlNDA1NGFlMzRlMDY0MzUifX0.paIR_ef7AVLZABAXL1HN10TV8Dz6WFxacWAYvMnzzR4Action" not found in D:\phpstudy_pro\WWW\www.qphp.com\QPHP\QPHP.php:97
Stack trace:
#0 D:\phpstudy_pro\WWW\www.qphp.com\QPHP\base.php(30): QPHP\QPHP->run()
#1 D:\phpstudy_pro\WWW\www.qphp.com\public\index.php(13): QPHP\Base::run()
#2 {main}
Code: 0 Message: Class "admin\Action\ShortTokenAbc.eyJpc3MiOiJtdW11IiwiaWF0IjoxNzIzNTc2ODc2LCJleHAiOjE3MjM1ODQwNzYsIm5iZiI6MTcyMzU3Njg3OSwic3ViIjoid3d3LnFwaHAuY29tIiwianRpIjoiOTJkOThhYWM5MjkzZmVkMjhkMjM5NzVlZDQ2ZjgwODYiLCJkYXRhIjp7InVzZXJfaWQiOjgsIm1kNV91c2VyX2lkIjoiODUyNTAxNGUzMjM3ZGQ0YjdlNDA1NGFlMzRlMDY0MzUifX0.paIR_ef7AVLZABAXL1HN10TV8Dz6WFxacWAYvMnzzR4Action" not found
Error: Class "admin\Action\ShortTokenAbc.eyJpc3MiOiJtdW11IiwiaWF0IjoxNzIzNTc2ODc2LCJleHAiOjE3MjM1ODQwNzYsIm5iZiI6MTcyMzU3Njg3OSwic3ViIjoid3d3LnFwaHAuY29tIiwianRpIjoiOTJkOThhYWM5MjkzZmVkMjhkMjM5NzVlZDQ2ZjgwODYiLCJkYXRhIjp7InVzZXJfaWQiOjgsIm1kNV91c2VyX2lkIjoiODUyNTAxNGUzMjM3ZGQ0YjdlNDA1NGFlMzRlMDY0MzUifX0.paIR_ef7AVLZABAXL1HN10TV8Dz6WFxacWAYvMnzzR4Action" not found in D:\phpstudy_pro\WWW\www.qphp.com\QPHP\QPHP.php:97
Stack trace:
#0 D:\phpstudy_pro\WWW\www.qphp.com\QPHP\base.php(30): QPHP\QPHP->run()
#1 D:\phpstudy_pro\WWW\www.qphp.com\public\index.php(13): QPHP\Base::run()
#2 {main}
Code: 0 Message: Class "admin\Action\ShortTokenAbc.eyJpc3MiOiJtdW11IiwiaWF0IjoxNzIzNTc2ODc2LCJleHAiOjE3MjM1ODQwNzYsIm5iZiI6MTcyMzU3Njg3OSwic3ViIjoid3d3LnFwaHAuY29tIiwianRpIjoiOTJkOThhYWM5MjkzZmVkMjhkMjM5NzVlZDQ2ZjgwODYiLCJkYXRhIjp7InVzZXJfaWQiOjgsIm1kNV91c2VyX2lkIjoiODUyNTAxNGUzMjM3ZGQ0YjdlNDA1NGFlMzRlMDY0MzUifX0.paIR_ef7AVLZABAXL1HN10TV8Dz6WFxacWAYvMnzzR4Action" not found
Error: Class "admin\Action\ShortTokenAbc.eyJpc3MiOiJtdW11IiwiaWF0IjoxNzIzNTc2ODc2LCJleHAiOjE3MjM1ODQwNzYsIm5iZiI6MTcyMzU3Njg3OSwic3ViIjoid3d3LnFwaHAuY29tIiwianRpIjoiOTJkOThhYWM5MjkzZmVkMjhkMjM5NzVlZDQ2ZjgwODYiLCJkYXRhIjp7InVzZXJfaWQiOjgsIm1kNV91c2VyX2lkIjoiODUyNTAxNGUzMjM3ZGQ0YjdlNDA1NGFlMzRlMDY0MzUifX0.paIR_ef7AVLZABAXL1HN10TV8Dz6WFxacWAYvMnzzR4Action" not found in D:\phpstudy_pro\WWW\www.qphp.com\QPHP\QPHP.php:97
Stack trace:
#0 D:\phpstudy_pro\WWW\www.qphp.com\QPHP\base.php(30): QPHP\QPHP->run()
#1 D:\phpstudy_pro\WWW\www.qphp.com\public\index.php(13): QPHP\Base::run()
#2 {main}
