Unknown error type: [2] require(D:\phpstudy_pro\WWW\www.qphp.com/application/admin/App/Util/include/UserAction.php): failed to open stream: No such file or directory
Unknown error on line 51 in file D:\phpstudy_pro\WWW\www.qphp.com\QPHP\QPHP.php
Request the address: www.qphp.com/admin/user/index/
The wrong time: 2022-05-13 00:24:04
Unknown error type: [2] Cannot modify header information - headers already sent by (output started at D:\phpstudy_pro\WWW\www.qphp.com\application\admin\App\Action\Login.action.php:25)
Unknown error on line 7 in file D:\phpstudy_pro\WWW\www.qphp.com\application\admin\App\Util\include\Json.util.php
Request the address: www.qphp.com/admin/login/getUserId/?username=mumu&password=123456
The wrong time: 2022-05-13 01:57:41
Unknown error type: [2] Cannot modify header information - headers already sent by (output started at D:\phpstudy_pro\WWW\www.qphp.com\application\admin\App\Action\Login.action.php:25)
Unknown error on line 7 in file D:\phpstudy_pro\WWW\www.qphp.com\application\admin\App\Util\include\Json.util.php
Request the address: www.qphp.com/admin/login/getUserId/?username=mumu&password=123456
The wrong time: 2022-05-13 02:00:54
Unknown error type: [2] Cannot modify header information - headers already sent by (output started at D:\phpstudy_pro\WWW\www.qphp.com\application\admin\App\Action\Login.action.php:25)
Unknown error on line 7 in file D:\phpstudy_pro\WWW\www.qphp.com\application\admin\App\Util\include\Json.util.php
Request the address: www.qphp.com/admin/login/getUserId/?username=mumu&password=123456
The wrong time: 2022-05-13 02:04:42
Unknown error type: [8] Undefined index: HTTP_X_TOKEN
Unknown error on line 25 in file D:\phpstudy_pro\WWW\www.qphp.com\application\admin\App\Action\Login.action.php
Request the address: www.qphp.com/admin/login/getUserId/?username=mumu&password=123456
The wrong time: 2022-05-13 02:05:32
Unknown error type: [8] Undefined index: HTTP_X_TOKEN
Unknown error on line 25 in file D:\phpstudy_pro\WWW\www.qphp.com\application\admin\App\Action\Login.action.php
Request the address: www.qphp.com/admin/login/getUserId/?username=mumu&password=123456
The wrong time: 2022-05-13 02:08:03
Unknown error type: [8] Undefined index: id
Unknown error on line 10 in file D:\phpstudy_pro\WWW\www.qphp.com\application\index\App\Action\Index.action.php
Request the address: www.qphp.com/
The wrong time: 2022-05-13 10:29:54
Unknown error type: [2] Use of undefined constant Module - assumed 'Module' (this will throw an Error in a future version of PHP)
Unknown error on line 28 in file D:\phpstudy_pro\WWW\www.qphp.com\QPHP\core\Action.class.php
Request the address: www.qphp.com/?id=10
The wrong time: 2022-05-13 10:41:31
Unknown error type: [2] Use of undefined constant Module - assumed 'Module' (this will throw an Error in a future version of PHP)
Unknown error on line 28 in file D:\phpstudy_pro\WWW\www.qphp.com\QPHP\core\Action.class.php
Request the address: www.qphp.com/?id=10
The wrong time: 2022-05-13 10:42:31
Unknown error type: [2] Use of undefined constant Module - assumed 'Module' (this will throw an Error in a future version of PHP)
Unknown error on line 28 in file D:\phpstudy_pro\WWW\www.qphp.com\QPHP\core\Action.class.php
Request the address: www.qphp.com/?id=10
The wrong time: 2022-05-13 10:42:35
Unknown error type: [2] Use of undefined constant Module - assumed 'Module' (this will throw an Error in a future version of PHP)
Unknown error on line 28 in file D:\phpstudy_pro\WWW\www.qphp.com\QPHP\core\Action.class.php
Request the address: www.qphp.com/?id=10
The wrong time: 2022-05-13 10:42:35
Unknown error type: [2] Use of undefined constant Module - assumed 'Module' (this will throw an Error in a future version of PHP)
Unknown error on line 28 in file D:\phpstudy_pro\WWW\www.qphp.com\QPHP\core\Action.class.php
Request the address: www.qphp.com/?id=10
The wrong time: 2022-05-13 10:42:36
Unknown error type: [8] Undefined index: id
Unknown error on line 10 in file D:\phpstudy_pro\WWW\www.qphp.com\application\index\App\Action\Index.action.php
Request the address: www.qphp.com/index/index/index
The wrong time: 2022-05-13 10:45:02
