Unknown error type: [2] Use of undefined constant ORACLE_PORT - assumed 'ORACLE_PORT' (this will throw an Error in a future version of PHP)
Unknown error on line 17 in file D:\phpstudy_pro\WWW\www.qphp.com\QPHP\core\QDbOracle.class.php
Request the address: www.qphp.com/index/user/index
The wrong time: 2022-05-21 04:55:59
Unknown error type: [8] Undefined variable: conn
Unknown error on line 34 in file D:\phpstudy_pro\WWW\www.qphp.com\QPHP\core\QDbOracle.class.php
Request the address: www.qphp.com/index/user/index
The wrong time: 2022-05-21 07:42:29
Unknown error type: [8] Undefined variable: conn
Unknown error on line 34 in file D:\phpstudy_pro\WWW\www.qphp.com\QPHP\core\QDbOracle.class.php
Request the address: www.qphp.com/index/user/index
The wrong time: 2022-05-21 07:42:30
Unknown error type: [8] Undefined variable: conn
Unknown error on line 34 in file D:\phpstudy_pro\WWW\www.qphp.com\QPHP\core\QDbOracle.class.php
Request the address: www.qphp.com/index/user/index
The wrong time: 2022-05-21 07:42:30
Unknown error type: [8] Undefined variable: conn
Unknown error on line 34 in file D:\phpstudy_pro\WWW\www.qphp.com\QPHP\core\QDbOracle.class.php
Request the address: www.qphp.com/index/user/index
The wrong time: 2022-05-21 07:42:30
Unknown error type: [8] Undefined variable: conn
Unknown error on line 34 in file D:\phpstudy_pro\WWW\www.qphp.com\QPHP\core\QDbOracle.class.php
Request the address: www.qphp.com/index/user/index
The wrong time: 2022-05-21 07:54:17
Unknown error type: [8] Undefined variable: conn
Unknown error on line 34 in file D:\phpstudy_pro\WWW\www.qphp.com\QPHP\core\QDbOracle.class.php
Request the address: www.qphp.com/index/user/index
The wrong time: 2022-05-21 07:55:42
Unknown error type: [8] Undefined variable: conn
Unknown error on line 34 in file D:\phpstudy_pro\WWW\www.qphp.com\QPHP\core\QDbOracle.class.php
Request the address: www.qphp.com/index/user/index
The wrong time: 2022-05-21 07:55:42
Unknown error type: [8] Undefined variable: conn
Unknown error on line 34 in file D:\phpstudy_pro\WWW\www.qphp.com\QPHP\core\QDbOracle.class.php
Request the address: www.qphp.com/index/user/index
The wrong time: 2022-05-21 07:55:43
Unknown error type: [8] Undefined variable: conn
Unknown error on line 34 in file D:\phpstudy_pro\WWW\www.qphp.com\QPHP\core\QDbOracle.class.php
Request the address: www.qphp.com/index/user/index
The wrong time: 2022-05-21 07:56:57
Unknown error type: [8] Undefined variable: conn
Unknown error on line 34 in file D:\phpstudy_pro\WWW\www.qphp.com\QPHP\core\QDbOracle.class.php
Request the address: www.qphp.com/index/user/index
The wrong time: 2022-05-21 07:56:57
Unknown error type: [8] Undefined variable: conn
Unknown error on line 34 in file D:\phpstudy_pro\WWW\www.qphp.com\QPHP\core\QDbOracle.class.php
Request the address: www.qphp.com/index/user/index
The wrong time: 2022-05-21 07:56:57
Unknown error type: [8] Undefined variable: conn
Unknown error on line 34 in file D:\phpstudy_pro\WWW\www.qphp.com\QPHP\core\QDbOracle.class.php
Request the address: www.qphp.com/index/user/index
The wrong time: 2022-05-21 07:56:58
Unknown error type: [8] Undefined variable: conn
Unknown error on line 34 in file D:\phpstudy_pro\WWW\www.qphp.com\QPHP\core\QDbOracle.class.php
Request the address: www.qphp.com/index/user/index
The wrong time: 2022-05-21 08:10:19
Unknown error type: [8] Undefined variable: conn
Unknown error on line 34 in file D:\phpstudy_pro\WWW\www.qphp.com\QPHP\core\QDbOracle.class.php
Request the address: www.qphp.com/index/user/index
The wrong time: 2022-05-21 08:10:20
Unknown error type: [8] Undefined variable: conn
Unknown error on line 34 in file D:\phpstudy_pro\WWW\www.qphp.com\QPHP\core\QDbOracle.class.php
Request the address: www.qphp.com/index/user/index
The wrong time: 2022-05-21 08:10:20
Unknown error type: [8] Undefined variable: conn
Unknown error on line 34 in file D:\phpstudy_pro\WWW\www.qphp.com\QPHP\core\QDbOracle.class.php
Request the address: www.qphp.com/index/user/index
The wrong time: 2022-05-21 08:10:20
Unknown error type: [8] Undefined variable: conn
Unknown error on line 34 in file D:\phpstudy_pro\WWW\www.qphp.com\QPHP\core\QDbOracle.class.php
Request the address: www.qphp.com/index/user/index
The wrong time: 2022-05-21 08:10:20
Unknown error type: [8] Undefined variable: conn
Unknown error on line 34 in file D:\phpstudy_pro\WWW\www.qphp.com\QPHP\core\QDbOracle.class.php
Request the address: www.qphp.com/index/user/index
The wrong time: 2022-05-21 08:10:20
Unknown error type: [8] Undefined variable: conn
Unknown error on line 34 in file D:\phpstudy_pro\WWW\www.qphp.com\QPHP\core\QDbOracle.class.php
Request the address: www.qphp.com/index/user/index
The wrong time: 2022-05-21 08:10:20
Unknown error type: [8] Undefined variable: conn
Unknown error on line 34 in file D:\phpstudy_pro\WWW\www.qphp.com\QPHP\core\QDbOracle.class.php
Request the address: www.qphp.com/index/user/index
The wrong time: 2022-05-21 08:10:21
Unknown error type: [8] Undefined variable: conn
Unknown error on line 34 in file D:\phpstudy_pro\WWW\www.qphp.com\QPHP\core\QDbOracle.class.php
Request the address: www.qphp.com/index/user/index
The wrong time: 2022-05-21 08:10:24
Unknown error type: [8] Undefined variable: conn
Unknown error on line 34 in file D:\phpstudy_pro\WWW\www.qphp.com\QPHP\core\QDbOracle.class.php
Request the address: www.qphp.com/index/user/index
The wrong time: 2022-05-21 08:10:24
Unknown error type: [8] Undefined variable: conn
Unknown error on line 34 in file D:\phpstudy_pro\WWW\www.qphp.com\QPHP\core\QDbOracle.class.php
Request the address: www.qphp.com/index/user/index
The wrong time: 2022-05-21 08:10:45
Unknown error type: [8] Undefined variable: conn
Unknown error on line 34 in file D:\phpstudy_pro\WWW\www.qphp.com\QPHP\core\QDbOracle.class.php
Request the address: www.qphp.com/index/user/index
The wrong time: 2022-05-21 08:10:46
Unknown error type: [8] Undefined variable: conn
Unknown error on line 34 in file D:\phpstudy_pro\WWW\www.qphp.com\QPHP\core\QDbOracle.class.php
Request the address: www.qphp.com/index/user/index
The wrong time: 2022-05-21 08:10:46
Unknown error type: [8] Undefined variable: conn
Unknown error on line 34 in file D:\phpstudy_pro\WWW\www.qphp.com\QPHP\core\QDbOracle.class.php
Request the address: www.qphp.com/index/user/index
The wrong time: 2022-05-21 08:10:46
Unknown error type: [8] Undefined variable: conn
Unknown error on line 34 in file D:\phpstudy_pro\WWW\www.qphp.com\QPHP\core\QDbOracle.class.php
Request the address: www.qphp.com/index/user/index
The wrong time: 2022-05-21 08:10:46
Unknown error type: [8] Undefined variable: conn
Unknown error on line 34 in file D:\phpstudy_pro\WWW\www.qphp.com\QPHP\core\QDbOracle.class.php
Request the address: www.qphp.com/index/user/index
The wrong time: 2022-05-21 08:10:47
Unknown error type: [8] Undefined variable: conn
Unknown error on line 34 in file D:\phpstudy_pro\WWW\www.qphp.com\QPHP\core\QDbOracle.class.php
Request the address: www.qphp.com/index/user/index
The wrong time: 2022-05-21 08:10:47
Unknown error type: [8] Undefined variable: conn
Unknown error on line 34 in file D:\phpstudy_pro\WWW\www.qphp.com\QPHP\core\QDbOracle.class.php
Request the address: www.qphp.com/index/user/index
The wrong time: 2022-05-21 08:10:47
Unknown error type: [8] Undefined variable: conn
Unknown error on line 34 in file D:\phpstudy_pro\WWW\www.qphp.com\QPHP\core\QDbOracle.class.php
Request the address: www.qphp.com/index/user/index
The wrong time: 2022-05-21 08:10:47
Unknown error type: [8] Undefined variable: conn
Unknown error on line 34 in file D:\phpstudy_pro\WWW\www.qphp.com\QPHP\core\QDbOracle.class.php
Request the address: www.qphp.com/index/user/index
The wrong time: 2022-05-21 08:10:47
Unknown error type: [8] Undefined variable: conn
Unknown error on line 34 in file D:\phpstudy_pro\WWW\www.qphp.com\QPHP\core\QDbOracle.class.php
Request the address: www.qphp.com/index/user/index
The wrong time: 2022-05-21 08:10:48
Unknown error type: [8] Undefined variable: conn
Unknown error on line 34 in file D:\phpstudy_pro\WWW\www.qphp.com\QPHP\core\QDbOracle.class.php
Request the address: www.qphp.com/index/user/index
The wrong time: 2022-05-21 08:10:48
Unknown error type: [8] Undefined variable: conn
Unknown error on line 34 in file D:\phpstudy_pro\WWW\www.qphp.com\QPHP\core\QDbOracle.class.php
Request the address: www.qphp.com/index/user/index
The wrong time: 2022-05-21 08:10:48
Unknown error type: [8] Undefined variable: conn
Unknown error on line 34 in file D:\phpstudy_pro\WWW\www.qphp.com\QPHP\core\QDbOracle.class.php
Request the address: www.qphp.com/index/user/index
The wrong time: 2022-05-21 08:10:48
Unknown error type: [8] Undefined variable: conn
Unknown error on line 34 in file D:\phpstudy_pro\WWW\www.qphp.com\QPHP\core\QDbOracle.class.php
Request the address: www.qphp.com/index/user/index
The wrong time: 2022-05-21 08:10:48
Unknown error type: [8] Undefined variable: conn
Unknown error on line 34 in file D:\phpstudy_pro\WWW\www.qphp.com\QPHP\core\QDbOracle.class.php
Request the address: www.qphp.com/index/user/index
The wrong time: 2022-05-21 08:10:49
Unknown error type: [8] Undefined variable: conn
Unknown error on line 34 in file D:\phpstudy_pro\WWW\www.qphp.com\QPHP\core\QDbOracle.class.php
Request the address: www.qphp.com/index/user/index
The wrong time: 2022-05-21 08:10:49
Unknown error type: [8] Undefined variable: conn
Unknown error on line 34 in file D:\phpstudy_pro\WWW\www.qphp.com\QPHP\core\QDbOracle.class.php
Request the address: www.qphp.com/index/user/index
The wrong time: 2022-05-21 08:19:47
Unknown error type: [8] Undefined variable: conn
Unknown error on line 34 in file D:\phpstudy_pro\WWW\www.qphp.com\QPHP\core\QDbOracle.class.php
Request the address: www.qphp.com/index/user/index
The wrong time: 2022-05-21 08:19:47
Unknown error type: [8] Undefined variable: conn
Unknown error on line 34 in file D:\phpstudy_pro\WWW\www.qphp.com\QPHP\core\QDbOracle.class.php
Request the address: www.qphp.com/index/user/index
The wrong time: 2022-05-21 08:19:48
Unknown error type: [8] Undefined variable: conn
Unknown error on line 34 in file D:\phpstudy_pro\WWW\www.qphp.com\QPHP\core\QDbOracle.class.php
Request the address: www.qphp.com/index/user/index
The wrong time: 2022-05-21 08:19:48
Unknown error type: [8] Undefined variable: conn
Unknown error on line 34 in file D:\phpstudy_pro\WWW\www.qphp.com\QPHP\core\QDbOracle.class.php
Request the address: www.qphp.com/index/user/index
The wrong time: 2022-05-21 08:19:48
Unknown error type: [8] Undefined variable: conn
Unknown error on line 34 in file D:\phpstudy_pro\WWW\www.qphp.com\QPHP\core\QDbOracle.class.php
Request the address: www.qphp.com/index/user/index
The wrong time: 2022-05-21 08:19:48
Unknown error type: [8] Undefined variable: conn
Unknown error on line 34 in file D:\phpstudy_pro\WWW\www.qphp.com\QPHP\core\QDbOracle.class.php
Request the address: www.qphp.com/index/user/index
The wrong time: 2022-05-21 08:19:48
Unknown error type: [8] Undefined variable: conn
Unknown error on line 34 in file D:\phpstudy_pro\WWW\www.qphp.com\QPHP\core\QDbOracle.class.php
Request the address: www.qphp.com/index/user/index
The wrong time: 2022-05-21 08:19:49
Unknown error type: [8] Undefined variable: conn
Unknown error on line 34 in file D:\phpstudy_pro\WWW\www.qphp.com\QPHP\core\QDbOracle.class.php
Request the address: www.qphp.com/index/user/index
The wrong time: 2022-05-21 08:19:49
Unknown error type: [8] Undefined variable: conn
Unknown error on line 34 in file D:\phpstudy_pro\WWW\www.qphp.com\QPHP\core\QDbOracle.class.php
Request the address: www.qphp.com/index/user/index
The wrong time: 2022-05-21 08:19:49
Unknown error type: [8] Undefined variable: conn
Unknown error on line 34 in file D:\phpstudy_pro\WWW\www.qphp.com\QPHP\core\QDbOracle.class.php
Request the address: www.qphp.com/index/user/index
The wrong time: 2022-05-21 08:19:49
Unknown error type: [8] Undefined variable: conn
Unknown error on line 34 in file D:\phpstudy_pro\WWW\www.qphp.com\QPHP\core\QDbOracle.class.php
Request the address: www.qphp.com/index/user/index
The wrong time: 2022-05-21 08:19:49
Unknown error type: [8] Undefined variable: conn
Unknown error on line 34 in file D:\phpstudy_pro\WWW\www.qphp.com\QPHP\core\QDbOracle.class.php
Request the address: www.qphp.com/index/user/index
The wrong time: 2022-05-21 08:19:50
Unknown error type: [8] Undefined variable: conn
Unknown error on line 34 in file D:\phpstudy_pro\WWW\www.qphp.com\QPHP\core\QDbOracle.class.php
Request the address: www.qphp.com/index/user/index
The wrong time: 2022-05-21 08:19:50
Unknown error type: [8] Undefined variable: conn
Unknown error on line 34 in file D:\phpstudy_pro\WWW\www.qphp.com\QPHP\core\QDbOracle.class.php
Request the address: www.qphp.com/index/user/index
The wrong time: 2022-05-21 08:19:51
Unknown error type: [8] Undefined variable: conn
Unknown error on line 34 in file D:\phpstudy_pro\WWW\www.qphp.com\QPHP\core\QDbOracle.class.php
Request the address: www.qphp.com/index/user/index
The wrong time: 2022-05-21 08:19:51
Unknown error type: [8] Undefined variable: conn
Unknown error on line 34 in file D:\phpstudy_pro\WWW\www.qphp.com\QPHP\core\QDbOracle.class.php
Request the address: www.qphp.com/index/user/index
The wrong time: 2022-05-21 08:19:51
Unknown error type: [8] Undefined variable: conn
Unknown error on line 34 in file D:\phpstudy_pro\WWW\www.qphp.com\QPHP\core\QDbOracle.class.php
Request the address: www.qphp.com/index/user/index
The wrong time: 2022-05-21 08:19:51
Unknown error type: [8] Undefined variable: conn
Unknown error on line 34 in file D:\phpstudy_pro\WWW\www.qphp.com\QPHP\core\QDbOracle.class.php
Request the address: www.qphp.com/index/user/index
The wrong time: 2022-05-21 08:22:04
Unknown error type: [8] Undefined variable: conn
Unknown error on line 34 in file D:\phpstudy_pro\WWW\www.qphp.com\QPHP\core\QDbOracle.class.php
Request the address: www.qphp.com/index/user/index
The wrong time: 2022-05-21 08:22:04
Unknown error type: [8] Undefined variable: conn
Unknown error on line 34 in file D:\phpstudy_pro\WWW\www.qphp.com\QPHP\core\QDbOracle.class.php
Request the address: www.qphp.com/index/user/index
The wrong time: 2022-05-21 08:22:05
Unknown error type: [8] Undefined variable: conn
Unknown error on line 34 in file D:\phpstudy_pro\WWW\www.qphp.com\QPHP\core\QDbOracle.class.php
Request the address: www.qphp.com/index/user/index
The wrong time: 2022-05-21 08:22:05
Unknown error type: [8] Undefined variable: conn
Unknown error on line 34 in file D:\phpstudy_pro\WWW\www.qphp.com\QPHP\core\QDbOracle.class.php
Request the address: www.qphp.com/index/user/index
The wrong time: 2022-05-21 08:22:05
Unknown error type: [8] Undefined variable: conn
Unknown error on line 34 in file D:\phpstudy_pro\WWW\www.qphp.com\QPHP\core\QDbOracle.class.php
Request the address: www.qphp.com/index/user/index
The wrong time: 2022-05-21 08:22:05
Unknown error type: [8] Undefined variable: conn
Unknown error on line 34 in file D:\phpstudy_pro\WWW\www.qphp.com\QPHP\core\QDbOracle.class.php
Request the address: www.qphp.com/index/user/index
The wrong time: 2022-05-21 08:22:05
Unknown error type: [8] Undefined variable: conn
Unknown error on line 34 in file D:\phpstudy_pro\WWW\www.qphp.com\QPHP\core\QDbOracle.class.php
Request the address: www.qphp.com/index/user/index
The wrong time: 2022-05-21 08:22:06
Unknown error type: [8] Undefined variable: conn
Unknown error on line 34 in file D:\phpstudy_pro\WWW\www.qphp.com\QPHP\core\QDbOracle.class.php
Request the address: www.qphp.com/index/user/index
The wrong time: 2022-05-21 08:22:06
Unknown error type: [8] Undefined variable: conn
Unknown error on line 34 in file D:\phpstudy_pro\WWW\www.qphp.com\QPHP\core\QDbOracle.class.php
Request the address: www.qphp.com/index/user/index
The wrong time: 2022-05-21 08:22:06
Unknown error type: [8] Undefined variable: conn
Unknown error on line 34 in file D:\phpstudy_pro\WWW\www.qphp.com\QPHP\core\QDbOracle.class.php
Request the address: www.qphp.com/index/user/index
The wrong time: 2022-05-21 08:22:06
Unknown error type: [8] Undefined variable: conn
Unknown error on line 34 in file D:\phpstudy_pro\WWW\www.qphp.com\QPHP\core\QDbOracle.class.php
Request the address: www.qphp.com/index/user/index
The wrong time: 2022-05-21 08:22:06
Unknown error type: [8] Undefined variable: conn
Unknown error on line 34 in file D:\phpstudy_pro\WWW\www.qphp.com\QPHP\core\QDbOracle.class.php
Request the address: www.qphp.com/index/user/index
The wrong time: 2022-05-21 08:22:07
Unknown error type: [8] Undefined variable: conn
Unknown error on line 34 in file D:\phpstudy_pro\WWW\www.qphp.com\QPHP\core\QDbOracle.class.php
Request the address: www.qphp.com/index/user/index
The wrong time: 2022-05-21 08:22:07
Unknown error type: [8] Undefined variable: conn
Unknown error on line 34 in file D:\phpstudy_pro\WWW\www.qphp.com\QPHP\core\QDbOracle.class.php
Request the address: www.qphp.com/index/user/index
The wrong time: 2022-05-21 08:22:07
Unknown error type: [8] Undefined variable: conn
Unknown error on line 34 in file D:\phpstudy_pro\WWW\www.qphp.com\QPHP\core\QDbOracle.class.php
Request the address: www.qphp.com/index/user/index
The wrong time: 2022-05-21 08:22:07
Unknown error type: [8] Undefined variable: conn
Unknown error on line 34 in file D:\phpstudy_pro\WWW\www.qphp.com\QPHP\core\QDbOracle.class.php
Request the address: www.qphp.com/index/user/index
The wrong time: 2022-05-21 08:22:08
Unknown error type: [8] Undefined variable: conn
Unknown error on line 34 in file D:\phpstudy_pro\WWW\www.qphp.com\QPHP\core\QDbOracle.class.php
Request the address: www.qphp.com/index/user/index
The wrong time: 2022-05-21 08:22:08
Unknown error type: [8] Undefined variable: conn
Unknown error on line 34 in file D:\phpstudy_pro\WWW\www.qphp.com\QPHP\core\QDbOracle.class.php
Request the address: www.qphp.com/index/user/index
The wrong time: 2022-05-21 08:22:08
Unknown error type: [8] Undefined variable: conn
Unknown error on line 34 in file D:\phpstudy_pro\WWW\www.qphp.com\QPHP\core\QDbOracle.class.php
Request the address: www.qphp.com/index/user/index
The wrong time: 2022-05-21 08:22:08
Unknown error type: [8] Undefined variable: conn
Unknown error on line 34 in file D:\phpstudy_pro\WWW\www.qphp.com\QPHP\core\QDbOracle.class.php
Request the address: www.qphp.com/index/user/index
The wrong time: 2022-05-21 08:22:08
Unknown error type: [8] Undefined variable: conn
Unknown error on line 34 in file D:\phpstudy_pro\WWW\www.qphp.com\QPHP\core\QDbOracle.class.php
Request the address: www.qphp.com/index/user/index
The wrong time: 2022-05-21 08:22:08
Unknown error type: [8] Undefined variable: conn
Unknown error on line 34 in file D:\phpstudy_pro\WWW\www.qphp.com\QPHP\core\QDbOracle.class.php
Request the address: www.qphp.com/index/user/index
The wrong time: 2022-05-21 08:22:09
Unknown error type: [8] Undefined variable: conn
Unknown error on line 34 in file D:\phpstudy_pro\WWW\www.qphp.com\QPHP\core\QDbOracle.class.php
Request the address: www.qphp.com/index/user/index
The wrong time: 2022-05-21 08:22:09
Unknown error type: [8] Undefined variable: conn
Unknown error on line 34 in file D:\phpstudy_pro\WWW\www.qphp.com\QPHP\core\QDbOracle.class.php
Request the address: www.qphp.com/index/user/index
The wrong time: 2022-05-21 08:22:09
Unknown error type: [8] Undefined variable: conn
Unknown error on line 34 in file D:\phpstudy_pro\WWW\www.qphp.com\QPHP\core\QDbOracle.class.php
Request the address: www.qphp.com/index/user/index
The wrong time: 2022-05-21 08:22:09
Unknown error type: [8] Undefined variable: conn
Unknown error on line 34 in file D:\phpstudy_pro\WWW\www.qphp.com\QPHP\core\QDbOracle.class.php
Request the address: www.qphp.com/index/user/index
The wrong time: 2022-05-21 08:22:09
Unknown error type: [8] Undefined variable: conn
Unknown error on line 34 in file D:\phpstudy_pro\WWW\www.qphp.com\QPHP\core\QDbOracle.class.php
Request the address: www.qphp.com/index/user/index
The wrong time: 2022-05-21 08:22:10
Unknown error type: [8] Undefined variable: conn
Unknown error on line 34 in file D:\phpstudy_pro\WWW\www.qphp.com\QPHP\core\QDbOracle.class.php
Request the address: www.qphp.com/index/user/index
The wrong time: 2022-05-21 08:22:10
Unknown error type: [8] Undefined variable: conn
Unknown error on line 34 in file D:\phpstudy_pro\WWW\www.qphp.com\QPHP\core\QDbOracle.class.php
Request the address: www.qphp.com/index/user/index
The wrong time: 2022-05-21 08:43:30
Unknown error type: [8] Undefined variable: conn
Unknown error on line 34 in file D:\phpstudy_pro\WWW\www.qphp.com\QPHP\core\QDbOracle.class.php
Request the address: www.qphp.com/index/user/index
The wrong time: 2022-05-21 08:43:30
Unknown error type: [8] Undefined variable: conn
Unknown error on line 34 in file D:\phpstudy_pro\WWW\www.qphp.com\QPHP\core\QDbOracle.class.php
Request the address: www.qphp.com/index/user/index
The wrong time: 2022-05-21 08:43:30
Unknown error type: [8] Undefined variable: conn
Unknown error on line 34 in file D:\phpstudy_pro\WWW\www.qphp.com\QPHP\core\QDbOracle.class.php
Request the address: www.qphp.com/index/user/index
The wrong time: 2022-05-21 08:43:49
Unknown error type: [8] Undefined variable: conn
Unknown error on line 34 in file D:\phpstudy_pro\WWW\www.qphp.com\QPHP\core\QDbOracle.class.php
Request the address: www.qphp.com/index/user/index
The wrong time: 2022-05-21 08:43:50
Unknown error type: [8] Undefined variable: conn
Unknown error on line 34 in file D:\phpstudy_pro\WWW\www.qphp.com\QPHP\core\QDbOracle.class.php
Request the address: www.qphp.com/index/user/index
The wrong time: 2022-05-21 08:43:50
Unknown error type: [8] Undefined variable: conn
Unknown error on line 34 in file D:\phpstudy_pro\WWW\www.qphp.com\QPHP\core\QDbOracle.class.php
Request the address: www.qphp.com/index/user/index
The wrong time: 2022-05-21 08:43:50
Unknown error type: [8] Undefined variable: conn
Unknown error on line 34 in file D:\phpstudy_pro\WWW\www.qphp.com\QPHP\core\QDbOracle.class.php
Request the address: www.qphp.com/index/user/index
The wrong time: 2022-05-21 08:43:50
Unknown error type: [8] Undefined variable: conn
Unknown error on line 34 in file D:\phpstudy_pro\WWW\www.qphp.com\QPHP\core\QDbOracle.class.php
Request the address: www.qphp.com/index/user/index
The wrong time: 2022-05-21 08:43:51
Unknown error type: [8] Undefined variable: conn
Unknown error on line 34 in file D:\phpstudy_pro\WWW\www.qphp.com\QPHP\core\QDbOracle.class.php
Request the address: www.qphp.com/index/user/index
The wrong time: 2022-05-21 08:43:51
Unknown error type: [8] Undefined variable: conn
Unknown error on line 34 in file D:\phpstudy_pro\WWW\www.qphp.com\QPHP\core\QDbOracle.class.php
Request the address: www.qphp.com/index/user/index
The wrong time: 2022-05-21 08:43:51
Unknown error type: [8] Undefined variable: conn
Unknown error on line 34 in file D:\phpstudy_pro\WWW\www.qphp.com\QPHP\core\QDbOracle.class.php
Request the address: www.qphp.com/index/user/index
The wrong time: 2022-05-21 08:43:51
Unknown error type: [8] Undefined variable: conn
Unknown error on line 34 in file D:\phpstudy_pro\WWW\www.qphp.com\QPHP\core\QDbOracle.class.php
Request the address: www.qphp.com/index/user/index
The wrong time: 2022-05-21 08:43:52
Unknown error type: [8] Undefined variable: conn
Unknown error on line 34 in file D:\phpstudy_pro\WWW\www.qphp.com\QPHP\core\QDbOracle.class.php
Request the address: www.qphp.com/index/user/index
The wrong time: 2022-05-21 08:43:52
Unknown error type: [8] Undefined variable: conn
Unknown error on line 34 in file D:\phpstudy_pro\WWW\www.qphp.com\QPHP\core\QDbOracle.class.php
Request the address: www.qphp.com/index/user/index
The wrong time: 2022-05-21 08:43:52
Unknown error type: [8] Undefined variable: conn
Unknown error on line 34 in file D:\phpstudy_pro\WWW\www.qphp.com\QPHP\core\QDbOracle.class.php
Request the address: www.qphp.com/index/user/index
The wrong time: 2022-05-21 08:43:52
Unknown error type: [8] Undefined variable: conn
Unknown error on line 34 in file D:\phpstudy_pro\WWW\www.qphp.com\QPHP\core\QDbOracle.class.php
Request the address: www.qphp.com/index/user/index
The wrong time: 2022-05-21 08:43:53
Unknown error type: [8] Undefined variable: conn
Unknown error on line 34 in file D:\phpstudy_pro\WWW\www.qphp.com\QPHP\core\QDbOracle.class.php
Request the address: www.qphp.com/index/user/index
The wrong time: 2022-05-21 08:43:53
Unknown error type: [8] Undefined variable: conn
Unknown error on line 34 in file D:\phpstudy_pro\WWW\www.qphp.com\QPHP\core\QDbOracle.class.php
Request the address: www.qphp.com/index/user/index
The wrong time: 2022-05-21 08:43:54
Unknown error type: [8] Undefined variable: conn
Unknown error on line 34 in file D:\phpstudy_pro\WWW\www.qphp.com\QPHP\core\QDbOracle.class.php
Request the address: www.qphp.com/index/user/index
The wrong time: 2022-05-21 08:43:54
Unknown error type: [8] Undefined variable: conn
Unknown error on line 35 in file D:\phpstudy_pro\WWW\www.qphp.com\QPHP\core\QDbOracle.class.php
Request the address: www.qphp.com/index/user/index
The wrong time: 2022-05-21 08:46:40
Unknown error type: [8] Undefined variable: conn
Unknown error on line 35 in file D:\phpstudy_pro\WWW\www.qphp.com\QPHP\core\QDbOracle.class.php
Request the address: www.qphp.com/index/user/index
The wrong time: 2022-05-21 08:47:19
Unknown error type: [8] Undefined variable: conn
Unknown error on line 35 in file D:\phpstudy_pro\WWW\www.qphp.com\QPHP\core\QDbOracle.class.php
Request the address: www.qphp.com/index/user/index
The wrong time: 2022-05-21 08:48:17
Unknown error type: [8] Undefined variable: conn
Unknown error on line 35 in file D:\phpstudy_pro\WWW\www.qphp.com\QPHP\core\QDbOracle.class.php
Request the address: www.qphp.com/index/user/index
The wrong time: 2022-05-21 08:49:02
Unknown error type: [8] Undefined variable: conn
Unknown error on line 35 in file D:\phpstudy_pro\WWW\www.qphp.com\QPHP\core\QDbOracle.class.php
Request the address: www.qphp.com/index/user/index
The wrong time: 2022-05-21 08:51:37
Unknown error type: [8] Undefined variable: conn
Unknown error on line 35 in file D:\phpstudy_pro\WWW\www.qphp.com\QPHP\core\QDbOracle.class.php
Request the address: www.qphp.com/index/user/index
The wrong time: 2022-05-21 08:57:21
Unknown error type: [8] Undefined variable: conn
Unknown error on line 35 in file D:\phpstudy_pro\WWW\www.qphp.com\QPHP\core\QDbOracle.class.php
Request the address: www.qphp.com/index/user/index
The wrong time: 2022-05-21 08:57:32
Unknown error type: [8] Undefined variable: conn
Unknown error on line 35 in file D:\phpstudy_pro\WWW\www.qphp.com\QPHP\core\QDbOracle.class.php
Request the address: www.qphp.com/index/user/index
The wrong time: 2022-05-21 08:57:41
Unknown error type: [8] Undefined variable: conn
Unknown error on line 35 in file D:\phpstudy_pro\WWW\www.qphp.com\QPHP\core\QDbOracle.class.php
Request the address: www.qphp.com/index/user/index
The wrong time: 2022-05-21 08:57:43
Unknown error type: [8] Undefined variable: conn
Unknown error on line 35 in file D:\phpstudy_pro\WWW\www.qphp.com\QPHP\core\QDbOracle.class.php
Request the address: www.qphp.com/index/user/index
The wrong time: 2022-05-21 08:58:24
Unknown error type: [2] oci_connect(): ORA-28009: connection as SYS should be as SYSDBA or SYSOPER
Unknown error on line 29 in file D:\phpstudy_pro\WWW\www.qphp.com\QPHP\core\QDbOracle.class.php
Request the address: www.qphp.com/index/user/index
The wrong time: 2022-05-21 09:43:04
Unknown error type: [2] oci_connect(): ORA-12514: TNS:listener does not currently know of service requested in connect descriptor
Unknown error on line 29 in file D:\phpstudy_pro\WWW\www.qphp.com\QPHP\core\QDbOracle.class.php
Request the address: www.qphp.com/index/user/index
The wrong time: 2022-05-21 09:43:32
Unknown error type: [2] oci_connect(): ORA-12514: TNS:listener does not currently know of service requested in connect descriptor
Unknown error on line 29 in file D:\phpstudy_pro\WWW\www.qphp.com\QPHP\core\QDbOracle.class.php
Request the address: www.qphp.com/index/user/index
The wrong time: 2022-05-21 09:43:32
Unknown error type: [2] oci_connect(): ORA-12514: TNS:listener does not currently know of service requested in connect descriptor
Unknown error on line 29 in file D:\phpstudy_pro\WWW\www.qphp.com\QPHP\core\QDbOracle.class.php
Request the address: www.qphp.com/index/user/index
The wrong time: 2022-05-21 09:43:32
Unknown error type: [2] oci_connect(): ORA-12514: TNS:listener does not currently know of service requested in connect descriptor
Unknown error on line 29 in file D:\phpstudy_pro\WWW\www.qphp.com\QPHP\core\QDbOracle.class.php
Request the address: www.qphp.com/index/user/index
The wrong time: 2022-05-21 09:43:32
Unknown error type: [2] oci_connect(): ORA-12514: TNS:listener does not currently know of service requested in connect descriptor
Unknown error on line 29 in file D:\phpstudy_pro\WWW\www.qphp.com\QPHP\core\QDbOracle.class.php
Request the address: www.qphp.com/index/user/index
The wrong time: 2022-05-21 09:43:33
Unknown error type: [2] oci_connect(): ORA-12514: TNS:listener does not currently know of service requested in connect descriptor
Unknown error on line 29 in file D:\phpstudy_pro\WWW\www.qphp.com\QPHP\core\QDbOracle.class.php
Request the address: www.qphp.com/index/user/index
The wrong time: 2022-05-21 09:47:44
Unknown error type: [2] Invalid argument supplied for foreach()
Unknown error on line 41 in file D:\phpstudy_pro\WWW\www.qphp.com\QPHP\core\QDbOracle.class.php
Request the address: www.qphp.com/index/user/index
The wrong time: 2022-05-21 13:03:46
Unknown error type: [2] Invalid argument supplied for foreach()
Unknown error on line 41 in file D:\phpstudy_pro\WWW\www.qphp.com\QPHP\core\QDbOracle.class.php
Request the address: www.qphp.com/index/user/index
The wrong time: 2022-05-21 13:03:46
Unknown error type: [2] Invalid argument supplied for foreach()
Unknown error on line 41 in file D:\phpstudy_pro\WWW\www.qphp.com\QPHP\core\QDbOracle.class.php
Request the address: www.qphp.com/index/user/index
The wrong time: 2022-05-21 13:03:46
Unknown error type: [2] Invalid argument supplied for foreach()
Unknown error on line 41 in file D:\phpstudy_pro\WWW\www.qphp.com\QPHP\core\QDbOracle.class.php
Request the address: www.qphp.com/index/user/index
The wrong time: 2022-05-21 13:03:46
Unknown error type: [2] Invalid argument supplied for foreach()
Unknown error on line 41 in file D:\phpstudy_pro\WWW\www.qphp.com\QPHP\core\QDbOracle.class.php
Request the address: www.qphp.com/index/user/index
The wrong time: 2022-05-21 13:03:46
Unknown error type: [2] Invalid argument supplied for foreach()
Unknown error on line 41 in file D:\phpstudy_pro\WWW\www.qphp.com\QPHP\core\QDbOracle.class.php
Request the address: www.qphp.com/index/user/index
The wrong time: 2022-05-21 13:03:47
Unknown error type: [2] Invalid argument supplied for foreach()
Unknown error on line 41 in file D:\phpstudy_pro\WWW\www.qphp.com\QPHP\core\QDbOracle.class.php
Request the address: www.qphp.com/index/user/index
The wrong time: 2022-05-21 13:05:35
Unknown error type: [2] Invalid argument supplied for foreach()
Unknown error on line 41 in file D:\phpstudy_pro\WWW\www.qphp.com\QPHP\core\QDbOracle.class.php
Request the address: www.qphp.com/index/user/index
The wrong time: 2022-05-21 13:05:35
Unknown error type: [2] Invalid argument supplied for foreach()
Unknown error on line 41 in file D:\phpstudy_pro\WWW\www.qphp.com\QPHP\core\QDbOracle.class.php
Request the address: www.qphp.com/index/user/index
The wrong time: 2022-05-21 13:05:35
Unknown error type: [2] Invalid argument supplied for foreach()
Unknown error on line 41 in file D:\phpstudy_pro\WWW\www.qphp.com\QPHP\core\QDbOracle.class.php
Request the address: www.qphp.com/index/user/index
The wrong time: 2022-05-21 13:05:35
Unknown error type: [2] Invalid argument supplied for foreach()
Unknown error on line 41 in file D:\phpstudy_pro\WWW\www.qphp.com\QPHP\core\QDbOracle.class.php
Request the address: www.qphp.com/index/user/index
The wrong time: 2022-05-21 13:07:14
Unknown error type: [2] Invalid argument supplied for foreach()
Unknown error on line 41 in file D:\phpstudy_pro\WWW\www.qphp.com\QPHP\core\QDbOracle.class.php
Request the address: www.qphp.com/index/user/index
The wrong time: 2022-05-21 13:07:14
Unknown error type: [2] Invalid argument supplied for foreach()
Unknown error on line 41 in file D:\phpstudy_pro\WWW\www.qphp.com\QPHP\core\QDbOracle.class.php
Request the address: www.qphp.com/index/user/index
The wrong time: 2022-05-21 13:07:14
Unknown error type: [2] Invalid argument supplied for foreach()
Unknown error on line 41 in file D:\phpstudy_pro\WWW\www.qphp.com\QPHP\core\QDbOracle.class.php
Request the address: www.qphp.com/index/user/index
The wrong time: 2022-05-21 13:07:14
Unknown error type: [2] Invalid argument supplied for foreach()
Unknown error on line 41 in file D:\phpstudy_pro\WWW\www.qphp.com\QPHP\core\QDbOracle.class.php
Request the address: www.qphp.com/index/user/index
The wrong time: 2022-05-21 13:07:14
Unknown error type: [2] Invalid argument supplied for foreach()
Unknown error on line 41 in file D:\phpstudy_pro\WWW\www.qphp.com\QPHP\core\QDbOracle.class.php
Request the address: www.qphp.com/index/user/index
The wrong time: 2022-05-21 13:07:14
Unknown error type: [2] Invalid argument supplied for foreach()
Unknown error on line 41 in file D:\phpstudy_pro\WWW\www.qphp.com\QPHP\core\QDbOracle.class.php
Request the address: www.qphp.com/index/user/index
The wrong time: 2022-05-21 13:07:15
Unknown error type: [2] Invalid argument supplied for foreach()
Unknown error on line 41 in file D:\phpstudy_pro\WWW\www.qphp.com\QPHP\core\QDbOracle.class.php
Request the address: www.qphp.com/index/user/index
The wrong time: 2022-05-21 13:07:15
Unknown error type: [2] Invalid argument supplied for foreach()
Unknown error on line 41 in file D:\phpstudy_pro\WWW\www.qphp.com\QPHP\core\QDbOracle.class.php
Request the address: www.qphp.com/index/user/index
The wrong time: 2022-05-21 13:07:15
Unknown error type: [2] Invalid argument supplied for foreach()
Unknown error on line 41 in file D:\phpstudy_pro\WWW\www.qphp.com\QPHP\core\QDbOracle.class.php
Request the address: www.qphp.com/index/user/index
The wrong time: 2022-05-21 13:07:15
Unknown error type: [2] Invalid argument supplied for foreach()
Unknown error on line 41 in file D:\phpstudy_pro\WWW\www.qphp.com\QPHP\core\QDbOracle.class.php
Request the address: www.qphp.com/index/user/index
The wrong time: 2022-05-21 13:07:15
Unknown error type: [2] Invalid argument supplied for foreach()
Unknown error on line 43 in file D:\phpstudy_pro\WWW\www.qphp.com\QPHP\core\QDbOracle.class.php
Request the address: www.qphp.com/index/user/index
The wrong time: 2022-05-21 13:08:21
Unknown error type: [2] Invalid argument supplied for foreach()
Unknown error on line 43 in file D:\phpstudy_pro\WWW\www.qphp.com\QPHP\core\QDbOracle.class.php
Request the address: www.qphp.com/index/user/index
The wrong time: 2022-05-21 13:08:21
Unknown error type: [2] Invalid argument supplied for foreach()
Unknown error on line 43 in file D:\phpstudy_pro\WWW\www.qphp.com\QPHP\core\QDbOracle.class.php
Request the address: www.qphp.com/index/user/index
The wrong time: 2022-05-21 13:08:21
Unknown error type: [2] Invalid argument supplied for foreach()
Unknown error on line 43 in file D:\phpstudy_pro\WWW\www.qphp.com\QPHP\core\QDbOracle.class.php
Request the address: www.qphp.com/index/user/index
The wrong time: 2022-05-21 13:09:41
Unknown error type: [2] Invalid argument supplied for foreach()
Unknown error on line 43 in file D:\phpstudy_pro\WWW\www.qphp.com\QPHP\core\QDbOracle.class.php
Request the address: www.qphp.com/index/user/index
The wrong time: 2022-05-21 13:09:41
Unknown error type: [2] Invalid argument supplied for foreach()
Unknown error on line 43 in file D:\phpstudy_pro\WWW\www.qphp.com\QPHP\core\QDbOracle.class.php
Request the address: www.qphp.com/index/user/index
The wrong time: 2022-05-21 13:09:41
Unknown error type: [2] Invalid argument supplied for foreach()
Unknown error on line 43 in file D:\phpstudy_pro\WWW\www.qphp.com\QPHP\core\QDbOracle.class.php
Request the address: www.qphp.com/index/user/index
The wrong time: 2022-05-21 13:09:41
Unknown error type: [2] Invalid argument supplied for foreach()
Unknown error on line 43 in file D:\phpstudy_pro\WWW\www.qphp.com\QPHP\core\QDbOracle.class.php
Request the address: www.qphp.com/index/user/index
The wrong time: 2022-05-21 13:09:42
Unknown error type: [2] Invalid argument supplied for foreach()
Unknown error on line 43 in file D:\phpstudy_pro\WWW\www.qphp.com\QPHP\core\QDbOracle.class.php
Request the address: www.qphp.com/index/user/index
The wrong time: 2022-05-21 13:09:42
Unknown error type: [2] PDO::exec(): issuing a SELECT query here is invalid
Unknown error on line 41 in file D:\phpstudy_pro\WWW\www.qphp.com\QPHP\core\QDbOracle.class.php
Request the address: www.qphp.com/index/user/index
The wrong time: 2022-05-21 14:10:01
Unknown error type: [2] PDO::exec(): issuing a SELECT query here is invalid
Unknown error on line 41 in file D:\phpstudy_pro\WWW\www.qphp.com\QPHP\core\QDbOracle.class.php
Request the address: www.qphp.com/index/user/index
The wrong time: 2022-05-21 14:10:02
Unknown error type: [2] PDO::exec(): issuing a SELECT query here is invalid
Unknown error on line 41 in file D:\phpstudy_pro\WWW\www.qphp.com\QPHP\core\QDbOracle.class.php
Request the address: www.qphp.com/index/user/index
The wrong time: 2022-05-21 14:10:02
Unknown error type: [2] PDO::exec(): issuing a SELECT query here is invalid
Unknown error on line 41 in file D:\phpstudy_pro\WWW\www.qphp.com\QPHP\core\QDbOracle.class.php
Request the address: www.qphp.com/index/user/index
The wrong time: 2022-05-21 14:10:03
Unknown error type: [2] PDO::exec(): issuing a SELECT query here is invalid
Unknown error on line 41 in file D:\phpstudy_pro\WWW\www.qphp.com\QPHP\core\QDbOracle.class.php
Request the address: www.qphp.com/index/user/index
The wrong time: 2022-05-21 14:10:03
Unknown error type: [2] PDO::exec(): issuing a SELECT query here is invalid
Unknown error on line 41 in file D:\phpstudy_pro\WWW\www.qphp.com\QPHP\core\QDbOracle.class.php
Request the address: www.qphp.com/index/user/index
The wrong time: 2022-05-21 14:10:04
Unknown error type: [2] PDO::exec(): issuing a SELECT query here is invalid
Unknown error on line 41 in file D:\phpstudy_pro\WWW\www.qphp.com\QPHP\core\QDbOracle.class.php
Request the address: www.qphp.com/index/user/index
The wrong time: 2022-05-21 14:10:04
Unknown error type: [2] PDO::exec(): issuing a SELECT query here is invalid
Unknown error on line 41 in file D:\phpstudy_pro\WWW\www.qphp.com\QPHP\core\QDbOracle.class.php
Request the address: www.qphp.com/index/user/index
The wrong time: 2022-05-21 14:10:04
Unknown error type: [2] PDO::exec(): issuing a SELECT query here is invalid
Unknown error on line 41 in file D:\phpstudy_pro\WWW\www.qphp.com\QPHP\core\QDbOracle.class.php
Request the address: www.qphp.com/index/user/index
The wrong time: 2022-05-21 14:10:05
Unknown error type: [2] PDO::exec(): issuing a SELECT query here is invalid
Unknown error on line 41 in file D:\phpstudy_pro\WWW\www.qphp.com\QPHP\core\QDbOracle.class.php
Request the address: www.qphp.com/index/user/index
The wrong time: 2022-05-21 14:10:05
Unknown error type: [2] PDO::exec(): issuing a SELECT query here is invalid
Unknown error on line 41 in file D:\phpstudy_pro\WWW\www.qphp.com\QPHP\core\QDbOracle.class.php
Request the address: www.qphp.com/index/user/index
The wrong time: 2022-05-21 14:10:06
Unknown error type: [2] PDO::exec(): issuing a SELECT query here is invalid
Unknown error on line 41 in file D:\phpstudy_pro\WWW\www.qphp.com\QPHP\core\QDbOracle.class.php
Request the address: www.qphp.com/index/user/index
The wrong time: 2022-05-21 14:10:06
Unknown error type: [2] PDO::exec(): issuing a SELECT query here is invalid
Unknown error on line 41 in file D:\phpstudy_pro\WWW\www.qphp.com\QPHP\core\QDbOracle.class.php
Request the address: www.qphp.com/index/user/index
The wrong time: 2022-05-21 14:10:08
Unknown error type: [2] PDO::exec(): issuing a SELECT query here is invalid
Unknown error on line 41 in file D:\phpstudy_pro\WWW\www.qphp.com\QPHP\core\QDbOracle.class.php
Request the address: www.qphp.com/index/user/index
The wrong time: 2022-05-21 14:10:08
Unknown error type: [2] PDO::exec(): issuing a SELECT query here is invalid
Unknown error on line 41 in file D:\phpstudy_pro\WWW\www.qphp.com\QPHP\core\QDbOracle.class.php
Request the address: www.qphp.com/index/user/index
The wrong time: 2022-05-21 14:13:01
Unknown error type: [2] PDO::exec(): issuing a SELECT query here is invalid
Unknown error on line 41 in file D:\phpstudy_pro\WWW\www.qphp.com\QPHP\core\QDbOracle.class.php
Request the address: www.qphp.com/index/user/index
The wrong time: 2022-05-21 14:13:01
Unknown error type: [2] PDO::exec(): issuing a SELECT query here is invalid
Unknown error on line 41 in file D:\phpstudy_pro\WWW\www.qphp.com\QPHP\core\QDbOracle.class.php
Request the address: www.qphp.com/index/user/index
The wrong time: 2022-05-21 14:13:01
Unknown error type: [2] PDO::exec(): issuing a SELECT query here is invalid
Unknown error on line 41 in file D:\phpstudy_pro\WWW\www.qphp.com\QPHP\core\QDbOracle.class.php
Request the address: www.qphp.com/index/user/index
The wrong time: 2022-05-21 14:13:01
Unknown error type: [2] PDO::exec(): issuing a SELECT query here is invalid
Unknown error on line 41 in file D:\phpstudy_pro\WWW\www.qphp.com\QPHP\core\QDbOracle.class.php
Request the address: www.qphp.com/index/user/index
The wrong time: 2022-05-21 14:16:32
Unknown error type: [2] PDO::exec(): issuing a SELECT query here is invalid
Unknown error on line 41 in file D:\phpstudy_pro\WWW\www.qphp.com\QPHP\core\QDbOracle.class.php
Request the address: www.qphp.com/index/user/index
The wrong time: 2022-05-21 14:16:33
Unknown error type: [2] PDO::exec(): issuing a SELECT query here is invalid
Unknown error on line 41 in file D:\phpstudy_pro\WWW\www.qphp.com\QPHP\core\QDbOracle.class.php
Request the address: www.qphp.com/index/user/index
The wrong time: 2022-05-21 14:16:33
