Code: 0 Message: Cannot call constructor
Error: Cannot call constructor in D:\phpstudy_pro\WWW\www.qphp.com\application\index\App\Model\User.model.php:13
Stack trace:
#0 D:\phpstudy_pro\WWW\www.qphp.com\application\index\App\Action\User.action.php(12): UserModel->__construct()
#1 D:\phpstudy_pro\WWW\www.qphp.com\QPHP\core\action\Action.class.php(21): UserAction->index()
#2 D:\phpstudy_pro\WWW\www.qphp.com\QPHP\QPHP.php(23): Action->call(Object(UserAction), 'index')
#3 D:\phpstudy_pro\WWW\www.qphp.com\index.php(71): QPHP->run()
#4 {main}
Code: 0 Message: Call to undefined method UserModel::findAll()
Error: Call to undefined method UserModel::findAll() in D:\phpstudy_pro\WWW\www.qphp.com\application\index\App\Action\User.action.php:13
Stack trace:
#0 D:\phpstudy_pro\WWW\www.qphp.com\QPHP\core\action\Action.class.php(21): UserAction->index()
#1 D:\phpstudy_pro\WWW\www.qphp.com\QPHP\QPHP.php(23): Action->call(Object(UserAction), 'index')
#2 D:\phpstudy_pro\WWW\www.qphp.com\index.php(71): QPHP->run()
#3 {main}
Code: 0 Message: Call to undefined method UserModel::findAll()
Error: Call to undefined method UserModel::findAll() in D:\phpstudy_pro\WWW\www.qphp.com\application\index\App\Action\User.action.php:13
Stack trace:
#0 D:\phpstudy_pro\WWW\www.qphp.com\QPHP\core\action\Action.class.php(21): UserAction->index()
#1 D:\phpstudy_pro\WWW\www.qphp.com\QPHP\QPHP.php(23): Action->call(Object(UserAction), 'index')
#2 D:\phpstudy_pro\WWW\www.qphp.com\index.php(71): QPHP->run()
#3 {main}
Code: 0 Message: Call to undefined method UserModel::findAll()
Error: Call to undefined method UserModel::findAll() in D:\phpstudy_pro\WWW\www.qphp.com\application\index\App\Action\User.action.php:13
Stack trace:
#0 D:\phpstudy_pro\WWW\www.qphp.com\QPHP\core\action\Action.class.php(21): UserAction->index()
#1 D:\phpstudy_pro\WWW\www.qphp.com\QPHP\QPHP.php(23): Action->call(Object(UserAction), 'index')
#2 D:\phpstudy_pro\WWW\www.qphp.com\index.php(71): QPHP->run()
#3 {main}
Code: 0 Message: Call to undefined method UserModel::findAll()
Error: Call to undefined method UserModel::findAll() in D:\phpstudy_pro\WWW\www.qphp.com\application\index\App\Action\User.action.php:13
Stack trace:
#0 D:\phpstudy_pro\WWW\www.qphp.com\QPHP\core\action\Action.class.php(21): UserAction->index()
#1 D:\phpstudy_pro\WWW\www.qphp.com\QPHP\QPHP.php(23): Action->call(Object(UserAction), 'index')
#2 D:\phpstudy_pro\WWW\www.qphp.com\index.php(71): QPHP->run()
#3 {main}
Code: 0 Message: Call to undefined method UserModel::findAll()
Error: Call to undefined method UserModel::findAll() in D:\phpstudy_pro\WWW\www.qphp.com\application\index\App\Action\User.action.php:13
Stack trace:
#0 D:\phpstudy_pro\WWW\www.qphp.com\QPHP\core\action\Action.class.php(21): UserAction->index()
#1 D:\phpstudy_pro\WWW\www.qphp.com\QPHP\QPHP.php(23): Action->call(Object(UserAction), 'index')
#2 D:\phpstudy_pro\WWW\www.qphp.com\index.php(71): QPHP->run()
#3 {main}
Code: 0 Message: Call to undefined method UserModel::findAll()
Error: Call to undefined method UserModel::findAll() in D:\phpstudy_pro\WWW\www.qphp.com\application\index\App\Action\User.action.php:13
Stack trace:
#0 D:\phpstudy_pro\WWW\www.qphp.com\QPHP\core\action\Action.class.php(21): UserAction->index()
#1 D:\phpstudy_pro\WWW\www.qphp.com\QPHP\QPHP.php(23): Action->call(Object(UserAction), 'index')
#2 D:\phpstudy_pro\WWW\www.qphp.com\index.php(71): QPHP->run()
#3 {main}
Code: 0 Message: Call to undefined method UserModel::findAll()
Error: Call to undefined method UserModel::findAll() in D:\phpstudy_pro\WWW\www.qphp.com\application\index\App\Action\User.action.php:13
Stack trace:
#0 D:\phpstudy_pro\WWW\www.qphp.com\QPHP\core\action\Action.class.php(21): UserAction->index()
#1 D:\phpstudy_pro\WWW\www.qphp.com\QPHP\QPHP.php(23): Action->call(Object(UserAction), 'index')
#2 D:\phpstudy_pro\WWW\www.qphp.com\index.php(71): QPHP->run()
#3 {main}
Code: 0 Message: Call to undefined method UserModel::findAll()
Error: Call to undefined method UserModel::findAll() in D:\phpstudy_pro\WWW\www.qphp.com\application\index\App\Action\User.action.php:13
Stack trace:
#0 D:\phpstudy_pro\WWW\www.qphp.com\QPHP\core\action\Action.class.php(21): UserAction->index()
#1 D:\phpstudy_pro\WWW\www.qphp.com\QPHP\QPHP.php(23): Action->call(Object(UserAction), 'index')
#2 D:\phpstudy_pro\WWW\www.qphp.com\index.php(71): QPHP->run()
#3 {main}
Code: 0 Message: Call to undefined method UserModel::findAll()
Error: Call to undefined method UserModel::findAll() in D:\phpstudy_pro\WWW\www.qphp.com\application\index\App\Action\User.action.php:13
Stack trace:
#0 D:\phpstudy_pro\WWW\www.qphp.com\QPHP\core\action\Action.class.php(21): UserAction->index()
#1 D:\phpstudy_pro\WWW\www.qphp.com\QPHP\QPHP.php(23): Action->call(Object(UserAction), 'index')
#2 D:\phpstudy_pro\WWW\www.qphp.com\index.php(71): QPHP->run()
#3 {main}
Code: 0 Message: Call to undefined method UserModel::findAll()
Error: Call to undefined method UserModel::findAll() in D:\phpstudy_pro\WWW\www.qphp.com\application\index\App\Action\User.action.php:13
Stack trace:
#0 D:\phpstudy_pro\WWW\www.qphp.com\QPHP\core\action\Action.class.php(21): UserAction->index()
#1 D:\phpstudy_pro\WWW\www.qphp.com\QPHP\QPHP.php(23): Action->call(Object(UserAction), 'index')
#2 D:\phpstudy_pro\WWW\www.qphp.com\index.php(71): QPHP->run()
#3 {main}
Code: 0 Message: Call to undefined method UserModel::findAll()
Error: Call to undefined method UserModel::findAll() in D:\phpstudy_pro\WWW\www.qphp.com\application\index\App\Action\User.action.php:13
Stack trace:
#0 D:\phpstudy_pro\WWW\www.qphp.com\QPHP\core\action\Action.class.php(21): UserAction->index()
#1 D:\phpstudy_pro\WWW\www.qphp.com\QPHP\QPHP.php(23): Action->call(Object(UserAction), 'index')
#2 D:\phpstudy_pro\WWW\www.qphp.com\index.php(71): QPHP->run()
#3 {main}
Code: 0 Message: Call to undefined method UserModel::findAll()
Error: Call to undefined method UserModel::findAll() in D:\phpstudy_pro\WWW\www.qphp.com\application\index\App\Action\User.action.php:13
Stack trace:
#0 D:\phpstudy_pro\WWW\www.qphp.com\QPHP\core\action\Action.class.php(21): UserAction->index()
#1 D:\phpstudy_pro\WWW\www.qphp.com\QPHP\QPHP.php(23): Action->call(Object(UserAction), 'index')
#2 D:\phpstudy_pro\WWW\www.qphp.com\index.php(71): QPHP->run()
#3 {main}
Code: 0 Message: Call to undefined method UserModel::findAll()
Error: Call to undefined method UserModel::findAll() in D:\phpstudy_pro\WWW\www.qphp.com\application\index\App\Action\User.action.php:13
Stack trace:
#0 D:\phpstudy_pro\WWW\www.qphp.com\QPHP\core\action\Action.class.php(21): UserAction->index()
#1 D:\phpstudy_pro\WWW\www.qphp.com\QPHP\QPHP.php(23): Action->call(Object(UserAction), 'index')
#2 D:\phpstudy_pro\WWW\www.qphp.com\index.php(71): QPHP->run()
#3 {main}
Code: 0 Message: Call to undefined method UserModel::findAll()
Error: Call to undefined method UserModel::findAll() in D:\phpstudy_pro\WWW\www.qphp.com\application\index\App\Action\User.action.php:13
Stack trace:
#0 D:\phpstudy_pro\WWW\www.qphp.com\QPHP\core\action\Action.class.php(21): UserAction->index()
#1 D:\phpstudy_pro\WWW\www.qphp.com\QPHP\QPHP.php(23): Action->call(Object(UserAction), 'index')
#2 D:\phpstudy_pro\WWW\www.qphp.com\index.php(71): QPHP->run()
#3 {main}
Code: 0 Message: Call to undefined method UserModel::findAll()
Error: Call to undefined method UserModel::findAll() in D:\phpstudy_pro\WWW\www.qphp.com\application\index\App\Action\User.action.php:13
Stack trace:
#0 D:\phpstudy_pro\WWW\www.qphp.com\QPHP\core\action\Action.class.php(21): UserAction->index()
#1 D:\phpstudy_pro\WWW\www.qphp.com\QPHP\QPHP.php(23): Action->call(Object(UserAction), 'index')
#2 D:\phpstudy_pro\WWW\www.qphp.com\index.php(71): QPHP->run()
#3 {main}
Code: 0 Message: Call to undefined method UserModel::findAll()
Error: Call to undefined method UserModel::findAll() in D:\phpstudy_pro\WWW\www.qphp.com\application\index\App\Action\User.action.php:13
Stack trace:
#0 D:\phpstudy_pro\WWW\www.qphp.com\QPHP\core\action\Action.class.php(21): UserAction->index()
#1 D:\phpstudy_pro\WWW\www.qphp.com\QPHP\QPHP.php(23): Action->call(Object(UserAction), 'index')
#2 D:\phpstudy_pro\WWW\www.qphp.com\index.php(71): QPHP->run()
#3 {main}
Code: 0 Message: Call to undefined method UserModel::findAll()
Error: Call to undefined method UserModel::findAll() in D:\phpstudy_pro\WWW\www.qphp.com\application\index\App\Action\User.action.php:13
Stack trace:
#0 D:\phpstudy_pro\WWW\www.qphp.com\QPHP\core\action\Action.class.php(21): UserAction->index()
#1 D:\phpstudy_pro\WWW\www.qphp.com\QPHP\QPHP.php(23): Action->call(Object(UserAction), 'index')
#2 D:\phpstudy_pro\WWW\www.qphp.com\index.php(71): QPHP->run()
#3 {main}
Code: 0 Message: Call to undefined method UserModel::findAll()
Error: Call to undefined method UserModel::findAll() in D:\phpstudy_pro\WWW\www.qphp.com\application\index\App\Action\User.action.php:13
Stack trace:
#0 D:\phpstudy_pro\WWW\www.qphp.com\QPHP\core\action\Action.class.php(21): UserAction->index()
#1 D:\phpstudy_pro\WWW\www.qphp.com\QPHP\QPHP.php(23): Action->call(Object(UserAction), 'index')
#2 D:\phpstudy_pro\WWW\www.qphp.com\index.php(71): QPHP->run()
#3 {main}
Code: 0 Message: Call to undefined method UserModel::findAll()
Error: Call to undefined method UserModel::findAll() in D:\phpstudy_pro\WWW\www.qphp.com\application\index\App\Action\User.action.php:13
Stack trace:
#0 D:\phpstudy_pro\WWW\www.qphp.com\QPHP\core\action\Action.class.php(21): UserAction->index()
#1 D:\phpstudy_pro\WWW\www.qphp.com\QPHP\QPHP.php(23): Action->call(Object(UserAction), 'index')
#2 D:\phpstudy_pro\WWW\www.qphp.com\index.php(71): QPHP->run()
#3 {main}
Code: 0 Message: Call to undefined method UserModel::findAll()
Error: Call to undefined method UserModel::findAll() in D:\phpstudy_pro\WWW\www.qphp.com\application\index\App\Action\User.action.php:13
Stack trace:
#0 D:\phpstudy_pro\WWW\www.qphp.com\QPHP\core\action\Action.class.php(21): UserAction->index()
#1 D:\phpstudy_pro\WWW\www.qphp.com\QPHP\QPHP.php(23): Action->call(Object(UserAction), 'index')
#2 D:\phpstudy_pro\WWW\www.qphp.com\index.php(71): QPHP->run()
#3 {main}
Code: 0 Message: Call to undefined method UserModel::findAll()
Error: Call to undefined method UserModel::findAll() in D:\phpstudy_pro\WWW\www.qphp.com\application\index\App\Action\User.action.php:13
Stack trace:
#0 D:\phpstudy_pro\WWW\www.qphp.com\QPHP\core\action\Action.class.php(21): UserAction->index()
#1 D:\phpstudy_pro\WWW\www.qphp.com\QPHP\QPHP.php(23): Action->call(Object(UserAction), 'index')
#2 D:\phpstudy_pro\WWW\www.qphp.com\index.php(71): QPHP->run()
#3 {main}
Code: 0 Message: Call to undefined method UserModel::findAll()
Error: Call to undefined method UserModel::findAll() in D:\phpstudy_pro\WWW\www.qphp.com\application\index\App\Action\User.action.php:13
Stack trace:
#0 D:\phpstudy_pro\WWW\www.qphp.com\QPHP\core\action\Action.class.php(21): UserAction->index()
#1 D:\phpstudy_pro\WWW\www.qphp.com\QPHP\QPHP.php(23): Action->call(Object(UserAction), 'index')
#2 D:\phpstudy_pro\WWW\www.qphp.com\index.php(71): QPHP->run()
#3 {main}
Code: 0 Message: Call to undefined method UserModel::findAll()
Error: Call to undefined method UserModel::findAll() in D:\phpstudy_pro\WWW\www.qphp.com\application\index\App\Action\User.action.php:13
Stack trace:
#0 D:\phpstudy_pro\WWW\www.qphp.com\QPHP\core\action\Action.class.php(21): UserAction->index()
#1 D:\phpstudy_pro\WWW\www.qphp.com\QPHP\QPHP.php(23): Action->call(Object(UserAction), 'index')
#2 D:\phpstudy_pro\WWW\www.qphp.com\index.php(71): QPHP->run()
#3 {main}
Code: 0 Message: Call to undefined method UserModel::findAll()
Error: Call to undefined method UserModel::findAll() in D:\phpstudy_pro\WWW\www.qphp.com\application\index\App\Action\User.action.php:13
Stack trace:
#0 D:\phpstudy_pro\WWW\www.qphp.com\QPHP\core\action\Action.class.php(21): UserAction->index()
#1 D:\phpstudy_pro\WWW\www.qphp.com\QPHP\QPHP.php(23): Action->call(Object(UserAction), 'index')
#2 D:\phpstudy_pro\WWW\www.qphp.com\index.php(71): QPHP->run()
#3 {main}
Code: 0 Message: Call to undefined method UserModel::findAll()
Error: Call to undefined method UserModel::findAll() in D:\phpstudy_pro\WWW\www.qphp.com\application\index\App\Action\User.action.php:13
Stack trace:
#0 D:\phpstudy_pro\WWW\www.qphp.com\QPHP\core\action\Action.class.php(21): UserAction->index()
#1 D:\phpstudy_pro\WWW\www.qphp.com\QPHP\QPHP.php(23): Action->call(Object(UserAction), 'index')
#2 D:\phpstudy_pro\WWW\www.qphp.com\index.php(71): QPHP->run()
#3 {main}
Code: 0 Message: Call to undefined method UserModel::findAll()
Error: Call to undefined method UserModel::findAll() in D:\phpstudy_pro\WWW\www.qphp.com\application\index\App\Action\User.action.php:13
Stack trace:
#0 D:\phpstudy_pro\WWW\www.qphp.com\QPHP\core\action\Action.class.php(21): UserAction->index()
#1 D:\phpstudy_pro\WWW\www.qphp.com\QPHP\QPHP.php(23): Action->call(Object(UserAction), 'index')
#2 D:\phpstudy_pro\WWW\www.qphp.com\index.php(71): QPHP->run()
#3 {main}
Code: 0 Message: Call to undefined method UserModel::findAll()
Error: Call to undefined method UserModel::findAll() in D:\phpstudy_pro\WWW\www.qphp.com\application\index\App\Action\User.action.php:13
Stack trace:
#0 D:\phpstudy_pro\WWW\www.qphp.com\QPHP\core\action\Action.class.php(21): UserAction->index()
#1 D:\phpstudy_pro\WWW\www.qphp.com\QPHP\QPHP.php(23): Action->call(Object(UserAction), 'index')
#2 D:\phpstudy_pro\WWW\www.qphp.com\index.php(71): QPHP->run()
#3 {main}
Code: 0 Message: Call to undefined method UserModel::findAll()
Error: Call to undefined method UserModel::findAll() in D:\phpstudy_pro\WWW\www.qphp.com\application\index\App\Action\User.action.php:13
Stack trace:
#0 D:\phpstudy_pro\WWW\www.qphp.com\QPHP\core\action\Action.class.php(21): UserAction->index()
#1 D:\phpstudy_pro\WWW\www.qphp.com\QPHP\QPHP.php(23): Action->call(Object(UserAction), 'index')
#2 D:\phpstudy_pro\WWW\www.qphp.com\index.php(71): QPHP->run()
#3 {main}
Code: 0 Message: Call to undefined method UserModel::findAll()
Error: Call to undefined method UserModel::findAll() in D:\phpstudy_pro\WWW\www.qphp.com\application\index\App\Action\User.action.php:13
Stack trace:
#0 D:\phpstudy_pro\WWW\www.qphp.com\QPHP\core\action\Action.class.php(21): UserAction->index()
#1 D:\phpstudy_pro\WWW\www.qphp.com\QPHP\QPHP.php(23): Action->call(Object(UserAction), 'index')
#2 D:\phpstudy_pro\WWW\www.qphp.com\index.php(71): QPHP->run()
#3 {main}
Code: 0 Message: Call to undefined method UserModel::findAll()
Error: Call to undefined method UserModel::findAll() in D:\phpstudy_pro\WWW\www.qphp.com\application\index\App\Action\User.action.php:13
Stack trace:
#0 D:\phpstudy_pro\WWW\www.qphp.com\QPHP\core\action\Action.class.php(21): UserAction->index()
#1 D:\phpstudy_pro\WWW\www.qphp.com\QPHP\QPHP.php(23): Action->call(Object(UserAction), 'index')
#2 D:\phpstudy_pro\WWW\www.qphp.com\index.php(71): QPHP->run()
#3 {main}
Code: 0 Message: Call to undefined method UserModel::findAll()
Error: Call to undefined method UserModel::findAll() in D:\phpstudy_pro\WWW\www.qphp.com\application\index\App\Action\User.action.php:13
Stack trace:
#0 D:\phpstudy_pro\WWW\www.qphp.com\QPHP\core\action\Action.class.php(21): UserAction->index()
#1 D:\phpstudy_pro\WWW\www.qphp.com\QPHP\QPHP.php(23): Action->call(Object(UserAction), 'index')
#2 D:\phpstudy_pro\WWW\www.qphp.com\index.php(71): QPHP->run()
#3 {main}
Code: 0 Message: Call to undefined method UserModel::findAll()
Error: Call to undefined method UserModel::findAll() in D:\phpstudy_pro\WWW\www.qphp.com\application\index\App\Action\User.action.php:13
Stack trace:
#0 D:\phpstudy_pro\WWW\www.qphp.com\QPHP\core\action\Action.class.php(21): UserAction->index()
#1 D:\phpstudy_pro\WWW\www.qphp.com\QPHP\QPHP.php(23): Action->call(Object(UserAction), 'index')
#2 D:\phpstudy_pro\WWW\www.qphp.com\index.php(71): QPHP->run()
#3 {main}
Code: 0 Message: Call to undefined method UserModel::findAll()
Error: Call to undefined method UserModel::findAll() in D:\phpstudy_pro\WWW\www.qphp.com\application\index\App\Action\User.action.php:13
Stack trace:
#0 D:\phpstudy_pro\WWW\www.qphp.com\QPHP\core\action\Action.class.php(21): UserAction->index()
#1 D:\phpstudy_pro\WWW\www.qphp.com\QPHP\QPHP.php(23): Action->call(Object(UserAction), 'index')
#2 D:\phpstudy_pro\WWW\www.qphp.com\index.php(71): QPHP->run()
#3 {main}
Code: 0 Message: Call to undefined method UserModel::findAll()
Error: Call to undefined method UserModel::findAll() in D:\phpstudy_pro\WWW\www.qphp.com\application\index\App\Action\User.action.php:13
Stack trace:
#0 D:\phpstudy_pro\WWW\www.qphp.com\QPHP\core\action\Action.class.php(21): UserAction->index()
#1 D:\phpstudy_pro\WWW\www.qphp.com\QPHP\QPHP.php(23): Action->call(Object(UserAction), 'index')
#2 D:\phpstudy_pro\WWW\www.qphp.com\index.php(71): QPHP->run()
#3 {main}
Code: 0 Message: Call to undefined method UserModel::findAll()
Error: Call to undefined method UserModel::findAll() in D:\phpstudy_pro\WWW\www.qphp.com\application\index\App\Action\User.action.php:13
Stack trace:
#0 D:\phpstudy_pro\WWW\www.qphp.com\QPHP\core\action\Action.class.php(21): UserAction->index()
#1 D:\phpstudy_pro\WWW\www.qphp.com\QPHP\QPHP.php(23): Action->call(Object(UserAction), 'index')
#2 D:\phpstudy_pro\WWW\www.qphp.com\index.php(71): QPHP->run()
#3 {main}
Code: 0 Message: Call to undefined method UserModel::findAll()
Error: Call to undefined method UserModel::findAll() in D:\phpstudy_pro\WWW\www.qphp.com\application\index\App\Action\User.action.php:13
Stack trace:
#0 D:\phpstudy_pro\WWW\www.qphp.com\QPHP\core\action\Action.class.php(21): UserAction->index()
#1 D:\phpstudy_pro\WWW\www.qphp.com\QPHP\QPHP.php(23): Action->call(Object(UserAction), 'index')
#2 D:\phpstudy_pro\WWW\www.qphp.com\index.php(71): QPHP->run()
#3 {main}
Code: 0 Message: Call to undefined method UserModel::findAll()
Error: Call to undefined method UserModel::findAll() in D:\phpstudy_pro\WWW\www.qphp.com\application\index\App\Action\User.action.php:13
Stack trace:
#0 D:\phpstudy_pro\WWW\www.qphp.com\QPHP\core\action\Action.class.php(21): UserAction->index()
#1 D:\phpstudy_pro\WWW\www.qphp.com\QPHP\QPHP.php(23): Action->call(Object(UserAction), 'index')
#2 D:\phpstudy_pro\WWW\www.qphp.com\index.php(71): QPHP->run()
#3 {main}
Code: 0 Message: Call to undefined method UserModel::findAll()
Error: Call to undefined method UserModel::findAll() in D:\phpstudy_pro\WWW\www.qphp.com\application\index\App\Action\User.action.php:13
Stack trace:
#0 D:\phpstudy_pro\WWW\www.qphp.com\QPHP\core\action\Action.class.php(21): UserAction->index()
#1 D:\phpstudy_pro\WWW\www.qphp.com\QPHP\QPHP.php(23): Action->call(Object(UserAction), 'index')
#2 D:\phpstudy_pro\WWW\www.qphp.com\index.php(71): QPHP->run()
#3 {main}
Code: 0 Message: Call to undefined method UserModel::findAll()
Error: Call to undefined method UserModel::findAll() in D:\phpstudy_pro\WWW\www.qphp.com\application\index\App\Action\User.action.php:13
Stack trace:
#0 D:\phpstudy_pro\WWW\www.qphp.com\QPHP\core\action\Action.class.php(21): UserAction->index()
#1 D:\phpstudy_pro\WWW\www.qphp.com\QPHP\QPHP.php(23): Action->call(Object(UserAction), 'index')
#2 D:\phpstudy_pro\WWW\www.qphp.com\index.php(71): QPHP->run()
#3 {main}
Code: 0 Message: Call to undefined method UserModel::findAll()
Error: Call to undefined method UserModel::findAll() in D:\phpstudy_pro\WWW\www.qphp.com\application\index\App\Action\User.action.php:13
Stack trace:
#0 D:\phpstudy_pro\WWW\www.qphp.com\QPHP\core\action\Action.class.php(21): UserAction->index()
#1 D:\phpstudy_pro\WWW\www.qphp.com\QPHP\QPHP.php(23): Action->call(Object(UserAction), 'index')
#2 D:\phpstudy_pro\WWW\www.qphp.com\index.php(71): QPHP->run()
#3 {main}
Code: 0 Message: Call to undefined method UserModel::findAll()
Error: Call to undefined method UserModel::findAll() in D:\phpstudy_pro\WWW\www.qphp.com\application\index\App\Action\User.action.php:13
Stack trace:
#0 D:\phpstudy_pro\WWW\www.qphp.com\QPHP\core\action\Action.class.php(21): UserAction->index()
#1 D:\phpstudy_pro\WWW\www.qphp.com\QPHP\QPHP.php(23): Action->call(Object(UserAction), 'index')
#2 D:\phpstudy_pro\WWW\www.qphp.com\index.php(71): QPHP->run()
#3 {main}
Code: 0 Message: Call to undefined method UserModel::findAll()
Error: Call to undefined method UserModel::findAll() in D:\phpstudy_pro\WWW\www.qphp.com\application\index\App\Action\User.action.php:13
Stack trace:
#0 D:\phpstudy_pro\WWW\www.qphp.com\QPHP\core\action\Action.class.php(21): UserAction->index()
#1 D:\phpstudy_pro\WWW\www.qphp.com\QPHP\QPHP.php(23): Action->call(Object(UserAction), 'index')
#2 D:\phpstudy_pro\WWW\www.qphp.com\index.php(71): QPHP->run()
#3 {main}
Code: 0 Message: Call to undefined method UserModel::findAll()
Error: Call to undefined method UserModel::findAll() in D:\phpstudy_pro\WWW\www.qphp.com\application\index\App\Action\User.action.php:13
Stack trace:
#0 D:\phpstudy_pro\WWW\www.qphp.com\QPHP\core\action\Action.class.php(21): UserAction->index()
#1 D:\phpstudy_pro\WWW\www.qphp.com\QPHP\QPHP.php(23): Action->call(Object(UserAction), 'index')
#2 D:\phpstudy_pro\WWW\www.qphp.com\index.php(71): QPHP->run()
#3 {main}
Code: 0 Message: Call to undefined method UserModel::findAll()
Error: Call to undefined method UserModel::findAll() in D:\phpstudy_pro\WWW\www.qphp.com\application\index\App\Action\User.action.php:13
Stack trace:
#0 D:\phpstudy_pro\WWW\www.qphp.com\QPHP\core\action\Action.class.php(21): UserAction->index()
#1 D:\phpstudy_pro\WWW\www.qphp.com\QPHP\QPHP.php(23): Action->call(Object(UserAction), 'index')
#2 D:\phpstudy_pro\WWW\www.qphp.com\index.php(71): QPHP->run()
#3 {main}
Code: 0 Message: Call to undefined method UserModel::findAll()
Error: Call to undefined method UserModel::findAll() in D:\phpstudy_pro\WWW\www.qphp.com\application\index\App\Action\User.action.php:13
Stack trace:
#0 D:\phpstudy_pro\WWW\www.qphp.com\QPHP\core\action\Action.class.php(21): UserAction->index()
#1 D:\phpstudy_pro\WWW\www.qphp.com\QPHP\QPHP.php(23): Action->call(Object(UserAction), 'index')
#2 D:\phpstudy_pro\WWW\www.qphp.com\index.php(71): QPHP->run()
#3 {main}
Code: 0 Message: Call to undefined method UserModel::findAll()
Error: Call to undefined method UserModel::findAll() in D:\phpstudy_pro\WWW\www.qphp.com\application\index\App\Action\User.action.php:13
Stack trace:
#0 D:\phpstudy_pro\WWW\www.qphp.com\QPHP\core\action\Action.class.php(21): UserAction->index()
#1 D:\phpstudy_pro\WWW\www.qphp.com\QPHP\QPHP.php(23): Action->call(Object(UserAction), 'index')
#2 D:\phpstudy_pro\WWW\www.qphp.com\index.php(71): QPHP->run()
#3 {main}
Code: 0 Message: Call to undefined method UserModel::findAll()
Error: Call to undefined method UserModel::findAll() in D:\phpstudy_pro\WWW\www.qphp.com\application\index\App\Action\User.action.php:13
Stack trace:
#0 D:\phpstudy_pro\WWW\www.qphp.com\QPHP\core\action\Action.class.php(21): UserAction->index()
#1 D:\phpstudy_pro\WWW\www.qphp.com\QPHP\QPHP.php(23): Action->call(Object(UserAction), 'index')
#2 D:\phpstudy_pro\WWW\www.qphp.com\index.php(71): QPHP->run()
#3 {main}
Code: 0 Message: Call to undefined method UserModel::findAll()
Error: Call to undefined method UserModel::findAll() in D:\phpstudy_pro\WWW\www.qphp.com\application\index\App\Action\User.action.php:13
Stack trace:
#0 D:\phpstudy_pro\WWW\www.qphp.com\QPHP\core\action\Action.class.php(21): UserAction->index()
#1 D:\phpstudy_pro\WWW\www.qphp.com\QPHP\QPHP.php(23): Action->call(Object(UserAction), 'index')
#2 D:\phpstudy_pro\WWW\www.qphp.com\index.php(71): QPHP->run()
#3 {main}
Code: 0 Message: Call to undefined method UserModel::findAll()
Error: Call to undefined method UserModel::findAll() in D:\phpstudy_pro\WWW\www.qphp.com\application\index\App\Action\User.action.php:13
Stack trace:
#0 D:\phpstudy_pro\WWW\www.qphp.com\QPHP\core\action\Action.class.php(21): UserAction->index()
#1 D:\phpstudy_pro\WWW\www.qphp.com\QPHP\QPHP.php(23): Action->call(Object(UserAction), 'index')
#2 D:\phpstudy_pro\WWW\www.qphp.com\index.php(71): QPHP->run()
#3 {main}
Code: 0 Message: Call to undefined method UserModel::findAll()
Error: Call to undefined method UserModel::findAll() in D:\phpstudy_pro\WWW\www.qphp.com\application\index\App\Action\User.action.php:13
Stack trace:
#0 D:\phpstudy_pro\WWW\www.qphp.com\QPHP\core\action\Action.class.php(21): UserAction->index()
#1 D:\phpstudy_pro\WWW\www.qphp.com\QPHP\QPHP.php(23): Action->call(Object(UserAction), 'index')
#2 D:\phpstudy_pro\WWW\www.qphp.com\index.php(71): QPHP->run()
#3 {main}
Code: 0 Message: Call to undefined method UserModel::findAll()
Error: Call to undefined method UserModel::findAll() in D:\phpstudy_pro\WWW\www.qphp.com\application\index\App\Action\User.action.php:13
Stack trace:
#0 D:\phpstudy_pro\WWW\www.qphp.com\QPHP\core\action\Action.class.php(21): UserAction->index()
#1 D:\phpstudy_pro\WWW\www.qphp.com\QPHP\QPHP.php(23): Action->call(Object(UserAction), 'index')
#2 D:\phpstudy_pro\WWW\www.qphp.com\index.php(71): QPHP->run()
#3 {main}
Code: 0 Message: Call to undefined method UserModel::findAll()
Error: Call to undefined method UserModel::findAll() in D:\phpstudy_pro\WWW\www.qphp.com\application\index\App\Action\User.action.php:13
Stack trace:
#0 D:\phpstudy_pro\WWW\www.qphp.com\QPHP\core\action\Action.class.php(21): UserAction->index()
#1 D:\phpstudy_pro\WWW\www.qphp.com\QPHP\QPHP.php(23): Action->call(Object(UserAction), 'index')
#2 D:\phpstudy_pro\WWW\www.qphp.com\index.php(71): QPHP->run()
#3 {main}
Code: 0 Message: Call to undefined method UserModel::findAll()
Error: Call to undefined method UserModel::findAll() in D:\phpstudy_pro\WWW\www.qphp.com\application\index\App\Action\User.action.php:13
Stack trace:
#0 D:\phpstudy_pro\WWW\www.qphp.com\QPHP\core\action\Action.class.php(21): UserAction->index()
#1 D:\phpstudy_pro\WWW\www.qphp.com\QPHP\QPHP.php(23): Action->call(Object(UserAction), 'index')
#2 D:\phpstudy_pro\WWW\www.qphp.com\index.php(71): QPHP->run()
#3 {main}
Code: 0 Message: Call to undefined method UserModel::findAll()
Error: Call to undefined method UserModel::findAll() in D:\phpstudy_pro\WWW\www.qphp.com\application\index\App\Action\User.action.php:13
Stack trace:
#0 D:\phpstudy_pro\WWW\www.qphp.com\QPHP\core\action\Action.class.php(21): UserAction->index()
#1 D:\phpstudy_pro\WWW\www.qphp.com\QPHP\QPHP.php(23): Action->call(Object(UserAction), 'index')
#2 D:\phpstudy_pro\WWW\www.qphp.com\index.php(71): QPHP->run()
#3 {main}
Code: 0 Message: Call to undefined method UserModel::findAll()
Error: Call to undefined method UserModel::findAll() in D:\phpstudy_pro\WWW\www.qphp.com\application\index\App\Action\User.action.php:13
Stack trace:
#0 D:\phpstudy_pro\WWW\www.qphp.com\QPHP\core\action\Action.class.php(21): UserAction->index()
#1 D:\phpstudy_pro\WWW\www.qphp.com\QPHP\QPHP.php(23): Action->call(Object(UserAction), 'index')
#2 D:\phpstudy_pro\WWW\www.qphp.com\index.php(71): QPHP->run()
#3 {main}
Code: 0 Message: Call to undefined method UserModel::findAll()
Error: Call to undefined method UserModel::findAll() in D:\phpstudy_pro\WWW\www.qphp.com\application\index\App\Action\User.action.php:13
Stack trace:
#0 D:\phpstudy_pro\WWW\www.qphp.com\QPHP\core\action\Action.class.php(21): UserAction->index()
#1 D:\phpstudy_pro\WWW\www.qphp.com\QPHP\QPHP.php(23): Action->call(Object(UserAction), 'index')
#2 D:\phpstudy_pro\WWW\www.qphp.com\index.php(71): QPHP->run()
#3 {main}
Code: 0 Message: Call to undefined method UserModel::findAll()
Error: Call to undefined method UserModel::findAll() in D:\phpstudy_pro\WWW\www.qphp.com\application\index\App\Action\User.action.php:13
Stack trace:
#0 D:\phpstudy_pro\WWW\www.qphp.com\QPHP\core\action\Action.class.php(21): UserAction->index()
#1 D:\phpstudy_pro\WWW\www.qphp.com\QPHP\QPHP.php(23): Action->call(Object(UserAction), 'index')
#2 D:\phpstudy_pro\WWW\www.qphp.com\index.php(71): QPHP->run()
#3 {main}
Code: 0 Message: Call to undefined method UserModel::findAll()
Error: Call to undefined method UserModel::findAll() in D:\phpstudy_pro\WWW\www.qphp.com\application\index\App\Action\User.action.php:13
Stack trace:
#0 D:\phpstudy_pro\WWW\www.qphp.com\QPHP\core\action\Action.class.php(21): UserAction->index()
#1 D:\phpstudy_pro\WWW\www.qphp.com\QPHP\QPHP.php(23): Action->call(Object(UserAction), 'index')
#2 D:\phpstudy_pro\WWW\www.qphp.com\index.php(71): QPHP->run()
#3 {main}
Code: 0 Message: Call to undefined method UserModel::findAll()
Error: Call to undefined method UserModel::findAll() in D:\phpstudy_pro\WWW\www.qphp.com\application\index\App\Action\User.action.php:13
Stack trace:
#0 D:\phpstudy_pro\WWW\www.qphp.com\QPHP\core\action\Action.class.php(21): UserAction->index()
#1 D:\phpstudy_pro\WWW\www.qphp.com\QPHP\QPHP.php(23): Action->call(Object(UserAction), 'index')
#2 D:\phpstudy_pro\WWW\www.qphp.com\index.php(71): QPHP->run()
#3 {main}
Code: 0 Message: Call to undefined method UserModel::findAll()
Error: Call to undefined method UserModel::findAll() in D:\phpstudy_pro\WWW\www.qphp.com\application\index\App\Action\User.action.php:13
Stack trace:
#0 D:\phpstudy_pro\WWW\www.qphp.com\QPHP\core\action\Action.class.php(21): UserAction->index()
#1 D:\phpstudy_pro\WWW\www.qphp.com\QPHP\QPHP.php(23): Action->call(Object(UserAction), 'index')
#2 D:\phpstudy_pro\WWW\www.qphp.com\index.php(71): QPHP->run()
#3 {main}
Code: 0 Message: Call to undefined method UserModel::findAll()
Error: Call to undefined method UserModel::findAll() in D:\phpstudy_pro\WWW\www.qphp.com\application\index\App\Action\User.action.php:13
Stack trace:
#0 D:\phpstudy_pro\WWW\www.qphp.com\QPHP\core\action\Action.class.php(21): UserAction->index()
#1 D:\phpstudy_pro\WWW\www.qphp.com\QPHP\QPHP.php(23): Action->call(Object(UserAction), 'index')
#2 D:\phpstudy_pro\WWW\www.qphp.com\index.php(71): QPHP->run()
#3 {main}
Code: 0 Message: Call to undefined method UserModel::findAll()
Error: Call to undefined method UserModel::findAll() in D:\phpstudy_pro\WWW\www.qphp.com\application\index\App\Action\User.action.php:13
Stack trace:
#0 D:\phpstudy_pro\WWW\www.qphp.com\QPHP\core\action\Action.class.php(21): UserAction->index()
#1 D:\phpstudy_pro\WWW\www.qphp.com\QPHP\QPHP.php(23): Action->call(Object(UserAction), 'index')
#2 D:\phpstudy_pro\WWW\www.qphp.com\index.php(71): QPHP->run()
#3 {main}
Code: 0 Message: Call to undefined method UserModel::findAll()
Error: Call to undefined method UserModel::findAll() in D:\phpstudy_pro\WWW\www.qphp.com\application\index\App\Action\User.action.php:13
Stack trace:
#0 D:\phpstudy_pro\WWW\www.qphp.com\QPHP\core\action\Action.class.php(21): UserAction->index()
#1 D:\phpstudy_pro\WWW\www.qphp.com\QPHP\QPHP.php(23): Action->call(Object(UserAction), 'index')
#2 D:\phpstudy_pro\WWW\www.qphp.com\index.php(71): QPHP->run()
#3 {main}
Code: 0 Message: Call to undefined method UserModel::findAll()
Error: Call to undefined method UserModel::findAll() in D:\phpstudy_pro\WWW\www.qphp.com\application\index\App\Action\User.action.php:13
Stack trace:
#0 D:\phpstudy_pro\WWW\www.qphp.com\QPHP\core\action\Action.class.php(21): UserAction->index()
#1 D:\phpstudy_pro\WWW\www.qphp.com\QPHP\QPHP.php(23): Action->call(Object(UserAction), 'index')
#2 D:\phpstudy_pro\WWW\www.qphp.com\index.php(71): QPHP->run()
#3 {main}
Code: 0 Message: Call to undefined method UserModel::findAll()
Error: Call to undefined method UserModel::findAll() in D:\phpstudy_pro\WWW\www.qphp.com\application\index\App\Action\User.action.php:13
Stack trace:
#0 D:\phpstudy_pro\WWW\www.qphp.com\QPHP\core\action\Action.class.php(21): UserAction->index()
#1 D:\phpstudy_pro\WWW\www.qphp.com\QPHP\QPHP.php(23): Action->call(Object(UserAction), 'index')
#2 D:\phpstudy_pro\WWW\www.qphp.com\index.php(71): QPHP->run()
#3 {main}
Code: 0 Message: Call to undefined method UserModel::findAll()
Error: Call to undefined method UserModel::findAll() in D:\phpstudy_pro\WWW\www.qphp.com\application\index\App\Action\User.action.php:13
Stack trace:
#0 D:\phpstudy_pro\WWW\www.qphp.com\QPHP\core\action\Action.class.php(21): UserAction->index()
#1 D:\phpstudy_pro\WWW\www.qphp.com\QPHP\QPHP.php(23): Action->call(Object(UserAction), 'index')
#2 D:\phpstudy_pro\WWW\www.qphp.com\index.php(71): QPHP->run()
#3 {main}
Code: 0 Message: Call to undefined method UserModel::findAll()
Error: Call to undefined method UserModel::findAll() in D:\phpstudy_pro\WWW\www.qphp.com\application\index\App\Action\User.action.php:13
Stack trace:
#0 D:\phpstudy_pro\WWW\www.qphp.com\QPHP\core\action\Action.class.php(21): UserAction->index()
#1 D:\phpstudy_pro\WWW\www.qphp.com\QPHP\QPHP.php(23): Action->call(Object(UserAction), 'index')
#2 D:\phpstudy_pro\WWW\www.qphp.com\index.php(71): QPHP->run()
#3 {main}
Code: 0 Message: Call to undefined method UserModel::findAll()
Error: Call to undefined method UserModel::findAll() in D:\phpstudy_pro\WWW\www.qphp.com\application\index\App\Action\User.action.php:13
Stack trace:
#0 D:\phpstudy_pro\WWW\www.qphp.com\QPHP\core\action\Action.class.php(21): UserAction->index()
#1 D:\phpstudy_pro\WWW\www.qphp.com\QPHP\QPHP.php(23): Action->call(Object(UserAction), 'index')
#2 D:\phpstudy_pro\WWW\www.qphp.com\index.php(71): QPHP->run()
#3 {main}
Code: 0 Message: Call to undefined method UserModel::findAll()
Error: Call to undefined method UserModel::findAll() in D:\phpstudy_pro\WWW\www.qphp.com\application\index\App\Action\User.action.php:13
Stack trace:
#0 D:\phpstudy_pro\WWW\www.qphp.com\QPHP\core\action\Action.class.php(21): UserAction->index()
#1 D:\phpstudy_pro\WWW\www.qphp.com\QPHP\QPHP.php(23): Action->call(Object(UserAction), 'index')
#2 D:\phpstudy_pro\WWW\www.qphp.com\index.php(71): QPHP->run()
#3 {main}
Code: 0 Message: Call to undefined method UserModel::findAll()
Error: Call to undefined method UserModel::findAll() in D:\phpstudy_pro\WWW\www.qphp.com\application\index\App\Action\User.action.php:13
Stack trace:
#0 D:\phpstudy_pro\WWW\www.qphp.com\QPHP\core\action\Action.class.php(21): UserAction->index()
#1 D:\phpstudy_pro\WWW\www.qphp.com\QPHP\QPHP.php(23): Action->call(Object(UserAction), 'index')
#2 D:\phpstudy_pro\WWW\www.qphp.com\index.php(71): QPHP->run()
#3 {main}
Code: 0 Message: Call to undefined method UserModel::findAll()
Error: Call to undefined method UserModel::findAll() in D:\phpstudy_pro\WWW\www.qphp.com\application\index\App\Action\User.action.php:13
Stack trace:
#0 D:\phpstudy_pro\WWW\www.qphp.com\QPHP\core\action\Action.class.php(21): UserAction->index()
#1 D:\phpstudy_pro\WWW\www.qphp.com\QPHP\QPHP.php(23): Action->call(Object(UserAction), 'index')
#2 D:\phpstudy_pro\WWW\www.qphp.com\index.php(71): QPHP->run()
#3 {main}
Code: 0 Message: Call to undefined method UserModel::findAll()
Error: Call to undefined method UserModel::findAll() in D:\phpstudy_pro\WWW\www.qphp.com\application\index\App\Action\User.action.php:13
Stack trace:
#0 D:\phpstudy_pro\WWW\www.qphp.com\QPHP\core\action\Action.class.php(21): UserAction->index()
#1 D:\phpstudy_pro\WWW\www.qphp.com\QPHP\QPHP.php(23): Action->call(Object(UserAction), 'index')
#2 D:\phpstudy_pro\WWW\www.qphp.com\index.php(71): QPHP->run()
#3 {main}
Code: 0 Message: Call to undefined method UserModel::findAll()
Error: Call to undefined method UserModel::findAll() in D:\phpstudy_pro\WWW\www.qphp.com\application\index\App\Action\User.action.php:13
Stack trace:
#0 D:\phpstudy_pro\WWW\www.qphp.com\QPHP\core\action\Action.class.php(21): UserAction->index()
#1 D:\phpstudy_pro\WWW\www.qphp.com\QPHP\QPHP.php(23): Action->call(Object(UserAction), 'index')
#2 D:\phpstudy_pro\WWW\www.qphp.com\index.php(71): QPHP->run()
#3 {main}
Code: 0 Message: Call to undefined method UserModel::findAll()
Error: Call to undefined method UserModel::findAll() in D:\phpstudy_pro\WWW\www.qphp.com\application\index\App\Action\User.action.php:13
Stack trace:
#0 D:\phpstudy_pro\WWW\www.qphp.com\QPHP\core\action\Action.class.php(21): UserAction->index()
#1 D:\phpstudy_pro\WWW\www.qphp.com\QPHP\QPHP.php(23): Action->call(Object(UserAction), 'index')
#2 D:\phpstudy_pro\WWW\www.qphp.com\index.php(71): QPHP->run()
#3 {main}
Code: 0 Message: Call to undefined method UserModel::findAll()
Error: Call to undefined method UserModel::findAll() in D:\phpstudy_pro\WWW\www.qphp.com\application\index\App\Action\User.action.php:13
Stack trace:
#0 D:\phpstudy_pro\WWW\www.qphp.com\QPHP\core\action\Action.class.php(21): UserAction->index()
#1 D:\phpstudy_pro\WWW\www.qphp.com\QPHP\QPHP.php(23): Action->call(Object(UserAction), 'index')
#2 D:\phpstudy_pro\WWW\www.qphp.com\index.php(71): QPHP->run()
#3 {main}
Code: 0 Message: Call to undefined method UserModel::findAll()
Error: Call to undefined method UserModel::findAll() in D:\phpstudy_pro\WWW\www.qphp.com\application\index\App\Action\User.action.php:13
Stack trace:
#0 D:\phpstudy_pro\WWW\www.qphp.com\QPHP\core\action\Action.class.php(21): UserAction->index()
#1 D:\phpstudy_pro\WWW\www.qphp.com\QPHP\QPHP.php(23): Action->call(Object(UserAction), 'index')
#2 D:\phpstudy_pro\WWW\www.qphp.com\index.php(71): QPHP->run()
#3 {main}
Code: 0 Message: Call to undefined method UserModel::findAll()
Error: Call to undefined method UserModel::findAll() in D:\phpstudy_pro\WWW\www.qphp.com\application\index\App\Action\User.action.php:13
Stack trace:
#0 D:\phpstudy_pro\WWW\www.qphp.com\QPHP\core\action\Action.class.php(21): UserAction->index()
#1 D:\phpstudy_pro\WWW\www.qphp.com\QPHP\QPHP.php(23): Action->call(Object(UserAction), 'index')
#2 D:\phpstudy_pro\WWW\www.qphp.com\index.php(71): QPHP->run()
#3 {main}
Code: 0 Message: Call to undefined method UserModel::findAll()
Error: Call to undefined method UserModel::findAll() in D:\phpstudy_pro\WWW\www.qphp.com\application\index\App\Action\User.action.php:13
Stack trace:
#0 D:\phpstudy_pro\WWW\www.qphp.com\QPHP\core\action\Action.class.php(21): UserAction->index()
#1 D:\phpstudy_pro\WWW\www.qphp.com\QPHP\QPHP.php(23): Action->call(Object(UserAction), 'index')
#2 D:\phpstudy_pro\WWW\www.qphp.com\index.php(71): QPHP->run()
#3 {main}
Code: 0 Message: Call to undefined method UserModel::findAll()
Error: Call to undefined method UserModel::findAll() in D:\phpstudy_pro\WWW\www.qphp.com\application\index\App\Action\User.action.php:13
Stack trace:
#0 D:\phpstudy_pro\WWW\www.qphp.com\QPHP\core\action\Action.class.php(21): UserAction->index()
#1 D:\phpstudy_pro\WWW\www.qphp.com\QPHP\QPHP.php(23): Action->call(Object(UserAction), 'index')
#2 D:\phpstudy_pro\WWW\www.qphp.com\index.php(71): QPHP->run()
#3 {main}
Code: 0 Message: Call to undefined method UserModel::findAll()
Error: Call to undefined method UserModel::findAll() in D:\phpstudy_pro\WWW\www.qphp.com\application\index\App\Action\User.action.php:13
Stack trace:
#0 D:\phpstudy_pro\WWW\www.qphp.com\QPHP\core\action\Action.class.php(21): UserAction->index()
#1 D:\phpstudy_pro\WWW\www.qphp.com\QPHP\QPHP.php(23): Action->call(Object(UserAction), 'index')
#2 D:\phpstudy_pro\WWW\www.qphp.com\index.php(71): QPHP->run()
#3 {main}
Code: 0 Message: Call to undefined method UserModel::findAll()
Error: Call to undefined method UserModel::findAll() in D:\phpstudy_pro\WWW\www.qphp.com\application\index\App\Action\User.action.php:13
Stack trace:
#0 D:\phpstudy_pro\WWW\www.qphp.com\QPHP\core\action\Action.class.php(21): UserAction->index()
#1 D:\phpstudy_pro\WWW\www.qphp.com\QPHP\QPHP.php(23): Action->call(Object(UserAction), 'index')
#2 D:\phpstudy_pro\WWW\www.qphp.com\index.php(71): QPHP->run()
#3 {main}
Code: 0 Message: Call to undefined method UserModel::findAll()
Error: Call to undefined method UserModel::findAll() in D:\phpstudy_pro\WWW\www.qphp.com\application\index\App\Action\User.action.php:13
Stack trace:
#0 D:\phpstudy_pro\WWW\www.qphp.com\QPHP\core\action\Action.class.php(21): UserAction->index()
#1 D:\phpstudy_pro\WWW\www.qphp.com\QPHP\QPHP.php(23): Action->call(Object(UserAction), 'index')
#2 D:\phpstudy_pro\WWW\www.qphp.com\index.php(71): QPHP->run()
#3 {main}
Code: 0 Message: Call to undefined method UserModel::findAll()
Error: Call to undefined method UserModel::findAll() in D:\phpstudy_pro\WWW\www.qphp.com\application\index\App\Action\User.action.php:13
Stack trace:
#0 D:\phpstudy_pro\WWW\www.qphp.com\QPHP\core\action\Action.class.php(21): UserAction->index()
#1 D:\phpstudy_pro\WWW\www.qphp.com\QPHP\QPHP.php(23): Action->call(Object(UserAction), 'index')
#2 D:\phpstudy_pro\WWW\www.qphp.com\index.php(71): QPHP->run()
#3 {main}
Code: 0 Message: Call to undefined method UserModel::findAll()
Error: Call to undefined method UserModel::findAll() in D:\phpstudy_pro\WWW\www.qphp.com\application\index\App\Action\User.action.php:13
Stack trace:
#0 D:\phpstudy_pro\WWW\www.qphp.com\QPHP\core\action\Action.class.php(21): UserAction->index()
#1 D:\phpstudy_pro\WWW\www.qphp.com\QPHP\QPHP.php(23): Action->call(Object(UserAction), 'index')
#2 D:\phpstudy_pro\WWW\www.qphp.com\index.php(71): QPHP->run()
#3 {main}
Code: 0 Message: Call to undefined method UserModel::findAll()
Error: Call to undefined method UserModel::findAll() in D:\phpstudy_pro\WWW\www.qphp.com\application\index\App\Action\User.action.php:13
Stack trace:
#0 D:\phpstudy_pro\WWW\www.qphp.com\QPHP\core\action\Action.class.php(21): UserAction->index()
#1 D:\phpstudy_pro\WWW\www.qphp.com\QPHP\QPHP.php(23): Action->call(Object(UserAction), 'index')
#2 D:\phpstudy_pro\WWW\www.qphp.com\index.php(71): QPHP->run()
#3 {main}
Code: 0 Message: Call to undefined method UserModel::findAll()
Error: Call to undefined method UserModel::findAll() in D:\phpstudy_pro\WWW\www.qphp.com\application\index\App\Action\User.action.php:13
Stack trace:
#0 D:\phpstudy_pro\WWW\www.qphp.com\QPHP\core\action\Action.class.php(21): UserAction->index()
#1 D:\phpstudy_pro\WWW\www.qphp.com\QPHP\QPHP.php(23): Action->call(Object(UserAction), 'index')
#2 D:\phpstudy_pro\WWW\www.qphp.com\index.php(71): QPHP->run()
#3 {main}
Code: 0 Message: Call to undefined method UserModel::findAll()
Error: Call to undefined method UserModel::findAll() in D:\phpstudy_pro\WWW\www.qphp.com\application\index\App\Action\User.action.php:13
Stack trace:
#0 D:\phpstudy_pro\WWW\www.qphp.com\QPHP\core\action\Action.class.php(21): UserAction->index()
#1 D:\phpstudy_pro\WWW\www.qphp.com\QPHP\QPHP.php(23): Action->call(Object(UserAction), 'index')
#2 D:\phpstudy_pro\WWW\www.qphp.com\index.php(71): QPHP->run()
#3 {main}
Code: 0 Message: Call to undefined method UserModel::findAll()
Error: Call to undefined method UserModel::findAll() in D:\phpstudy_pro\WWW\www.qphp.com\application\index\App\Action\User.action.php:13
Stack trace:
#0 D:\phpstudy_pro\WWW\www.qphp.com\QPHP\core\action\Action.class.php(21): UserAction->index()
#1 D:\phpstudy_pro\WWW\www.qphp.com\QPHP\QPHP.php(23): Action->call(Object(UserAction), 'index')
#2 D:\phpstudy_pro\WWW\www.qphp.com\index.php(71): QPHP->run()
#3 {main}
Code: 0 Message: Call to undefined method UserModel::findAll()
Error: Call to undefined method UserModel::findAll() in D:\phpstudy_pro\WWW\www.qphp.com\application\index\App\Action\User.action.php:13
Stack trace:
#0 D:\phpstudy_pro\WWW\www.qphp.com\QPHP\core\action\Action.class.php(21): UserAction->index()
#1 D:\phpstudy_pro\WWW\www.qphp.com\QPHP\QPHP.php(23): Action->call(Object(UserAction), 'index')
#2 D:\phpstudy_pro\WWW\www.qphp.com\index.php(71): QPHP->run()
#3 {main}
Code: 0 Message: Call to undefined method UserModel::findAll()
Error: Call to undefined method UserModel::findAll() in D:\phpstudy_pro\WWW\www.qphp.com\application\index\App\Action\User.action.php:13
Stack trace:
#0 D:\phpstudy_pro\WWW\www.qphp.com\QPHP\core\action\Action.class.php(21): UserAction->index()
#1 D:\phpstudy_pro\WWW\www.qphp.com\QPHP\QPHP.php(23): Action->call(Object(UserAction), 'index')
#2 D:\phpstudy_pro\WWW\www.qphp.com\index.php(71): QPHP->run()
#3 {main}
Code: 0 Message: Call to undefined method UserModel::findAll()
Error: Call to undefined method UserModel::findAll() in D:\phpstudy_pro\WWW\www.qphp.com\application\index\App\Action\User.action.php:13
Stack trace:
#0 D:\phpstudy_pro\WWW\www.qphp.com\QPHP\core\action\Action.class.php(21): UserAction->index()
#1 D:\phpstudy_pro\WWW\www.qphp.com\QPHP\QPHP.php(23): Action->call(Object(UserAction), 'index')
#2 D:\phpstudy_pro\WWW\www.qphp.com\index.php(71): QPHP->run()
#3 {main}
Code: 0 Message: Call to undefined method UserModel::findAll()
Error: Call to undefined method UserModel::findAll() in D:\phpstudy_pro\WWW\www.qphp.com\application\index\App\Action\User.action.php:13
Stack trace:
#0 D:\phpstudy_pro\WWW\www.qphp.com\QPHP\core\action\Action.class.php(21): UserAction->index()
#1 D:\phpstudy_pro\WWW\www.qphp.com\QPHP\QPHP.php(23): Action->call(Object(UserAction), 'index')
#2 D:\phpstudy_pro\WWW\www.qphp.com\index.php(71): QPHP->run()
#3 {main}
Code: 0 Message: Call to undefined method UserModel::findAll()
Error: Call to undefined method UserModel::findAll() in D:\phpstudy_pro\WWW\www.qphp.com\application\index\App\Action\User.action.php:13
Stack trace:
#0 D:\phpstudy_pro\WWW\www.qphp.com\QPHP\core\action\Action.class.php(21): UserAction->index()
#1 D:\phpstudy_pro\WWW\www.qphp.com\QPHP\QPHP.php(23): Action->call(Object(UserAction), 'index')
#2 D:\phpstudy_pro\WWW\www.qphp.com\index.php(71): QPHP->run()
#3 {main}
Code: 0 Message: Call to undefined method UserModel::findAll()
Error: Call to undefined method UserModel::findAll() in D:\phpstudy_pro\WWW\www.qphp.com\application\index\App\Action\User.action.php:13
Stack trace:
#0 D:\phpstudy_pro\WWW\www.qphp.com\QPHP\core\action\Action.class.php(21): UserAction->index()
#1 D:\phpstudy_pro\WWW\www.qphp.com\QPHP\QPHP.php(23): Action->call(Object(UserAction), 'index')
#2 D:\phpstudy_pro\WWW\www.qphp.com\index.php(71): QPHP->run()
#3 {main}
Code: 0 Message: Call to undefined method UserModel::findAll()
Error: Call to undefined method UserModel::findAll() in D:\phpstudy_pro\WWW\www.qphp.com\application\index\App\Action\User.action.php:13
Stack trace:
#0 D:\phpstudy_pro\WWW\www.qphp.com\QPHP\core\action\Action.class.php(21): UserAction->index()
#1 D:\phpstudy_pro\WWW\www.qphp.com\QPHP\QPHP.php(23): Action->call(Object(UserAction), 'index')
#2 D:\phpstudy_pro\WWW\www.qphp.com\index.php(71): QPHP->run()
#3 {main}
Code: 0 Message: Call to undefined method UserModel::findAll()
Error: Call to undefined method UserModel::findAll() in D:\phpstudy_pro\WWW\www.qphp.com\application\index\App\Action\User.action.php:13
Stack trace:
#0 D:\phpstudy_pro\WWW\www.qphp.com\QPHP\core\action\Action.class.php(21): UserAction->index()
#1 D:\phpstudy_pro\WWW\www.qphp.com\QPHP\QPHP.php(23): Action->call(Object(UserAction), 'index')
#2 D:\phpstudy_pro\WWW\www.qphp.com\index.php(71): QPHP->run()
#3 {main}
Code: 0 Message: Call to undefined method UserModel::findAll()
Error: Call to undefined method UserModel::findAll() in D:\phpstudy_pro\WWW\www.qphp.com\application\index\App\Action\User.action.php:13
Stack trace:
#0 D:\phpstudy_pro\WWW\www.qphp.com\QPHP\core\action\Action.class.php(21): UserAction->index()
#1 D:\phpstudy_pro\WWW\www.qphp.com\QPHP\QPHP.php(23): Action->call(Object(UserAction), 'index')
#2 D:\phpstudy_pro\WWW\www.qphp.com\index.php(71): QPHP->run()
#3 {main}
Code: 0 Message: Call to undefined function OracleModel()
Error: Call to undefined function OracleModel() in D:\phpstudy_pro\WWW\www.qphp.com\QPHP\core\model\Model.class.php:19
Stack trace:
#0 D:\phpstudy_pro\WWW\www.qphp.com\application\index\App\Action\User.action.php(12): Model->__construct()
#1 D:\phpstudy_pro\WWW\www.qphp.com\QPHP\core\action\Action.class.php(21): UserAction->index()
#2 D:\phpstudy_pro\WWW\www.qphp.com\QPHP\QPHP.php(23): Action->call(Object(UserAction), 'index')
#3 D:\phpstudy_pro\WWW\www.qphp.com\index.php(71): QPHP->run()
#4 {main}
Code: 0 Message: Call to undefined function OracleModel()
Error: Call to undefined function OracleModel() in D:\phpstudy_pro\WWW\www.qphp.com\QPHP\core\model\Model.class.php:19
Stack trace:
#0 D:\phpstudy_pro\WWW\www.qphp.com\application\index\App\Action\User.action.php(12): Model->__construct()
#1 D:\phpstudy_pro\WWW\www.qphp.com\QPHP\core\action\Action.class.php(21): UserAction->index()
#2 D:\phpstudy_pro\WWW\www.qphp.com\QPHP\QPHP.php(23): Action->call(Object(UserAction), 'index')
#3 D:\phpstudy_pro\WWW\www.qphp.com\index.php(71): QPHP->run()
#4 {main}
Code: 0 Message: Call to undefined function OracleModel()
Error: Call to undefined function OracleModel() in D:\phpstudy_pro\WWW\www.qphp.com\QPHP\core\model\Model.class.php:19
Stack trace:
#0 D:\phpstudy_pro\WWW\www.qphp.com\application\index\App\Action\User.action.php(12): Model->__construct()
#1 D:\phpstudy_pro\WWW\www.qphp.com\QPHP\core\action\Action.class.php(21): UserAction->index()
#2 D:\phpstudy_pro\WWW\www.qphp.com\QPHP\QPHP.php(23): Action->call(Object(UserAction), 'index')
#3 D:\phpstudy_pro\WWW\www.qphp.com\index.php(71): QPHP->run()
#4 {main}
Code: 0 Message: Call to undefined function OracleModel()
Error: Call to undefined function OracleModel() in D:\phpstudy_pro\WWW\www.qphp.com\QPHP\core\model\Model.class.php:19
Stack trace:
#0 D:\phpstudy_pro\WWW\www.qphp.com\application\index\App\Action\User.action.php(12): Model->__construct()
#1 D:\phpstudy_pro\WWW\www.qphp.com\QPHP\core\action\Action.class.php(21): UserAction->index()
#2 D:\phpstudy_pro\WWW\www.qphp.com\QPHP\QPHP.php(23): Action->call(Object(UserAction), 'index')
#3 D:\phpstudy_pro\WWW\www.qphp.com\index.php(71): QPHP->run()
#4 {main}
Code: 0 Message: Call to undefined function OracleModel()
Error: Call to undefined function OracleModel() in D:\phpstudy_pro\WWW\www.qphp.com\QPHP\core\model\Model.class.php:19
Stack trace:
#0 D:\phpstudy_pro\WWW\www.qphp.com\application\index\App\Action\User.action.php(12): Model->__construct()
#1 D:\phpstudy_pro\WWW\www.qphp.com\QPHP\core\action\Action.class.php(21): UserAction->index()
#2 D:\phpstudy_pro\WWW\www.qphp.com\QPHP\QPHP.php(23): Action->call(Object(UserAction), 'index')
#3 D:\phpstudy_pro\WWW\www.qphp.com\index.php(71): QPHP->run()
#4 {main}
Code: 0 Message: Call to undefined method UserModel::table()
Error: Call to undefined method UserModel::table() in D:\phpstudy_pro\WWW\www.qphp.com\application\index\App\Action\User.action.php:22
Stack trace:
#0 D:\phpstudy_pro\WWW\www.qphp.com\QPHP\core\action\Action.class.php(21): UserAction->index()
#1 D:\phpstudy_pro\WWW\www.qphp.com\QPHP\QPHP.php(23): Action->call(Object(UserAction), 'index')
#2 D:\phpstudy_pro\WWW\www.qphp.com\index.php(71): QPHP->run()
#3 {main}
Code: 0 Message: Call to undefined method UserModel::find()
Error: Call to undefined method UserModel::find() in D:\phpstudy_pro\WWW\www.qphp.com\application\index\App\Action\User.action.php:37
Stack trace:
#0 D:\phpstudy_pro\WWW\www.qphp.com\QPHP\core\action\Action.class.php(21): UserAction->view()
#1 D:\phpstudy_pro\WWW\www.qphp.com\QPHP\QPHP.php(23): Action->call(Object(UserAction), 'view')
#2 D:\phpstudy_pro\WWW\www.qphp.com\index.php(71): QPHP->run()
#3 {main}
