Code: 0 Message: Too few arguments to function BaseModel::where(), 0 passed in D:\phpstudy_pro\WWW\www.qphp.com\application\index\App\Action\User.action.php on line 18 and exactly 1 expected
ArgumentCountError: Too few arguments to function BaseModel::where(), 0 passed in D:\phpstudy_pro\WWW\www.qphp.com\application\index\App\Action\User.action.php on line 18 and exactly 1 expected in D:\phpstudy_pro\WWW\www.qphp.com\QPHP\core\model\BaseModel.class.php:65
Stack trace:
#0 D:\phpstudy_pro\WWW\www.qphp.com\application\index\App\Action\User.action.php(18): BaseModel->where()
#1 D:\phpstudy_pro\WWW\www.qphp.com\QPHP\core\action\Action.class.php(21): UserAction->index()
#2 D:\phpstudy_pro\WWW\www.qphp.com\QPHP\QPHP.php(23): Action->call(Object(UserAction), 'index')
#3 D:\phpstudy_pro\WWW\www.qphp.com\index.php(71): QPHP->run()
#4 {main}
Code: 0 Message: Too few arguments to function BaseModel::where(), 0 passed in D:\phpstudy_pro\WWW\www.qphp.com\application\index\App\Action\User.action.php on line 18 and exactly 1 expected
ArgumentCountError: Too few arguments to function BaseModel::where(), 0 passed in D:\phpstudy_pro\WWW\www.qphp.com\application\index\App\Action\User.action.php on line 18 and exactly 1 expected in D:\phpstudy_pro\WWW\www.qphp.com\QPHP\core\model\BaseModel.class.php:65
Stack trace:
#0 D:\phpstudy_pro\WWW\www.qphp.com\application\index\App\Action\User.action.php(18): BaseModel->where()
#1 D:\phpstudy_pro\WWW\www.qphp.com\QPHP\core\action\Action.class.php(21): UserAction->index()
#2 D:\phpstudy_pro\WWW\www.qphp.com\QPHP\QPHP.php(23): Action->call(Object(UserAction), 'index')
#3 D:\phpstudy_pro\WWW\www.qphp.com\index.php(71): QPHP->run()
#4 {main}
Code: 0 Message: Too few arguments to function BaseModel::where(), 0 passed in D:\phpstudy_pro\WWW\www.qphp.com\application\index\App\Action\User.action.php on line 18 and exactly 1 expected
ArgumentCountError: Too few arguments to function BaseModel::where(), 0 passed in D:\phpstudy_pro\WWW\www.qphp.com\application\index\App\Action\User.action.php on line 18 and exactly 1 expected in D:\phpstudy_pro\WWW\www.qphp.com\QPHP\core\model\BaseModel.class.php:65
Stack trace:
#0 D:\phpstudy_pro\WWW\www.qphp.com\application\index\App\Action\User.action.php(18): BaseModel->where()
#1 D:\phpstudy_pro\WWW\www.qphp.com\QPHP\core\action\Action.class.php(21): UserAction->index()
#2 D:\phpstudy_pro\WWW\www.qphp.com\QPHP\QPHP.php(23): Action->call(Object(UserAction), 'index')
#3 D:\phpstudy_pro\WWW\www.qphp.com\index.php(71): QPHP->run()
#4 {main}
Code: HY000 Message: SQLSTATE[HY000]: General error: 936 OCIStmtExecute: ORA-00936: missing expression
 (ext\pdo_oci\oci_statement.c:157)
PDOException: SQLSTATE[HY000]: General error: 936 OCIStmtExecute: ORA-00936: missing expression
 (ext\pdo_oci\oci_statement.c:157) in D:\phpstudy_pro\WWW\www.qphp.com\QPHP\core\pdo\QDbPdo.class.php:184
Stack trace:
#0 D:\phpstudy_pro\WWW\www.qphp.com\QPHP\core\pdo\QDbPdo.class.php(184): PDOStatement->execute()
#1 D:\phpstudy_pro\WWW\www.qphp.com\QPHP\core\model\OracleModel.class.php(57): QDbPdo->getRows('select * from (...')
#2 D:\phpstudy_pro\WWW\www.qphp.com\application\index\App\Action\User.action.php(20): OracleModel->select()
#3 D:\phpstudy_pro\WWW\www.qphp.com\QPHP\core\action\Action.class.php(21): UserAction->index()
#4 D:\phpstudy_pro\WWW\www.qphp.com\QPHP\QPHP.php(23): Action->call(Object(UserAction), 'index')
#5 D:\phpstudy_pro\WWW\www.qphp.com\index.php(71): QPHP->run()
#6 {main}
Code: HY000 Message: SQLSTATE[HY000]: General error: 936 OCIStmtExecute: ORA-00936: missing expression
 (ext\pdo_oci\oci_statement.c:157)
PDOException: SQLSTATE[HY000]: General error: 936 OCIStmtExecute: ORA-00936: missing expression
 (ext\pdo_oci\oci_statement.c:157) in D:\phpstudy_pro\WWW\www.qphp.com\QPHP\core\pdo\QDbPdo.class.php:184
Stack trace:
#0 D:\phpstudy_pro\WWW\www.qphp.com\QPHP\core\pdo\QDbPdo.class.php(184): PDOStatement->execute()
#1 D:\phpstudy_pro\WWW\www.qphp.com\QPHP\core\model\OracleModel.class.php(57): QDbPdo->getRows('select * from (...')
#2 D:\phpstudy_pro\WWW\www.qphp.com\application\index\App\Action\User.action.php(20): OracleModel->select()
#3 D:\phpstudy_pro\WWW\www.qphp.com\QPHP\core\action\Action.class.php(21): UserAction->index()
#4 D:\phpstudy_pro\WWW\www.qphp.com\QPHP\QPHP.php(23): Action->call(Object(UserAction), 'index')
#5 D:\phpstudy_pro\WWW\www.qphp.com\index.php(71): QPHP->run()
#6 {main}
Code: HY000 Message: SQLSTATE[HY000]: General error: 936 OCIStmtExecute: ORA-00936: missing expression
 (ext\pdo_oci\oci_statement.c:157)
PDOException: SQLSTATE[HY000]: General error: 936 OCIStmtExecute: ORA-00936: missing expression
 (ext\pdo_oci\oci_statement.c:157) in D:\phpstudy_pro\WWW\www.qphp.com\QPHP\core\pdo\QDbPdo.class.php:184
Stack trace:
#0 D:\phpstudy_pro\WWW\www.qphp.com\QPHP\core\pdo\QDbPdo.class.php(184): PDOStatement->execute()
#1 D:\phpstudy_pro\WWW\www.qphp.com\QPHP\core\model\OracleModel.class.php(57): QDbPdo->getRows('select * from (...')
#2 D:\phpstudy_pro\WWW\www.qphp.com\application\index\App\Action\User.action.php(20): OracleModel->select()
#3 D:\phpstudy_pro\WWW\www.qphp.com\QPHP\core\action\Action.class.php(21): UserAction->index()
#4 D:\phpstudy_pro\WWW\www.qphp.com\QPHP\QPHP.php(23): Action->call(Object(UserAction), 'index')
#5 D:\phpstudy_pro\WWW\www.qphp.com\index.php(71): QPHP->run()
#6 {main}
Code: HY000 Message: SQLSTATE[HY000]: General error: 936 OCIStmtExecute: ORA-00936: missing expression
 (ext\pdo_oci\oci_statement.c:157)
PDOException: SQLSTATE[HY000]: General error: 936 OCIStmtExecute: ORA-00936: missing expression
 (ext\pdo_oci\oci_statement.c:157) in D:\phpstudy_pro\WWW\www.qphp.com\QPHP\core\pdo\QDbPdo.class.php:184
Stack trace:
#0 D:\phpstudy_pro\WWW\www.qphp.com\QPHP\core\pdo\QDbPdo.class.php(184): PDOStatement->execute()
#1 D:\phpstudy_pro\WWW\www.qphp.com\QPHP\core\model\OracleModel.class.php(57): QDbPdo->getRows('select * from (...')
#2 D:\phpstudy_pro\WWW\www.qphp.com\application\index\App\Action\User.action.php(20): OracleModel->select()
#3 D:\phpstudy_pro\WWW\www.qphp.com\QPHP\core\action\Action.class.php(21): UserAction->index()
#4 D:\phpstudy_pro\WWW\www.qphp.com\QPHP\QPHP.php(23): Action->call(Object(UserAction), 'index')
#5 D:\phpstudy_pro\WWW\www.qphp.com\index.php(71): QPHP->run()
#6 {main}
Code: HY000 Message: SQLSTATE[HY000]: General error: 936 OCIStmtExecute: ORA-00936: missing expression
 (ext\pdo_oci\oci_statement.c:157)
PDOException: SQLSTATE[HY000]: General error: 936 OCIStmtExecute: ORA-00936: missing expression
 (ext\pdo_oci\oci_statement.c:157) in D:\phpstudy_pro\WWW\www.qphp.com\QPHP\core\pdo\QDbPdo.class.php:184
Stack trace:
#0 D:\phpstudy_pro\WWW\www.qphp.com\QPHP\core\pdo\QDbPdo.class.php(184): PDOStatement->execute()
#1 D:\phpstudy_pro\WWW\www.qphp.com\QPHP\core\model\OracleModel.class.php(57): QDbPdo->getRows('select * from (...')
#2 D:\phpstudy_pro\WWW\www.qphp.com\application\index\App\Action\User.action.php(20): OracleModel->select()
#3 D:\phpstudy_pro\WWW\www.qphp.com\QPHP\core\action\Action.class.php(21): UserAction->index()
#4 D:\phpstudy_pro\WWW\www.qphp.com\QPHP\QPHP.php(23): Action->call(Object(UserAction), 'index')
#5 D:\phpstudy_pro\WWW\www.qphp.com\index.php(71): QPHP->run()
#6 {main}
Code: HY000 Message: SQLSTATE[HY000]: General error: 936 OCIStmtExecute: ORA-00936: missing expression
 (ext\pdo_oci\oci_statement.c:157)
PDOException: SQLSTATE[HY000]: General error: 936 OCIStmtExecute: ORA-00936: missing expression
 (ext\pdo_oci\oci_statement.c:157) in D:\phpstudy_pro\WWW\www.qphp.com\QPHP\core\pdo\QDbPdo.class.php:184
Stack trace:
#0 D:\phpstudy_pro\WWW\www.qphp.com\QPHP\core\pdo\QDbPdo.class.php(184): PDOStatement->execute()
#1 D:\phpstudy_pro\WWW\www.qphp.com\QPHP\core\model\OracleModel.class.php(57): QDbPdo->getRows('select * from (...')
#2 D:\phpstudy_pro\WWW\www.qphp.com\application\index\App\Action\User.action.php(20): OracleModel->select()
#3 D:\phpstudy_pro\WWW\www.qphp.com\QPHP\core\action\Action.class.php(21): UserAction->index()
#4 D:\phpstudy_pro\WWW\www.qphp.com\QPHP\QPHP.php(23): Action->call(Object(UserAction), 'index')
#5 D:\phpstudy_pro\WWW\www.qphp.com\index.php(71): QPHP->run()
#6 {main}
Code: HY000 Message: SQLSTATE[HY000]: General error: 936 OCIStmtExecute: ORA-00936: missing expression
 (ext\pdo_oci\oci_statement.c:157)
PDOException: SQLSTATE[HY000]: General error: 936 OCIStmtExecute: ORA-00936: missing expression
 (ext\pdo_oci\oci_statement.c:157) in D:\phpstudy_pro\WWW\www.qphp.com\QPHP\core\pdo\QDbPdo.class.php:184
Stack trace:
#0 D:\phpstudy_pro\WWW\www.qphp.com\QPHP\core\pdo\QDbPdo.class.php(184): PDOStatement->execute()
#1 D:\phpstudy_pro\WWW\www.qphp.com\QPHP\core\model\OracleModel.class.php(57): QDbPdo->getRows('select * from (...')
#2 D:\phpstudy_pro\WWW\www.qphp.com\application\index\App\Action\User.action.php(20): OracleModel->select()
#3 D:\phpstudy_pro\WWW\www.qphp.com\QPHP\core\action\Action.class.php(21): UserAction->index()
#4 D:\phpstudy_pro\WWW\www.qphp.com\QPHP\QPHP.php(23): Action->call(Object(UserAction), 'index')
#5 D:\phpstudy_pro\WWW\www.qphp.com\index.php(71): QPHP->run()
#6 {main}
Code: HY000 Message: SQLSTATE[HY000]: General error: 936 OCIStmtExecute: ORA-00936: missing expression
 (ext\pdo_oci\oci_statement.c:157)
PDOException: SQLSTATE[HY000]: General error: 936 OCIStmtExecute: ORA-00936: missing expression
 (ext\pdo_oci\oci_statement.c:157) in D:\phpstudy_pro\WWW\www.qphp.com\QPHP\core\pdo\QDbPdo.class.php:184
Stack trace:
#0 D:\phpstudy_pro\WWW\www.qphp.com\QPHP\core\pdo\QDbPdo.class.php(184): PDOStatement->execute()
#1 D:\phpstudy_pro\WWW\www.qphp.com\QPHP\core\model\OracleModel.class.php(57): QDbPdo->getRows('select * from (...')
#2 D:\phpstudy_pro\WWW\www.qphp.com\application\index\App\Action\User.action.php(20): OracleModel->select()
#3 D:\phpstudy_pro\WWW\www.qphp.com\QPHP\core\action\Action.class.php(21): UserAction->index()
#4 D:\phpstudy_pro\WWW\www.qphp.com\QPHP\QPHP.php(23): Action->call(Object(UserAction), 'index')
#5 D:\phpstudy_pro\WWW\www.qphp.com\index.php(71): QPHP->run()
#6 {main}
Code: HY000 Message: SQLSTATE[HY000]: General error: 936 OCIStmtExecute: ORA-00936: missing expression
 (ext\pdo_oci\oci_statement.c:157)
PDOException: SQLSTATE[HY000]: General error: 936 OCIStmtExecute: ORA-00936: missing expression
 (ext\pdo_oci\oci_statement.c:157) in D:\phpstudy_pro\WWW\www.qphp.com\QPHP\core\pdo\QDbPdo.class.php:184
Stack trace:
#0 D:\phpstudy_pro\WWW\www.qphp.com\QPHP\core\pdo\QDbPdo.class.php(184): PDOStatement->execute()
#1 D:\phpstudy_pro\WWW\www.qphp.com\QPHP\core\model\OracleModel.class.php(57): QDbPdo->getRows('select * from (...')
#2 D:\phpstudy_pro\WWW\www.qphp.com\application\index\App\Action\User.action.php(20): OracleModel->select()
#3 D:\phpstudy_pro\WWW\www.qphp.com\QPHP\core\action\Action.class.php(21): UserAction->index()
#4 D:\phpstudy_pro\WWW\www.qphp.com\QPHP\QPHP.php(23): Action->call(Object(UserAction), 'index')
#5 D:\phpstudy_pro\WWW\www.qphp.com\index.php(71): QPHP->run()
#6 {main}
Code: HY000 Message: SQLSTATE[HY000]: General error: 936 OCIStmtExecute: ORA-00936: missing expression
 (ext\pdo_oci\oci_statement.c:157)
PDOException: SQLSTATE[HY000]: General error: 936 OCIStmtExecute: ORA-00936: missing expression
 (ext\pdo_oci\oci_statement.c:157) in D:\phpstudy_pro\WWW\www.qphp.com\QPHP\core\pdo\QDbPdo.class.php:184
Stack trace:
#0 D:\phpstudy_pro\WWW\www.qphp.com\QPHP\core\pdo\QDbPdo.class.php(184): PDOStatement->execute()
#1 D:\phpstudy_pro\WWW\www.qphp.com\QPHP\core\model\OracleModel.class.php(57): QDbPdo->getRows('select * from (...')
#2 D:\phpstudy_pro\WWW\www.qphp.com\application\index\App\Action\User.action.php(20): OracleModel->select()
#3 D:\phpstudy_pro\WWW\www.qphp.com\QPHP\core\action\Action.class.php(21): UserAction->index()
#4 D:\phpstudy_pro\WWW\www.qphp.com\QPHP\QPHP.php(23): Action->call(Object(UserAction), 'index')
#5 D:\phpstudy_pro\WWW\www.qphp.com\index.php(71): QPHP->run()
#6 {main}
Code: HY000 Message: SQLSTATE[HY000]: General error: 936 OCIStmtExecute: ORA-00936: missing expression
 (ext\pdo_oci\oci_statement.c:157)
PDOException: SQLSTATE[HY000]: General error: 936 OCIStmtExecute: ORA-00936: missing expression
 (ext\pdo_oci\oci_statement.c:157) in D:\phpstudy_pro\WWW\www.qphp.com\QPHP\core\pdo\QDbPdo.class.php:184
Stack trace:
#0 D:\phpstudy_pro\WWW\www.qphp.com\QPHP\core\pdo\QDbPdo.class.php(184): PDOStatement->execute()
#1 D:\phpstudy_pro\WWW\www.qphp.com\QPHP\core\model\OracleModel.class.php(57): QDbPdo->getRows('select * from (...')
#2 D:\phpstudy_pro\WWW\www.qphp.com\application\index\App\Action\User.action.php(20): OracleModel->select()
#3 D:\phpstudy_pro\WWW\www.qphp.com\QPHP\core\action\Action.class.php(21): UserAction->index()
#4 D:\phpstudy_pro\WWW\www.qphp.com\QPHP\QPHP.php(23): Action->call(Object(UserAction), 'index')
#5 D:\phpstudy_pro\WWW\www.qphp.com\index.php(71): QPHP->run()
#6 {main}
Code: HY000 Message: SQLSTATE[HY000]: General error: 936 OCIStmtExecute: ORA-00936: missing expression
 (ext\pdo_oci\oci_statement.c:157)
PDOException: SQLSTATE[HY000]: General error: 936 OCIStmtExecute: ORA-00936: missing expression
 (ext\pdo_oci\oci_statement.c:157) in D:\phpstudy_pro\WWW\www.qphp.com\QPHP\core\pdo\QDbPdo.class.php:184
Stack trace:
#0 D:\phpstudy_pro\WWW\www.qphp.com\QPHP\core\pdo\QDbPdo.class.php(184): PDOStatement->execute()
#1 D:\phpstudy_pro\WWW\www.qphp.com\QPHP\core\model\OracleModel.class.php(57): QDbPdo->getRows('select * from (...')
#2 D:\phpstudy_pro\WWW\www.qphp.com\application\index\App\Action\User.action.php(20): OracleModel->select()
#3 D:\phpstudy_pro\WWW\www.qphp.com\QPHP\core\action\Action.class.php(21): UserAction->index()
#4 D:\phpstudy_pro\WWW\www.qphp.com\QPHP\QPHP.php(23): Action->call(Object(UserAction), 'index')
#5 D:\phpstudy_pro\WWW\www.qphp.com\index.php(71): QPHP->run()
#6 {main}
Code: HY000 Message: SQLSTATE[HY000]: General error: 936 OCIStmtExecute: ORA-00936: missing expression
 (ext\pdo_oci\oci_statement.c:157)
PDOException: SQLSTATE[HY000]: General error: 936 OCIStmtExecute: ORA-00936: missing expression
 (ext\pdo_oci\oci_statement.c:157) in D:\phpstudy_pro\WWW\www.qphp.com\QPHP\core\pdo\QDbPdo.class.php:184
Stack trace:
#0 D:\phpstudy_pro\WWW\www.qphp.com\QPHP\core\pdo\QDbPdo.class.php(184): PDOStatement->execute()
#1 D:\phpstudy_pro\WWW\www.qphp.com\QPHP\core\model\OracleModel.class.php(57): QDbPdo->getRows('select * from (...')
#2 D:\phpstudy_pro\WWW\www.qphp.com\application\index\App\Action\User.action.php(20): OracleModel->select()
#3 D:\phpstudy_pro\WWW\www.qphp.com\QPHP\core\action\Action.class.php(21): UserAction->index()
#4 D:\phpstudy_pro\WWW\www.qphp.com\QPHP\QPHP.php(23): Action->call(Object(UserAction), 'index')
#5 D:\phpstudy_pro\WWW\www.qphp.com\index.php(71): QPHP->run()
#6 {main}
Code: HY000 Message: SQLSTATE[HY000]: General error: 936 OCIStmtExecute: ORA-00936: missing expression
 (ext\pdo_oci\oci_statement.c:157)
PDOException: SQLSTATE[HY000]: General error: 936 OCIStmtExecute: ORA-00936: missing expression
 (ext\pdo_oci\oci_statement.c:157) in D:\phpstudy_pro\WWW\www.qphp.com\QPHP\core\pdo\QDbPdo.class.php:184
Stack trace:
#0 D:\phpstudy_pro\WWW\www.qphp.com\QPHP\core\pdo\QDbPdo.class.php(184): PDOStatement->execute()
#1 D:\phpstudy_pro\WWW\www.qphp.com\QPHP\core\model\OracleModel.class.php(57): QDbPdo->getRows('select * from (...')
#2 D:\phpstudy_pro\WWW\www.qphp.com\application\index\App\Action\User.action.php(20): OracleModel->select()
#3 D:\phpstudy_pro\WWW\www.qphp.com\QPHP\core\action\Action.class.php(21): UserAction->index()
#4 D:\phpstudy_pro\WWW\www.qphp.com\QPHP\QPHP.php(23): Action->call(Object(UserAction), 'index')
#5 D:\phpstudy_pro\WWW\www.qphp.com\index.php(71): QPHP->run()
#6 {main}
Code: HY000 Message: SQLSTATE[HY000]: General error: 936 OCIStmtExecute: ORA-00936: missing expression
 (ext\pdo_oci\oci_statement.c:157)
PDOException: SQLSTATE[HY000]: General error: 936 OCIStmtExecute: ORA-00936: missing expression
 (ext\pdo_oci\oci_statement.c:157) in D:\phpstudy_pro\WWW\www.qphp.com\QPHP\core\pdo\QDbPdo.class.php:184
Stack trace:
#0 D:\phpstudy_pro\WWW\www.qphp.com\QPHP\core\pdo\QDbPdo.class.php(184): PDOStatement->execute()
#1 D:\phpstudy_pro\WWW\www.qphp.com\QPHP\core\model\OracleModel.class.php(57): QDbPdo->getRows('select * from (...')
#2 D:\phpstudy_pro\WWW\www.qphp.com\application\index\App\Action\User.action.php(20): OracleModel->select()
#3 D:\phpstudy_pro\WWW\www.qphp.com\QPHP\core\action\Action.class.php(21): UserAction->index()
#4 D:\phpstudy_pro\WWW\www.qphp.com\QPHP\QPHP.php(23): Action->call(Object(UserAction), 'index')
#5 D:\phpstudy_pro\WWW\www.qphp.com\index.php(71): QPHP->run()
#6 {main}
Code: HY000 Message: SQLSTATE[HY000]: General error: 936 OCIStmtExecute: ORA-00936: missing expression
 (ext\pdo_oci\oci_statement.c:157)
PDOException: SQLSTATE[HY000]: General error: 936 OCIStmtExecute: ORA-00936: missing expression
 (ext\pdo_oci\oci_statement.c:157) in D:\phpstudy_pro\WWW\www.qphp.com\QPHP\core\pdo\QDbPdo.class.php:184
Stack trace:
#0 D:\phpstudy_pro\WWW\www.qphp.com\QPHP\core\pdo\QDbPdo.class.php(184): PDOStatement->execute()
#1 D:\phpstudy_pro\WWW\www.qphp.com\QPHP\core\model\OracleModel.class.php(58): QDbPdo->getRows('select * from (...')
#2 D:\phpstudy_pro\WWW\www.qphp.com\application\index\App\Action\User.action.php(20): OracleModel->select()
#3 D:\phpstudy_pro\WWW\www.qphp.com\QPHP\core\action\Action.class.php(21): UserAction->index()
#4 D:\phpstudy_pro\WWW\www.qphp.com\QPHP\QPHP.php(23): Action->call(Object(UserAction), 'index')
#5 D:\phpstudy_pro\WWW\www.qphp.com\index.php(71): QPHP->run()
#6 {main}
Code: HY000 Message: SQLSTATE[HY000]: General error: 936 OCIStmtExecute: ORA-00936: missing expression
 (ext\pdo_oci\oci_statement.c:157)
PDOException: SQLSTATE[HY000]: General error: 936 OCIStmtExecute: ORA-00936: missing expression
 (ext\pdo_oci\oci_statement.c:157) in D:\phpstudy_pro\WWW\www.qphp.com\QPHP\core\pdo\QDbPdo.class.php:184
Stack trace:
#0 D:\phpstudy_pro\WWW\www.qphp.com\QPHP\core\pdo\QDbPdo.class.php(184): PDOStatement->execute()
#1 D:\phpstudy_pro\WWW\www.qphp.com\QPHP\core\model\OracleModel.class.php(58): QDbPdo->getRows('select * from (...')
#2 D:\phpstudy_pro\WWW\www.qphp.com\application\index\App\Action\User.action.php(20): OracleModel->select()
#3 D:\phpstudy_pro\WWW\www.qphp.com\QPHP\core\action\Action.class.php(21): UserAction->index()
#4 D:\phpstudy_pro\WWW\www.qphp.com\QPHP\QPHP.php(23): Action->call(Object(UserAction), 'index')
#5 D:\phpstudy_pro\WWW\www.qphp.com\index.php(71): QPHP->run()
#6 {main}
Code: HY000 Message: SQLSTATE[HY000]: General error: 911 OCIStmtExecute: ORA-00911: invalid character
 (ext\pdo_oci\oci_statement.c:157)
PDOException: SQLSTATE[HY000]: General error: 911 OCIStmtExecute: ORA-00911: invalid character
 (ext\pdo_oci\oci_statement.c:157) in D:\phpstudy_pro\WWW\www.qphp.com\QPHP\core\pdo\QDbPdo.class.php:184
Stack trace:
#0 D:\phpstudy_pro\WWW\www.qphp.com\QPHP\core\pdo\QDbPdo.class.php(184): PDOStatement->execute()
#1 D:\phpstudy_pro\WWW\www.qphp.com\QPHP\core\model\OracleModel.class.php(58): QDbPdo->getRows('select * from (...')
#2 D:\phpstudy_pro\WWW\www.qphp.com\application\index\App\Action\User.action.php(20): OracleModel->select()
#3 D:\phpstudy_pro\WWW\www.qphp.com\QPHP\core\action\Action.class.php(21): UserAction->index()
#4 D:\phpstudy_pro\WWW\www.qphp.com\QPHP\QPHP.php(23): Action->call(Object(UserAction), 'index')
#5 D:\phpstudy_pro\WWW\www.qphp.com\index.php(71): QPHP->run()
#6 {main}
Code: HY000 Message: SQLSTATE[HY000]: General error: 911 OCIStmtExecute: ORA-00911: invalid character
 (ext\pdo_oci\oci_statement.c:157)
PDOException: SQLSTATE[HY000]: General error: 911 OCIStmtExecute: ORA-00911: invalid character
 (ext\pdo_oci\oci_statement.c:157) in D:\phpstudy_pro\WWW\www.qphp.com\QPHP\core\pdo\QDbPdo.class.php:184
Stack trace:
#0 D:\phpstudy_pro\WWW\www.qphp.com\QPHP\core\pdo\QDbPdo.class.php(184): PDOStatement->execute()
#1 D:\phpstudy_pro\WWW\www.qphp.com\QPHP\core\model\OracleModel.class.php(58): QDbPdo->getRows('select * from (...')
#2 D:\phpstudy_pro\WWW\www.qphp.com\application\index\App\Action\User.action.php(20): OracleModel->select()
#3 D:\phpstudy_pro\WWW\www.qphp.com\QPHP\core\action\Action.class.php(21): UserAction->index()
#4 D:\phpstudy_pro\WWW\www.qphp.com\QPHP\QPHP.php(23): Action->call(Object(UserAction), 'index')
#5 D:\phpstudy_pro\WWW\www.qphp.com\index.php(71): QPHP->run()
#6 {main}
Code: HY000 Message: SQLSTATE[HY000]: General error: 911 OCIStmtExecute: ORA-00911: invalid character
 (ext\pdo_oci\oci_statement.c:157)
PDOException: SQLSTATE[HY000]: General error: 911 OCIStmtExecute: ORA-00911: invalid character
 (ext\pdo_oci\oci_statement.c:157) in D:\phpstudy_pro\WWW\www.qphp.com\QPHP\core\pdo\QDbPdo.class.php:184
Stack trace:
#0 D:\phpstudy_pro\WWW\www.qphp.com\QPHP\core\pdo\QDbPdo.class.php(184): PDOStatement->execute()
#1 D:\phpstudy_pro\WWW\www.qphp.com\QPHP\core\model\OracleModel.class.php(58): QDbPdo->getRows('select * from (...')
#2 D:\phpstudy_pro\WWW\www.qphp.com\application\index\App\Action\User.action.php(20): OracleModel->select()
#3 D:\phpstudy_pro\WWW\www.qphp.com\QPHP\core\action\Action.class.php(21): UserAction->index()
#4 D:\phpstudy_pro\WWW\www.qphp.com\QPHP\QPHP.php(23): Action->call(Object(UserAction), 'index')
#5 D:\phpstudy_pro\WWW\www.qphp.com\index.php(71): QPHP->run()
#6 {main}
Code: HY000 Message: SQLSTATE[HY000]: General error: 911 OCIStmtExecute: ORA-00911: invalid character
 (ext\pdo_oci\oci_statement.c:157)
PDOException: SQLSTATE[HY000]: General error: 911 OCIStmtExecute: ORA-00911: invalid character
 (ext\pdo_oci\oci_statement.c:157) in D:\phpstudy_pro\WWW\www.qphp.com\QPHP\core\pdo\QDbPdo.class.php:184
Stack trace:
#0 D:\phpstudy_pro\WWW\www.qphp.com\QPHP\core\pdo\QDbPdo.class.php(184): PDOStatement->execute()
#1 D:\phpstudy_pro\WWW\www.qphp.com\QPHP\core\model\OracleModel.class.php(58): QDbPdo->getRows('select * from (...')
#2 D:\phpstudy_pro\WWW\www.qphp.com\application\index\App\Action\User.action.php(20): OracleModel->select()
#3 D:\phpstudy_pro\WWW\www.qphp.com\QPHP\core\action\Action.class.php(21): UserAction->index()
#4 D:\phpstudy_pro\WWW\www.qphp.com\QPHP\QPHP.php(23): Action->call(Object(UserAction), 'index')
#5 D:\phpstudy_pro\WWW\www.qphp.com\index.php(71): QPHP->run()
#6 {main}
Code: HY000 Message: SQLSTATE[HY000]: General error: 911 OCIStmtExecute: ORA-00911: invalid character
 (ext\pdo_oci\oci_statement.c:157)
PDOException: SQLSTATE[HY000]: General error: 911 OCIStmtExecute: ORA-00911: invalid character
 (ext\pdo_oci\oci_statement.c:157) in D:\phpstudy_pro\WWW\www.qphp.com\QPHP\core\pdo\QDbPdo.class.php:184
Stack trace:
#0 D:\phpstudy_pro\WWW\www.qphp.com\QPHP\core\pdo\QDbPdo.class.php(184): PDOStatement->execute()
#1 D:\phpstudy_pro\WWW\www.qphp.com\QPHP\core\model\OracleModel.class.php(58): QDbPdo->getRows('select * from (...')
#2 D:\phpstudy_pro\WWW\www.qphp.com\application\index\App\Action\User.action.php(20): OracleModel->select()
#3 D:\phpstudy_pro\WWW\www.qphp.com\QPHP\core\action\Action.class.php(21): UserAction->index()
#4 D:\phpstudy_pro\WWW\www.qphp.com\QPHP\QPHP.php(23): Action->call(Object(UserAction), 'index')
#5 D:\phpstudy_pro\WWW\www.qphp.com\index.php(71): QPHP->run()
#6 {main}
Code: HY000 Message: SQLSTATE[HY000]: General error: 911 OCIStmtExecute: ORA-00911: invalid character
 (ext\pdo_oci\oci_statement.c:157)
PDOException: SQLSTATE[HY000]: General error: 911 OCIStmtExecute: ORA-00911: invalid character
 (ext\pdo_oci\oci_statement.c:157) in D:\phpstudy_pro\WWW\www.qphp.com\QPHP\core\pdo\QDbPdo.class.php:184
Stack trace:
#0 D:\phpstudy_pro\WWW\www.qphp.com\QPHP\core\pdo\QDbPdo.class.php(184): PDOStatement->execute()
#1 D:\phpstudy_pro\WWW\www.qphp.com\QPHP\core\model\OracleModel.class.php(58): QDbPdo->getRows('select * from (...')
#2 D:\phpstudy_pro\WWW\www.qphp.com\application\index\App\Action\User.action.php(20): OracleModel->select()
#3 D:\phpstudy_pro\WWW\www.qphp.com\QPHP\core\action\Action.class.php(21): UserAction->index()
#4 D:\phpstudy_pro\WWW\www.qphp.com\QPHP\QPHP.php(23): Action->call(Object(UserAction), 'index')
#5 D:\phpstudy_pro\WWW\www.qphp.com\index.php(71): QPHP->run()
#6 {main}
Code: HY000 Message: SQLSTATE[HY000]: General error: 911 OCIStmtExecute: ORA-00911: invalid character
 (ext\pdo_oci\oci_statement.c:157)
PDOException: SQLSTATE[HY000]: General error: 911 OCIStmtExecute: ORA-00911: invalid character
 (ext\pdo_oci\oci_statement.c:157) in D:\phpstudy_pro\WWW\www.qphp.com\QPHP\core\pdo\QDbPdo.class.php:184
Stack trace:
#0 D:\phpstudy_pro\WWW\www.qphp.com\QPHP\core\pdo\QDbPdo.class.php(184): PDOStatement->execute()
#1 D:\phpstudy_pro\WWW\www.qphp.com\QPHP\core\model\OracleModel.class.php(58): QDbPdo->getRows('select * from (...')
#2 D:\phpstudy_pro\WWW\www.qphp.com\application\index\App\Action\User.action.php(20): OracleModel->select()
#3 D:\phpstudy_pro\WWW\www.qphp.com\QPHP\core\action\Action.class.php(21): UserAction->index()
#4 D:\phpstudy_pro\WWW\www.qphp.com\QPHP\QPHP.php(23): Action->call(Object(UserAction), 'index')
#5 D:\phpstudy_pro\WWW\www.qphp.com\index.php(71): QPHP->run()
#6 {main}
Code: HY000 Message: SQLSTATE[HY000]: General error: 911 OCIStmtExecute: ORA-00911: invalid character
 (ext\pdo_oci\oci_statement.c:157)
PDOException: SQLSTATE[HY000]: General error: 911 OCIStmtExecute: ORA-00911: invalid character
 (ext\pdo_oci\oci_statement.c:157) in D:\phpstudy_pro\WWW\www.qphp.com\QPHP\core\pdo\QDbPdo.class.php:184
Stack trace:
#0 D:\phpstudy_pro\WWW\www.qphp.com\QPHP\core\pdo\QDbPdo.class.php(184): PDOStatement->execute()
#1 D:\phpstudy_pro\WWW\www.qphp.com\QPHP\core\model\OracleModel.class.php(58): QDbPdo->getRows('select * from (...')
#2 D:\phpstudy_pro\WWW\www.qphp.com\application\index\App\Action\User.action.php(20): OracleModel->select()
#3 D:\phpstudy_pro\WWW\www.qphp.com\QPHP\core\action\Action.class.php(21): UserAction->index()
#4 D:\phpstudy_pro\WWW\www.qphp.com\QPHP\QPHP.php(23): Action->call(Object(UserAction), 'index')
#5 D:\phpstudy_pro\WWW\www.qphp.com\index.php(71): QPHP->run()
#6 {main}
Code: HY000 Message: SQLSTATE[HY000]: General error: 911 OCIStmtExecute: ORA-00911: invalid character
 (ext\pdo_oci\oci_statement.c:157)
PDOException: SQLSTATE[HY000]: General error: 911 OCIStmtExecute: ORA-00911: invalid character
 (ext\pdo_oci\oci_statement.c:157) in D:\phpstudy_pro\WWW\www.qphp.com\QPHP\core\pdo\QDbPdo.class.php:184
Stack trace:
#0 D:\phpstudy_pro\WWW\www.qphp.com\QPHP\core\pdo\QDbPdo.class.php(184): PDOStatement->execute()
#1 D:\phpstudy_pro\WWW\www.qphp.com\QPHP\core\model\OracleModel.class.php(58): QDbPdo->getRows('select * from (...')
#2 D:\phpstudy_pro\WWW\www.qphp.com\application\index\App\Action\User.action.php(20): OracleModel->select()
#3 D:\phpstudy_pro\WWW\www.qphp.com\QPHP\core\action\Action.class.php(21): UserAction->index()
#4 D:\phpstudy_pro\WWW\www.qphp.com\QPHP\QPHP.php(23): Action->call(Object(UserAction), 'index')
#5 D:\phpstudy_pro\WWW\www.qphp.com\index.php(71): QPHP->run()
#6 {main}
Code: HY000 Message: SQLSTATE[HY000]: General error: 911 OCIStmtExecute: ORA-00911: invalid character
 (ext\pdo_oci\oci_statement.c:157)
PDOException: SQLSTATE[HY000]: General error: 911 OCIStmtExecute: ORA-00911: invalid character
 (ext\pdo_oci\oci_statement.c:157) in D:\phpstudy_pro\WWW\www.qphp.com\QPHP\core\pdo\QDbPdo.class.php:184
Stack trace:
#0 D:\phpstudy_pro\WWW\www.qphp.com\QPHP\core\pdo\QDbPdo.class.php(184): PDOStatement->execute()
#1 D:\phpstudy_pro\WWW\www.qphp.com\QPHP\core\model\OracleModel.class.php(58): QDbPdo->getRows('select * from (...')
#2 D:\phpstudy_pro\WWW\www.qphp.com\application\index\App\Action\User.action.php(20): OracleModel->select()
#3 D:\phpstudy_pro\WWW\www.qphp.com\QPHP\core\action\Action.class.php(21): UserAction->index()
#4 D:\phpstudy_pro\WWW\www.qphp.com\QPHP\QPHP.php(23): Action->call(Object(UserAction), 'index')
#5 D:\phpstudy_pro\WWW\www.qphp.com\index.php(71): QPHP->run()
#6 {main}
Code: HY000 Message: SQLSTATE[HY000]: General error: 911 OCIStmtExecute: ORA-00911: invalid character
 (ext\pdo_oci\oci_statement.c:157)
PDOException: SQLSTATE[HY000]: General error: 911 OCIStmtExecute: ORA-00911: invalid character
 (ext\pdo_oci\oci_statement.c:157) in D:\phpstudy_pro\WWW\www.qphp.com\QPHP\core\pdo\QDbPdo.class.php:184
Stack trace:
#0 D:\phpstudy_pro\WWW\www.qphp.com\QPHP\core\pdo\QDbPdo.class.php(184): PDOStatement->execute()
#1 D:\phpstudy_pro\WWW\www.qphp.com\QPHP\core\model\OracleModel.class.php(58): QDbPdo->getRows('select * from (...')
#2 D:\phpstudy_pro\WWW\www.qphp.com\application\index\App\Action\User.action.php(20): OracleModel->select()
#3 D:\phpstudy_pro\WWW\www.qphp.com\QPHP\core\action\Action.class.php(21): UserAction->index()
#4 D:\phpstudy_pro\WWW\www.qphp.com\QPHP\QPHP.php(23): Action->call(Object(UserAction), 'index')
#5 D:\phpstudy_pro\WWW\www.qphp.com\index.php(71): QPHP->run()
#6 {main}
Code: HY000 Message: SQLSTATE[HY000]: General error: 911 OCIStmtExecute: ORA-00911: invalid character
 (ext\pdo_oci\oci_statement.c:157)
PDOException: SQLSTATE[HY000]: General error: 911 OCIStmtExecute: ORA-00911: invalid character
 (ext\pdo_oci\oci_statement.c:157) in D:\phpstudy_pro\WWW\www.qphp.com\QPHP\core\pdo\QDbPdo.class.php:184
Stack trace:
#0 D:\phpstudy_pro\WWW\www.qphp.com\QPHP\core\pdo\QDbPdo.class.php(184): PDOStatement->execute()
#1 D:\phpstudy_pro\WWW\www.qphp.com\QPHP\core\model\OracleModel.class.php(58): QDbPdo->getRows('select * from (...')
#2 D:\phpstudy_pro\WWW\www.qphp.com\application\index\App\Action\User.action.php(20): OracleModel->select()
#3 D:\phpstudy_pro\WWW\www.qphp.com\QPHP\core\action\Action.class.php(21): UserAction->index()
#4 D:\phpstudy_pro\WWW\www.qphp.com\QPHP\QPHP.php(23): Action->call(Object(UserAction), 'index')
#5 D:\phpstudy_pro\WWW\www.qphp.com\index.php(71): QPHP->run()
#6 {main}
Code: HY000 Message: SQLSTATE[HY000]: General error: 911 OCIStmtExecute: ORA-00911: invalid character
 (ext\pdo_oci\oci_statement.c:157)
PDOException: SQLSTATE[HY000]: General error: 911 OCIStmtExecute: ORA-00911: invalid character
 (ext\pdo_oci\oci_statement.c:157) in D:\phpstudy_pro\WWW\www.qphp.com\QPHP\core\pdo\QDbPdo.class.php:184
Stack trace:
#0 D:\phpstudy_pro\WWW\www.qphp.com\QPHP\core\pdo\QDbPdo.class.php(184): PDOStatement->execute()
#1 D:\phpstudy_pro\WWW\www.qphp.com\QPHP\core\model\OracleModel.class.php(58): QDbPdo->getRows('select * from (...')
#2 D:\phpstudy_pro\WWW\www.qphp.com\application\index\App\Action\User.action.php(20): OracleModel->select()
#3 D:\phpstudy_pro\WWW\www.qphp.com\QPHP\core\action\Action.class.php(21): UserAction->index()
#4 D:\phpstudy_pro\WWW\www.qphp.com\QPHP\QPHP.php(23): Action->call(Object(UserAction), 'index')
#5 D:\phpstudy_pro\WWW\www.qphp.com\index.php(71): QPHP->run()
#6 {main}
Code: HY000 Message: SQLSTATE[HY000]: General error: 911 OCIStmtExecute: ORA-00911: invalid character
 (ext\pdo_oci\oci_statement.c:157)
PDOException: SQLSTATE[HY000]: General error: 911 OCIStmtExecute: ORA-00911: invalid character
 (ext\pdo_oci\oci_statement.c:157) in D:\phpstudy_pro\WWW\www.qphp.com\QPHP\core\pdo\QDbPdo.class.php:184
Stack trace:
#0 D:\phpstudy_pro\WWW\www.qphp.com\QPHP\core\pdo\QDbPdo.class.php(184): PDOStatement->execute()
#1 D:\phpstudy_pro\WWW\www.qphp.com\QPHP\core\model\OracleModel.class.php(58): QDbPdo->getRows('select * from (...')
#2 D:\phpstudy_pro\WWW\www.qphp.com\application\index\App\Action\User.action.php(20): OracleModel->select()
#3 D:\phpstudy_pro\WWW\www.qphp.com\QPHP\core\action\Action.class.php(21): UserAction->index()
#4 D:\phpstudy_pro\WWW\www.qphp.com\QPHP\QPHP.php(23): Action->call(Object(UserAction), 'index')
#5 D:\phpstudy_pro\WWW\www.qphp.com\index.php(71): QPHP->run()
#6 {main}
Code: HY000 Message: SQLSTATE[HY000]: General error: 911 OCIStmtExecute: ORA-00911: invalid character
 (ext\pdo_oci\oci_statement.c:157)
PDOException: SQLSTATE[HY000]: General error: 911 OCIStmtExecute: ORA-00911: invalid character
 (ext\pdo_oci\oci_statement.c:157) in D:\phpstudy_pro\WWW\www.qphp.com\QPHP\core\pdo\QDbPdo.class.php:184
Stack trace:
#0 D:\phpstudy_pro\WWW\www.qphp.com\QPHP\core\pdo\QDbPdo.class.php(184): PDOStatement->execute()
#1 D:\phpstudy_pro\WWW\www.qphp.com\QPHP\core\model\OracleModel.class.php(58): QDbPdo->getRows('select * from (...')
#2 D:\phpstudy_pro\WWW\www.qphp.com\application\index\App\Action\User.action.php(20): OracleModel->select()
#3 D:\phpstudy_pro\WWW\www.qphp.com\QPHP\core\action\Action.class.php(21): UserAction->index()
#4 D:\phpstudy_pro\WWW\www.qphp.com\QPHP\QPHP.php(23): Action->call(Object(UserAction), 'index')
#5 D:\phpstudy_pro\WWW\www.qphp.com\index.php(71): QPHP->run()
#6 {main}
Code: HY000 Message: SQLSTATE[HY000]: General error: 911 OCIStmtExecute: ORA-00911: invalid character
 (ext\pdo_oci\oci_statement.c:157)
PDOException: SQLSTATE[HY000]: General error: 911 OCIStmtExecute: ORA-00911: invalid character
 (ext\pdo_oci\oci_statement.c:157) in D:\phpstudy_pro\WWW\www.qphp.com\QPHP\core\pdo\QDbPdo.class.php:184
Stack trace:
#0 D:\phpstudy_pro\WWW\www.qphp.com\QPHP\core\pdo\QDbPdo.class.php(184): PDOStatement->execute()
#1 D:\phpstudy_pro\WWW\www.qphp.com\QPHP\core\model\OracleModel.class.php(58): QDbPdo->getRows('select * from (...')
#2 D:\phpstudy_pro\WWW\www.qphp.com\application\index\App\Action\User.action.php(20): OracleModel->select()
#3 D:\phpstudy_pro\WWW\www.qphp.com\QPHP\core\action\Action.class.php(21): UserAction->index()
#4 D:\phpstudy_pro\WWW\www.qphp.com\QPHP\QPHP.php(23): Action->call(Object(UserAction), 'index')
#5 D:\phpstudy_pro\WWW\www.qphp.com\index.php(71): QPHP->run()
#6 {main}
Code: HY000 Message: SQLSTATE[HY000]: General error: 911 OCIStmtExecute: ORA-00911: invalid character
 (ext\pdo_oci\oci_statement.c:157)
PDOException: SQLSTATE[HY000]: General error: 911 OCIStmtExecute: ORA-00911: invalid character
 (ext\pdo_oci\oci_statement.c:157) in D:\phpstudy_pro\WWW\www.qphp.com\QPHP\core\pdo\QDbPdo.class.php:184
Stack trace:
#0 D:\phpstudy_pro\WWW\www.qphp.com\QPHP\core\pdo\QDbPdo.class.php(184): PDOStatement->execute()
#1 D:\phpstudy_pro\WWW\www.qphp.com\QPHP\core\model\OracleModel.class.php(58): QDbPdo->getRows('select * from (...')
#2 D:\phpstudy_pro\WWW\www.qphp.com\application\index\App\Action\User.action.php(20): OracleModel->select()
#3 D:\phpstudy_pro\WWW\www.qphp.com\QPHP\core\action\Action.class.php(21): UserAction->index()
#4 D:\phpstudy_pro\WWW\www.qphp.com\QPHP\QPHP.php(23): Action->call(Object(UserAction), 'index')
#5 D:\phpstudy_pro\WWW\www.qphp.com\index.php(71): QPHP->run()
#6 {main}
Code: HY000 Message: SQLSTATE[HY000]: General error: 911 OCIStmtExecute: ORA-00911: invalid character
 (ext\pdo_oci\oci_statement.c:157)
PDOException: SQLSTATE[HY000]: General error: 911 OCIStmtExecute: ORA-00911: invalid character
 (ext\pdo_oci\oci_statement.c:157) in D:\phpstudy_pro\WWW\www.qphp.com\QPHP\core\pdo\QDbPdo.class.php:184
Stack trace:
#0 D:\phpstudy_pro\WWW\www.qphp.com\QPHP\core\pdo\QDbPdo.class.php(184): PDOStatement->execute()
#1 D:\phpstudy_pro\WWW\www.qphp.com\QPHP\core\model\OracleModel.class.php(58): QDbPdo->getRows('select * from (...')
#2 D:\phpstudy_pro\WWW\www.qphp.com\application\index\App\Action\User.action.php(20): OracleModel->select()
#3 D:\phpstudy_pro\WWW\www.qphp.com\QPHP\core\action\Action.class.php(21): UserAction->index()
#4 D:\phpstudy_pro\WWW\www.qphp.com\QPHP\QPHP.php(23): Action->call(Object(UserAction), 'index')
#5 D:\phpstudy_pro\WWW\www.qphp.com\index.php(71): QPHP->run()
#6 {main}
Code: HY000 Message: SQLSTATE[HY000]: General error: 911 OCIStmtExecute: ORA-00911: invalid character
 (ext\pdo_oci\oci_statement.c:157)
PDOException: SQLSTATE[HY000]: General error: 911 OCIStmtExecute: ORA-00911: invalid character
 (ext\pdo_oci\oci_statement.c:157) in D:\phpstudy_pro\WWW\www.qphp.com\QPHP\core\pdo\QDbPdo.class.php:184
Stack trace:
#0 D:\phpstudy_pro\WWW\www.qphp.com\QPHP\core\pdo\QDbPdo.class.php(184): PDOStatement->execute()
#1 D:\phpstudy_pro\WWW\www.qphp.com\QPHP\core\model\OracleModel.class.php(58): QDbPdo->getRows('select * from (...')
#2 D:\phpstudy_pro\WWW\www.qphp.com\application\index\App\Action\User.action.php(20): OracleModel->select()
#3 D:\phpstudy_pro\WWW\www.qphp.com\QPHP\core\action\Action.class.php(21): UserAction->index()
#4 D:\phpstudy_pro\WWW\www.qphp.com\QPHP\QPHP.php(23): Action->call(Object(UserAction), 'index')
#5 D:\phpstudy_pro\WWW\www.qphp.com\index.php(71): QPHP->run()
#6 {main}
Code: HY000 Message: SQLSTATE[HY000]: General error: 911 OCIStmtExecute: ORA-00911: invalid character
 (ext\pdo_oci\oci_statement.c:157)
PDOException: SQLSTATE[HY000]: General error: 911 OCIStmtExecute: ORA-00911: invalid character
 (ext\pdo_oci\oci_statement.c:157) in D:\phpstudy_pro\WWW\www.qphp.com\QPHP\core\pdo\QDbPdo.class.php:184
Stack trace:
#0 D:\phpstudy_pro\WWW\www.qphp.com\QPHP\core\pdo\QDbPdo.class.php(184): PDOStatement->execute()
#1 D:\phpstudy_pro\WWW\www.qphp.com\QPHP\core\model\OracleModel.class.php(58): QDbPdo->getRows('select * from (...')
#2 D:\phpstudy_pro\WWW\www.qphp.com\application\index\App\Action\User.action.php(20): OracleModel->select()
#3 D:\phpstudy_pro\WWW\www.qphp.com\QPHP\core\action\Action.class.php(21): UserAction->index()
#4 D:\phpstudy_pro\WWW\www.qphp.com\QPHP\QPHP.php(23): Action->call(Object(UserAction), 'index')
#5 D:\phpstudy_pro\WWW\www.qphp.com\index.php(71): QPHP->run()
#6 {main}
Code: HY000 Message: SQLSTATE[HY000]: General error: 911 OCIStmtExecute: ORA-00911: invalid character
 (ext\pdo_oci\oci_statement.c:157)
PDOException: SQLSTATE[HY000]: General error: 911 OCIStmtExecute: ORA-00911: invalid character
 (ext\pdo_oci\oci_statement.c:157) in D:\phpstudy_pro\WWW\www.qphp.com\QPHP\core\pdo\QDbPdo.class.php:184
Stack trace:
#0 D:\phpstudy_pro\WWW\www.qphp.com\QPHP\core\pdo\QDbPdo.class.php(184): PDOStatement->execute()
#1 D:\phpstudy_pro\WWW\www.qphp.com\QPHP\core\model\OracleModel.class.php(58): QDbPdo->getRows('select * from (...')
#2 D:\phpstudy_pro\WWW\www.qphp.com\application\index\App\Action\User.action.php(20): OracleModel->select()
#3 D:\phpstudy_pro\WWW\www.qphp.com\QPHP\core\action\Action.class.php(21): UserAction->index()
#4 D:\phpstudy_pro\WWW\www.qphp.com\QPHP\QPHP.php(23): Action->call(Object(UserAction), 'index')
#5 D:\phpstudy_pro\WWW\www.qphp.com\index.php(71): QPHP->run()
#6 {main}
Code: HY000 Message: SQLSTATE[HY000]: General error: 911 OCIStmtExecute: ORA-00911: invalid character
 (ext\pdo_oci\oci_statement.c:157)
PDOException: SQLSTATE[HY000]: General error: 911 OCIStmtExecute: ORA-00911: invalid character
 (ext\pdo_oci\oci_statement.c:157) in D:\phpstudy_pro\WWW\www.qphp.com\QPHP\core\pdo\QDbPdo.class.php:184
Stack trace:
#0 D:\phpstudy_pro\WWW\www.qphp.com\QPHP\core\pdo\QDbPdo.class.php(184): PDOStatement->execute()
#1 D:\phpstudy_pro\WWW\www.qphp.com\QPHP\core\model\OracleModel.class.php(58): QDbPdo->getRows('select * from (...')
#2 D:\phpstudy_pro\WWW\www.qphp.com\application\index\App\Action\User.action.php(20): OracleModel->select()
#3 D:\phpstudy_pro\WWW\www.qphp.com\QPHP\core\action\Action.class.php(21): UserAction->index()
#4 D:\phpstudy_pro\WWW\www.qphp.com\QPHP\QPHP.php(23): Action->call(Object(UserAction), 'index')
#5 D:\phpstudy_pro\WWW\www.qphp.com\index.php(71): QPHP->run()
#6 {main}
Code: HY000 Message: SQLSTATE[HY000]: General error: 911 OCIStmtExecute: ORA-00911: invalid character
 (ext\pdo_oci\oci_statement.c:157)
PDOException: SQLSTATE[HY000]: General error: 911 OCIStmtExecute: ORA-00911: invalid character
 (ext\pdo_oci\oci_statement.c:157) in D:\phpstudy_pro\WWW\www.qphp.com\QPHP\core\pdo\QDbPdo.class.php:184
Stack trace:
#0 D:\phpstudy_pro\WWW\www.qphp.com\QPHP\core\pdo\QDbPdo.class.php(184): PDOStatement->execute()
#1 D:\phpstudy_pro\WWW\www.qphp.com\QPHP\core\model\OracleModel.class.php(58): QDbPdo->getRows('select * from (...')
#2 D:\phpstudy_pro\WWW\www.qphp.com\application\index\App\Action\User.action.php(20): OracleModel->select()
#3 D:\phpstudy_pro\WWW\www.qphp.com\QPHP\core\action\Action.class.php(21): UserAction->index()
#4 D:\phpstudy_pro\WWW\www.qphp.com\QPHP\QPHP.php(23): Action->call(Object(UserAction), 'index')
#5 D:\phpstudy_pro\WWW\www.qphp.com\index.php(71): QPHP->run()
#6 {main}
Code: HY000 Message: SQLSTATE[HY000]: General error: 911 OCIStmtExecute: ORA-00911: invalid character
 (ext\pdo_oci\oci_statement.c:157)
PDOException: SQLSTATE[HY000]: General error: 911 OCIStmtExecute: ORA-00911: invalid character
 (ext\pdo_oci\oci_statement.c:157) in D:\phpstudy_pro\WWW\www.qphp.com\QPHP\core\pdo\QDbPdo.class.php:184
Stack trace:
#0 D:\phpstudy_pro\WWW\www.qphp.com\QPHP\core\pdo\QDbPdo.class.php(184): PDOStatement->execute()
#1 D:\phpstudy_pro\WWW\www.qphp.com\QPHP\core\model\OracleModel.class.php(58): QDbPdo->getRows('select * from (...')
#2 D:\phpstudy_pro\WWW\www.qphp.com\application\index\App\Action\User.action.php(20): OracleModel->select()
#3 D:\phpstudy_pro\WWW\www.qphp.com\QPHP\core\action\Action.class.php(21): UserAction->index()
#4 D:\phpstudy_pro\WWW\www.qphp.com\QPHP\QPHP.php(23): Action->call(Object(UserAction), 'index')
#5 D:\phpstudy_pro\WWW\www.qphp.com\index.php(71): QPHP->run()
#6 {main}
Code: HY000 Message: SQLSTATE[HY000]: General error: 911 OCIStmtExecute: ORA-00911: invalid character
 (ext\pdo_oci\oci_statement.c:157)
PDOException: SQLSTATE[HY000]: General error: 911 OCIStmtExecute: ORA-00911: invalid character
 (ext\pdo_oci\oci_statement.c:157) in D:\phpstudy_pro\WWW\www.qphp.com\QPHP\core\pdo\QDbPdo.class.php:184
Stack trace:
#0 D:\phpstudy_pro\WWW\www.qphp.com\QPHP\core\pdo\QDbPdo.class.php(184): PDOStatement->execute()
#1 D:\phpstudy_pro\WWW\www.qphp.com\QPHP\core\model\OracleModel.class.php(58): QDbPdo->getRows('select * from (...')
#2 D:\phpstudy_pro\WWW\www.qphp.com\application\index\App\Action\User.action.php(20): OracleModel->select()
#3 D:\phpstudy_pro\WWW\www.qphp.com\QPHP\core\action\Action.class.php(21): UserAction->index()
#4 D:\phpstudy_pro\WWW\www.qphp.com\QPHP\QPHP.php(23): Action->call(Object(UserAction), 'index')
#5 D:\phpstudy_pro\WWW\www.qphp.com\index.php(71): QPHP->run()
#6 {main}
Code: HY000 Message: SQLSTATE[HY000]: General error: 911 OCIStmtExecute: ORA-00911: invalid character
 (ext\pdo_oci\oci_statement.c:157)
PDOException: SQLSTATE[HY000]: General error: 911 OCIStmtExecute: ORA-00911: invalid character
 (ext\pdo_oci\oci_statement.c:157) in D:\phpstudy_pro\WWW\www.qphp.com\QPHP\core\pdo\QDbPdo.class.php:184
Stack trace:
#0 D:\phpstudy_pro\WWW\www.qphp.com\QPHP\core\pdo\QDbPdo.class.php(184): PDOStatement->execute()
#1 D:\phpstudy_pro\WWW\www.qphp.com\QPHP\core\model\OracleModel.class.php(58): QDbPdo->getRows('select * from (...')
#2 D:\phpstudy_pro\WWW\www.qphp.com\application\index\App\Action\User.action.php(20): OracleModel->select()
#3 D:\phpstudy_pro\WWW\www.qphp.com\QPHP\core\action\Action.class.php(21): UserAction->index()
#4 D:\phpstudy_pro\WWW\www.qphp.com\QPHP\QPHP.php(23): Action->call(Object(UserAction), 'index')
#5 D:\phpstudy_pro\WWW\www.qphp.com\index.php(71): QPHP->run()
#6 {main}
Code: HY000 Message: SQLSTATE[HY000]: General error: 911 OCIStmtExecute: ORA-00911: invalid character
 (ext\pdo_oci\oci_statement.c:157)
PDOException: SQLSTATE[HY000]: General error: 911 OCIStmtExecute: ORA-00911: invalid character
 (ext\pdo_oci\oci_statement.c:157) in D:\phpstudy_pro\WWW\www.qphp.com\QPHP\core\pdo\QDbPdo.class.php:184
Stack trace:
#0 D:\phpstudy_pro\WWW\www.qphp.com\QPHP\core\pdo\QDbPdo.class.php(184): PDOStatement->execute()
#1 D:\phpstudy_pro\WWW\www.qphp.com\QPHP\core\model\OracleModel.class.php(58): QDbPdo->getRows('select * from (...')
#2 D:\phpstudy_pro\WWW\www.qphp.com\application\index\App\Action\User.action.php(20): OracleModel->select()
#3 D:\phpstudy_pro\WWW\www.qphp.com\QPHP\core\action\Action.class.php(21): UserAction->index()
#4 D:\phpstudy_pro\WWW\www.qphp.com\QPHP\QPHP.php(23): Action->call(Object(UserAction), 'index')
#5 D:\phpstudy_pro\WWW\www.qphp.com\index.php(71): QPHP->run()
#6 {main}
Code: HY000 Message: SQLSTATE[HY000]: General error: 911 OCIStmtExecute: ORA-00911: invalid character
 (ext\pdo_oci\oci_statement.c:157)
PDOException: SQLSTATE[HY000]: General error: 911 OCIStmtExecute: ORA-00911: invalid character
 (ext\pdo_oci\oci_statement.c:157) in D:\phpstudy_pro\WWW\www.qphp.com\QPHP\core\pdo\QDbPdo.class.php:184
Stack trace:
#0 D:\phpstudy_pro\WWW\www.qphp.com\QPHP\core\pdo\QDbPdo.class.php(184): PDOStatement->execute()
#1 D:\phpstudy_pro\WWW\www.qphp.com\QPHP\core\model\OracleModel.class.php(58): QDbPdo->getRows('select * from (...')
#2 D:\phpstudy_pro\WWW\www.qphp.com\application\index\App\Action\User.action.php(20): OracleModel->select()
#3 D:\phpstudy_pro\WWW\www.qphp.com\QPHP\core\action\Action.class.php(21): UserAction->index()
#4 D:\phpstudy_pro\WWW\www.qphp.com\QPHP\QPHP.php(23): Action->call(Object(UserAction), 'index')
#5 D:\phpstudy_pro\WWW\www.qphp.com\index.php(71): QPHP->run()
#6 {main}
Code: HY000 Message: SQLSTATE[HY000]: General error: 911 OCIStmtExecute: ORA-00911: invalid character
 (ext\pdo_oci\oci_statement.c:157)
PDOException: SQLSTATE[HY000]: General error: 911 OCIStmtExecute: ORA-00911: invalid character
 (ext\pdo_oci\oci_statement.c:157) in D:\phpstudy_pro\WWW\www.qphp.com\QPHP\core\pdo\QDbPdo.class.php:184
Stack trace:
#0 D:\phpstudy_pro\WWW\www.qphp.com\QPHP\core\pdo\QDbPdo.class.php(184): PDOStatement->execute()
#1 D:\phpstudy_pro\WWW\www.qphp.com\QPHP\core\model\OracleModel.class.php(59): QDbPdo->getRows('select * from (...')
#2 D:\phpstudy_pro\WWW\www.qphp.com\application\index\App\Action\User.action.php(20): OracleModel->select()
#3 D:\phpstudy_pro\WWW\www.qphp.com\QPHP\core\action\Action.class.php(21): UserAction->index()
#4 D:\phpstudy_pro\WWW\www.qphp.com\QPHP\QPHP.php(23): Action->call(Object(UserAction), 'index')
#5 D:\phpstudy_pro\WWW\www.qphp.com\index.php(71): QPHP->run()
#6 {main}
Code: HY000 Message: SQLSTATE[HY000]: General error: 911 OCIStmtExecute: ORA-00911: invalid character
 (ext\pdo_oci\oci_statement.c:157)
PDOException: SQLSTATE[HY000]: General error: 911 OCIStmtExecute: ORA-00911: invalid character
 (ext\pdo_oci\oci_statement.c:157) in D:\phpstudy_pro\WWW\www.qphp.com\QPHP\core\pdo\QDbPdo.class.php:184
Stack trace:
#0 D:\phpstudy_pro\WWW\www.qphp.com\QPHP\core\pdo\QDbPdo.class.php(184): PDOStatement->execute()
#1 D:\phpstudy_pro\WWW\www.qphp.com\QPHP\core\model\OracleModel.class.php(59): QDbPdo->getRows('select * from (...')
#2 D:\phpstudy_pro\WWW\www.qphp.com\application\index\App\Action\User.action.php(20): OracleModel->select()
#3 D:\phpstudy_pro\WWW\www.qphp.com\QPHP\core\action\Action.class.php(21): UserAction->index()
#4 D:\phpstudy_pro\WWW\www.qphp.com\QPHP\QPHP.php(23): Action->call(Object(UserAction), 'index')
#5 D:\phpstudy_pro\WWW\www.qphp.com\index.php(71): QPHP->run()
#6 {main}
Code: HY000 Message: SQLSTATE[HY000]: General error: 911 OCIStmtExecute: ORA-00911: invalid character
 (ext\pdo_oci\oci_statement.c:157)
PDOException: SQLSTATE[HY000]: General error: 911 OCIStmtExecute: ORA-00911: invalid character
 (ext\pdo_oci\oci_statement.c:157) in D:\phpstudy_pro\WWW\www.qphp.com\QPHP\core\pdo\QDbPdo.class.php:184
Stack trace:
#0 D:\phpstudy_pro\WWW\www.qphp.com\QPHP\core\pdo\QDbPdo.class.php(184): PDOStatement->execute()
#1 D:\phpstudy_pro\WWW\www.qphp.com\QPHP\core\model\OracleModel.class.php(59): QDbPdo->getRows('select * from (...')
#2 D:\phpstudy_pro\WWW\www.qphp.com\application\index\App\Action\User.action.php(20): OracleModel->select()
#3 D:\phpstudy_pro\WWW\www.qphp.com\QPHP\core\action\Action.class.php(21): UserAction->index()
#4 D:\phpstudy_pro\WWW\www.qphp.com\QPHP\QPHP.php(23): Action->call(Object(UserAction), 'index')
#5 D:\phpstudy_pro\WWW\www.qphp.com\index.php(71): QPHP->run()
#6 {main}
Code: HY000 Message: SQLSTATE[HY000]: General error: 911 OCIStmtExecute: ORA-00911: invalid character
 (ext\pdo_oci\oci_statement.c:157)
PDOException: SQLSTATE[HY000]: General error: 911 OCIStmtExecute: ORA-00911: invalid character
 (ext\pdo_oci\oci_statement.c:157) in D:\phpstudy_pro\WWW\www.qphp.com\QPHP\core\pdo\QDbPdo.class.php:184
Stack trace:
#0 D:\phpstudy_pro\WWW\www.qphp.com\QPHP\core\pdo\QDbPdo.class.php(184): PDOStatement->execute()
#1 D:\phpstudy_pro\WWW\www.qphp.com\QPHP\core\model\OracleModel.class.php(59): QDbPdo->getRows('select * from (...')
#2 D:\phpstudy_pro\WWW\www.qphp.com\application\index\App\Action\User.action.php(20): OracleModel->select()
#3 D:\phpstudy_pro\WWW\www.qphp.com\QPHP\core\action\Action.class.php(21): UserAction->index()
#4 D:\phpstudy_pro\WWW\www.qphp.com\QPHP\QPHP.php(23): Action->call(Object(UserAction), 'index')
#5 D:\phpstudy_pro\WWW\www.qphp.com\index.php(71): QPHP->run()
#6 {main}
Code: HY000 Message: SQLSTATE[HY000]: General error: 911 OCIStmtExecute: ORA-00911: invalid character
 (ext\pdo_oci\oci_statement.c:157)
PDOException: SQLSTATE[HY000]: General error: 911 OCIStmtExecute: ORA-00911: invalid character
 (ext\pdo_oci\oci_statement.c:157) in D:\phpstudy_pro\WWW\www.qphp.com\QPHP\core\pdo\QDbPdo.class.php:184
Stack trace:
#0 D:\phpstudy_pro\WWW\www.qphp.com\QPHP\core\pdo\QDbPdo.class.php(184): PDOStatement->execute()
#1 D:\phpstudy_pro\WWW\www.qphp.com\QPHP\core\model\OracleModel.class.php(59): QDbPdo->getRows('select * from (...')
#2 D:\phpstudy_pro\WWW\www.qphp.com\application\index\App\Action\User.action.php(20): OracleModel->select()
#3 D:\phpstudy_pro\WWW\www.qphp.com\QPHP\core\action\Action.class.php(21): UserAction->index()
#4 D:\phpstudy_pro\WWW\www.qphp.com\QPHP\QPHP.php(23): Action->call(Object(UserAction), 'index')
#5 D:\phpstudy_pro\WWW\www.qphp.com\index.php(71): QPHP->run()
#6 {main}
Code: HY000 Message: SQLSTATE[HY000]: General error: 911 OCIStmtExecute: ORA-00911: invalid character
 (ext\pdo_oci\oci_statement.c:157)
PDOException: SQLSTATE[HY000]: General error: 911 OCIStmtExecute: ORA-00911: invalid character
 (ext\pdo_oci\oci_statement.c:157) in D:\phpstudy_pro\WWW\www.qphp.com\QPHP\core\pdo\QDbPdo.class.php:184
Stack trace:
#0 D:\phpstudy_pro\WWW\www.qphp.com\QPHP\core\pdo\QDbPdo.class.php(184): PDOStatement->execute()
#1 D:\phpstudy_pro\WWW\www.qphp.com\QPHP\core\model\OracleModel.class.php(59): QDbPdo->getRows('select * from (...')
#2 D:\phpstudy_pro\WWW\www.qphp.com\application\index\App\Action\User.action.php(20): OracleModel->select()
#3 D:\phpstudy_pro\WWW\www.qphp.com\QPHP\core\action\Action.class.php(21): UserAction->index()
#4 D:\phpstudy_pro\WWW\www.qphp.com\QPHP\QPHP.php(23): Action->call(Object(UserAction), 'index')
#5 D:\phpstudy_pro\WWW\www.qphp.com\index.php(71): QPHP->run()
#6 {main}
Code: HY000 Message: SQLSTATE[HY000]: General error: 911 OCIStmtExecute: ORA-00911: invalid character
 (ext\pdo_oci\oci_statement.c:157)
PDOException: SQLSTATE[HY000]: General error: 911 OCIStmtExecute: ORA-00911: invalid character
 (ext\pdo_oci\oci_statement.c:157) in D:\phpstudy_pro\WWW\www.qphp.com\QPHP\core\pdo\QDbPdo.class.php:184
Stack trace:
#0 D:\phpstudy_pro\WWW\www.qphp.com\QPHP\core\pdo\QDbPdo.class.php(184): PDOStatement->execute()
#1 D:\phpstudy_pro\WWW\www.qphp.com\QPHP\core\model\OracleModel.class.php(59): QDbPdo->getRows('select * from (...')
#2 D:\phpstudy_pro\WWW\www.qphp.com\application\index\App\Action\User.action.php(20): OracleModel->select()
#3 D:\phpstudy_pro\WWW\www.qphp.com\QPHP\core\action\Action.class.php(21): UserAction->index()
#4 D:\phpstudy_pro\WWW\www.qphp.com\QPHP\QPHP.php(23): Action->call(Object(UserAction), 'index')
#5 D:\phpstudy_pro\WWW\www.qphp.com\index.php(71): QPHP->run()
#6 {main}
Code: HY000 Message: SQLSTATE[HY000]: General error: 911 OCIStmtExecute: ORA-00911: invalid character
 (ext\pdo_oci\oci_statement.c:157)
PDOException: SQLSTATE[HY000]: General error: 911 OCIStmtExecute: ORA-00911: invalid character
 (ext\pdo_oci\oci_statement.c:157) in D:\phpstudy_pro\WWW\www.qphp.com\QPHP\core\pdo\QDbPdo.class.php:184
Stack trace:
#0 D:\phpstudy_pro\WWW\www.qphp.com\QPHP\core\pdo\QDbPdo.class.php(184): PDOStatement->execute()
#1 D:\phpstudy_pro\WWW\www.qphp.com\QPHP\core\model\OracleModel.class.php(59): QDbPdo->getRows('select * from (...')
#2 D:\phpstudy_pro\WWW\www.qphp.com\application\index\App\Action\User.action.php(20): OracleModel->select()
#3 D:\phpstudy_pro\WWW\www.qphp.com\QPHP\core\action\Action.class.php(21): UserAction->index()
#4 D:\phpstudy_pro\WWW\www.qphp.com\QPHP\QPHP.php(23): Action->call(Object(UserAction), 'index')
#5 D:\phpstudy_pro\WWW\www.qphp.com\index.php(71): QPHP->run()
#6 {main}
Code: HY000 Message: SQLSTATE[HY000]: General error: 911 OCIStmtExecute: ORA-00911: invalid character
 (ext\pdo_oci\oci_statement.c:157)
PDOException: SQLSTATE[HY000]: General error: 911 OCIStmtExecute: ORA-00911: invalid character
 (ext\pdo_oci\oci_statement.c:157) in D:\phpstudy_pro\WWW\www.qphp.com\QPHP\core\pdo\QDbPdo.class.php:184
Stack trace:
#0 D:\phpstudy_pro\WWW\www.qphp.com\QPHP\core\pdo\QDbPdo.class.php(184): PDOStatement->execute()
#1 D:\phpstudy_pro\WWW\www.qphp.com\QPHP\core\model\OracleModel.class.php(59): QDbPdo->getRows('select * from (...')
#2 D:\phpstudy_pro\WWW\www.qphp.com\application\index\App\Action\User.action.php(20): OracleModel->select()
#3 D:\phpstudy_pro\WWW\www.qphp.com\QPHP\core\action\Action.class.php(21): UserAction->index()
#4 D:\phpstudy_pro\WWW\www.qphp.com\QPHP\QPHP.php(23): Action->call(Object(UserAction), 'index')
#5 D:\phpstudy_pro\WWW\www.qphp.com\index.php(71): QPHP->run()
#6 {main}
Code: HY000 Message: SQLSTATE[HY000]: General error: 911 OCIStmtExecute: ORA-00911: invalid character
 (ext\pdo_oci\oci_statement.c:157)
PDOException: SQLSTATE[HY000]: General error: 911 OCIStmtExecute: ORA-00911: invalid character
 (ext\pdo_oci\oci_statement.c:157) in D:\phpstudy_pro\WWW\www.qphp.com\QPHP\core\pdo\QDbPdo.class.php:184
Stack trace:
#0 D:\phpstudy_pro\WWW\www.qphp.com\QPHP\core\pdo\QDbPdo.class.php(184): PDOStatement->execute()
#1 D:\phpstudy_pro\WWW\www.qphp.com\QPHP\core\model\OracleModel.class.php(59): QDbPdo->getRows('select * from (...')
#2 D:\phpstudy_pro\WWW\www.qphp.com\application\index\App\Action\User.action.php(20): OracleModel->select()
#3 D:\phpstudy_pro\WWW\www.qphp.com\QPHP\core\action\Action.class.php(21): UserAction->index()
#4 D:\phpstudy_pro\WWW\www.qphp.com\QPHP\QPHP.php(23): Action->call(Object(UserAction), 'index')
#5 D:\phpstudy_pro\WWW\www.qphp.com\index.php(71): QPHP->run()
#6 {main}
Code: HY000 Message: SQLSTATE[HY000]: General error: 911 OCIStmtExecute: ORA-00911: invalid character
 (ext\pdo_oci\oci_statement.c:157)
PDOException: SQLSTATE[HY000]: General error: 911 OCIStmtExecute: ORA-00911: invalid character
 (ext\pdo_oci\oci_statement.c:157) in D:\phpstudy_pro\WWW\www.qphp.com\QPHP\core\pdo\QDbPdo.class.php:184
Stack trace:
#0 D:\phpstudy_pro\WWW\www.qphp.com\QPHP\core\pdo\QDbPdo.class.php(184): PDOStatement->execute()
#1 D:\phpstudy_pro\WWW\www.qphp.com\QPHP\core\model\OracleModel.class.php(59): QDbPdo->getRows('select * from (...')
#2 D:\phpstudy_pro\WWW\www.qphp.com\application\index\App\Action\User.action.php(20): OracleModel->select()
#3 D:\phpstudy_pro\WWW\www.qphp.com\QPHP\core\action\Action.class.php(21): UserAction->index()
#4 D:\phpstudy_pro\WWW\www.qphp.com\QPHP\QPHP.php(23): Action->call(Object(UserAction), 'index')
#5 D:\phpstudy_pro\WWW\www.qphp.com\index.php(71): QPHP->run()
#6 {main}
Code: HY000 Message: SQLSTATE[HY000]: General error: 911 OCIStmtExecute: ORA-00911: invalid character
 (ext\pdo_oci\oci_statement.c:157)
PDOException: SQLSTATE[HY000]: General error: 911 OCIStmtExecute: ORA-00911: invalid character
 (ext\pdo_oci\oci_statement.c:157) in D:\phpstudy_pro\WWW\www.qphp.com\QPHP\core\pdo\QDbPdo.class.php:184
Stack trace:
#0 D:\phpstudy_pro\WWW\www.qphp.com\QPHP\core\pdo\QDbPdo.class.php(184): PDOStatement->execute()
#1 D:\phpstudy_pro\WWW\www.qphp.com\QPHP\core\model\OracleModel.class.php(59): QDbPdo->getRows('select * from (...')
#2 D:\phpstudy_pro\WWW\www.qphp.com\application\index\App\Action\User.action.php(20): OracleModel->select()
#3 D:\phpstudy_pro\WWW\www.qphp.com\QPHP\core\action\Action.class.php(21): UserAction->index()
#4 D:\phpstudy_pro\WWW\www.qphp.com\QPHP\QPHP.php(23): Action->call(Object(UserAction), 'index')
#5 D:\phpstudy_pro\WWW\www.qphp.com\index.php(71): QPHP->run()
#6 {main}
Code: HY000 Message: SQLSTATE[HY000]: General error: 911 OCIStmtExecute: ORA-00911: invalid character
 (ext\pdo_oci\oci_statement.c:157)
PDOException: SQLSTATE[HY000]: General error: 911 OCIStmtExecute: ORA-00911: invalid character
 (ext\pdo_oci\oci_statement.c:157) in D:\phpstudy_pro\WWW\www.qphp.com\QPHP\core\pdo\QDbPdo.class.php:184
Stack trace:
#0 D:\phpstudy_pro\WWW\www.qphp.com\QPHP\core\pdo\QDbPdo.class.php(184): PDOStatement->execute()
#1 D:\phpstudy_pro\WWW\www.qphp.com\QPHP\core\model\OracleModel.class.php(59): QDbPdo->getRows('select * from (...')
#2 D:\phpstudy_pro\WWW\www.qphp.com\application\index\App\Action\User.action.php(20): OracleModel->select()
#3 D:\phpstudy_pro\WWW\www.qphp.com\QPHP\core\action\Action.class.php(21): UserAction->index()
#4 D:\phpstudy_pro\WWW\www.qphp.com\QPHP\QPHP.php(23): Action->call(Object(UserAction), 'index')
#5 D:\phpstudy_pro\WWW\www.qphp.com\index.php(71): QPHP->run()
#6 {main}
Code: HY000 Message: SQLSTATE[HY000]: General error: 911 OCIStmtExecute: ORA-00911: invalid character
 (ext\pdo_oci\oci_statement.c:157)
PDOException: SQLSTATE[HY000]: General error: 911 OCIStmtExecute: ORA-00911: invalid character
 (ext\pdo_oci\oci_statement.c:157) in D:\phpstudy_pro\WWW\www.qphp.com\QPHP\core\pdo\QDbPdo.class.php:184
Stack trace:
#0 D:\phpstudy_pro\WWW\www.qphp.com\QPHP\core\pdo\QDbPdo.class.php(184): PDOStatement->execute()
#1 D:\phpstudy_pro\WWW\www.qphp.com\QPHP\core\model\OracleModel.class.php(59): QDbPdo->getRows('select * from (...')
#2 D:\phpstudy_pro\WWW\www.qphp.com\application\index\App\Action\User.action.php(20): OracleModel->select()
#3 D:\phpstudy_pro\WWW\www.qphp.com\QPHP\core\action\Action.class.php(21): UserAction->index()
#4 D:\phpstudy_pro\WWW\www.qphp.com\QPHP\QPHP.php(23): Action->call(Object(UserAction), 'index')
#5 D:\phpstudy_pro\WWW\www.qphp.com\index.php(71): QPHP->run()
#6 {main}
Code: HY000 Message: SQLSTATE[HY000]: General error: 911 OCIStmtExecute: ORA-00911: invalid character
 (ext\pdo_oci\oci_statement.c:157)
PDOException: SQLSTATE[HY000]: General error: 911 OCIStmtExecute: ORA-00911: invalid character
 (ext\pdo_oci\oci_statement.c:157) in D:\phpstudy_pro\WWW\www.qphp.com\QPHP\core\pdo\QDbPdo.class.php:184
Stack trace:
#0 D:\phpstudy_pro\WWW\www.qphp.com\QPHP\core\pdo\QDbPdo.class.php(184): PDOStatement->execute()
#1 D:\phpstudy_pro\WWW\www.qphp.com\QPHP\core\model\OracleModel.class.php(59): QDbPdo->getRows('select * from (...')
#2 D:\phpstudy_pro\WWW\www.qphp.com\application\index\App\Action\User.action.php(20): OracleModel->select()
#3 D:\phpstudy_pro\WWW\www.qphp.com\QPHP\core\action\Action.class.php(21): UserAction->index()
#4 D:\phpstudy_pro\WWW\www.qphp.com\QPHP\QPHP.php(23): Action->call(Object(UserAction), 'index')
#5 D:\phpstudy_pro\WWW\www.qphp.com\index.php(71): QPHP->run()
#6 {main}
Code: HY000 Message: SQLSTATE[HY000]: General error: 911 OCIStmtExecute: ORA-00911: invalid character
 (ext\pdo_oci\oci_statement.c:157)
PDOException: SQLSTATE[HY000]: General error: 911 OCIStmtExecute: ORA-00911: invalid character
 (ext\pdo_oci\oci_statement.c:157) in D:\phpstudy_pro\WWW\www.qphp.com\QPHP\core\pdo\QDbPdo.class.php:184
Stack trace:
#0 D:\phpstudy_pro\WWW\www.qphp.com\QPHP\core\pdo\QDbPdo.class.php(184): PDOStatement->execute()
#1 D:\phpstudy_pro\WWW\www.qphp.com\QPHP\core\model\OracleModel.class.php(59): QDbPdo->getRows('select * from (...')
#2 D:\phpstudy_pro\WWW\www.qphp.com\application\index\App\Action\User.action.php(20): OracleModel->select()
#3 D:\phpstudy_pro\WWW\www.qphp.com\QPHP\core\action\Action.class.php(21): UserAction->index()
#4 D:\phpstudy_pro\WWW\www.qphp.com\QPHP\QPHP.php(23): Action->call(Object(UserAction), 'index')
#5 D:\phpstudy_pro\WWW\www.qphp.com\index.php(71): QPHP->run()
#6 {main}
Code: HY000 Message: SQLSTATE[HY000]: General error: 911 OCIStmtExecute: ORA-00911: invalid character
 (ext\pdo_oci\oci_statement.c:157)
PDOException: SQLSTATE[HY000]: General error: 911 OCIStmtExecute: ORA-00911: invalid character
 (ext\pdo_oci\oci_statement.c:157) in D:\phpstudy_pro\WWW\www.qphp.com\QPHP\core\pdo\QDbPdo.class.php:184
Stack trace:
#0 D:\phpstudy_pro\WWW\www.qphp.com\QPHP\core\pdo\QDbPdo.class.php(184): PDOStatement->execute()
#1 D:\phpstudy_pro\WWW\www.qphp.com\QPHP\core\model\OracleModel.class.php(59): QDbPdo->getRows('select * from (...')
#2 D:\phpstudy_pro\WWW\www.qphp.com\application\index\App\Action\User.action.php(20): OracleModel->select()
#3 D:\phpstudy_pro\WWW\www.qphp.com\QPHP\core\action\Action.class.php(21): UserAction->index()
#4 D:\phpstudy_pro\WWW\www.qphp.com\QPHP\QPHP.php(23): Action->call(Object(UserAction), 'index')
#5 D:\phpstudy_pro\WWW\www.qphp.com\index.php(71): QPHP->run()
#6 {main}
Code: HY000 Message: SQLSTATE[HY000]: General error: 911 OCIStmtExecute: ORA-00911: invalid character
 (ext\pdo_oci\oci_statement.c:157)
PDOException: SQLSTATE[HY000]: General error: 911 OCIStmtExecute: ORA-00911: invalid character
 (ext\pdo_oci\oci_statement.c:157) in D:\phpstudy_pro\WWW\www.qphp.com\QPHP\core\pdo\QDbPdo.class.php:184
Stack trace:
#0 D:\phpstudy_pro\WWW\www.qphp.com\QPHP\core\pdo\QDbPdo.class.php(184): PDOStatement->execute()
#1 D:\phpstudy_pro\WWW\www.qphp.com\QPHP\core\model\OracleModel.class.php(59): QDbPdo->getRows('select * from (...')
#2 D:\phpstudy_pro\WWW\www.qphp.com\application\index\App\Action\User.action.php(20): OracleModel->select()
#3 D:\phpstudy_pro\WWW\www.qphp.com\QPHP\core\action\Action.class.php(21): UserAction->index()
#4 D:\phpstudy_pro\WWW\www.qphp.com\QPHP\QPHP.php(23): Action->call(Object(UserAction), 'index')
#5 D:\phpstudy_pro\WWW\www.qphp.com\index.php(71): QPHP->run()
#6 {main}
Code: HY000 Message: SQLSTATE[HY000]: General error: 911 OCIStmtExecute: ORA-00911: invalid character
 (ext\pdo_oci\oci_statement.c:157)
PDOException: SQLSTATE[HY000]: General error: 911 OCIStmtExecute: ORA-00911: invalid character
 (ext\pdo_oci\oci_statement.c:157) in D:\phpstudy_pro\WWW\www.qphp.com\QPHP\core\pdo\QDbPdo.class.php:184
Stack trace:
#0 D:\phpstudy_pro\WWW\www.qphp.com\QPHP\core\pdo\QDbPdo.class.php(184): PDOStatement->execute()
#1 D:\phpstudy_pro\WWW\www.qphp.com\QPHP\core\model\OracleModel.class.php(59): QDbPdo->getRows('select * from (...')
#2 D:\phpstudy_pro\WWW\www.qphp.com\application\index\App\Action\User.action.php(20): OracleModel->select()
#3 D:\phpstudy_pro\WWW\www.qphp.com\QPHP\core\action\Action.class.php(21): UserAction->index()
#4 D:\phpstudy_pro\WWW\www.qphp.com\QPHP\QPHP.php(23): Action->call(Object(UserAction), 'index')
#5 D:\phpstudy_pro\WWW\www.qphp.com\index.php(71): QPHP->run()
#6 {main}
Code: HY000 Message: SQLSTATE[HY000]: General error: 911 OCIStmtExecute: ORA-00911: invalid character
 (ext\pdo_oci\oci_statement.c:157)
PDOException: SQLSTATE[HY000]: General error: 911 OCIStmtExecute: ORA-00911: invalid character
 (ext\pdo_oci\oci_statement.c:157) in D:\phpstudy_pro\WWW\www.qphp.com\QPHP\core\pdo\QDbPdo.class.php:184
Stack trace:
#0 D:\phpstudy_pro\WWW\www.qphp.com\QPHP\core\pdo\QDbPdo.class.php(184): PDOStatement->execute()
#1 D:\phpstudy_pro\WWW\www.qphp.com\QPHP\core\model\OracleModel.class.php(59): QDbPdo->getRows('select * from (...')
#2 D:\phpstudy_pro\WWW\www.qphp.com\application\index\App\Action\User.action.php(20): OracleModel->select()
#3 D:\phpstudy_pro\WWW\www.qphp.com\QPHP\core\action\Action.class.php(21): UserAction->index()
#4 D:\phpstudy_pro\WWW\www.qphp.com\QPHP\QPHP.php(23): Action->call(Object(UserAction), 'index')
#5 D:\phpstudy_pro\WWW\www.qphp.com\index.php(71): QPHP->run()
#6 {main}
Code: HY000 Message: SQLSTATE[HY000]: General error: 911 OCIStmtExecute: ORA-00911: invalid character
 (ext\pdo_oci\oci_statement.c:157)
PDOException: SQLSTATE[HY000]: General error: 911 OCIStmtExecute: ORA-00911: invalid character
 (ext\pdo_oci\oci_statement.c:157) in D:\phpstudy_pro\WWW\www.qphp.com\QPHP\core\pdo\QDbPdo.class.php:184
Stack trace:
#0 D:\phpstudy_pro\WWW\www.qphp.com\QPHP\core\pdo\QDbPdo.class.php(184): PDOStatement->execute()
#1 D:\phpstudy_pro\WWW\www.qphp.com\QPHP\core\model\OracleModel.class.php(59): QDbPdo->getRows('select * from (...')
#2 D:\phpstudy_pro\WWW\www.qphp.com\application\index\App\Action\User.action.php(20): OracleModel->select()
#3 D:\phpstudy_pro\WWW\www.qphp.com\QPHP\core\action\Action.class.php(21): UserAction->index()
#4 D:\phpstudy_pro\WWW\www.qphp.com\QPHP\QPHP.php(23): Action->call(Object(UserAction), 'index')
#5 D:\phpstudy_pro\WWW\www.qphp.com\index.php(71): QPHP->run()
#6 {main}
Code: HY000 Message: SQLSTATE[HY000]: General error: 911 OCIStmtExecute: ORA-00911: invalid character
 (ext\pdo_oci\oci_statement.c:157)
PDOException: SQLSTATE[HY000]: General error: 911 OCIStmtExecute: ORA-00911: invalid character
 (ext\pdo_oci\oci_statement.c:157) in D:\phpstudy_pro\WWW\www.qphp.com\QPHP\core\pdo\QDbPdo.class.php:184
Stack trace:
#0 D:\phpstudy_pro\WWW\www.qphp.com\QPHP\core\pdo\QDbPdo.class.php(184): PDOStatement->execute()
#1 D:\phpstudy_pro\WWW\www.qphp.com\QPHP\core\model\OracleModel.class.php(59): QDbPdo->getRows('select * from (...')
#2 D:\phpstudy_pro\WWW\www.qphp.com\application\index\App\Action\User.action.php(20): OracleModel->select()
#3 D:\phpstudy_pro\WWW\www.qphp.com\QPHP\core\action\Action.class.php(21): UserAction->index()
#4 D:\phpstudy_pro\WWW\www.qphp.com\QPHP\QPHP.php(23): Action->call(Object(UserAction), 'index')
#5 D:\phpstudy_pro\WWW\www.qphp.com\index.php(71): QPHP->run()
#6 {main}
Code: HY000 Message: SQLSTATE[HY000]: General error: 911 OCIStmtExecute: ORA-00911: invalid character
 (ext\pdo_oci\oci_statement.c:157)
PDOException: SQLSTATE[HY000]: General error: 911 OCIStmtExecute: ORA-00911: invalid character
 (ext\pdo_oci\oci_statement.c:157) in D:\phpstudy_pro\WWW\www.qphp.com\QPHP\core\pdo\QDbPdo.class.php:184
Stack trace:
#0 D:\phpstudy_pro\WWW\www.qphp.com\QPHP\core\pdo\QDbPdo.class.php(184): PDOStatement->execute()
#1 D:\phpstudy_pro\WWW\www.qphp.com\QPHP\core\model\OracleModel.class.php(59): QDbPdo->getRows('select * from (...')
#2 D:\phpstudy_pro\WWW\www.qphp.com\application\index\App\Action\User.action.php(20): OracleModel->select()
#3 D:\phpstudy_pro\WWW\www.qphp.com\QPHP\core\action\Action.class.php(21): UserAction->index()
#4 D:\phpstudy_pro\WWW\www.qphp.com\QPHP\QPHP.php(23): Action->call(Object(UserAction), 'index')
#5 D:\phpstudy_pro\WWW\www.qphp.com\index.php(71): QPHP->run()
#6 {main}
Code: HY000 Message: SQLSTATE[HY000]: General error: 911 OCIStmtExecute: ORA-00911: invalid character
 (ext\pdo_oci\oci_statement.c:157)
PDOException: SQLSTATE[HY000]: General error: 911 OCIStmtExecute: ORA-00911: invalid character
 (ext\pdo_oci\oci_statement.c:157) in D:\phpstudy_pro\WWW\www.qphp.com\QPHP\core\pdo\QDbPdo.class.php:184
Stack trace:
#0 D:\phpstudy_pro\WWW\www.qphp.com\QPHP\core\pdo\QDbPdo.class.php(184): PDOStatement->execute()
#1 D:\phpstudy_pro\WWW\www.qphp.com\QPHP\core\model\OracleModel.class.php(59): QDbPdo->getRows('select * from (...')
#2 D:\phpstudy_pro\WWW\www.qphp.com\application\index\App\Action\User.action.php(20): OracleModel->select()
#3 D:\phpstudy_pro\WWW\www.qphp.com\QPHP\core\action\Action.class.php(21): UserAction->index()
#4 D:\phpstudy_pro\WWW\www.qphp.com\QPHP\QPHP.php(23): Action->call(Object(UserAction), 'index')
#5 D:\phpstudy_pro\WWW\www.qphp.com\index.php(71): QPHP->run()
#6 {main}
Code: HY000 Message: SQLSTATE[HY000]: General error: 911 OCIStmtExecute: ORA-00911: invalid character
 (ext\pdo_oci\oci_statement.c:157)
PDOException: SQLSTATE[HY000]: General error: 911 OCIStmtExecute: ORA-00911: invalid character
 (ext\pdo_oci\oci_statement.c:157) in D:\phpstudy_pro\WWW\www.qphp.com\QPHP\core\pdo\QDbPdo.class.php:184
Stack trace:
#0 D:\phpstudy_pro\WWW\www.qphp.com\QPHP\core\pdo\QDbPdo.class.php(184): PDOStatement->execute()
#1 D:\phpstudy_pro\WWW\www.qphp.com\QPHP\core\model\OracleModel.class.php(59): QDbPdo->getRows('select * from (...')
#2 D:\phpstudy_pro\WWW\www.qphp.com\application\index\App\Action\User.action.php(20): OracleModel->select()
#3 D:\phpstudy_pro\WWW\www.qphp.com\QPHP\core\action\Action.class.php(21): UserAction->index()
#4 D:\phpstudy_pro\WWW\www.qphp.com\QPHP\QPHP.php(23): Action->call(Object(UserAction), 'index')
#5 D:\phpstudy_pro\WWW\www.qphp.com\index.php(71): QPHP->run()
#6 {main}
Code: HY000 Message: SQLSTATE[HY000]: General error: 911 OCIStmtExecute: ORA-00911: invalid character
 (ext\pdo_oci\oci_statement.c:157)
PDOException: SQLSTATE[HY000]: General error: 911 OCIStmtExecute: ORA-00911: invalid character
 (ext\pdo_oci\oci_statement.c:157) in D:\phpstudy_pro\WWW\www.qphp.com\QPHP\core\pdo\QDbPdo.class.php:184
Stack trace:
#0 D:\phpstudy_pro\WWW\www.qphp.com\QPHP\core\pdo\QDbPdo.class.php(184): PDOStatement->execute()
#1 D:\phpstudy_pro\WWW\www.qphp.com\QPHP\core\model\OracleModel.class.php(59): QDbPdo->getRows('select * from (...')
#2 D:\phpstudy_pro\WWW\www.qphp.com\application\index\App\Action\User.action.php(20): OracleModel->select()
#3 D:\phpstudy_pro\WWW\www.qphp.com\QPHP\core\action\Action.class.php(21): UserAction->index()
#4 D:\phpstudy_pro\WWW\www.qphp.com\QPHP\QPHP.php(23): Action->call(Object(UserAction), 'index')
#5 D:\phpstudy_pro\WWW\www.qphp.com\index.php(71): QPHP->run()
#6 {main}
Code: HY000 Message: SQLSTATE[HY000]: General error: 911 OCIStmtExecute: ORA-00911: invalid character
 (ext\pdo_oci\oci_statement.c:157)
PDOException: SQLSTATE[HY000]: General error: 911 OCIStmtExecute: ORA-00911: invalid character
 (ext\pdo_oci\oci_statement.c:157) in D:\phpstudy_pro\WWW\www.qphp.com\QPHP\core\pdo\QDbPdo.class.php:184
Stack trace:
#0 D:\phpstudy_pro\WWW\www.qphp.com\QPHP\core\pdo\QDbPdo.class.php(184): PDOStatement->execute()
#1 D:\phpstudy_pro\WWW\www.qphp.com\QPHP\core\model\OracleModel.class.php(59): QDbPdo->getRows('select * from (...')
#2 D:\phpstudy_pro\WWW\www.qphp.com\application\index\App\Action\User.action.php(20): OracleModel->select()
#3 D:\phpstudy_pro\WWW\www.qphp.com\QPHP\core\action\Action.class.php(21): UserAction->index()
#4 D:\phpstudy_pro\WWW\www.qphp.com\QPHP\QPHP.php(23): Action->call(Object(UserAction), 'index')
#5 D:\phpstudy_pro\WWW\www.qphp.com\index.php(71): QPHP->run()
#6 {main}
Code: HY000 Message: SQLSTATE[HY000]: General error: 911 OCIStmtExecute: ORA-00911: invalid character
 (ext\pdo_oci\oci_statement.c:157)
PDOException: SQLSTATE[HY000]: General error: 911 OCIStmtExecute: ORA-00911: invalid character
 (ext\pdo_oci\oci_statement.c:157) in D:\phpstudy_pro\WWW\www.qphp.com\QPHP\core\pdo\QDbPdo.class.php:184
Stack trace:
#0 D:\phpstudy_pro\WWW\www.qphp.com\QPHP\core\pdo\QDbPdo.class.php(184): PDOStatement->execute()
#1 D:\phpstudy_pro\WWW\www.qphp.com\QPHP\core\model\OracleModel.class.php(59): QDbPdo->getRows('select * from (...')
#2 D:\phpstudy_pro\WWW\www.qphp.com\application\index\App\Action\User.action.php(20): OracleModel->select()
#3 D:\phpstudy_pro\WWW\www.qphp.com\QPHP\core\action\Action.class.php(21): UserAction->index()
#4 D:\phpstudy_pro\WWW\www.qphp.com\QPHP\QPHP.php(23): Action->call(Object(UserAction), 'index')
#5 D:\phpstudy_pro\WWW\www.qphp.com\index.php(71): QPHP->run()
#6 {main}
Code: HY000 Message: SQLSTATE[HY000]: General error: 911 OCIStmtExecute: ORA-00911: invalid character
 (ext\pdo_oci\oci_statement.c:157)
PDOException: SQLSTATE[HY000]: General error: 911 OCIStmtExecute: ORA-00911: invalid character
 (ext\pdo_oci\oci_statement.c:157) in D:\phpstudy_pro\WWW\www.qphp.com\QPHP\core\pdo\QDbPdo.class.php:184
Stack trace:
#0 D:\phpstudy_pro\WWW\www.qphp.com\QPHP\core\pdo\QDbPdo.class.php(184): PDOStatement->execute()
#1 D:\phpstudy_pro\WWW\www.qphp.com\QPHP\core\model\OracleModel.class.php(59): QDbPdo->getRows('select * from (...')
#2 D:\phpstudy_pro\WWW\www.qphp.com\application\index\App\Action\User.action.php(20): OracleModel->select()
#3 D:\phpstudy_pro\WWW\www.qphp.com\QPHP\core\action\Action.class.php(21): UserAction->index()
#4 D:\phpstudy_pro\WWW\www.qphp.com\QPHP\QPHP.php(23): Action->call(Object(UserAction), 'index')
#5 D:\phpstudy_pro\WWW\www.qphp.com\index.php(71): QPHP->run()
#6 {main}
Code: HY000 Message: SQLSTATE[HY000]: General error: 911 OCIStmtExecute: ORA-00911: invalid character
 (ext\pdo_oci\oci_statement.c:157)
PDOException: SQLSTATE[HY000]: General error: 911 OCIStmtExecute: ORA-00911: invalid character
 (ext\pdo_oci\oci_statement.c:157) in D:\phpstudy_pro\WWW\www.qphp.com\QPHP\core\pdo\QDbPdo.class.php:184
Stack trace:
#0 D:\phpstudy_pro\WWW\www.qphp.com\QPHP\core\pdo\QDbPdo.class.php(184): PDOStatement->execute()
#1 D:\phpstudy_pro\WWW\www.qphp.com\QPHP\core\model\OracleModel.class.php(59): QDbPdo->getRows('select * from (...')
#2 D:\phpstudy_pro\WWW\www.qphp.com\application\index\App\Action\User.action.php(20): OracleModel->select()
#3 D:\phpstudy_pro\WWW\www.qphp.com\QPHP\core\action\Action.class.php(21): UserAction->index()
#4 D:\phpstudy_pro\WWW\www.qphp.com\QPHP\QPHP.php(23): Action->call(Object(UserAction), 'index')
#5 D:\phpstudy_pro\WWW\www.qphp.com\index.php(71): QPHP->run()
#6 {main}
Code: HY000 Message: SQLSTATE[HY000]: General error: 911 OCIStmtExecute: ORA-00911: invalid character
 (ext\pdo_oci\oci_statement.c:157)
PDOException: SQLSTATE[HY000]: General error: 911 OCIStmtExecute: ORA-00911: invalid character
 (ext\pdo_oci\oci_statement.c:157) in D:\phpstudy_pro\WWW\www.qphp.com\QPHP\core\pdo\QDbPdo.class.php:184
Stack trace:
#0 D:\phpstudy_pro\WWW\www.qphp.com\QPHP\core\pdo\QDbPdo.class.php(184): PDOStatement->execute()
#1 D:\phpstudy_pro\WWW\www.qphp.com\QPHP\core\model\OracleModel.class.php(59): QDbPdo->getRows('select u.*,ui."...')
#2 D:\phpstudy_pro\WWW\www.qphp.com\application\index\App\Action\User.action.php(20): OracleModel->select()
#3 D:\phpstudy_pro\WWW\www.qphp.com\QPHP\core\action\Action.class.php(21): UserAction->index()
#4 D:\phpstudy_pro\WWW\www.qphp.com\QPHP\QPHP.php(23): Action->call(Object(UserAction), 'index')
#5 D:\phpstudy_pro\WWW\www.qphp.com\index.php(71): QPHP->run()
#6 {main}
Code: HY000 Message: SQLSTATE[HY000]: General error: 911 OCIStmtExecute: ORA-00911: invalid character
 (ext\pdo_oci\oci_statement.c:157)
PDOException: SQLSTATE[HY000]: General error: 911 OCIStmtExecute: ORA-00911: invalid character
 (ext\pdo_oci\oci_statement.c:157) in D:\phpstudy_pro\WWW\www.qphp.com\QPHP\core\pdo\QDbPdo.class.php:184
Stack trace:
#0 D:\phpstudy_pro\WWW\www.qphp.com\QPHP\core\pdo\QDbPdo.class.php(184): PDOStatement->execute()
#1 D:\phpstudy_pro\WWW\www.qphp.com\QPHP\core\model\OracleModel.class.php(59): QDbPdo->getRows('select u.*,ui."...')
#2 D:\phpstudy_pro\WWW\www.qphp.com\application\index\App\Action\User.action.php(20): OracleModel->select()
#3 D:\phpstudy_pro\WWW\www.qphp.com\QPHP\core\action\Action.class.php(21): UserAction->index()
#4 D:\phpstudy_pro\WWW\www.qphp.com\QPHP\QPHP.php(23): Action->call(Object(UserAction), 'index')
#5 D:\phpstudy_pro\WWW\www.qphp.com\index.php(71): QPHP->run()
#6 {main}
Code: HY000 Message: SQLSTATE[HY000]: General error: 911 OCIStmtExecute: ORA-00911: invalid character
 (ext\pdo_oci\oci_statement.c:157)
PDOException: SQLSTATE[HY000]: General error: 911 OCIStmtExecute: ORA-00911: invalid character
 (ext\pdo_oci\oci_statement.c:157) in D:\phpstudy_pro\WWW\www.qphp.com\QPHP\core\pdo\QDbPdo.class.php:184
Stack trace:
#0 D:\phpstudy_pro\WWW\www.qphp.com\QPHP\core\pdo\QDbPdo.class.php(184): PDOStatement->execute()
#1 D:\phpstudy_pro\WWW\www.qphp.com\QPHP\core\model\OracleModel.class.php(59): QDbPdo->getRows('select u.*,ui."...')
#2 D:\phpstudy_pro\WWW\www.qphp.com\application\index\App\Action\User.action.php(20): OracleModel->select()
#3 D:\phpstudy_pro\WWW\www.qphp.com\QPHP\core\action\Action.class.php(21): UserAction->index()
#4 D:\phpstudy_pro\WWW\www.qphp.com\QPHP\QPHP.php(23): Action->call(Object(UserAction), 'index')
#5 D:\phpstudy_pro\WWW\www.qphp.com\index.php(71): QPHP->run()
#6 {main}
Code: HY000 Message: SQLSTATE[HY000]: General error: 911 OCIStmtExecute: ORA-00911: invalid character
 (ext\pdo_oci\oci_statement.c:157)
PDOException: SQLSTATE[HY000]: General error: 911 OCIStmtExecute: ORA-00911: invalid character
 (ext\pdo_oci\oci_statement.c:157) in D:\phpstudy_pro\WWW\www.qphp.com\QPHP\core\pdo\QDbPdo.class.php:184
Stack trace:
#0 D:\phpstudy_pro\WWW\www.qphp.com\QPHP\core\pdo\QDbPdo.class.php(184): PDOStatement->execute()
#1 D:\phpstudy_pro\WWW\www.qphp.com\QPHP\core\model\OracleModel.class.php(59): QDbPdo->getRows('select u.*,ui."...')
#2 D:\phpstudy_pro\WWW\www.qphp.com\application\index\App\Action\User.action.php(20): OracleModel->select()
#3 D:\phpstudy_pro\WWW\www.qphp.com\QPHP\core\action\Action.class.php(21): UserAction->index()
#4 D:\phpstudy_pro\WWW\www.qphp.com\QPHP\QPHP.php(23): Action->call(Object(UserAction), 'index')
#5 D:\phpstudy_pro\WWW\www.qphp.com\index.php(71): QPHP->run()
#6 {main}
Code: HY000 Message: SQLSTATE[HY000]: General error: 911 OCIStmtExecute: ORA-00911: invalid character
 (ext\pdo_oci\oci_statement.c:157)
PDOException: SQLSTATE[HY000]: General error: 911 OCIStmtExecute: ORA-00911: invalid character
 (ext\pdo_oci\oci_statement.c:157) in D:\phpstudy_pro\WWW\www.qphp.com\QPHP\core\pdo\QDbPdo.class.php:184
Stack trace:
#0 D:\phpstudy_pro\WWW\www.qphp.com\QPHP\core\pdo\QDbPdo.class.php(184): PDOStatement->execute()
#1 D:\phpstudy_pro\WWW\www.qphp.com\QPHP\core\model\OracleModel.class.php(59): QDbPdo->getRows('select u.*,ui."...')
#2 D:\phpstudy_pro\WWW\www.qphp.com\application\index\App\Action\User.action.php(20): OracleModel->select()
#3 D:\phpstudy_pro\WWW\www.qphp.com\QPHP\core\action\Action.class.php(21): UserAction->index()
#4 D:\phpstudy_pro\WWW\www.qphp.com\QPHP\QPHP.php(23): Action->call(Object(UserAction), 'index')
#5 D:\phpstudy_pro\WWW\www.qphp.com\index.php(71): QPHP->run()
#6 {main}
Code: HY000 Message: SQLSTATE[HY000]: General error: 911 OCIStmtExecute: ORA-00911: invalid character
 (ext\pdo_oci\oci_statement.c:157)
PDOException: SQLSTATE[HY000]: General error: 911 OCIStmtExecute: ORA-00911: invalid character
 (ext\pdo_oci\oci_statement.c:157) in D:\phpstudy_pro\WWW\www.qphp.com\QPHP\core\pdo\QDbPdo.class.php:184
Stack trace:
#0 D:\phpstudy_pro\WWW\www.qphp.com\QPHP\core\pdo\QDbPdo.class.php(184): PDOStatement->execute()
#1 D:\phpstudy_pro\WWW\www.qphp.com\QPHP\core\model\OracleModel.class.php(59): QDbPdo->getRows('select u.*,ui."...')
#2 D:\phpstudy_pro\WWW\www.qphp.com\application\index\App\Action\User.action.php(20): OracleModel->select()
#3 D:\phpstudy_pro\WWW\www.qphp.com\QPHP\core\action\Action.class.php(21): UserAction->index()
#4 D:\phpstudy_pro\WWW\www.qphp.com\QPHP\QPHP.php(23): Action->call(Object(UserAction), 'index')
#5 D:\phpstudy_pro\WWW\www.qphp.com\index.php(71): QPHP->run()
#6 {main}
Code: HY000 Message: SQLSTATE[HY000]: General error: 911 OCIStmtExecute: ORA-00911: invalid character
 (ext\pdo_oci\oci_statement.c:157)
PDOException: SQLSTATE[HY000]: General error: 911 OCIStmtExecute: ORA-00911: invalid character
 (ext\pdo_oci\oci_statement.c:157) in D:\phpstudy_pro\WWW\www.qphp.com\QPHP\core\pdo\QDbPdo.class.php:184
Stack trace:
#0 D:\phpstudy_pro\WWW\www.qphp.com\QPHP\core\pdo\QDbPdo.class.php(184): PDOStatement->execute()
#1 D:\phpstudy_pro\WWW\www.qphp.com\QPHP\core\model\OracleModel.class.php(59): QDbPdo->getRows('select u.*,ui."...')
#2 D:\phpstudy_pro\WWW\www.qphp.com\application\index\App\Action\User.action.php(20): OracleModel->select()
#3 D:\phpstudy_pro\WWW\www.qphp.com\QPHP\core\action\Action.class.php(21): UserAction->index()
#4 D:\phpstudy_pro\WWW\www.qphp.com\QPHP\QPHP.php(23): Action->call(Object(UserAction), 'index')
#5 D:\phpstudy_pro\WWW\www.qphp.com\index.php(71): QPHP->run()
#6 {main}
Code: HY000 Message: SQLSTATE[HY000]: General error: 911 OCIStmtExecute: ORA-00911: invalid character
 (ext\pdo_oci\oci_statement.c:157)
PDOException: SQLSTATE[HY000]: General error: 911 OCIStmtExecute: ORA-00911: invalid character
 (ext\pdo_oci\oci_statement.c:157) in D:\phpstudy_pro\WWW\www.qphp.com\QPHP\core\pdo\QDbPdo.class.php:184
Stack trace:
#0 D:\phpstudy_pro\WWW\www.qphp.com\QPHP\core\pdo\QDbPdo.class.php(184): PDOStatement->execute()
#1 D:\phpstudy_pro\WWW\www.qphp.com\QPHP\core\model\OracleModel.class.php(59): QDbPdo->getRows('select u.*,ui."...')
#2 D:\phpstudy_pro\WWW\www.qphp.com\application\index\App\Action\User.action.php(20): OracleModel->select()
#3 D:\phpstudy_pro\WWW\www.qphp.com\QPHP\core\action\Action.class.php(21): UserAction->index()
#4 D:\phpstudy_pro\WWW\www.qphp.com\QPHP\QPHP.php(23): Action->call(Object(UserAction), 'index')
#5 D:\phpstudy_pro\WWW\www.qphp.com\index.php(71): QPHP->run()
#6 {main}
Code: HY000 Message: SQLSTATE[HY000]: General error: 911 OCIStmtExecute: ORA-00911: invalid character
 (ext\pdo_oci\oci_statement.c:157)
PDOException: SQLSTATE[HY000]: General error: 911 OCIStmtExecute: ORA-00911: invalid character
 (ext\pdo_oci\oci_statement.c:157) in D:\phpstudy_pro\WWW\www.qphp.com\QPHP\core\pdo\QDbPdo.class.php:184
Stack trace:
#0 D:\phpstudy_pro\WWW\www.qphp.com\QPHP\core\pdo\QDbPdo.class.php(184): PDOStatement->execute()
#1 D:\phpstudy_pro\WWW\www.qphp.com\QPHP\core\model\OracleModel.class.php(59): QDbPdo->getRows('select u.*,ui."...')
#2 D:\phpstudy_pro\WWW\www.qphp.com\application\index\App\Action\User.action.php(20): OracleModel->select()
#3 D:\phpstudy_pro\WWW\www.qphp.com\QPHP\core\action\Action.class.php(21): UserAction->index()
#4 D:\phpstudy_pro\WWW\www.qphp.com\QPHP\QPHP.php(23): Action->call(Object(UserAction), 'index')
#5 D:\phpstudy_pro\WWW\www.qphp.com\index.php(71): QPHP->run()
#6 {main}
Code: HY000 Message: SQLSTATE[HY000]: General error: 911 OCIStmtExecute: ORA-00911: invalid character
 (ext\pdo_oci\oci_statement.c:157)
PDOException: SQLSTATE[HY000]: General error: 911 OCIStmtExecute: ORA-00911: invalid character
 (ext\pdo_oci\oci_statement.c:157) in D:\phpstudy_pro\WWW\www.qphp.com\QPHP\core\pdo\QDbPdo.class.php:184
Stack trace:
#0 D:\phpstudy_pro\WWW\www.qphp.com\QPHP\core\pdo\QDbPdo.class.php(184): PDOStatement->execute()
#1 D:\phpstudy_pro\WWW\www.qphp.com\QPHP\core\model\OracleModel.class.php(59): QDbPdo->getRows('select u.*,ui."...')
#2 D:\phpstudy_pro\WWW\www.qphp.com\application\index\App\Action\User.action.php(20): OracleModel->select()
#3 D:\phpstudy_pro\WWW\www.qphp.com\QPHP\core\action\Action.class.php(21): UserAction->index()
#4 D:\phpstudy_pro\WWW\www.qphp.com\QPHP\QPHP.php(23): Action->call(Object(UserAction), 'index')
#5 D:\phpstudy_pro\WWW\www.qphp.com\index.php(71): QPHP->run()
#6 {main}
Code: HY000 Message: SQLSTATE[HY000]: General error: 911 OCIStmtExecute: ORA-00911: invalid character
 (ext\pdo_oci\oci_statement.c:157)
PDOException: SQLSTATE[HY000]: General error: 911 OCIStmtExecute: ORA-00911: invalid character
 (ext\pdo_oci\oci_statement.c:157) in D:\phpstudy_pro\WWW\www.qphp.com\QPHP\core\pdo\QDbPdo.class.php:184
Stack trace:
#0 D:\phpstudy_pro\WWW\www.qphp.com\QPHP\core\pdo\QDbPdo.class.php(184): PDOStatement->execute()
#1 D:\phpstudy_pro\WWW\www.qphp.com\QPHP\core\model\OracleModel.class.php(59): QDbPdo->getRows('select u.*,ui."...')
#2 D:\phpstudy_pro\WWW\www.qphp.com\application\index\App\Action\User.action.php(20): OracleModel->select()
#3 D:\phpstudy_pro\WWW\www.qphp.com\QPHP\core\action\Action.class.php(21): UserAction->index()
#4 D:\phpstudy_pro\WWW\www.qphp.com\QPHP\QPHP.php(23): Action->call(Object(UserAction), 'index')
#5 D:\phpstudy_pro\WWW\www.qphp.com\index.php(71): QPHP->run()
#6 {main}
Code: HY000 Message: SQLSTATE[HY000]: General error: 911 OCIStmtExecute: ORA-00911: invalid character
 (ext\pdo_oci\oci_statement.c:157)
PDOException: SQLSTATE[HY000]: General error: 911 OCIStmtExecute: ORA-00911: invalid character
 (ext\pdo_oci\oci_statement.c:157) in D:\phpstudy_pro\WWW\www.qphp.com\QPHP\core\pdo\QDbPdo.class.php:184
Stack trace:
#0 D:\phpstudy_pro\WWW\www.qphp.com\QPHP\core\pdo\QDbPdo.class.php(184): PDOStatement->execute()
#1 D:\phpstudy_pro\WWW\www.qphp.com\QPHP\core\model\OracleModel.class.php(59): QDbPdo->getRows('select u.*,ui."...')
#2 D:\phpstudy_pro\WWW\www.qphp.com\application\index\App\Action\User.action.php(20): OracleModel->select()
#3 D:\phpstudy_pro\WWW\www.qphp.com\QPHP\core\action\Action.class.php(21): UserAction->index()
#4 D:\phpstudy_pro\WWW\www.qphp.com\QPHP\QPHP.php(23): Action->call(Object(UserAction), 'index')
#5 D:\phpstudy_pro\WWW\www.qphp.com\index.php(71): QPHP->run()
#6 {main}
Code: HY000 Message: SQLSTATE[HY000]: General error: 911 OCIStmtExecute: ORA-00911: invalid character
 (ext\pdo_oci\oci_statement.c:157)
PDOException: SQLSTATE[HY000]: General error: 911 OCIStmtExecute: ORA-00911: invalid character
 (ext\pdo_oci\oci_statement.c:157) in D:\phpstudy_pro\WWW\www.qphp.com\QPHP\core\pdo\QDbPdo.class.php:184
Stack trace:
#0 D:\phpstudy_pro\WWW\www.qphp.com\QPHP\core\pdo\QDbPdo.class.php(184): PDOStatement->execute()
#1 D:\phpstudy_pro\WWW\www.qphp.com\QPHP\core\model\OracleModel.class.php(59): QDbPdo->getRows('select u.*,ui."...')
#2 D:\phpstudy_pro\WWW\www.qphp.com\application\index\App\Action\User.action.php(20): OracleModel->select()
#3 D:\phpstudy_pro\WWW\www.qphp.com\QPHP\core\action\Action.class.php(21): UserAction->index()
#4 D:\phpstudy_pro\WWW\www.qphp.com\QPHP\QPHP.php(23): Action->call(Object(UserAction), 'index')
#5 D:\phpstudy_pro\WWW\www.qphp.com\index.php(71): QPHP->run()
#6 {main}
Code: HY000 Message: SQLSTATE[HY000]: General error: 911 OCIStmtExecute: ORA-00911: invalid character
 (ext\pdo_oci\oci_statement.c:157)
PDOException: SQLSTATE[HY000]: General error: 911 OCIStmtExecute: ORA-00911: invalid character
 (ext\pdo_oci\oci_statement.c:157) in D:\phpstudy_pro\WWW\www.qphp.com\QPHP\core\pdo\QDbPdo.class.php:184
Stack trace:
#0 D:\phpstudy_pro\WWW\www.qphp.com\QPHP\core\pdo\QDbPdo.class.php(184): PDOStatement->execute()
#1 D:\phpstudy_pro\WWW\www.qphp.com\QPHP\core\model\OracleModel.class.php(59): QDbPdo->getRows('select u.*,ui."...')
#2 D:\phpstudy_pro\WWW\www.qphp.com\application\index\App\Action\User.action.php(20): OracleModel->select()
#3 D:\phpstudy_pro\WWW\www.qphp.com\QPHP\core\action\Action.class.php(21): UserAction->index()
#4 D:\phpstudy_pro\WWW\www.qphp.com\QPHP\QPHP.php(23): Action->call(Object(UserAction), 'index')
#5 D:\phpstudy_pro\WWW\www.qphp.com\index.php(71): QPHP->run()
#6 {main}
Code: HY000 Message: SQLSTATE[HY000]: General error: 911 OCIStmtExecute: ORA-00911: invalid character
 (ext\pdo_oci\oci_statement.c:157)
PDOException: SQLSTATE[HY000]: General error: 911 OCIStmtExecute: ORA-00911: invalid character
 (ext\pdo_oci\oci_statement.c:157) in D:\phpstudy_pro\WWW\www.qphp.com\QPHP\core\pdo\QDbPdo.class.php:184
Stack trace:
#0 D:\phpstudy_pro\WWW\www.qphp.com\QPHP\core\pdo\QDbPdo.class.php(184): PDOStatement->execute()
#1 D:\phpstudy_pro\WWW\www.qphp.com\QPHP\core\model\OracleModel.class.php(59): QDbPdo->getRows('select u.*,ui."...')
#2 D:\phpstudy_pro\WWW\www.qphp.com\application\index\App\Action\User.action.php(20): OracleModel->select()
#3 D:\phpstudy_pro\WWW\www.qphp.com\QPHP\core\action\Action.class.php(21): UserAction->index()
#4 D:\phpstudy_pro\WWW\www.qphp.com\QPHP\QPHP.php(23): Action->call(Object(UserAction), 'index')
#5 D:\phpstudy_pro\WWW\www.qphp.com\index.php(71): QPHP->run()
#6 {main}
Code: HY000 Message: SQLSTATE[HY000]: General error: 904 OCIStmtExecute: ORA-00904: "ROENUM": invalid identifier
 (ext\pdo_oci\oci_statement.c:157)
PDOException: SQLSTATE[HY000]: General error: 904 OCIStmtExecute: ORA-00904: "ROENUM": invalid identifier
 (ext\pdo_oci\oci_statement.c:157) in D:\phpstudy_pro\WWW\www.qphp.com\QPHP\core\pdo\QDbPdo.class.php:184
Stack trace:
#0 D:\phpstudy_pro\WWW\www.qphp.com\QPHP\core\pdo\QDbPdo.class.php(184): PDOStatement->execute()
#1 D:\phpstudy_pro\WWW\www.qphp.com\QPHP\core\model\OracleModel.class.php(59): QDbPdo->getRows('select * from (...')
#2 D:\phpstudy_pro\WWW\www.qphp.com\application\index\App\Action\User.action.php(20): OracleModel->select()
#3 D:\phpstudy_pro\WWW\www.qphp.com\QPHP\core\action\Action.class.php(21): UserAction->index()
#4 D:\phpstudy_pro\WWW\www.qphp.com\QPHP\QPHP.php(23): Action->call(Object(UserAction), 'index')
#5 D:\phpstudy_pro\WWW\www.qphp.com\index.php(71): QPHP->run()
#6 {main}
Code: HY000 Message: SQLSTATE[HY000]: General error: 904 OCIStmtExecute: ORA-00904: "ROENUM": invalid identifier
 (ext\pdo_oci\oci_statement.c:157)
PDOException: SQLSTATE[HY000]: General error: 904 OCIStmtExecute: ORA-00904: "ROENUM": invalid identifier
 (ext\pdo_oci\oci_statement.c:157) in D:\phpstudy_pro\WWW\www.qphp.com\QPHP\core\pdo\QDbPdo.class.php:184
Stack trace:
#0 D:\phpstudy_pro\WWW\www.qphp.com\QPHP\core\pdo\QDbPdo.class.php(184): PDOStatement->execute()
#1 D:\phpstudy_pro\WWW\www.qphp.com\QPHP\core\model\OracleModel.class.php(59): QDbPdo->getRows('select * from (...')
#2 D:\phpstudy_pro\WWW\www.qphp.com\application\index\App\Action\User.action.php(20): OracleModel->select()
#3 D:\phpstudy_pro\WWW\www.qphp.com\QPHP\core\action\Action.class.php(21): UserAction->index()
#4 D:\phpstudy_pro\WWW\www.qphp.com\QPHP\QPHP.php(23): Action->call(Object(UserAction), 'index')
#5 D:\phpstudy_pro\WWW\www.qphp.com\index.php(71): QPHP->run()
#6 {main}
Code: HY000 Message: SQLSTATE[HY000]: General error: 904 OCIStmtExecute: ORA-00904: "ROENUM": invalid identifier
 (ext\pdo_oci\oci_statement.c:157)
PDOException: SQLSTATE[HY000]: General error: 904 OCIStmtExecute: ORA-00904: "ROENUM": invalid identifier
 (ext\pdo_oci\oci_statement.c:157) in D:\phpstudy_pro\WWW\www.qphp.com\QPHP\core\pdo\QDbPdo.class.php:184
Stack trace:
#0 D:\phpstudy_pro\WWW\www.qphp.com\QPHP\core\pdo\QDbPdo.class.php(184): PDOStatement->execute()
#1 D:\phpstudy_pro\WWW\www.qphp.com\QPHP\core\model\OracleModel.class.php(59): QDbPdo->getRows('select * from (...')
#2 D:\phpstudy_pro\WWW\www.qphp.com\application\index\App\Action\User.action.php(20): OracleModel->select()
#3 D:\phpstudy_pro\WWW\www.qphp.com\QPHP\core\action\Action.class.php(21): UserAction->index()
#4 D:\phpstudy_pro\WWW\www.qphp.com\QPHP\QPHP.php(23): Action->call(Object(UserAction), 'index')
#5 D:\phpstudy_pro\WWW\www.qphp.com\index.php(71): QPHP->run()
#6 {main}
Code: HY000 Message: SQLSTATE[HY000]: General error: 904 OCIStmtExecute: ORA-00904: "ROENUM": invalid identifier
 (ext\pdo_oci\oci_statement.c:157)
PDOException: SQLSTATE[HY000]: General error: 904 OCIStmtExecute: ORA-00904: "ROENUM": invalid identifier
 (ext\pdo_oci\oci_statement.c:157) in D:\phpstudy_pro\WWW\www.qphp.com\QPHP\core\pdo\QDbPdo.class.php:184
Stack trace:
#0 D:\phpstudy_pro\WWW\www.qphp.com\QPHP\core\pdo\QDbPdo.class.php(184): PDOStatement->execute()
#1 D:\phpstudy_pro\WWW\www.qphp.com\QPHP\core\model\OracleModel.class.php(59): QDbPdo->getRows('select * from (...')
#2 D:\phpstudy_pro\WWW\www.qphp.com\application\index\App\Action\User.action.php(20): OracleModel->select()
#3 D:\phpstudy_pro\WWW\www.qphp.com\QPHP\core\action\Action.class.php(21): UserAction->index()
#4 D:\phpstudy_pro\WWW\www.qphp.com\QPHP\QPHP.php(23): Action->call(Object(UserAction), 'index')
#5 D:\phpstudy_pro\WWW\www.qphp.com\index.php(71): QPHP->run()
#6 {main}
Code: HY000 Message: SQLSTATE[HY000]: General error: 904 OCIStmtExecute: ORA-00904: "ROENUM": invalid identifier
 (ext\pdo_oci\oci_statement.c:157)
PDOException: SQLSTATE[HY000]: General error: 904 OCIStmtExecute: ORA-00904: "ROENUM": invalid identifier
 (ext\pdo_oci\oci_statement.c:157) in D:\phpstudy_pro\WWW\www.qphp.com\QPHP\core\pdo\QDbPdo.class.php:184
Stack trace:
#0 D:\phpstudy_pro\WWW\www.qphp.com\QPHP\core\pdo\QDbPdo.class.php(184): PDOStatement->execute()
#1 D:\phpstudy_pro\WWW\www.qphp.com\QPHP\core\model\OracleModel.class.php(59): QDbPdo->getRows('select * from (...')
#2 D:\phpstudy_pro\WWW\www.qphp.com\application\index\App\Action\User.action.php(20): OracleModel->select()
#3 D:\phpstudy_pro\WWW\www.qphp.com\QPHP\core\action\Action.class.php(21): UserAction->index()
#4 D:\phpstudy_pro\WWW\www.qphp.com\QPHP\QPHP.php(23): Action->call(Object(UserAction), 'index')
#5 D:\phpstudy_pro\WWW\www.qphp.com\index.php(71): QPHP->run()
#6 {main}
Code: HY000 Message: SQLSTATE[HY000]: General error: 904 OCIStmtExecute: ORA-00904: "ROENUM": invalid identifier
 (ext\pdo_oci\oci_statement.c:157)
PDOException: SQLSTATE[HY000]: General error: 904 OCIStmtExecute: ORA-00904: "ROENUM": invalid identifier
 (ext\pdo_oci\oci_statement.c:157) in D:\phpstudy_pro\WWW\www.qphp.com\QPHP\core\pdo\QDbPdo.class.php:184
Stack trace:
#0 D:\phpstudy_pro\WWW\www.qphp.com\QPHP\core\pdo\QDbPdo.class.php(184): PDOStatement->execute()
#1 D:\phpstudy_pro\WWW\www.qphp.com\QPHP\core\model\OracleModel.class.php(59): QDbPdo->getRows('select * from (...')
#2 D:\phpstudy_pro\WWW\www.qphp.com\application\index\App\Action\User.action.php(20): OracleModel->select()
#3 D:\phpstudy_pro\WWW\www.qphp.com\QPHP\core\action\Action.class.php(21): UserAction->index()
#4 D:\phpstudy_pro\WWW\www.qphp.com\QPHP\QPHP.php(23): Action->call(Object(UserAction), 'index')
#5 D:\phpstudy_pro\WWW\www.qphp.com\index.php(71): QPHP->run()
#6 {main}
