Code: HY000 Message: SQLSTATE[HY000]: General error: 933 OCIStmtExecute: ORA-00933: SQL command not properly ended
 (ext\pdo_oci\oci_statement.c:157)
PDOException: SQLSTATE[HY000]: General error: 933 OCIStmtExecute: ORA-00933: SQL command not properly ended
 (ext\pdo_oci\oci_statement.c:157) in D:\phpstudy_pro\WWW\www.qphp.com\QPHP\core\pdo\QDbPdo.class.php:153
Stack trace:
#0 D:\phpstudy_pro\WWW\www.qphp.com\QPHP\core\pdo\QDbPdo.class.php(153): PDOStatement->execute()
#1 D:\phpstudy_pro\WWW\www.qphp.com\QPHP\core\model\OracleModel.class.php(75): QDbPdo->getRow('select sum(num_...')
#2 D:\phpstudy_pro\WWW\www.qphp.com\application\index\App\Action\User.action.php(28): OracleModel->count()
#3 D:\phpstudy_pro\WWW\www.qphp.com\QPHP\core\action\Action.class.php(21): UserAction->index()
#4 D:\phpstudy_pro\WWW\www.qphp.com\QPHP\QPHP.php(23): Action->call(Object(UserAction), 'index')
#5 D:\phpstudy_pro\WWW\www.qphp.com\index.php(71): QPHP->run()
#6 {main}
Code: HY000 Message: SQLSTATE[HY000]: General error: 911 OCIStmtExecute: ORA-00911: invalid character
 (ext\pdo_oci\oci_statement.c:157)
PDOException: SQLSTATE[HY000]: General error: 911 OCIStmtExecute: ORA-00911: invalid character
 (ext\pdo_oci\oci_statement.c:157) in D:\phpstudy_pro\WWW\www.qphp.com\QPHP\core\pdo\QDbPdo.class.php:153
Stack trace:
#0 D:\phpstudy_pro\WWW\www.qphp.com\QPHP\core\pdo\QDbPdo.class.php(153): PDOStatement->execute()
#1 D:\phpstudy_pro\WWW\www.qphp.com\QPHP\core\model\OracleModel.class.php(75): QDbPdo->getRow('select sum(num_...')
#2 D:\phpstudy_pro\WWW\www.qphp.com\application\index\App\Action\User.action.php(28): OracleModel->count()
#3 D:\phpstudy_pro\WWW\www.qphp.com\QPHP\core\action\Action.class.php(21): UserAction->index()
#4 D:\phpstudy_pro\WWW\www.qphp.com\QPHP\QPHP.php(23): Action->call(Object(UserAction), 'index')
#5 D:\phpstudy_pro\WWW\www.qphp.com\index.php(71): QPHP->run()
#6 {main}
Code: HY000 Message: SQLSTATE[HY000]: General error: 911 OCIStmtExecute: ORA-00911: invalid character
 (ext\pdo_oci\oci_statement.c:157)
PDOException: SQLSTATE[HY000]: General error: 911 OCIStmtExecute: ORA-00911: invalid character
 (ext\pdo_oci\oci_statement.c:157) in D:\phpstudy_pro\WWW\www.qphp.com\QPHP\core\pdo\QDbPdo.class.php:153
Stack trace:
#0 D:\phpstudy_pro\WWW\www.qphp.com\QPHP\core\pdo\QDbPdo.class.php(153): PDOStatement->execute()
#1 D:\phpstudy_pro\WWW\www.qphp.com\QPHP\core\model\OracleModel.class.php(75): QDbPdo->getRow('select sum(num_...')
#2 D:\phpstudy_pro\WWW\www.qphp.com\application\index\App\Action\User.action.php(28): OracleModel->count()
#3 D:\phpstudy_pro\WWW\www.qphp.com\QPHP\core\action\Action.class.php(21): UserAction->index()
#4 D:\phpstudy_pro\WWW\www.qphp.com\QPHP\QPHP.php(23): Action->call(Object(UserAction), 'index')
#5 D:\phpstudy_pro\WWW\www.qphp.com\index.php(71): QPHP->run()
#6 {main}
Code: HY000 Message: SQLSTATE[HY000]: General error: 911 OCIStmtExecute: ORA-00911: invalid character
 (ext\pdo_oci\oci_statement.c:157)
PDOException: SQLSTATE[HY000]: General error: 911 OCIStmtExecute: ORA-00911: invalid character
 (ext\pdo_oci\oci_statement.c:157) in D:\phpstudy_pro\WWW\www.qphp.com\QPHP\core\pdo\QDbPdo.class.php:153
Stack trace:
#0 D:\phpstudy_pro\WWW\www.qphp.com\QPHP\core\pdo\QDbPdo.class.php(153): PDOStatement->execute()
#1 D:\phpstudy_pro\WWW\www.qphp.com\QPHP\core\model\OracleModel.class.php(75): QDbPdo->getRow('select sum(num_...')
#2 D:\phpstudy_pro\WWW\www.qphp.com\application\index\App\Action\User.action.php(28): OracleModel->count()
#3 D:\phpstudy_pro\WWW\www.qphp.com\QPHP\core\action\Action.class.php(21): UserAction->index()
#4 D:\phpstudy_pro\WWW\www.qphp.com\QPHP\QPHP.php(23): Action->call(Object(UserAction), 'index')
#5 D:\phpstudy_pro\WWW\www.qphp.com\index.php(71): QPHP->run()
#6 {main}
Code: HY000 Message: SQLSTATE[HY000]: General error: 911 OCIStmtExecute: ORA-00911: invalid character
 (ext\pdo_oci\oci_statement.c:157)
PDOException: SQLSTATE[HY000]: General error: 911 OCIStmtExecute: ORA-00911: invalid character
 (ext\pdo_oci\oci_statement.c:157) in D:\phpstudy_pro\WWW\www.qphp.com\QPHP\core\pdo\QDbPdo.class.php:153
Stack trace:
#0 D:\phpstudy_pro\WWW\www.qphp.com\QPHP\core\pdo\QDbPdo.class.php(153): PDOStatement->execute()
#1 D:\phpstudy_pro\WWW\www.qphp.com\QPHP\core\model\OracleModel.class.php(75): QDbPdo->getRow('select sum(num_...')
#2 D:\phpstudy_pro\WWW\www.qphp.com\application\index\App\Action\User.action.php(28): OracleModel->count()
#3 D:\phpstudy_pro\WWW\www.qphp.com\QPHP\core\action\Action.class.php(21): UserAction->index()
#4 D:\phpstudy_pro\WWW\www.qphp.com\QPHP\QPHP.php(23): Action->call(Object(UserAction), 'index')
#5 D:\phpstudy_pro\WWW\www.qphp.com\index.php(71): QPHP->run()
#6 {main}
Code: HY000 Message: SQLSTATE[HY000]: General error: 933 OCIStmtExecute: ORA-00933: SQL command not properly ended
 (ext\pdo_oci\oci_statement.c:157)
PDOException: SQLSTATE[HY000]: General error: 933 OCIStmtExecute: ORA-00933: SQL command not properly ended
 (ext\pdo_oci\oci_statement.c:157) in D:\phpstudy_pro\WWW\www.qphp.com\QPHP\core\pdo\QDbPdo.class.php:153
Stack trace:
#0 D:\phpstudy_pro\WWW\www.qphp.com\QPHP\core\pdo\QDbPdo.class.php(153): PDOStatement->execute()
#1 D:\phpstudy_pro\WWW\www.qphp.com\QPHP\core\model\OracleModel.class.php(76): QDbPdo->getRow('select sum(num_...')
#2 D:\phpstudy_pro\WWW\www.qphp.com\application\index\App\Action\User.action.php(28): OracleModel->count()
#3 D:\phpstudy_pro\WWW\www.qphp.com\QPHP\core\action\Action.class.php(21): UserAction->index()
#4 D:\phpstudy_pro\WWW\www.qphp.com\QPHP\QPHP.php(23): Action->call(Object(UserAction), 'index')
#5 D:\phpstudy_pro\WWW\www.qphp.com\index.php(71): QPHP->run()
#6 {main}
Code: HY000 Message: SQLSTATE[HY000]: General error: 933 OCIStmtExecute: ORA-00933: SQL command not properly ended
 (ext\pdo_oci\oci_statement.c:157)
PDOException: SQLSTATE[HY000]: General error: 933 OCIStmtExecute: ORA-00933: SQL command not properly ended
 (ext\pdo_oci\oci_statement.c:157) in D:\phpstudy_pro\WWW\www.qphp.com\QPHP\core\pdo\QDbPdo.class.php:153
Stack trace:
#0 D:\phpstudy_pro\WWW\www.qphp.com\QPHP\core\pdo\QDbPdo.class.php(153): PDOStatement->execute()
#1 D:\phpstudy_pro\WWW\www.qphp.com\QPHP\core\model\OracleModel.class.php(76): QDbPdo->getRow('select count(*)...')
#2 D:\phpstudy_pro\WWW\www.qphp.com\application\index\App\Action\User.action.php(28): OracleModel->count()
#3 D:\phpstudy_pro\WWW\www.qphp.com\QPHP\core\action\Action.class.php(21): UserAction->index()
#4 D:\phpstudy_pro\WWW\www.qphp.com\QPHP\QPHP.php(23): Action->call(Object(UserAction), 'index')
#5 D:\phpstudy_pro\WWW\www.qphp.com\index.php(71): QPHP->run()
#6 {main}
Code: HY000 Message: SQLSTATE[HY000]: General error: 933 OCIStmtExecute: ORA-00933: SQL command not properly ended
 (ext\pdo_oci\oci_statement.c:157)
PDOException: SQLSTATE[HY000]: General error: 933 OCIStmtExecute: ORA-00933: SQL command not properly ended
 (ext\pdo_oci\oci_statement.c:157) in D:\phpstudy_pro\WWW\www.qphp.com\QPHP\core\pdo\QDbPdo.class.php:153
Stack trace:
#0 D:\phpstudy_pro\WWW\www.qphp.com\QPHP\core\pdo\QDbPdo.class.php(153): PDOStatement->execute()
#1 D:\phpstudy_pro\WWW\www.qphp.com\QPHP\core\model\OracleModel.class.php(76): QDbPdo->getRow('select count(*)...')
#2 D:\phpstudy_pro\WWW\www.qphp.com\application\index\App\Action\User.action.php(28): OracleModel->count()
#3 D:\phpstudy_pro\WWW\www.qphp.com\QPHP\core\action\Action.class.php(21): UserAction->index()
#4 D:\phpstudy_pro\WWW\www.qphp.com\QPHP\QPHP.php(23): Action->call(Object(UserAction), 'index')
#5 D:\phpstudy_pro\WWW\www.qphp.com\index.php(71): QPHP->run()
#6 {main}
Code: HY000 Message: SQLSTATE[HY000]: General error: 911 OCIStmtExecute: ORA-00911: invalid character
 (ext\pdo_oci\oci_statement.c:157)
PDOException: SQLSTATE[HY000]: General error: 911 OCIStmtExecute: ORA-00911: invalid character
 (ext\pdo_oci\oci_statement.c:157) in D:\phpstudy_pro\WWW\www.qphp.com\QPHP\core\pdo\QDbPdo.class.php:153
Stack trace:
#0 D:\phpstudy_pro\WWW\www.qphp.com\QPHP\core\pdo\QDbPdo.class.php(153): PDOStatement->execute()
#1 D:\phpstudy_pro\WWW\www.qphp.com\QPHP\core\model\OracleModel.class.php(74): QDbPdo->getRow('select count(*)...')
#2 D:\phpstudy_pro\WWW\www.qphp.com\application\index\App\Action\User.action.php(28): OracleModel->count()
#3 D:\phpstudy_pro\WWW\www.qphp.com\QPHP\core\action\Action.class.php(21): UserAction->index()
#4 D:\phpstudy_pro\WWW\www.qphp.com\QPHP\QPHP.php(23): Action->call(Object(UserAction), 'index')
#5 D:\phpstudy_pro\WWW\www.qphp.com\index.php(71): QPHP->run()
#6 {main}
Code: HY000 Message: SQLSTATE[HY000]: General error: 904 OCIStmtExecute: ORA-00904: "RN": invalid identifier
 (ext\pdo_oci\oci_statement.c:157)
PDOException: SQLSTATE[HY000]: General error: 904 OCIStmtExecute: ORA-00904: "RN": invalid identifier
 (ext\pdo_oci\oci_statement.c:157) in D:\phpstudy_pro\WWW\www.qphp.com\QPHP\core\pdo\QDbPdo.class.php:184
Stack trace:
#0 D:\phpstudy_pro\WWW\www.qphp.com\QPHP\core\pdo\QDbPdo.class.php(184): PDOStatement->execute()
#1 D:\phpstudy_pro\WWW\www.qphp.com\QPHP\core\model\OracleModel.class.php(59): QDbPdo->getRows('select * from (...')
#2 D:\phpstudy_pro\WWW\www.qphp.com\application\index\App\Action\User.action.php(20): OracleModel->select()
#3 D:\phpstudy_pro\WWW\www.qphp.com\QPHP\core\action\Action.class.php(21): UserAction->index()
#4 D:\phpstudy_pro\WWW\www.qphp.com\QPHP\QPHP.php(23): Action->call(Object(UserAction), 'index')
#5 D:\phpstudy_pro\WWW\www.qphp.com\index.php(71): QPHP->run()
#6 {main}
Code: HY000 Message: SQLSTATE[HY000]: General error: 904 OCIStmtExecute: ORA-00904: "RN": invalid identifier
 (ext\pdo_oci\oci_statement.c:157)
PDOException: SQLSTATE[HY000]: General error: 904 OCIStmtExecute: ORA-00904: "RN": invalid identifier
 (ext\pdo_oci\oci_statement.c:157) in D:\phpstudy_pro\WWW\www.qphp.com\QPHP\core\pdo\QDbPdo.class.php:184
Stack trace:
#0 D:\phpstudy_pro\WWW\www.qphp.com\QPHP\core\pdo\QDbPdo.class.php(184): PDOStatement->execute()
#1 D:\phpstudy_pro\WWW\www.qphp.com\QPHP\core\model\OracleModel.class.php(59): QDbPdo->getRows('select * from (...')
#2 D:\phpstudy_pro\WWW\www.qphp.com\application\index\App\Action\User.action.php(20): OracleModel->select()
#3 D:\phpstudy_pro\WWW\www.qphp.com\QPHP\core\action\Action.class.php(21): UserAction->index()
#4 D:\phpstudy_pro\WWW\www.qphp.com\QPHP\QPHP.php(23): Action->call(Object(UserAction), 'index')
#5 D:\phpstudy_pro\WWW\www.qphp.com\index.php(71): QPHP->run()
#6 {main}
Code: HY000 Message: SQLSTATE[HY000]: General error: 904 OCIStmtExecute: ORA-00904: "RN": invalid identifier
 (ext\pdo_oci\oci_statement.c:157)
PDOException: SQLSTATE[HY000]: General error: 904 OCIStmtExecute: ORA-00904: "RN": invalid identifier
 (ext\pdo_oci\oci_statement.c:157) in D:\phpstudy_pro\WWW\www.qphp.com\QPHP\core\pdo\QDbPdo.class.php:184
Stack trace:
#0 D:\phpstudy_pro\WWW\www.qphp.com\QPHP\core\pdo\QDbPdo.class.php(184): PDOStatement->execute()
#1 D:\phpstudy_pro\WWW\www.qphp.com\QPHP\core\model\OracleModel.class.php(59): QDbPdo->getRows('select * from (...')
#2 D:\phpstudy_pro\WWW\www.qphp.com\application\index\App\Action\User.action.php(20): OracleModel->select()
#3 D:\phpstudy_pro\WWW\www.qphp.com\QPHP\core\action\Action.class.php(21): UserAction->index()
#4 D:\phpstudy_pro\WWW\www.qphp.com\QPHP\QPHP.php(23): Action->call(Object(UserAction), 'index')
#5 D:\phpstudy_pro\WWW\www.qphp.com\index.php(71): QPHP->run()
#6 {main}
Code: HY000 Message: SQLSTATE[HY000]: General error: 942 OCIStmtExecute: ORA-00942: table or view does not exist
 (ext\pdo_oci\oci_statement.c:157)
PDOException: SQLSTATE[HY000]: General error: 942 OCIStmtExecute: ORA-00942: table or view does not exist
 (ext\pdo_oci\oci_statement.c:157) in D:\phpstudy_pro\WWW\www.qphp.com\QPHP\core\pdo\QDbPdo.class.php:153
Stack trace:
#0 D:\phpstudy_pro\WWW\www.qphp.com\QPHP\core\pdo\QDbPdo.class.php(153): PDOStatement->execute()
#1 D:\phpstudy_pro\WWW\www.qphp.com\QPHP\core\model\BaseModel.class.php(168): QDbPdo->getRow('select  *  from...')
#2 D:\phpstudy_pro\WWW\www.qphp.com\QPHP\core\model\OracleModel.class.php(41): BaseModel->executeSql('getRow')
#3 D:\phpstudy_pro\WWW\www.qphp.com\application\index\App\Action\User.action.php(54): OracleModel->find('4')
#4 D:\phpstudy_pro\WWW\www.qphp.com\QPHP\core\action\Action.class.php(21): UserAction->view()
#5 D:\phpstudy_pro\WWW\www.qphp.com\QPHP\QPHP.php(23): Action->call(Object(UserAction), 'view')
#6 D:\phpstudy_pro\WWW\www.qphp.com\index.php(71): QPHP->run()
#7 {main}
Code: HY000 Message: SQLSTATE[HY000]: General error: 904 OCIStmtExecute: ORA-00904: "ID": invalid identifier
 (ext\pdo_oci\oci_statement.c:157)
PDOException: SQLSTATE[HY000]: General error: 904 OCIStmtExecute: ORA-00904: "ID": invalid identifier
 (ext\pdo_oci\oci_statement.c:157) in D:\phpstudy_pro\WWW\www.qphp.com\QPHP\core\pdo\QDbPdo.class.php:153
Stack trace:
#0 D:\phpstudy_pro\WWW\www.qphp.com\QPHP\core\pdo\QDbPdo.class.php(153): PDOStatement->execute()
#1 D:\phpstudy_pro\WWW\www.qphp.com\QPHP\core\model\BaseModel.class.php(168): QDbPdo->getRow('select  *  from...')
#2 D:\phpstudy_pro\WWW\www.qphp.com\QPHP\core\model\OracleModel.class.php(41): BaseModel->executeSql('getRow')
#3 D:\phpstudy_pro\WWW\www.qphp.com\application\index\App\Action\User.action.php(54): OracleModel->find()
#4 D:\phpstudy_pro\WWW\www.qphp.com\QPHP\core\action\Action.class.php(21): UserAction->view()
#5 D:\phpstudy_pro\WWW\www.qphp.com\QPHP\QPHP.php(23): Action->call(Object(UserAction), 'view')
#6 D:\phpstudy_pro\WWW\www.qphp.com\index.php(71): QPHP->run()
#7 {main}
Code: HY000 Message: SQLSTATE[HY000]: General error: 942 OCIStmtExecute: ORA-00942: table or view does not exist
 (ext\pdo_oci\oci_statement.c:157)
PDOException: SQLSTATE[HY000]: General error: 942 OCIStmtExecute: ORA-00942: table or view does not exist
 (ext\pdo_oci\oci_statement.c:157) in D:\phpstudy_pro\WWW\www.qphp.com\QPHP\core\pdo\QDbPdo.class.php:153
Stack trace:
#0 D:\phpstudy_pro\WWW\www.qphp.com\QPHP\core\pdo\QDbPdo.class.php(153): PDOStatement->execute()
#1 D:\phpstudy_pro\WWW\www.qphp.com\QPHP\core\model\BaseModel.class.php(168): QDbPdo->getRow('select  *  from...')
#2 D:\phpstudy_pro\WWW\www.qphp.com\QPHP\core\model\OracleModel.class.php(41): BaseModel->executeSql('getRow')
#3 D:\phpstudy_pro\WWW\www.qphp.com\application\index\App\Action\User.action.php(109): OracleModel->find('4')
#4 D:\phpstudy_pro\WWW\www.qphp.com\QPHP\core\action\Action.class.php(21): UserAction->edit()
#5 D:\phpstudy_pro\WWW\www.qphp.com\QPHP\QPHP.php(23): Action->call(Object(UserAction), 'edit')
#6 D:\phpstudy_pro\WWW\www.qphp.com\index.php(71): QPHP->run()
#7 {main}
Code: HY000 Message: SQLSTATE[HY000]: General error: 1741 OCIStmtPrepare: ORA-01741: illegal zero-length identifier
 (ext\pdo_oci\oci_driver.c:329)
PDOException: SQLSTATE[HY000]: General error: 1741 OCIStmtPrepare: ORA-01741: illegal zero-length identifier
 (ext\pdo_oci\oci_driver.c:329) in D:\phpstudy_pro\WWW\www.qphp.com\QPHP\core\pdo\QDbPdo.class.php:115
Stack trace:
#0 D:\phpstudy_pro\WWW\www.qphp.com\QPHP\core\pdo\QDbPdo.class.php(115): PDO->exec('INSERT INTO ""m...')
#1 D:\phpstudy_pro\WWW\www.qphp.com\QPHP\core\pdo\QDbOracle.class.php(86): QDbPdo->query('INSERT INTO ""m...')
#2 D:\phpstudy_pro\WWW\www.qphp.com\QPHP\core\model\BaseModel.class.php(168): QDbOracle->insert('INSERT INTO ""m...')
#3 D:\phpstudy_pro\WWW\www.qphp.com\QPHP\core\model\OracleModel.class.php(107): BaseModel->executeSql('insert')
#4 D:\phpstudy_pro\WWW\www.qphp.com\application\index\App\Action\User.action.php(77): OracleModel->insert(Array)
#5 D:\phpstudy_pro\WWW\www.qphp.com\QPHP\core\action\Action.class.php(21): UserAction->add()
#6 D:\phpstudy_pro\WWW\www.qphp.com\QPHP\QPHP.php(23): Action->call(Object(UserAction), 'add')
#7 D:\phpstudy_pro\WWW\www.qphp.com\index.php(71): QPHP->run()
#8 {main}
Code: HY000 Message: SQLSTATE[HY000]: General error: 1741 OCIStmtPrepare: ORA-01741: illegal zero-length identifier
 (ext\pdo_oci\oci_driver.c:329)
PDOException: SQLSTATE[HY000]: General error: 1741 OCIStmtPrepare: ORA-01741: illegal zero-length identifier
 (ext\pdo_oci\oci_driver.c:329) in D:\phpstudy_pro\WWW\www.qphp.com\QPHP\core\pdo\QDbPdo.class.php:115
Stack trace:
#0 D:\phpstudy_pro\WWW\www.qphp.com\QPHP\core\pdo\QDbPdo.class.php(115): PDO->exec('INSERT INTO ""m...')
#1 D:\phpstudy_pro\WWW\www.qphp.com\QPHP\core\pdo\QDbOracle.class.php(86): QDbPdo->query('INSERT INTO ""m...')
#2 D:\phpstudy_pro\WWW\www.qphp.com\QPHP\core\model\BaseModel.class.php(168): QDbOracle->insert('INSERT INTO ""m...')
#3 D:\phpstudy_pro\WWW\www.qphp.com\QPHP\core\model\OracleModel.class.php(107): BaseModel->executeSql('insert')
#4 D:\phpstudy_pro\WWW\www.qphp.com\application\index\App\Action\User.action.php(77): OracleModel->insert(Array)
#5 D:\phpstudy_pro\WWW\www.qphp.com\QPHP\core\action\Action.class.php(21): UserAction->add()
#6 D:\phpstudy_pro\WWW\www.qphp.com\QPHP\QPHP.php(23): Action->call(Object(UserAction), 'add')
#7 D:\phpstudy_pro\WWW\www.qphp.com\index.php(71): QPHP->run()
#8 {main}
Code: HY000 Message: SQLSTATE[HY000]: General error: 1741 OCIStmtPrepare: ORA-01741: illegal zero-length identifier
 (ext\pdo_oci\oci_driver.c:329)
PDOException: SQLSTATE[HY000]: General error: 1741 OCIStmtPrepare: ORA-01741: illegal zero-length identifier
 (ext\pdo_oci\oci_driver.c:329) in D:\phpstudy_pro\WWW\www.qphp.com\QPHP\core\pdo\QDbPdo.class.php:115
Stack trace:
#0 D:\phpstudy_pro\WWW\www.qphp.com\QPHP\core\pdo\QDbPdo.class.php(115): PDO->exec('INSERT INTO ""m...')
#1 D:\phpstudy_pro\WWW\www.qphp.com\QPHP\core\pdo\QDbOracle.class.php(86): QDbPdo->query('INSERT INTO ""m...')
#2 D:\phpstudy_pro\WWW\www.qphp.com\QPHP\core\model\BaseModel.class.php(168): QDbOracle->insert('INSERT INTO ""m...')
#3 D:\phpstudy_pro\WWW\www.qphp.com\QPHP\core\model\OracleModel.class.php(107): BaseModel->executeSql('insert')
#4 D:\phpstudy_pro\WWW\www.qphp.com\application\index\App\Action\User.action.php(77): OracleModel->insert(Array)
#5 D:\phpstudy_pro\WWW\www.qphp.com\QPHP\core\action\Action.class.php(21): UserAction->add()
#6 D:\phpstudy_pro\WWW\www.qphp.com\QPHP\QPHP.php(23): Action->call(Object(UserAction), 'add')
#7 D:\phpstudy_pro\WWW\www.qphp.com\index.php(71): QPHP->run()
#8 {main}
Code: IM001 Message: SQLSTATE[IM001]: Driver does not support this function: driver does not support lastInsertId()
PDOException: SQLSTATE[IM001]: Driver does not support this function: driver does not support lastInsertId() in D:\phpstudy_pro\WWW\www.qphp.com\QPHP\core\pdo\QDbPdo.class.php:207
Stack trace:
#0 D:\phpstudy_pro\WWW\www.qphp.com\QPHP\core\pdo\QDbPdo.class.php(207): PDO->lastInsertId()
#1 D:\phpstudy_pro\WWW\www.qphp.com\QPHP\core\model\OracleModel.class.php(109): QDbPdo->getLastInsertId()
#2 D:\phpstudy_pro\WWW\www.qphp.com\application\index\App\Action\User.action.php(77): OracleModel->insert(Array)
#3 D:\phpstudy_pro\WWW\www.qphp.com\QPHP\core\action\Action.class.php(21): UserAction->add()
#4 D:\phpstudy_pro\WWW\www.qphp.com\QPHP\QPHP.php(23): Action->call(Object(UserAction), 'add')
#5 D:\phpstudy_pro\WWW\www.qphp.com\index.php(71): QPHP->run()
#6 {main}
Code: HY000 Message: SQLSTATE[HY000]: General error: 942 OCIStmtExecute: ORA-00942: table or view does not exist
 (ext\pdo_oci\oci_driver.c:348)
PDOException: SQLSTATE[HY000]: General error: 942 OCIStmtExecute: ORA-00942: table or view does not exist
 (ext\pdo_oci\oci_driver.c:348) in D:\phpstudy_pro\WWW\www.qphp.com\QPHP\core\pdo\QDbPdo.class.php:115
Stack trace:
#0 D:\phpstudy_pro\WWW\www.qphp.com\QPHP\core\pdo\QDbPdo.class.php(115): PDO->exec('delete from mm_...')
#1 D:\phpstudy_pro\WWW\www.qphp.com\QPHP\core\pdo\QDbOracle.class.php(131): QDbPdo->query('delete from mm_...')
#2 D:\phpstudy_pro\WWW\www.qphp.com\QPHP\core\model\BaseModel.class.php(168): QDbOracle->delete('delete from mm_...')
#3 D:\phpstudy_pro\WWW\www.qphp.com\QPHP\core\model\OracleModel.class.php(200): BaseModel->executeSql('delete')
#4 D:\phpstudy_pro\WWW\www.qphp.com\application\index\App\Action\User.action.php(122): OracleModel->delete()
#5 D:\phpstudy_pro\WWW\www.qphp.com\QPHP\core\action\Action.class.php(21): UserAction->del()
#6 D:\phpstudy_pro\WWW\www.qphp.com\QPHP\QPHP.php(23): Action->call(Object(UserAction), 'del')
#7 D:\phpstudy_pro\WWW\www.qphp.com\index.php(71): QPHP->run()
#8 {main}
Code: HY000 Message: SQLSTATE[HY000]: General error: 942 OCIStmtExecute: ORA-00942: table or view does not exist
 (ext\pdo_oci\oci_driver.c:348)
PDOException: SQLSTATE[HY000]: General error: 942 OCIStmtExecute: ORA-00942: table or view does not exist
 (ext\pdo_oci\oci_driver.c:348) in D:\phpstudy_pro\WWW\www.qphp.com\QPHP\core\pdo\QDbPdo.class.php:115
Stack trace:
#0 D:\phpstudy_pro\WWW\www.qphp.com\QPHP\core\pdo\QDbPdo.class.php(115): PDO->exec('delete from mm_...')
#1 D:\phpstudy_pro\WWW\www.qphp.com\QPHP\core\pdo\QDbOracle.class.php(131): QDbPdo->query('delete from mm_...')
#2 D:\phpstudy_pro\WWW\www.qphp.com\QPHP\core\model\BaseModel.class.php(168): QDbOracle->delete('delete from mm_...')
#3 D:\phpstudy_pro\WWW\www.qphp.com\QPHP\core\model\OracleModel.class.php(200): BaseModel->executeSql('delete')
#4 D:\phpstudy_pro\WWW\www.qphp.com\application\index\App\Action\User.action.php(122): OracleModel->delete()
#5 D:\phpstudy_pro\WWW\www.qphp.com\QPHP\core\action\Action.class.php(21): UserAction->del()
#6 D:\phpstudy_pro\WWW\www.qphp.com\QPHP\QPHP.php(23): Action->call(Object(UserAction), 'del')
#7 D:\phpstudy_pro\WWW\www.qphp.com\index.php(71): QPHP->run()
#8 {main}
Code: HY000 Message: SQLSTATE[HY000]: General error: 942 OCIStmtExecute: ORA-00942: table or view does not exist
 (ext\pdo_oci\oci_driver.c:348)
PDOException: SQLSTATE[HY000]: General error: 942 OCIStmtExecute: ORA-00942: table or view does not exist
 (ext\pdo_oci\oci_driver.c:348) in D:\phpstudy_pro\WWW\www.qphp.com\QPHP\core\pdo\QDbPdo.class.php:115
Stack trace:
#0 D:\phpstudy_pro\WWW\www.qphp.com\QPHP\core\pdo\QDbPdo.class.php(115): PDO->exec('delete from mm_...')
#1 D:\phpstudy_pro\WWW\www.qphp.com\QPHP\core\pdo\QDbOracle.class.php(131): QDbPdo->query('delete from mm_...')
#2 D:\phpstudy_pro\WWW\www.qphp.com\QPHP\core\model\BaseModel.class.php(168): QDbOracle->delete('delete from mm_...')
#3 D:\phpstudy_pro\WWW\www.qphp.com\QPHP\core\model\OracleModel.class.php(200): BaseModel->executeSql('delete')
#4 D:\phpstudy_pro\WWW\www.qphp.com\application\index\App\Action\User.action.php(122): OracleModel->delete()
#5 D:\phpstudy_pro\WWW\www.qphp.com\QPHP\core\action\Action.class.php(21): UserAction->del()
#6 D:\phpstudy_pro\WWW\www.qphp.com\QPHP\QPHP.php(23): Action->call(Object(UserAction), 'del')
#7 D:\phpstudy_pro\WWW\www.qphp.com\index.php(71): QPHP->run()
#8 {main}
Code: HY000 Message: SQLSTATE[HY000]: General error: 942 OCIStmtExecute: ORA-00942: table or view does not exist
 (ext\pdo_oci\oci_driver.c:348)
PDOException: SQLSTATE[HY000]: General error: 942 OCIStmtExecute: ORA-00942: table or view does not exist
 (ext\pdo_oci\oci_driver.c:348) in D:\phpstudy_pro\WWW\www.qphp.com\QPHP\core\pdo\QDbPdo.class.php:115
Stack trace:
#0 D:\phpstudy_pro\WWW\www.qphp.com\QPHP\core\pdo\QDbPdo.class.php(115): PDO->exec('delete from mm_...')
#1 D:\phpstudy_pro\WWW\www.qphp.com\QPHP\core\pdo\QDbOracle.class.php(131): QDbPdo->query('delete from mm_...')
#2 D:\phpstudy_pro\WWW\www.qphp.com\QPHP\core\model\BaseModel.class.php(168): QDbOracle->delete('delete from mm_...')
#3 D:\phpstudy_pro\WWW\www.qphp.com\QPHP\core\model\OracleModel.class.php(200): BaseModel->executeSql('delete')
#4 D:\phpstudy_pro\WWW\www.qphp.com\application\index\App\Action\User.action.php(122): OracleModel->delete()
#5 D:\phpstudy_pro\WWW\www.qphp.com\QPHP\core\action\Action.class.php(21): UserAction->del()
#6 D:\phpstudy_pro\WWW\www.qphp.com\QPHP\QPHP.php(23): Action->call(Object(UserAction), 'del')
#7 D:\phpstudy_pro\WWW\www.qphp.com\index.php(71): QPHP->run()
#8 {main}
Code: HY000 Message: SQLSTATE[HY000]: General error: 942 OCIStmtExecute: ORA-00942: table or view does not exist
 (ext\pdo_oci\oci_driver.c:348)
PDOException: SQLSTATE[HY000]: General error: 942 OCIStmtExecute: ORA-00942: table or view does not exist
 (ext\pdo_oci\oci_driver.c:348) in D:\phpstudy_pro\WWW\www.qphp.com\QPHP\core\pdo\QDbPdo.class.php:115
Stack trace:
#0 D:\phpstudy_pro\WWW\www.qphp.com\QPHP\core\pdo\QDbPdo.class.php(115): PDO->exec('delete from mm_...')
#1 D:\phpstudy_pro\WWW\www.qphp.com\QPHP\core\pdo\QDbOracle.class.php(131): QDbPdo->query('delete from mm_...')
#2 D:\phpstudy_pro\WWW\www.qphp.com\QPHP\core\model\BaseModel.class.php(168): QDbOracle->delete('delete from mm_...')
#3 D:\phpstudy_pro\WWW\www.qphp.com\QPHP\core\model\OracleModel.class.php(200): BaseModel->executeSql('delete')
#4 D:\phpstudy_pro\WWW\www.qphp.com\application\index\App\Action\User.action.php(122): OracleModel->delete()
#5 D:\phpstudy_pro\WWW\www.qphp.com\QPHP\core\action\Action.class.php(21): UserAction->del()
#6 D:\phpstudy_pro\WWW\www.qphp.com\QPHP\QPHP.php(23): Action->call(Object(UserAction), 'del')
#7 D:\phpstudy_pro\WWW\www.qphp.com\index.php(71): QPHP->run()
#8 {main}
Code: HY000 Message: SQLSTATE[HY000]: General error: 942 OCIStmtExecute: ORA-00942: table or view does not exist
 (ext\pdo_oci\oci_driver.c:348)
PDOException: SQLSTATE[HY000]: General error: 942 OCIStmtExecute: ORA-00942: table or view does not exist
 (ext\pdo_oci\oci_driver.c:348) in D:\phpstudy_pro\WWW\www.qphp.com\QPHP\core\pdo\QDbPdo.class.php:115
Stack trace:
#0 D:\phpstudy_pro\WWW\www.qphp.com\QPHP\core\pdo\QDbPdo.class.php(115): PDO->exec('delete from mm_...')
#1 D:\phpstudy_pro\WWW\www.qphp.com\QPHP\core\pdo\QDbOracle.class.php(131): QDbPdo->query('delete from mm_...')
#2 D:\phpstudy_pro\WWW\www.qphp.com\QPHP\core\model\BaseModel.class.php(168): QDbOracle->delete('delete from mm_...')
#3 D:\phpstudy_pro\WWW\www.qphp.com\QPHP\core\model\OracleModel.class.php(200): BaseModel->executeSql('delete')
#4 D:\phpstudy_pro\WWW\www.qphp.com\application\index\App\Action\User.action.php(122): OracleModel->delete()
#5 D:\phpstudy_pro\WWW\www.qphp.com\QPHP\core\action\Action.class.php(21): UserAction->del()
#6 D:\phpstudy_pro\WWW\www.qphp.com\QPHP\QPHP.php(23): Action->call(Object(UserAction), 'del')
#7 D:\phpstudy_pro\WWW\www.qphp.com\index.php(71): QPHP->run()
#8 {main}
Code: HY000 Message: SQLSTATE[HY000]: General error: 942 OCIStmtExecute: ORA-00942: table or view does not exist
 (ext\pdo_oci\oci_driver.c:348)
PDOException: SQLSTATE[HY000]: General error: 942 OCIStmtExecute: ORA-00942: table or view does not exist
 (ext\pdo_oci\oci_driver.c:348) in D:\phpstudy_pro\WWW\www.qphp.com\QPHP\core\pdo\QDbPdo.class.php:115
Stack trace:
#0 D:\phpstudy_pro\WWW\www.qphp.com\QPHP\core\pdo\QDbPdo.class.php(115): PDO->exec('delete from mm_...')
#1 D:\phpstudy_pro\WWW\www.qphp.com\QPHP\core\pdo\QDbOracle.class.php(131): QDbPdo->query('delete from mm_...')
#2 D:\phpstudy_pro\WWW\www.qphp.com\QPHP\core\model\BaseModel.class.php(168): QDbOracle->delete('delete from mm_...')
#3 D:\phpstudy_pro\WWW\www.qphp.com\QPHP\core\model\OracleModel.class.php(200): BaseModel->executeSql('delete')
#4 D:\phpstudy_pro\WWW\www.qphp.com\application\index\App\Action\User.action.php(122): OracleModel->delete()
#5 D:\phpstudy_pro\WWW\www.qphp.com\QPHP\core\action\Action.class.php(21): UserAction->del()
#6 D:\phpstudy_pro\WWW\www.qphp.com\QPHP\QPHP.php(23): Action->call(Object(UserAction), 'del')
#7 D:\phpstudy_pro\WWW\www.qphp.com\index.php(71): QPHP->run()
#8 {main}
Code: HY000 Message: SQLSTATE[HY000]: General error: 942 OCIStmtExecute: ORA-00942: table or view does not exist
 (ext\pdo_oci\oci_driver.c:348)
PDOException: SQLSTATE[HY000]: General error: 942 OCIStmtExecute: ORA-00942: table or view does not exist
 (ext\pdo_oci\oci_driver.c:348) in D:\phpstudy_pro\WWW\www.qphp.com\QPHP\core\pdo\QDbPdo.class.php:115
Stack trace:
#0 D:\phpstudy_pro\WWW\www.qphp.com\QPHP\core\pdo\QDbPdo.class.php(115): PDO->exec('delete from mm_...')
#1 D:\phpstudy_pro\WWW\www.qphp.com\QPHP\core\pdo\QDbOracle.class.php(131): QDbPdo->query('delete from mm_...')
#2 D:\phpstudy_pro\WWW\www.qphp.com\QPHP\core\model\BaseModel.class.php(168): QDbOracle->delete('delete from mm_...')
#3 D:\phpstudy_pro\WWW\www.qphp.com\QPHP\core\model\OracleModel.class.php(200): BaseModel->executeSql('delete')
#4 D:\phpstudy_pro\WWW\www.qphp.com\application\index\App\Action\User.action.php(122): OracleModel->delete()
#5 D:\phpstudy_pro\WWW\www.qphp.com\QPHP\core\action\Action.class.php(21): UserAction->del()
#6 D:\phpstudy_pro\WWW\www.qphp.com\QPHP\QPHP.php(23): Action->call(Object(UserAction), 'del')
#7 D:\phpstudy_pro\WWW\www.qphp.com\index.php(71): QPHP->run()
#8 {main}
Code: HY000 Message: SQLSTATE[HY000]: General error: 942 OCIStmtExecute: ORA-00942: table or view does not exist
 (ext\pdo_oci\oci_driver.c:348)
PDOException: SQLSTATE[HY000]: General error: 942 OCIStmtExecute: ORA-00942: table or view does not exist
 (ext\pdo_oci\oci_driver.c:348) in D:\phpstudy_pro\WWW\www.qphp.com\QPHP\core\pdo\QDbPdo.class.php:115
Stack trace:
#0 D:\phpstudy_pro\WWW\www.qphp.com\QPHP\core\pdo\QDbPdo.class.php(115): PDO->exec('delete from mm_...')
#1 D:\phpstudy_pro\WWW\www.qphp.com\QPHP\core\pdo\QDbOracle.class.php(131): QDbPdo->query('delete from mm_...')
#2 D:\phpstudy_pro\WWW\www.qphp.com\QPHP\core\model\BaseModel.class.php(168): QDbOracle->delete('delete from mm_...')
#3 D:\phpstudy_pro\WWW\www.qphp.com\QPHP\core\model\OracleModel.class.php(200): BaseModel->executeSql('delete')
#4 D:\phpstudy_pro\WWW\www.qphp.com\application\index\App\Action\User.action.php(122): OracleModel->delete()
#5 D:\phpstudy_pro\WWW\www.qphp.com\QPHP\core\action\Action.class.php(21): UserAction->del()
#6 D:\phpstudy_pro\WWW\www.qphp.com\QPHP\QPHP.php(23): Action->call(Object(UserAction), 'del')
#7 D:\phpstudy_pro\WWW\www.qphp.com\index.php(71): QPHP->run()
#8 {main}
Code: HY000 Message: SQLSTATE[HY000]: General error: 942 OCIStmtExecute: ORA-00942: table or view does not exist
 (ext\pdo_oci\oci_driver.c:348)
PDOException: SQLSTATE[HY000]: General error: 942 OCIStmtExecute: ORA-00942: table or view does not exist
 (ext\pdo_oci\oci_driver.c:348) in D:\phpstudy_pro\WWW\www.qphp.com\QPHP\core\pdo\QDbPdo.class.php:115
Stack trace:
#0 D:\phpstudy_pro\WWW\www.qphp.com\QPHP\core\pdo\QDbPdo.class.php(115): PDO->exec('delete from mm_...')
#1 D:\phpstudy_pro\WWW\www.qphp.com\QPHP\core\pdo\QDbOracle.class.php(131): QDbPdo->query('delete from mm_...')
#2 D:\phpstudy_pro\WWW\www.qphp.com\QPHP\core\model\BaseModel.class.php(168): QDbOracle->delete('delete from mm_...')
#3 D:\phpstudy_pro\WWW\www.qphp.com\QPHP\core\model\OracleModel.class.php(200): BaseModel->executeSql('delete')
#4 D:\phpstudy_pro\WWW\www.qphp.com\application\index\App\Action\User.action.php(122): OracleModel->delete()
#5 D:\phpstudy_pro\WWW\www.qphp.com\QPHP\core\action\Action.class.php(21): UserAction->del()
#6 D:\phpstudy_pro\WWW\www.qphp.com\QPHP\QPHP.php(23): Action->call(Object(UserAction), 'del')
#7 D:\phpstudy_pro\WWW\www.qphp.com\index.php(71): QPHP->run()
#8 {main}
